  [2022-01-28 15:01:50,334], , [restartedMain], user-management-service, INFO  DevToolsPropertyDefaultsPostProcessor logTo | Devtools property defaults active! Set 'spring.devtools.add-properties' to 'false' to disable
  [2022-01-28 15:01:52,496], , [restartedMain], user-management-service, INFO  PostProcessorRegistrationDelegate$BeanPostProcessorChecker postProcessAfterInitialization | Bean 'org.springframework.cloud.autoconfigure.ConfigurationPropertiesRebinderAutoConfiguration' of type [org.springframework.cloud.autoconfigure.ConfigurationPropertiesRebinderAutoConfiguration$$EnhancerBySpringCGLIB$$a034c225] is not eligible for getting processed by all BeanPostProcessors (for example: not eligible for auto-proxying)
  [2022-01-28 15:01:53,416], , [restartedMain], user-management-service, INFO  ConfigServicePropertySourceLocator getRemoteEnvironment | Fetching config from server at : http://localhost:8888/config
  [2022-01-28 15:01:53,806], , [restartedMain], user-management-service, INFO  ConfigServicePropertySourceLocator log | Located environment: name=user-management-service, profiles=[dev], label=1.0.1, version=null, state=null
  [2022-01-28 15:01:53,807], , [restartedMain], user-management-service, INFO  PropertySourceBootstrapConfiguration initialize | Located property source: CompositePropertySource {name='configService', propertySources=[MapPropertySource {name='file:///D:/git-localconfig-repo/application-dev.properties'}]}
  [2022-01-28 15:01:53,891], , [restartedMain], user-management-service, INFO  UserManagementServiceApplication logStartupProfileInfo | The following profiles are active: dev
  [2022-01-28 15:01:56,424], , [restartedMain], user-management-service, INFO  RepositoryConfigurationDelegate registerRepositoriesIn | Bootstrapping Spring Data repositories in DEFAULT mode.
  [2022-01-28 15:01:56,619], , [restartedMain], user-management-service, INFO  RepositoryConfigurationDelegate registerRepositoriesIn | Finished Spring Data repository scanning in 187ms. Found 18 repository interfaces.
  [2022-01-28 15:01:57,065], , [restartedMain], user-management-service, INFO  GenericScope setSerializationId | BeanFactory id=69b22df4-ee8b-39fc-bfe9-1d6479b9d443
  [2022-01-28 15:01:57,326], , [restartedMain], user-management-service, INFO  PostProcessorRegistrationDelegate$BeanPostProcessorChecker postProcessAfterInitialization | Bean 'org.springframework.transaction.annotation.ProxyTransactionManagementConfiguration' of type [org.springframework.transaction.annotation.ProxyTransactionManagementConfiguration$$EnhancerBySpringCGLIB$$841abf28] is not eligible for getting processed by all BeanPostProcessors (for example: not eligible for auto-proxying)
  [2022-01-28 15:01:57,380], , [restartedMain], user-management-service, INFO  PostProcessorRegistrationDelegate$BeanPostProcessorChecker postProcessAfterInitialization | Bean 'org.springframework.cloud.autoconfigure.ConfigurationPropertiesRebinderAutoConfiguration' of type [org.springframework.cloud.autoconfigure.ConfigurationPropertiesRebinderAutoConfiguration$$EnhancerBySpringCGLIB$$a034c225] is not eligible for getting processed by all BeanPostProcessors (for example: not eligible for auto-proxying)
  [2022-01-28 15:01:58,464], , [restartedMain], user-management-service, INFO  TomcatWebServer initialize | Tomcat initialized with port(s): 7072 (http)
  [2022-01-28 15:01:58,489], , [restartedMain], user-management-service, INFO  Http11NioProtocol log | Initializing ProtocolHandler ["http-nio-7072"]
  [2022-01-28 15:01:58,525], , [restartedMain], user-management-service, INFO  StandardService log | Starting service [Tomcat]
  [2022-01-28 15:01:58,526], , [restartedMain], user-management-service, INFO  StandardEngine log | Starting Servlet engine: [Apache Tomcat/9.0.16]
  [2022-01-28 15:01:58,552], , [restartedMain], user-management-service, INFO  AprLifecycleListener log | The APR based Apache Tomcat Native library which allows optimal performance in production environments was not found on the java.library.path: [D:\Softwares\eclipse-jee-2020-12-R-win32-x86_64\eclipse\plugins\org.eclipse.justj.openjdk.hotspot.jre.full.win32.x86_64_15.0.1.v20201027-0507\jre\bin;C:\Windows\Sun\Java\bin;C:\Windows\system32;C:\Windows;D:/Softwares/eclipse-jee-2020-12-R-win32-x86_64/eclipse//plugins/org.eclipse.justj.openjdk.hotspot.jre.full.win32.x86_64_15.0.1.v20201027-0507/jre/bin/server;D:/Softwares/eclipse-jee-2020-12-R-win32-x86_64/eclipse//plugins/org.eclipse.justj.openjdk.hotspot.jre.full.win32.x86_64_15.0.1.v20201027-0507/jre/bin;C:\Program Files (x86)\Common Files\Oracle\Java\javapath;C:\Windows\system32;C:\Windows;C:\Windows\System32\Wbem;C:\Windows\System32\WindowsPowerShell\v1.0\;C:\Windows\System32\OpenSSH\;C:\Program Files (x86)\CrSSL\bin;C:\Program Files\TortoiseSVN\bin;D:\Softwares\apache-maven-3.6.1\bin;C:\Users\DELL\AppData\Local\Microsoft\WindowsApps;;D:\Softwares\eclipse-jee-2020-12-R-win32-x86_64\eclipse;;.]
  [2022-01-28 15:01:58,780], , [restartedMain], user-management-service, INFO  [/usermanagement/v1/user] log | Initializing Spring embedded WebApplicationContext
  [2022-01-28 15:01:58,780], , [restartedMain], user-management-service, INFO  ContextLoader prepareWebApplicationContext | Root WebApplicationContext: initialization completed in 4796 ms
  [2022-01-28 15:02:00,619], , [restartedMain], user-management-service, INFO  HikariDataSource getConnection | HikariPool-1 - Starting...
  [2022-01-28 15:02:02,219], , [restartedMain], user-management-service, INFO  HikariDataSource getConnection | HikariPool-1 - Start completed.
  [2022-01-28 15:02:02,430], , [restartedMain], user-management-service, INFO  LogHelper logPersistenceUnitInformation | HHH000204: Processing PersistenceUnitInfo [
	name: default
	...]
  [2022-01-28 15:02:02,583], , [restartedMain], user-management-service, INFO  Version logVersion | HHH000412: Hibernate Core {5.3.7.Final}
  [2022-01-28 15:02:02,587], , [restartedMain], user-management-service, INFO  Environment <clinit> | HHH000206: hibernate.properties not found
  [2022-01-28 15:02:02,881], , [restartedMain], user-management-service, INFO  Version <clinit> | HCANN000001: Hibernate Commons Annotations {5.0.4.Final}
  [2022-01-28 15:02:03,034], , [restartedMain], user-management-service, INFO  Dialect <init> | HHH000400: Using dialect: org.hibernate.dialect.PostgreSQLDialect
  [2022-01-28 15:02:03,048], , [restartedMain], user-management-service, INFO  LobCreatorBuilderImpl makeLobCreatorBuilder | HHH000422: Disabling contextual LOB creation as connection was null
  [2022-01-28 15:02:03,053], , [restartedMain], user-management-service, INFO  BasicTypeRegistry register | HHH000270: Type registration [java.util.UUID] overrides previous : org.hibernate.type.UUIDBinaryType@19ec0360
  [2022-01-28 15:02:20,761], , [restartedMain], user-management-service, INFO  QueryTranslatorFactoryInitiator initiateService | HHH000397: Using ASTQueryTranslatorFactory
  [2022-01-28 15:02:20,855], , [restartedMain], user-management-service, INFO  LocalContainerEntityManagerFactoryBean buildNativeEntityManagerFactory | Initialized JPA EntityManagerFactory for persistence unit 'default'
  [2022-01-28 15:02:21,119], , [restartedMain], user-management-service, WARN  OptionalLiveReloadServer startServer | Unable to start LiveReload server
  [2022-01-28 15:02:23,743], , [restartedMain], user-management-service, INFO  LoggingAspect profileAllMethods | Start of CustomInterceptorAppConfig.corsConfigurationSource
  [2022-01-28 15:02:23,753], , [restartedMain], user-management-service, INFO  LoggingAspect profileAllMethods | END of CustomInterceptorAppConfig.corsConfigurationSource
  [2022-01-28 15:02:23,754], , [restartedMain], user-management-service, INFO  LoggingAspect profileAllMethods | Execution time of CustomInterceptorAppConfig.corsConfigurationSource :: 11 ms
  [2022-01-28 15:02:24,276], , [restartedMain], user-management-service, INFO  ThreadPoolTaskExecutor initialize | Initializing ExecutorService 'applicationTaskExecutor'
  [2022-01-28 15:02:24,486], , [restartedMain], user-management-service, INFO  LoggingAspect profileAllMethods | Start of CustomInterceptorAppConfig.addInterceptors
  [2022-01-28 15:02:24,488], , [restartedMain], user-management-service, INFO  LoggingAspect profileAllMethods | END of CustomInterceptorAppConfig.addInterceptors
  [2022-01-28 15:02:24,488], , [restartedMain], user-management-service, INFO  LoggingAspect profileAllMethods | Execution time of CustomInterceptorAppConfig.addInterceptors :: 2 ms
  [2022-01-28 15:02:24,493], , [restartedMain], user-management-service, WARN  JpaBaseConfiguration$JpaWebConfiguration$JpaWebMvcConfiguration openEntityManagerInViewInterceptor | spring.jpa.open-in-view is enabled by default. Therefore, database queries may be performed during view rendering. Explicitly configure spring.jpa.open-in-view to disable this warning
  [2022-01-28 15:02:26,015], , [restartedMain], user-management-service, INFO  EndpointLinksResolver <init> | Exposing 2 endpoint(s) beneath base path '/actuator'
  [2022-01-28 15:02:26,202], , [restartedMain], user-management-service, INFO  Http11NioProtocol log | Starting ProtocolHandler ["http-nio-7072"]
  [2022-01-28 15:02:26,237], , [restartedMain], user-management-service, INFO  TomcatWebServer start | Tomcat started on port(s): 7072 (http) with context path '/usermanagement/v1/user'
  [2022-01-28 15:02:26,240], , [restartedMain], user-management-service, INFO  UserManagementServiceApplication logStarted | Started UserManagementServiceApplication in 36.89 seconds (JVM running for 38.927)
  [2022-01-28 15:10:53,072], , [RMI TCP Connection(11)-127.0.0.1], user-management-service, INFO  SpringApplicationAdminMXBeanRegistrar$SpringApplicationAdmin shutdown | Application shutdown requested.
  [2022-01-28 15:10:53,087], , [RMI TCP Connection(11)-127.0.0.1], user-management-service, INFO  ThreadPoolTaskExecutor shutdown | Shutting down ExecutorService 'applicationTaskExecutor'
  [2022-01-28 15:10:53,095], , [RMI TCP Connection(11)-127.0.0.1], user-management-service, INFO  LocalContainerEntityManagerFactoryBean destroy | Closing JPA EntityManagerFactory for persistence unit 'default'
  [2022-01-28 15:10:53,113], , [RMI TCP Connection(11)-127.0.0.1], user-management-service, INFO  HikariDataSource close | HikariPool-1 - Shutdown initiated...
  [2022-01-28 15:10:53,118], , [RMI TCP Connection(11)-127.0.0.1], user-management-service, INFO  HikariDataSource close | HikariPool-1 - Shutdown completed.
  [2022-01-28 15:10:53,122], , [RMI TCP Connection(11)-127.0.0.1], user-management-service, INFO  Http11NioProtocol log | Pausing ProtocolHandler ["http-nio-7072"]
  [2022-01-28 15:10:53,151], , [RMI TCP Connection(11)-127.0.0.1], user-management-service, INFO  StandardService log | Stopping service [Tomcat]
  [2022-01-28 15:10:53,171], , [RMI TCP Connection(11)-127.0.0.1], user-management-service, INFO  Http11NioProtocol log | Stopping ProtocolHandler ["http-nio-7072"]
  [2022-01-28 15:10:53,176], , [RMI TCP Connection(11)-127.0.0.1], user-management-service, INFO  Http11NioProtocol log | Destroying ProtocolHandler ["http-nio-7072"]
  [2022-01-28 15:11:19,757], , [restartedMain], user-management-service, INFO  DevToolsPropertyDefaultsPostProcessor logTo | Devtools property defaults active! Set 'spring.devtools.add-properties' to 'false' to disable
  [2022-01-28 15:11:20,052], , [restartedMain], user-management-service, INFO  PostProcessorRegistrationDelegate$BeanPostProcessorChecker postProcessAfterInitialization | Bean 'org.springframework.cloud.autoconfigure.ConfigurationPropertiesRebinderAutoConfiguration' of type [org.springframework.cloud.autoconfigure.ConfigurationPropertiesRebinderAutoConfiguration$$EnhancerBySpringCGLIB$$3fa9c633] is not eligible for getting processed by all BeanPostProcessors (for example: not eligible for auto-proxying)
  [2022-01-28 15:11:20,408], , [restartedMain], user-management-service, INFO  ConfigServicePropertySourceLocator getRemoteEnvironment | Fetching config from server at : http://localhost:8888/config
  [2022-01-28 15:11:21,560], , [restartedMain], user-management-service, INFO  ConfigServicePropertySourceLocator log | Located environment: name=user-management-service, profiles=[dev], label=1.0.1, version=null, state=null
  [2022-01-28 15:11:21,563], , [restartedMain], user-management-service, INFO  PropertySourceBootstrapConfiguration initialize | Located property source: CompositePropertySource {name='configService', propertySources=[MapPropertySource {name='file:///D:/git-localconfig-repo/application-dev.properties'}]}
  [2022-01-28 15:11:21,646], , [restartedMain], user-management-service, INFO  UserManagementServiceApplication logStartupProfileInfo | The following profiles are active: dev
  [2022-01-28 15:11:22,836], , [restartedMain], user-management-service, INFO  RepositoryConfigurationDelegate registerRepositoriesIn | Bootstrapping Spring Data repositories in DEFAULT mode.
  [2022-01-28 15:11:22,991], , [restartedMain], user-management-service, INFO  RepositoryConfigurationDelegate registerRepositoriesIn | Finished Spring Data repository scanning in 145ms. Found 18 repository interfaces.
  [2022-01-28 15:11:23,396], , [restartedMain], user-management-service, INFO  GenericScope setSerializationId | BeanFactory id=69b22df4-ee8b-39fc-bfe9-1d6479b9d443
  [2022-01-28 15:11:23,747], , [restartedMain], user-management-service, INFO  PostProcessorRegistrationDelegate$BeanPostProcessorChecker postProcessAfterInitialization | Bean 'org.springframework.transaction.annotation.ProxyTransactionManagementConfiguration' of type [org.springframework.transaction.annotation.ProxyTransactionManagementConfiguration$$EnhancerBySpringCGLIB$$238fc336] is not eligible for getting processed by all BeanPostProcessors (for example: not eligible for auto-proxying)
  [2022-01-28 15:11:23,809], , [restartedMain], user-management-service, INFO  PostProcessorRegistrationDelegate$BeanPostProcessorChecker postProcessAfterInitialization | Bean 'org.springframework.cloud.autoconfigure.ConfigurationPropertiesRebinderAutoConfiguration' of type [org.springframework.cloud.autoconfigure.ConfigurationPropertiesRebinderAutoConfiguration$$EnhancerBySpringCGLIB$$3fa9c633] is not eligible for getting processed by all BeanPostProcessors (for example: not eligible for auto-proxying)
  [2022-01-28 15:11:25,004], , [restartedMain], user-management-service, INFO  TomcatWebServer initialize | Tomcat initialized with port(s): 7072 (http)
  [2022-01-28 15:11:25,028], , [restartedMain], user-management-service, INFO  Http11NioProtocol log | Initializing ProtocolHandler ["http-nio-7072"]
  [2022-01-28 15:11:25,043], , [restartedMain], user-management-service, INFO  StandardService log | Starting service [Tomcat]
  [2022-01-28 15:11:25,044], , [restartedMain], user-management-service, INFO  StandardEngine log | Starting Servlet engine: [Apache Tomcat/9.0.16]
  [2022-01-28 15:11:25,061], , [restartedMain], user-management-service, INFO  AprLifecycleListener log | The APR based Apache Tomcat Native library which allows optimal performance in production environments was not found on the java.library.path: [D:\Softwares\eclipse-jee-2020-12-R-win32-x86_64\eclipse\plugins\org.eclipse.justj.openjdk.hotspot.jre.full.win32.x86_64_15.0.1.v20201027-0507\jre\bin;C:\Windows\Sun\Java\bin;C:\Windows\system32;C:\Windows;D:/Softwares/eclipse-jee-2020-12-R-win32-x86_64/eclipse//plugins/org.eclipse.justj.openjdk.hotspot.jre.full.win32.x86_64_15.0.1.v20201027-0507/jre/bin/server;D:/Softwares/eclipse-jee-2020-12-R-win32-x86_64/eclipse//plugins/org.eclipse.justj.openjdk.hotspot.jre.full.win32.x86_64_15.0.1.v20201027-0507/jre/bin;C:\Program Files (x86)\Common Files\Oracle\Java\javapath;C:\Windows\system32;C:\Windows;C:\Windows\System32\Wbem;C:\Windows\System32\WindowsPowerShell\v1.0\;C:\Windows\System32\OpenSSH\;C:\Program Files (x86)\CrSSL\bin;C:\Program Files\TortoiseSVN\bin;D:\Softwares\apache-maven-3.6.1\bin;C:\Users\DELL\AppData\Local\Microsoft\WindowsApps;;D:\Softwares\eclipse-jee-2020-12-R-win32-x86_64\eclipse;;.]
  [2022-01-28 15:11:25,254], , [restartedMain], user-management-service, INFO  [/usermanagement/v1/user] log | Initializing Spring embedded WebApplicationContext
  [2022-01-28 15:11:25,255], , [restartedMain], user-management-service, INFO  ContextLoader prepareWebApplicationContext | Root WebApplicationContext: initialization completed in 3588 ms
  [2022-01-28 15:11:27,209], , [restartedMain], user-management-service, INFO  HikariDataSource getConnection | HikariPool-1 - Starting...
  [2022-01-28 15:11:29,463], , [restartedMain], user-management-service, INFO  HikariDataSource getConnection | HikariPool-1 - Start completed.
  [2022-01-28 15:11:29,606], , [restartedMain], user-management-service, INFO  LogHelper logPersistenceUnitInformation | HHH000204: Processing PersistenceUnitInfo [
	name: default
	...]
  [2022-01-28 15:11:29,766], , [restartedMain], user-management-service, INFO  Version logVersion | HHH000412: Hibernate Core {5.3.7.Final}
  [2022-01-28 15:11:29,769], , [restartedMain], user-management-service, INFO  Environment <clinit> | HHH000206: hibernate.properties not found
  [2022-01-28 15:11:30,047], , [restartedMain], user-management-service, INFO  Version <clinit> | HCANN000001: Hibernate Commons Annotations {5.0.4.Final}
  [2022-01-28 15:11:30,310], , [restartedMain], user-management-service, INFO  Dialect <init> | HHH000400: Using dialect: org.hibernate.dialect.PostgreSQLDialect
  [2022-01-28 15:11:30,336], , [restartedMain], user-management-service, INFO  LobCreatorBuilderImpl makeLobCreatorBuilder | HHH000422: Disabling contextual LOB creation as connection was null
  [2022-01-28 15:11:30,346], , [restartedMain], user-management-service, INFO  BasicTypeRegistry register | HHH000270: Type registration [java.util.UUID] overrides previous : org.hibernate.type.UUIDBinaryType@2add851f
  [2022-01-28 15:11:45,515], , [restartedMain], user-management-service, INFO  QueryTranslatorFactoryInitiator initiateService | HHH000397: Using ASTQueryTranslatorFactory
  [2022-01-28 15:11:45,636], , [restartedMain], user-management-service, INFO  LocalContainerEntityManagerFactoryBean buildNativeEntityManagerFactory | Initialized JPA EntityManagerFactory for persistence unit 'default'
  [2022-01-28 15:11:45,879], , [restartedMain], user-management-service, WARN  OptionalLiveReloadServer startServer | Unable to start LiveReload server
  [2022-01-28 15:11:48,861], , [restartedMain], user-management-service, INFO  LoggingAspect profileAllMethods | Start of CustomInterceptorAppConfig.corsConfigurationSource
  [2022-01-28 15:11:48,873], , [restartedMain], user-management-service, INFO  LoggingAspect profileAllMethods | END of CustomInterceptorAppConfig.corsConfigurationSource
  [2022-01-28 15:11:48,874], , [restartedMain], user-management-service, INFO  LoggingAspect profileAllMethods | Execution time of CustomInterceptorAppConfig.corsConfigurationSource :: 14 ms
  [2022-01-28 15:11:49,474], , [restartedMain], user-management-service, INFO  ThreadPoolTaskExecutor initialize | Initializing ExecutorService 'applicationTaskExecutor'
  [2022-01-28 15:11:49,769], , [restartedMain], user-management-service, INFO  LoggingAspect profileAllMethods | Start of CustomInterceptorAppConfig.addInterceptors
  [2022-01-28 15:11:49,771], , [restartedMain], user-management-service, INFO  LoggingAspect profileAllMethods | END of CustomInterceptorAppConfig.addInterceptors
  [2022-01-28 15:11:49,771], , [restartedMain], user-management-service, INFO  LoggingAspect profileAllMethods | Execution time of CustomInterceptorAppConfig.addInterceptors :: 2 ms
  [2022-01-28 15:11:49,774], , [restartedMain], user-management-service, WARN  JpaBaseConfiguration$JpaWebConfiguration$JpaWebMvcConfiguration openEntityManagerInViewInterceptor | spring.jpa.open-in-view is enabled by default. Therefore, database queries may be performed during view rendering. Explicitly configure spring.jpa.open-in-view to disable this warning
  [2022-01-28 15:11:51,073], , [restartedMain], user-management-service, INFO  EndpointLinksResolver <init> | Exposing 2 endpoint(s) beneath base path '/actuator'
  [2022-01-28 15:11:51,222], , [restartedMain], user-management-service, INFO  Http11NioProtocol log | Starting ProtocolHandler ["http-nio-7072"]
  [2022-01-28 15:11:51,386], , [restartedMain], user-management-service, INFO  TomcatWebServer start | Tomcat started on port(s): 7072 (http) with context path '/usermanagement/v1/user'
  [2022-01-28 15:11:51,397], , [restartedMain], user-management-service, INFO  UserManagementServiceApplication logStarted | Started UserManagementServiceApplication in 32.314 seconds (JVM running for 33.787)
  [2022-01-28 15:23:34,554], , [RMI TCP Connection(17)-127.0.0.1], user-management-service, INFO  SpringApplicationAdminMXBeanRegistrar$SpringApplicationAdmin shutdown | Application shutdown requested.
  [2022-01-28 15:23:34,870], , [RMI TCP Connection(17)-127.0.0.1], user-management-service, INFO  ThreadPoolTaskExecutor shutdown | Shutting down ExecutorService 'applicationTaskExecutor'
  [2022-01-28 15:23:34,912], , [RMI TCP Connection(17)-127.0.0.1], user-management-service, INFO  LocalContainerEntityManagerFactoryBean destroy | Closing JPA EntityManagerFactory for persistence unit 'default'
  [2022-01-28 15:23:35,099], , [RMI TCP Connection(17)-127.0.0.1], user-management-service, INFO  HikariDataSource close | HikariPool-1 - Shutdown initiated...
  [2022-01-28 15:23:35,139], , [RMI TCP Connection(17)-127.0.0.1], user-management-service, INFO  HikariDataSource close | HikariPool-1 - Shutdown completed.
  [2022-01-28 15:23:35,163], , [RMI TCP Connection(17)-127.0.0.1], user-management-service, INFO  Http11NioProtocol log | Pausing ProtocolHandler ["http-nio-7072"]
  [2022-01-28 15:23:35,223], , [RMI TCP Connection(17)-127.0.0.1], user-management-service, INFO  StandardService log | Stopping service [Tomcat]
  [2022-01-28 15:23:35,291], , [RMI TCP Connection(17)-127.0.0.1], user-management-service, INFO  Http11NioProtocol log | Stopping ProtocolHandler ["http-nio-7072"]
  [2022-01-28 15:23:35,306], , [RMI TCP Connection(17)-127.0.0.1], user-management-service, INFO  Http11NioProtocol log | Destroying ProtocolHandler ["http-nio-7072"]
  [2022-01-28 15:24:31,538], , [restartedMain], user-management-service, INFO  DevToolsPropertyDefaultsPostProcessor logTo | Devtools property defaults active! Set 'spring.devtools.add-properties' to 'false' to disable
  [2022-01-28 15:24:31,835], , [restartedMain], user-management-service, INFO  PostProcessorRegistrationDelegate$BeanPostProcessorChecker postProcessAfterInitialization | Bean 'org.springframework.cloud.autoconfigure.ConfigurationPropertiesRebinderAutoConfiguration' of type [org.springframework.cloud.autoconfigure.ConfigurationPropertiesRebinderAutoConfiguration$$EnhancerBySpringCGLIB$$e7ef9ff0] is not eligible for getting processed by all BeanPostProcessors (for example: not eligible for auto-proxying)
  [2022-01-28 15:24:32,134], , [restartedMain], user-management-service, INFO  ConfigServicePropertySourceLocator getRemoteEnvironment | Fetching config from server at : http://localhost:8888/config
  [2022-01-28 15:24:32,646], , [restartedMain], user-management-service, INFO  ConfigServicePropertySourceLocator log | Located environment: name=user-management-service, profiles=[dev], label=1.0.1, version=null, state=null
  [2022-01-28 15:24:32,647], , [restartedMain], user-management-service, INFO  PropertySourceBootstrapConfiguration initialize | Located property source: CompositePropertySource {name='configService', propertySources=[MapPropertySource {name='file:///D:/git-localconfig-repo/application-dev.properties'}]}
  [2022-01-28 15:24:32,782], , [restartedMain], user-management-service, INFO  UserManagementServiceApplication logStartupProfileInfo | The following profiles are active: dev
  [2022-01-28 15:24:33,849], , [restartedMain], user-management-service, INFO  RepositoryConfigurationDelegate registerRepositoriesIn | Bootstrapping Spring Data repositories in DEFAULT mode.
  [2022-01-28 15:24:34,007], , [restartedMain], user-management-service, INFO  RepositoryConfigurationDelegate registerRepositoriesIn | Finished Spring Data repository scanning in 150ms. Found 18 repository interfaces.
  [2022-01-28 15:24:34,373], , [restartedMain], user-management-service, INFO  GenericScope setSerializationId | BeanFactory id=69b22df4-ee8b-39fc-bfe9-1d6479b9d443
  [2022-01-28 15:24:34,637], , [restartedMain], user-management-service, INFO  PostProcessorRegistrationDelegate$BeanPostProcessorChecker postProcessAfterInitialization | Bean 'org.springframework.transaction.annotation.ProxyTransactionManagementConfiguration' of type [org.springframework.transaction.annotation.ProxyTransactionManagementConfiguration$$EnhancerBySpringCGLIB$$cbd59cf3] is not eligible for getting processed by all BeanPostProcessors (for example: not eligible for auto-proxying)
  [2022-01-28 15:24:34,693], , [restartedMain], user-management-service, INFO  PostProcessorRegistrationDelegate$BeanPostProcessorChecker postProcessAfterInitialization | Bean 'org.springframework.cloud.autoconfigure.ConfigurationPropertiesRebinderAutoConfiguration' of type [org.springframework.cloud.autoconfigure.ConfigurationPropertiesRebinderAutoConfiguration$$EnhancerBySpringCGLIB$$e7ef9ff0] is not eligible for getting processed by all BeanPostProcessors (for example: not eligible for auto-proxying)
  [2022-01-28 15:24:35,542], , [restartedMain], user-management-service, INFO  TomcatWebServer initialize | Tomcat initialized with port(s): 7072 (http)
  [2022-01-28 15:24:35,558], , [restartedMain], user-management-service, INFO  Http11NioProtocol log | Initializing ProtocolHandler ["http-nio-7072"]
  [2022-01-28 15:24:35,571], , [restartedMain], user-management-service, INFO  StandardService log | Starting service [Tomcat]
  [2022-01-28 15:24:35,572], , [restartedMain], user-management-service, INFO  StandardEngine log | Starting Servlet engine: [Apache Tomcat/9.0.16]
  [2022-01-28 15:24:35,583], , [restartedMain], user-management-service, INFO  AprLifecycleListener log | The APR based Apache Tomcat Native library which allows optimal performance in production environments was not found on the java.library.path: [D:\Softwares\eclipse-jee-2020-12-R-win32-x86_64\eclipse\plugins\org.eclipse.justj.openjdk.hotspot.jre.full.win32.x86_64_15.0.1.v20201027-0507\jre\bin;C:\Windows\Sun\Java\bin;C:\Windows\system32;C:\Windows;D:/Softwares/eclipse-jee-2020-12-R-win32-x86_64/eclipse//plugins/org.eclipse.justj.openjdk.hotspot.jre.full.win32.x86_64_15.0.1.v20201027-0507/jre/bin/server;D:/Softwares/eclipse-jee-2020-12-R-win32-x86_64/eclipse//plugins/org.eclipse.justj.openjdk.hotspot.jre.full.win32.x86_64_15.0.1.v20201027-0507/jre/bin;C:\Program Files (x86)\Common Files\Oracle\Java\javapath;C:\Windows\system32;C:\Windows;C:\Windows\System32\Wbem;C:\Windows\System32\WindowsPowerShell\v1.0\;C:\Windows\System32\OpenSSH\;C:\Program Files (x86)\CrSSL\bin;C:\Program Files\TortoiseSVN\bin;D:\Softwares\apache-maven-3.6.1\bin;C:\Users\DELL\AppData\Local\Microsoft\WindowsApps;;D:\Softwares\eclipse-jee-2020-12-R-win32-x86_64\eclipse;;.]
  [2022-01-28 15:24:35,727], , [restartedMain], user-management-service, INFO  [/usermanagement/v1/user] log | Initializing Spring embedded WebApplicationContext
  [2022-01-28 15:24:35,727], , [restartedMain], user-management-service, INFO  ContextLoader prepareWebApplicationContext | Root WebApplicationContext: initialization completed in 2904 ms
  [2022-01-28 15:24:37,253], , [restartedMain], user-management-service, INFO  HikariDataSource getConnection | HikariPool-1 - Starting...
  [2022-01-28 15:24:38,524], , [restartedMain], user-management-service, INFO  HikariDataSource getConnection | HikariPool-1 - Start completed.
  [2022-01-28 15:24:38,616], , [restartedMain], user-management-service, INFO  LogHelper logPersistenceUnitInformation | HHH000204: Processing PersistenceUnitInfo [
	name: default
	...]
  [2022-01-28 15:24:38,686], , [restartedMain], user-management-service, INFO  Version logVersion | HHH000412: Hibernate Core {5.3.7.Final}
  [2022-01-28 15:24:38,687], , [restartedMain], user-management-service, INFO  Environment <clinit> | HHH000206: hibernate.properties not found
  [2022-01-28 15:24:38,948], , [restartedMain], user-management-service, INFO  Version <clinit> | HCANN000001: Hibernate Commons Annotations {5.0.4.Final}
  [2022-01-28 15:24:39,141], , [restartedMain], user-management-service, INFO  Dialect <init> | HHH000400: Using dialect: org.hibernate.dialect.PostgreSQLDialect
  [2022-01-28 15:24:39,157], , [restartedMain], user-management-service, INFO  LobCreatorBuilderImpl makeLobCreatorBuilder | HHH000422: Disabling contextual LOB creation as connection was null
  [2022-01-28 15:24:39,162], , [restartedMain], user-management-service, INFO  BasicTypeRegistry register | HHH000270: Type registration [java.util.UUID] overrides previous : org.hibernate.type.UUIDBinaryType@5f2f3567
  [2022-01-28 15:24:51,940], , [restartedMain], user-management-service, INFO  QueryTranslatorFactoryInitiator initiateService | HHH000397: Using ASTQueryTranslatorFactory
  [2022-01-28 15:24:52,219], , [restartedMain], user-management-service, INFO  LocalContainerEntityManagerFactoryBean buildNativeEntityManagerFactory | Initialized JPA EntityManagerFactory for persistence unit 'default'
  [2022-01-28 15:24:52,489], , [restartedMain], user-management-service, WARN  OptionalLiveReloadServer startServer | Unable to start LiveReload server
  [2022-01-28 15:24:54,879], , [restartedMain], user-management-service, INFO  LoggingAspect profileAllMethods | Start of CustomInterceptorAppConfig.corsConfigurationSource
  [2022-01-28 15:24:54,887], , [restartedMain], user-management-service, INFO  LoggingAspect profileAllMethods | END of CustomInterceptorAppConfig.corsConfigurationSource
  [2022-01-28 15:24:54,888], , [restartedMain], user-management-service, INFO  LoggingAspect profileAllMethods | Execution time of CustomInterceptorAppConfig.corsConfigurationSource :: 9 ms
  [2022-01-28 15:24:55,350], , [restartedMain], user-management-service, INFO  ThreadPoolTaskExecutor initialize | Initializing ExecutorService 'applicationTaskExecutor'
  [2022-01-28 15:24:55,559], , [restartedMain], user-management-service, INFO  LoggingAspect profileAllMethods | Start of CustomInterceptorAppConfig.addInterceptors
  [2022-01-28 15:24:55,560], , [restartedMain], user-management-service, INFO  LoggingAspect profileAllMethods | END of CustomInterceptorAppConfig.addInterceptors
  [2022-01-28 15:24:55,560], , [restartedMain], user-management-service, INFO  LoggingAspect profileAllMethods | Execution time of CustomInterceptorAppConfig.addInterceptors :: 1 ms
  [2022-01-28 15:24:55,563], , [restartedMain], user-management-service, WARN  JpaBaseConfiguration$JpaWebConfiguration$JpaWebMvcConfiguration openEntityManagerInViewInterceptor | spring.jpa.open-in-view is enabled by default. Therefore, database queries may be performed during view rendering. Explicitly configure spring.jpa.open-in-view to disable this warning
  [2022-01-28 15:24:57,121], , [restartedMain], user-management-service, INFO  EndpointLinksResolver <init> | Exposing 2 endpoint(s) beneath base path '/actuator'
  [2022-01-28 15:24:57,283], , [restartedMain], user-management-service, INFO  Http11NioProtocol log | Starting ProtocolHandler ["http-nio-7072"]
  [2022-01-28 15:24:57,319], , [restartedMain], user-management-service, INFO  TomcatWebServer start | Tomcat started on port(s): 7072 (http) with context path '/usermanagement/v1/user'
  [2022-01-28 15:24:57,324], , [restartedMain], user-management-service, INFO  UserManagementServiceApplication logStarted | Started UserManagementServiceApplication in 26.317 seconds (JVM running for 27.694)
  [2022-01-28 15:34:47,415], , [RMI TCP Connection(13)-127.0.0.1], user-management-service, INFO  SpringApplicationAdminMXBeanRegistrar$SpringApplicationAdmin shutdown | Application shutdown requested.
  [2022-01-28 15:34:47,733], , [RMI TCP Connection(13)-127.0.0.1], user-management-service, INFO  ThreadPoolTaskExecutor shutdown | Shutting down ExecutorService 'applicationTaskExecutor'
  [2022-01-28 15:34:47,753], , [RMI TCP Connection(13)-127.0.0.1], user-management-service, INFO  LocalContainerEntityManagerFactoryBean destroy | Closing JPA EntityManagerFactory for persistence unit 'default'
  [2022-01-28 15:34:47,907], , [RMI TCP Connection(13)-127.0.0.1], user-management-service, INFO  HikariDataSource close | HikariPool-1 - Shutdown initiated...
  [2022-01-28 15:34:47,948], , [RMI TCP Connection(13)-127.0.0.1], user-management-service, INFO  HikariDataSource close | HikariPool-1 - Shutdown completed.
  [2022-01-28 15:34:47,993], , [RMI TCP Connection(13)-127.0.0.1], user-management-service, INFO  Http11NioProtocol log | Pausing ProtocolHandler ["http-nio-7072"]
  [2022-01-28 15:34:48,052], , [RMI TCP Connection(13)-127.0.0.1], user-management-service, INFO  StandardService log | Stopping service [Tomcat]
  [2022-01-28 15:34:48,200], , [RMI TCP Connection(13)-127.0.0.1], user-management-service, INFO  Http11NioProtocol log | Stopping ProtocolHandler ["http-nio-7072"]
  [2022-01-28 15:34:48,228], , [RMI TCP Connection(13)-127.0.0.1], user-management-service, INFO  Http11NioProtocol log | Destroying ProtocolHandler ["http-nio-7072"]
  [2022-01-28 15:37:43,627], , [restartedMain], user-management-service, INFO  DevToolsPropertyDefaultsPostProcessor logTo | Devtools property defaults active! Set 'spring.devtools.add-properties' to 'false' to disable
  [2022-01-28 15:37:44,006], , [restartedMain], user-management-service, INFO  PostProcessorRegistrationDelegate$BeanPostProcessorChecker postProcessAfterInitialization | Bean 'org.springframework.cloud.autoconfigure.ConfigurationPropertiesRebinderAutoConfiguration' of type [org.springframework.cloud.autoconfigure.ConfigurationPropertiesRebinderAutoConfiguration$$EnhancerBySpringCGLIB$$96550c7c] is not eligible for getting processed by all BeanPostProcessors (for example: not eligible for auto-proxying)
  [2022-01-28 15:37:44,607], , [restartedMain], user-management-service, INFO  ConfigServicePropertySourceLocator getRemoteEnvironment | Fetching config from server at : http://localhost:8888/config
  [2022-01-28 15:37:44,952], , [restartedMain], user-management-service, INFO  ConfigServicePropertySourceLocator log | Located environment: name=user-management-service, profiles=[dev], label=1.0.1, version=null, state=null
  [2022-01-28 15:37:44,953], , [restartedMain], user-management-service, INFO  PropertySourceBootstrapConfiguration initialize | Located property source: CompositePropertySource {name='configService', propertySources=[MapPropertySource {name='file:///D:/git-localconfig-repo/application-dev.properties'}]}
  [2022-01-28 15:37:45,001], , [restartedMain], user-management-service, INFO  UserManagementServiceApplication logStartupProfileInfo | The following profiles are active: dev
  [2022-01-28 15:37:46,121], , [restartedMain], user-management-service, INFO  RepositoryConfigurationDelegate registerRepositoriesIn | Bootstrapping Spring Data repositories in DEFAULT mode.
  [2022-01-28 15:37:46,267], , [restartedMain], user-management-service, INFO  RepositoryConfigurationDelegate registerRepositoriesIn | Finished Spring Data repository scanning in 137ms. Found 18 repository interfaces.
  [2022-01-28 15:37:46,638], , [restartedMain], user-management-service, INFO  GenericScope setSerializationId | BeanFactory id=69b22df4-ee8b-39fc-bfe9-1d6479b9d443
  [2022-01-28 15:37:46,918], , [restartedMain], user-management-service, INFO  PostProcessorRegistrationDelegate$BeanPostProcessorChecker postProcessAfterInitialization | Bean 'org.springframework.transaction.annotation.ProxyTransactionManagementConfiguration' of type [org.springframework.transaction.annotation.ProxyTransactionManagementConfiguration$$EnhancerBySpringCGLIB$$7a3b097f] is not eligible for getting processed by all BeanPostProcessors (for example: not eligible for auto-proxying)
  [2022-01-28 15:37:46,975], , [restartedMain], user-management-service, INFO  PostProcessorRegistrationDelegate$BeanPostProcessorChecker postProcessAfterInitialization | Bean 'org.springframework.cloud.autoconfigure.ConfigurationPropertiesRebinderAutoConfiguration' of type [org.springframework.cloud.autoconfigure.ConfigurationPropertiesRebinderAutoConfiguration$$EnhancerBySpringCGLIB$$96550c7c] is not eligible for getting processed by all BeanPostProcessors (for example: not eligible for auto-proxying)
  [2022-01-28 15:37:47,981], , [restartedMain], user-management-service, INFO  TomcatWebServer initialize | Tomcat initialized with port(s): 7072 (http)
  [2022-01-28 15:37:48,001], , [restartedMain], user-management-service, INFO  Http11NioProtocol log | Initializing ProtocolHandler ["http-nio-7072"]
  [2022-01-28 15:37:48,010], , [restartedMain], user-management-service, INFO  StandardService log | Starting service [Tomcat]
  [2022-01-28 15:37:48,011], , [restartedMain], user-management-service, INFO  StandardEngine log | Starting Servlet engine: [Apache Tomcat/9.0.16]
  [2022-01-28 15:37:48,023], , [restartedMain], user-management-service, INFO  AprLifecycleListener log | The APR based Apache Tomcat Native library which allows optimal performance in production environments was not found on the java.library.path: [D:\Softwares\eclipse-jee-2020-12-R-win32-x86_64\eclipse\plugins\org.eclipse.justj.openjdk.hotspot.jre.full.win32.x86_64_15.0.1.v20201027-0507\jre\bin;C:\Windows\Sun\Java\bin;C:\Windows\system32;C:\Windows;D:/Softwares/eclipse-jee-2020-12-R-win32-x86_64/eclipse//plugins/org.eclipse.justj.openjdk.hotspot.jre.full.win32.x86_64_15.0.1.v20201027-0507/jre/bin/server;D:/Softwares/eclipse-jee-2020-12-R-win32-x86_64/eclipse//plugins/org.eclipse.justj.openjdk.hotspot.jre.full.win32.x86_64_15.0.1.v20201027-0507/jre/bin;C:\Program Files (x86)\Common Files\Oracle\Java\javapath;C:\Windows\system32;C:\Windows;C:\Windows\System32\Wbem;C:\Windows\System32\WindowsPowerShell\v1.0\;C:\Windows\System32\OpenSSH\;C:\Program Files (x86)\CrSSL\bin;C:\Program Files\TortoiseSVN\bin;D:\Softwares\apache-maven-3.6.1\bin;C:\Users\DELL\AppData\Local\Microsoft\WindowsApps;;D:\Softwares\eclipse-jee-2020-12-R-win32-x86_64\eclipse;;.]
  [2022-01-28 15:37:48,178], , [restartedMain], user-management-service, INFO  [/usermanagement/v1/user] log | Initializing Spring embedded WebApplicationContext
  [2022-01-28 15:37:48,179], , [restartedMain], user-management-service, INFO  ContextLoader prepareWebApplicationContext | Root WebApplicationContext: initialization completed in 3166 ms
  [2022-01-28 15:37:50,208], , [restartedMain], user-management-service, INFO  HikariDataSource getConnection | HikariPool-1 - Starting...
  [2022-01-28 15:37:52,020], , [restartedMain], user-management-service, INFO  HikariDataSource getConnection | HikariPool-1 - Start completed.
  [2022-01-28 15:37:52,193], , [restartedMain], user-management-service, INFO  LogHelper logPersistenceUnitInformation | HHH000204: Processing PersistenceUnitInfo [
	name: default
	...]
  [2022-01-28 15:37:52,345], , [restartedMain], user-management-service, INFO  Version logVersion | HHH000412: Hibernate Core {5.3.7.Final}
  [2022-01-28 15:37:52,352], , [restartedMain], user-management-service, INFO  Environment <clinit> | HHH000206: hibernate.properties not found
  [2022-01-28 15:37:52,737], , [restartedMain], user-management-service, INFO  Version <clinit> | HCANN000001: Hibernate Commons Annotations {5.0.4.Final}
  [2022-01-28 15:37:52,960], , [restartedMain], user-management-service, INFO  Dialect <init> | HHH000400: Using dialect: org.hibernate.dialect.PostgreSQLDialect
  [2022-01-28 15:37:52,978], , [restartedMain], user-management-service, INFO  LobCreatorBuilderImpl makeLobCreatorBuilder | HHH000422: Disabling contextual LOB creation as connection was null
  [2022-01-28 15:37:52,984], , [restartedMain], user-management-service, INFO  BasicTypeRegistry register | HHH000270: Type registration [java.util.UUID] overrides previous : org.hibernate.type.UUIDBinaryType@6bd5e3be
  [2022-01-28 15:38:09,940], , [restartedMain], user-management-service, INFO  QueryTranslatorFactoryInitiator initiateService | HHH000397: Using ASTQueryTranslatorFactory
  [2022-01-28 15:38:10,237], , [restartedMain], user-management-service, INFO  LocalContainerEntityManagerFactoryBean buildNativeEntityManagerFactory | Initialized JPA EntityManagerFactory for persistence unit 'default'
  [2022-01-28 15:38:10,418], , [restartedMain], user-management-service, WARN  OptionalLiveReloadServer startServer | Unable to start LiveReload server
  [2022-01-28 15:38:13,265], , [restartedMain], user-management-service, INFO  LoggingAspect profileAllMethods | Start of CustomInterceptorAppConfig.corsConfigurationSource
  [2022-01-28 15:38:13,273], , [restartedMain], user-management-service, INFO  LoggingAspect profileAllMethods | END of CustomInterceptorAppConfig.corsConfigurationSource
  [2022-01-28 15:38:13,274], , [restartedMain], user-management-service, INFO  LoggingAspect profileAllMethods | Execution time of CustomInterceptorAppConfig.corsConfigurationSource :: 9 ms
  [2022-01-28 15:38:13,664], , [restartedMain], user-management-service, INFO  ThreadPoolTaskExecutor initialize | Initializing ExecutorService 'applicationTaskExecutor'
  [2022-01-28 15:38:13,830], , [restartedMain], user-management-service, INFO  LoggingAspect profileAllMethods | Start of CustomInterceptorAppConfig.addInterceptors
  [2022-01-28 15:38:13,832], , [restartedMain], user-management-service, INFO  LoggingAspect profileAllMethods | END of CustomInterceptorAppConfig.addInterceptors
  [2022-01-28 15:38:13,833], , [restartedMain], user-management-service, INFO  LoggingAspect profileAllMethods | Execution time of CustomInterceptorAppConfig.addInterceptors :: 3 ms
  [2022-01-28 15:38:13,839], , [restartedMain], user-management-service, WARN  JpaBaseConfiguration$JpaWebConfiguration$JpaWebMvcConfiguration openEntityManagerInViewInterceptor | spring.jpa.open-in-view is enabled by default. Therefore, database queries may be performed during view rendering. Explicitly configure spring.jpa.open-in-view to disable this warning
  [2022-01-28 15:38:15,394], , [restartedMain], user-management-service, INFO  EndpointLinksResolver <init> | Exposing 2 endpoint(s) beneath base path '/actuator'
  [2022-01-28 15:38:15,522], , [restartedMain], user-management-service, INFO  Http11NioProtocol log | Starting ProtocolHandler ["http-nio-7072"]
  [2022-01-28 15:38:15,556], , [restartedMain], user-management-service, INFO  TomcatWebServer start | Tomcat started on port(s): 7072 (http) with context path '/usermanagement/v1/user'
  [2022-01-28 15:38:15,559], , [restartedMain], user-management-service, INFO  UserManagementServiceApplication logStarted | Started UserManagementServiceApplication in 32.509 seconds (JVM running for 34.089)
  [2022-01-28 15:59:10,757], , [http-nio-7072-exec-1], user-management-service, INFO  [/usermanagement/v1/user] log | Initializing Spring DispatcherServlet 'dispatcherServlet'
  [2022-01-28 15:59:10,839], , [http-nio-7072-exec-1], user-management-service, INFO  DispatcherServlet initServletBean | Initializing Servlet 'dispatcherServlet'
  [2022-01-28 15:59:11,541], , [http-nio-7072-exec-1], user-management-service, INFO  DispatcherServlet initServletBean | Completed initialization in 698 ms
e92e66765b115c97 e5e480cbb06ba4b4 [2022-01-28 15:59:11,739], , [http-nio-7072-exec-1], user-management-service, INFO  LoggingAspect profileAllMethods | Start of CustomInterceptor.preHandle
e92e66765b115c97 e5e480cbb06ba4b4 [2022-01-28 15:59:11,785], , [http-nio-7072-exec-1], user-management-service, INFO  LoggingAspect profileAllMethods | END of CustomInterceptor.preHandle
e92e66765b115c97 e5e480cbb06ba4b4 [2022-01-28 15:59:11,786], , [http-nio-7072-exec-1], user-management-service, INFO  LoggingAspect profileAllMethods | Execution time of CustomInterceptor.preHandle :: 55 ms
e92e66765b115c97 e5e480cbb06ba4b4 [2022-01-28 15:59:12,320], 127.0.0.1, [http-nio-7072-exec-1], user-management-service, INFO  LoggingAspect profileAllMethods | Start of LoginController.createUser
e92e66765b115c97 e5e480cbb06ba4b4 [2022-01-28 15:59:12,349], 127.0.0.1, [http-nio-7072-exec-1], user-management-service, INFO  LoginController createUser | Create user Request Received
e92e66765b115c97 e5e480cbb06ba4b4 [2022-01-28 15:59:12,355], 127.0.0.1, [http-nio-7072-exec-1], user-management-service, INFO  LoggingAspect profileAllMethods | Start of LoginServiceImpl.createUserService
e92e66765b115c97 e5e480cbb06ba4b4 [2022-01-28 15:59:12,457], 127.0.0.1, [http-nio-7072-exec-1], user-management-service, INFO  LoginServiceImpl createUserService | Getting user data from createUser request
e92e66765b115c97 e5e480cbb06ba4b4 [2022-01-28 15:59:12,477], 127.0.0.1, [http-nio-7072-exec-1], user-management-service, INFO  LoggingAspect profileAllMethods | Start of LoginUserRepo.existsByUserId
e92e66765b115c97 e5e480cbb06ba4b4 [2022-01-28 15:59:13,275], 127.0.0.1, [http-nio-7072-exec-1], user-management-service, INFO  LoggingAspect profileAllMethods | END of LoginUserRepo.existsByUserId
e92e66765b115c97 e5e480cbb06ba4b4 [2022-01-28 15:59:13,278], 127.0.0.1, [http-nio-7072-exec-1], user-management-service, INFO  LoggingAspect profileAllMethods | Execution time of LoginUserRepo.existsByUserId :: 801 ms
e92e66765b115c97 e5e480cbb06ba4b4 [2022-01-28 15:59:13,284], 127.0.0.1, [http-nio-7072-exec-1], user-management-service, INFO  LoggingAspect profileAllMethods | Start of LoginUserRepo.existsByMobile
e92e66765b115c97 e5e480cbb06ba4b4 [2022-01-28 15:59:13,830], 127.0.0.1, [http-nio-7072-exec-1], user-management-service, INFO  LoggingAspect profileAllMethods | END of LoginUserRepo.existsByMobile
e92e66765b115c97 e5e480cbb06ba4b4 [2022-01-28 15:59:13,836], 127.0.0.1, [http-nio-7072-exec-1], user-management-service, INFO  LoggingAspect profileAllMethods | Execution time of LoginUserRepo.existsByMobile :: 551 ms
e92e66765b115c97 e5e480cbb06ba4b4 [2022-01-28 15:59:13,910], 127.0.0.1, [http-nio-7072-exec-1], user-management-service, INFO  LoggingAspect profileAllMethods | Start of RoleServiceRepository.findByRoleName
e92e66765b115c97 e5e480cbb06ba4b4 [2022-01-28 15:59:14,145], 127.0.0.1, [http-nio-7072-exec-1], user-management-service, INFO  LoggingAspect profileAllMethods | END of RoleServiceRepository.findByRoleName
e92e66765b115c97 e5e480cbb06ba4b4 [2022-01-28 15:59:14,146], 127.0.0.1, [http-nio-7072-exec-1], user-management-service, INFO  LoggingAspect profileAllMethods | Execution time of RoleServiceRepository.findByRoleName :: 236 ms
e92e66765b115c97 e5e480cbb06ba4b4 [2022-01-28 15:59:14,150], 127.0.0.1, [http-nio-7072-exec-1], user-management-service, INFO  LoggingAspect profileAllMethods | Start of AuditServiceImpl.auditloginService
e92e66765b115c97 e5e480cbb06ba4b4 [2022-01-28 15:59:14,208], 127.0.0.1, [http-nio-7072-exec-1], user-management-service, INFO  LoggingAspect profileAllMethods | Start of JpaRepository.saveAndFlush
e92e66765b115c97 e5e480cbb06ba4b4 [2022-01-28 15:59:14,957], 127.0.0.1, [http-nio-7072-exec-1], user-management-service, INFO  LoggingAspect profileAllMethods | END of JpaRepository.saveAndFlush
e92e66765b115c97 e5e480cbb06ba4b4 [2022-01-28 15:59:14,959], 127.0.0.1, [http-nio-7072-exec-1], user-management-service, INFO  LoggingAspect profileAllMethods | Execution time of JpaRepository.saveAndFlush :: 751 ms
e92e66765b115c97 e5e480cbb06ba4b4 [2022-01-28 15:59:14,962], 127.0.0.1, [http-nio-7072-exec-1], user-management-service, INFO  LoggingAspect profileAllMethods | END of AuditServiceImpl.auditloginService
e92e66765b115c97 e5e480cbb06ba4b4 [2022-01-28 15:59:14,964], 127.0.0.1, [http-nio-7072-exec-1], user-management-service, INFO  LoggingAspect profileAllMethods | Execution time of AuditServiceImpl.auditloginService :: 815 ms
e92e66765b115c97 e5e480cbb06ba4b4 [2022-01-28 15:59:14,968], 127.0.0.1, [http-nio-7072-exec-1], user-management-service, INFO  LoggingAspect profileAllMethods | Start of JpaRepository.saveAndFlush
e92e66765b115c97 e5e480cbb06ba4b4 [2022-01-28 15:59:15,469], 127.0.0.1, [http-nio-7072-exec-1], user-management-service, INFO  LoggingAspect profileAllMethods | END of JpaRepository.saveAndFlush
e92e66765b115c97 e5e480cbb06ba4b4 [2022-01-28 15:59:15,473], 127.0.0.1, [http-nio-7072-exec-1], user-management-service, INFO  LoggingAspect profileAllMethods | Execution time of JpaRepository.saveAndFlush :: 505 ms
e92e66765b115c97 e5e480cbb06ba4b4 [2022-01-28 15:59:15,476], 127.0.0.1, [http-nio-7072-exec-1], user-management-service, INFO  LoginServiceImpl createUserService | Saved user Data to user details
e92e66765b115c97 e5e480cbb06ba4b4 [2022-01-28 15:59:15,479], 127.0.0.1, [http-nio-7072-exec-1], user-management-service, INFO  LoginServiceImpl createUserService | User creation : Success
e92e66765b115c97 e5e480cbb06ba4b4 [2022-01-28 15:59:15,487], 127.0.0.1, [http-nio-7072-exec-1], user-management-service, INFO  LoggingAspect profileAllMethods | Start of JpaRepository.saveAndFlush
e92e66765b115c97 e5e480cbb06ba4b4 [2022-01-28 15:59:16,186], 127.0.0.1, [http-nio-7072-exec-1], user-management-service, INFO  LoggingAspect profileAllMethods | END of JpaRepository.saveAndFlush
e92e66765b115c97 e5e480cbb06ba4b4 [2022-01-28 15:59:16,191], 127.0.0.1, [http-nio-7072-exec-1], user-management-service, INFO  LoggingAspect profileAllMethods | Execution time of JpaRepository.saveAndFlush :: 704 ms
e92e66765b115c97 e5e480cbb06ba4b4 [2022-01-28 15:59:16,194], 127.0.0.1, [http-nio-7072-exec-1], user-management-service, INFO  LoginServiceImpl saveUserToHistory | Saved user Data to user history
e92e66765b115c97 e5e480cbb06ba4b4 [2022-01-28 15:59:16,198], 127.0.0.1, [http-nio-7072-exec-1], user-management-service, INFO  LoginServiceImpl createUserService | Returning response User Creation
e92e66765b115c97 e5e480cbb06ba4b4 [2022-01-28 15:59:16,202], 127.0.0.1, [http-nio-7072-exec-1], user-management-service, INFO  LoggingAspect profileAllMethods | END of LoginServiceImpl.createUserService
e92e66765b115c97 e5e480cbb06ba4b4 [2022-01-28 15:59:16,204], 127.0.0.1, [http-nio-7072-exec-1], user-management-service, INFO  LoggingAspect profileAllMethods | Execution time of LoginServiceImpl.createUserService :: 3849 ms
e92e66765b115c97 e5e480cbb06ba4b4 [2022-01-28 15:59:16,210], 127.0.0.1, [http-nio-7072-exec-1], user-management-service, INFO  LoggingAspect profileAllMethods | END of LoginController.createUser
e92e66765b115c97 e5e480cbb06ba4b4 [2022-01-28 15:59:16,213], 127.0.0.1, [http-nio-7072-exec-1], user-management-service, INFO  LoggingAspect profileAllMethods | Execution time of LoginController.createUser :: 3893 ms
e92e66765b115c97 e5e480cbb06ba4b4 [2022-01-28 15:59:16,303], 127.0.0.1, [http-nio-7072-exec-1], user-management-service, INFO  LoggingAspect profileAllMethods | Start of CustomResponseBodyAdvice.supports
e92e66765b115c97 e5e480cbb06ba4b4 [2022-01-28 15:59:16,333], 127.0.0.1, [http-nio-7072-exec-1], user-management-service, INFO  LoggingAspect profileAllMethods | END of CustomResponseBodyAdvice.supports
e92e66765b115c97 e5e480cbb06ba4b4 [2022-01-28 15:59:16,334], 127.0.0.1, [http-nio-7072-exec-1], user-management-service, INFO  LoggingAspect profileAllMethods | Execution time of CustomResponseBodyAdvice.supports :: 31 ms
e92e66765b115c97 e5e480cbb06ba4b4 [2022-01-28 15:59:16,336], 127.0.0.1, [http-nio-7072-exec-1], user-management-service, INFO  LoggingAspect profileAllMethods | Start of CustomResponseBodyAdvice.beforeBodyWrite
e92e66765b115c97 e5e480cbb06ba4b4 [2022-01-28 15:59:16,337], 127.0.0.1, [http-nio-7072-exec-1], user-management-service, INFO  LoggingAspect profileAllMethods | END of CustomResponseBodyAdvice.beforeBodyWrite
e92e66765b115c97 e5e480cbb06ba4b4 [2022-01-28 15:59:16,338], 127.0.0.1, [http-nio-7072-exec-1], user-management-service, INFO  LoggingAspect profileAllMethods | Execution time of CustomResponseBodyAdvice.beforeBodyWrite :: 2 ms
e92e66765b115c97 e5e480cbb06ba4b4 [2022-01-28 15:59:16,385], 127.0.0.1, [http-nio-7072-exec-1], user-management-service, INFO  LoggingAspect profileAllMethods | Start of CustomInterceptor.postHandle
e92e66765b115c97 e5e480cbb06ba4b4 [2022-01-28 15:59:16,390], 127.0.0.1, [http-nio-7072-exec-1], user-management-service, INFO  LoggingAspect profileAllMethods | END of CustomInterceptor.postHandle
e92e66765b115c97 e5e480cbb06ba4b4 [2022-01-28 15:59:16,391], 127.0.0.1, [http-nio-7072-exec-1], user-management-service, INFO  LoggingAspect profileAllMethods | Execution time of CustomInterceptor.postHandle :: 6 ms
e92e66765b115c97 e5e480cbb06ba4b4 [2022-01-28 15:59:16,400], 127.0.0.1, [http-nio-7072-exec-1], user-management-service, INFO  LoggingAspect profileAllMethods | Start of CustomInterceptor.afterCompletion
e92e66765b115c97 e5e480cbb06ba4b4 [2022-01-28 15:59:16,400], 127.0.0.1, [http-nio-7072-exec-1], user-management-service, INFO  LoggingAspect profileAllMethods | END of CustomInterceptor.afterCompletion
e92e66765b115c97 e5e480cbb06ba4b4 [2022-01-28 15:59:16,400], 127.0.0.1, [http-nio-7072-exec-1], user-management-service, INFO  LoggingAspect profileAllMethods | Execution time of CustomInterceptor.afterCompletion :: 0 ms
d0b1c57bac99cdca 34bc8545f9687a2b [2022-01-28 16:02:49,240], , [http-nio-7072-exec-2], user-management-service, INFO  LoggingAspect profileAllMethods | Start of CustomInterceptor.preHandle
d0b1c57bac99cdca 34bc8545f9687a2b [2022-01-28 16:02:49,313], , [http-nio-7072-exec-2], user-management-service, INFO  LoggingAspect profileAllMethods | END of CustomInterceptor.preHandle
d0b1c57bac99cdca 34bc8545f9687a2b [2022-01-28 16:02:49,314], , [http-nio-7072-exec-2], user-management-service, INFO  LoggingAspect profileAllMethods | Execution time of CustomInterceptor.preHandle :: 89 ms
d0b1c57bac99cdca 34bc8545f9687a2b [2022-01-28 16:02:49,436], 127.0.0.1, [http-nio-7072-exec-2], user-management-service, INFO  LoggingAspect profileAllMethods | Start of LoginController.createUser
d0b1c57bac99cdca 34bc8545f9687a2b [2022-01-28 16:02:49,441], 127.0.0.1, [http-nio-7072-exec-2], user-management-service, INFO  LoginController createUser | Create user Request Received
d0b1c57bac99cdca 34bc8545f9687a2b [2022-01-28 16:02:49,444], 127.0.0.1, [http-nio-7072-exec-2], user-management-service, INFO  LoggingAspect profileAllMethods | Start of LoginServiceImpl.createUserService
d0b1c57bac99cdca 34bc8545f9687a2b [2022-01-28 16:02:49,446], 127.0.0.1, [http-nio-7072-exec-2], user-management-service, INFO  LoginServiceImpl createUserService | Getting user data from createUser request
d0b1c57bac99cdca 34bc8545f9687a2b [2022-01-28 16:02:49,453], 127.0.0.1, [http-nio-7072-exec-2], user-management-service, INFO  LoggingAspect profileAllMethods | Start of LoginUserRepo.existsByUserId
d0b1c57bac99cdca 34bc8545f9687a2b [2022-01-28 16:02:50,201], 127.0.0.1, [http-nio-7072-exec-2], user-management-service, INFO  LoggingAspect profileAllMethods | END of LoginUserRepo.existsByUserId
d0b1c57bac99cdca 34bc8545f9687a2b [2022-01-28 16:02:50,211], 127.0.0.1, [http-nio-7072-exec-2], user-management-service, INFO  LoggingAspect profileAllMethods | Execution time of LoginUserRepo.existsByUserId :: 758 ms
d0b1c57bac99cdca 34bc8545f9687a2b [2022-01-28 16:02:50,219], 127.0.0.1, [http-nio-7072-exec-2], user-management-service, INFO  LoggingAspect profileAllMethods | Start of LoginUserRepo.existsByMobile
d0b1c57bac99cdca 34bc8545f9687a2b [2022-01-28 16:02:50,533], 127.0.0.1, [http-nio-7072-exec-2], user-management-service, INFO  LoggingAspect profileAllMethods | END of LoginUserRepo.existsByMobile
d0b1c57bac99cdca 34bc8545f9687a2b [2022-01-28 16:02:50,534], 127.0.0.1, [http-nio-7072-exec-2], user-management-service, INFO  LoggingAspect profileAllMethods | Execution time of LoginUserRepo.existsByMobile :: 315 ms
d0b1c57bac99cdca 34bc8545f9687a2b [2022-01-28 16:02:50,546], 127.0.0.1, [http-nio-7072-exec-2], user-management-service, INFO  LoggingAspect profileAllMethods | Start of RoleServiceRepository.findByRoleName
d0b1c57bac99cdca 34bc8545f9687a2b [2022-01-28 16:02:50,850], 127.0.0.1, [http-nio-7072-exec-2], user-management-service, INFO  LoggingAspect profileAllMethods | END of RoleServiceRepository.findByRoleName
d0b1c57bac99cdca 34bc8545f9687a2b [2022-01-28 16:02:50,853], 127.0.0.1, [http-nio-7072-exec-2], user-management-service, INFO  LoggingAspect profileAllMethods | Execution time of RoleServiceRepository.findByRoleName :: 307 ms
d0b1c57bac99cdca 34bc8545f9687a2b [2022-01-28 16:02:50,859], 127.0.0.1, [http-nio-7072-exec-2], user-management-service, INFO  LoggingAspect profileAllMethods | Start of AuditServiceImpl.auditloginService
d0b1c57bac99cdca 34bc8545f9687a2b [2022-01-28 16:02:50,881], 127.0.0.1, [http-nio-7072-exec-2], user-management-service, INFO  LoggingAspect profileAllMethods | Start of JpaRepository.saveAndFlush
d0b1c57bac99cdca 34bc8545f9687a2b [2022-01-28 16:02:51,635], 127.0.0.1, [http-nio-7072-exec-2], user-management-service, INFO  LoggingAspect profileAllMethods | END of JpaRepository.saveAndFlush
d0b1c57bac99cdca 34bc8545f9687a2b [2022-01-28 16:02:51,709], 127.0.0.1, [http-nio-7072-exec-2], user-management-service, INFO  LoggingAspect profileAllMethods | Execution time of JpaRepository.saveAndFlush :: 828 ms
d0b1c57bac99cdca 34bc8545f9687a2b [2022-01-28 16:02:51,712], 127.0.0.1, [http-nio-7072-exec-2], user-management-service, INFO  LoggingAspect profileAllMethods | END of AuditServiceImpl.auditloginService
d0b1c57bac99cdca 34bc8545f9687a2b [2022-01-28 16:02:51,716], 127.0.0.1, [http-nio-7072-exec-2], user-management-service, INFO  LoggingAspect profileAllMethods | Execution time of AuditServiceImpl.auditloginService :: 857 ms
d0b1c57bac99cdca 34bc8545f9687a2b [2022-01-28 16:02:51,720], 127.0.0.1, [http-nio-7072-exec-2], user-management-service, INFO  LoggingAspect profileAllMethods | Start of JpaRepository.saveAndFlush
d0b1c57bac99cdca 34bc8545f9687a2b [2022-01-28 16:02:52,263], 127.0.0.1, [http-nio-7072-exec-2], user-management-service, INFO  LoggingAspect profileAllMethods | END of JpaRepository.saveAndFlush
d0b1c57bac99cdca 34bc8545f9687a2b [2022-01-28 16:02:52,265], 127.0.0.1, [http-nio-7072-exec-2], user-management-service, INFO  LoggingAspect profileAllMethods | Execution time of JpaRepository.saveAndFlush :: 545 ms
d0b1c57bac99cdca 34bc8545f9687a2b [2022-01-28 16:02:52,267], 127.0.0.1, [http-nio-7072-exec-2], user-management-service, INFO  LoginServiceImpl createUserService | Saved user Data to user details
d0b1c57bac99cdca 34bc8545f9687a2b [2022-01-28 16:02:52,268], 127.0.0.1, [http-nio-7072-exec-2], user-management-service, INFO  LoginServiceImpl createUserService | User creation : Success
d0b1c57bac99cdca 34bc8545f9687a2b [2022-01-28 16:02:52,274], 127.0.0.1, [http-nio-7072-exec-2], user-management-service, INFO  LoggingAspect profileAllMethods | Start of JpaRepository.saveAndFlush
d0b1c57bac99cdca 34bc8545f9687a2b [2022-01-28 16:02:52,614], 127.0.0.1, [http-nio-7072-exec-2], user-management-service, INFO  LoggingAspect profileAllMethods | END of JpaRepository.saveAndFlush
d0b1c57bac99cdca 34bc8545f9687a2b [2022-01-28 16:02:52,615], 127.0.0.1, [http-nio-7072-exec-2], user-management-service, INFO  LoggingAspect profileAllMethods | Execution time of JpaRepository.saveAndFlush :: 341 ms
d0b1c57bac99cdca 34bc8545f9687a2b [2022-01-28 16:02:52,616], 127.0.0.1, [http-nio-7072-exec-2], user-management-service, INFO  LoginServiceImpl saveUserToHistory | Saved user Data to user history
d0b1c57bac99cdca 34bc8545f9687a2b [2022-01-28 16:02:52,617], 127.0.0.1, [http-nio-7072-exec-2], user-management-service, INFO  LoginServiceImpl createUserService | Returning response User Creation
d0b1c57bac99cdca 34bc8545f9687a2b [2022-01-28 16:02:52,619], 127.0.0.1, [http-nio-7072-exec-2], user-management-service, INFO  LoggingAspect profileAllMethods | END of LoginServiceImpl.createUserService
d0b1c57bac99cdca 34bc8545f9687a2b [2022-01-28 16:02:52,619], 127.0.0.1, [http-nio-7072-exec-2], user-management-service, INFO  LoggingAspect profileAllMethods | Execution time of LoginServiceImpl.createUserService :: 3175 ms
d0b1c57bac99cdca 34bc8545f9687a2b [2022-01-28 16:02:52,623], 127.0.0.1, [http-nio-7072-exec-2], user-management-service, INFO  LoggingAspect profileAllMethods | END of LoginController.createUser
d0b1c57bac99cdca 34bc8545f9687a2b [2022-01-28 16:02:52,624], 127.0.0.1, [http-nio-7072-exec-2], user-management-service, INFO  LoggingAspect profileAllMethods | Execution time of LoginController.createUser :: 3188 ms
d0b1c57bac99cdca 34bc8545f9687a2b [2022-01-28 16:02:52,640], 127.0.0.1, [http-nio-7072-exec-2], user-management-service, INFO  LoggingAspect profileAllMethods | Start of CustomResponseBodyAdvice.supports
d0b1c57bac99cdca 34bc8545f9687a2b [2022-01-28 16:02:52,644], 127.0.0.1, [http-nio-7072-exec-2], user-management-service, INFO  LoggingAspect profileAllMethods | END of CustomResponseBodyAdvice.supports
d0b1c57bac99cdca 34bc8545f9687a2b [2022-01-28 16:02:52,645], 127.0.0.1, [http-nio-7072-exec-2], user-management-service, INFO  LoggingAspect profileAllMethods | Execution time of CustomResponseBodyAdvice.supports :: 5 ms
d0b1c57bac99cdca 34bc8545f9687a2b [2022-01-28 16:02:52,647], 127.0.0.1, [http-nio-7072-exec-2], user-management-service, INFO  LoggingAspect profileAllMethods | Start of CustomResponseBodyAdvice.beforeBodyWrite
d0b1c57bac99cdca 34bc8545f9687a2b [2022-01-28 16:02:52,649], 127.0.0.1, [http-nio-7072-exec-2], user-management-service, INFO  LoggingAspect profileAllMethods | END of CustomResponseBodyAdvice.beforeBodyWrite
d0b1c57bac99cdca 34bc8545f9687a2b [2022-01-28 16:02:52,649], 127.0.0.1, [http-nio-7072-exec-2], user-management-service, INFO  LoggingAspect profileAllMethods | Execution time of CustomResponseBodyAdvice.beforeBodyWrite :: 2 ms
d0b1c57bac99cdca 34bc8545f9687a2b [2022-01-28 16:02:52,671], 127.0.0.1, [http-nio-7072-exec-2], user-management-service, INFO  LoggingAspect profileAllMethods | Start of CustomInterceptor.postHandle
d0b1c57bac99cdca 34bc8545f9687a2b [2022-01-28 16:02:52,675], 127.0.0.1, [http-nio-7072-exec-2], user-management-service, INFO  LoggingAspect profileAllMethods | END of CustomInterceptor.postHandle
d0b1c57bac99cdca 34bc8545f9687a2b [2022-01-28 16:02:52,676], 127.0.0.1, [http-nio-7072-exec-2], user-management-service, INFO  LoggingAspect profileAllMethods | Execution time of CustomInterceptor.postHandle :: 5 ms
d0b1c57bac99cdca 34bc8545f9687a2b [2022-01-28 16:02:52,679], 127.0.0.1, [http-nio-7072-exec-2], user-management-service, INFO  LoggingAspect profileAllMethods | Start of CustomInterceptor.afterCompletion
d0b1c57bac99cdca 34bc8545f9687a2b [2022-01-28 16:02:52,681], 127.0.0.1, [http-nio-7072-exec-2], user-management-service, INFO  LoggingAspect profileAllMethods | END of CustomInterceptor.afterCompletion
d0b1c57bac99cdca 34bc8545f9687a2b [2022-01-28 16:02:52,682], 127.0.0.1, [http-nio-7072-exec-2], user-management-service, INFO  LoggingAspect profileAllMethods | Execution time of CustomInterceptor.afterCompletion :: 3 ms
  [2022-01-28 17:18:13,486], , [HikariPool-1 housekeeper], user-management-service, WARN  HikariPool run | HikariPool-1 - Thread starvation or clock leap detected (housekeeper delta=2m49s871ms279s400ns).
  [2022-01-28 19:15:22,627], , [HikariPool-1 housekeeper], user-management-service, WARN  HikariPool run | HikariPool-1 - Thread starvation or clock leap detected (housekeeper delta=12m36s806ms967s200ns).
  [2022-01-28 20:22:39,576], , [HikariPool-1 housekeeper], user-management-service, WARN  HikariPool run | HikariPool-1 - Thread starvation or clock leap detected (housekeeper delta=1h3m16s330ms547s100ns).
