  [2022-02-24 11:10:16,663], , [restartedMain], user-management-service, INFO  DevToolsPropertyDefaultsPostProcessor logTo | Devtools property defaults active! Set 'spring.devtools.add-properties' to 'false' to disable
  [2022-02-24 11:10:17,049], , [restartedMain], user-management-service, INFO  PostProcessorRegistrationDelegate$BeanPostProcessorChecker postProcessAfterInitialization | Bean 'org.springframework.cloud.autoconfigure.ConfigurationPropertiesRebinderAutoConfiguration' of type [org.springframework.cloud.autoconfigure.ConfigurationPropertiesRebinderAutoConfiguration$$EnhancerBySpringCGLIB$$ffefcac0] is not eligible for getting processed by all BeanPostProcessors (for example: not eligible for auto-proxying)
  [2022-02-24 11:10:17,371], , [restartedMain], user-management-service, INFO  ConfigServicePropertySourceLocator getRemoteEnvironment | Fetching config from server at : http://localhost:8888/config
  [2022-02-24 11:10:17,964], , [restartedMain], user-management-service, INFO  ConfigServicePropertySourceLocator log | Located environment: name=user-management-service, profiles=[dev], label=1.0.1, version=null, state=null
  [2022-02-24 11:10:17,964], , [restartedMain], user-management-service, INFO  PropertySourceBootstrapConfiguration initialize | Located property source: CompositePropertySource {name='configService', propertySources=[MapPropertySource {name='file:///D:/git-localconfig-repo/application-dev.properties'}]}
  [2022-02-24 11:10:18,008], , [restartedMain], user-management-service, INFO  UserManagementServiceApplication logStartupProfileInfo | The following profiles are active: dev
  [2022-02-24 11:10:23,161], , [restartedMain], user-management-service, INFO  RepositoryConfigurationDelegate registerRepositoriesIn | Bootstrapping Spring Data repositories in DEFAULT mode.
  [2022-02-24 11:10:23,342], , [restartedMain], user-management-service, INFO  RepositoryConfigurationDelegate registerRepositoriesIn | Finished Spring Data repository scanning in 172ms. Found 20 repository interfaces.
  [2022-02-24 11:10:23,800], , [restartedMain], user-management-service, INFO  GenericScope setSerializationId | BeanFactory id=9eb1641f-158c-3c39-ae91-f40c5f1b3729
  [2022-02-24 11:10:24,144], , [restartedMain], user-management-service, INFO  PostProcessorRegistrationDelegate$BeanPostProcessorChecker postProcessAfterInitialization | Bean 'org.springframework.transaction.annotation.ProxyTransactionManagementConfiguration' of type [org.springframework.transaction.annotation.ProxyTransactionManagementConfiguration$$EnhancerBySpringCGLIB$$e3d5c7c3] is not eligible for getting processed by all BeanPostProcessors (for example: not eligible for auto-proxying)
  [2022-02-24 11:10:24,209], , [restartedMain], user-management-service, INFO  PostProcessorRegistrationDelegate$BeanPostProcessorChecker postProcessAfterInitialization | Bean 'org.springframework.cloud.autoconfigure.ConfigurationPropertiesRebinderAutoConfiguration' of type [org.springframework.cloud.autoconfigure.ConfigurationPropertiesRebinderAutoConfiguration$$EnhancerBySpringCGLIB$$ffefcac0] is not eligible for getting processed by all BeanPostProcessors (for example: not eligible for auto-proxying)
  [2022-02-24 11:10:25,144], , [restartedMain], user-management-service, INFO  TomcatWebServer initialize | Tomcat initialized with port(s): 7072 (http)
  [2022-02-24 11:10:25,163], , [restartedMain], user-management-service, INFO  Http11NioProtocol log | Initializing ProtocolHandler ["http-nio-7072"]
  [2022-02-24 11:10:25,173], , [restartedMain], user-management-service, INFO  StandardService log | Starting service [Tomcat]
  [2022-02-24 11:10:25,174], , [restartedMain], user-management-service, INFO  StandardEngine log | Starting Servlet engine: [Apache Tomcat/9.0.16]
  [2022-02-24 11:10:25,188], , [restartedMain], user-management-service, INFO  AprLifecycleListener log | The APR based Apache Tomcat Native library which allows optimal performance in production environments was not found on the java.library.path: [D:\Softwares\eclipse-jee-2020-12-R-win32-x86_64\eclipse\plugins\org.eclipse.justj.openjdk.hotspot.jre.full.win32.x86_64_15.0.1.v20201027-0507\jre\bin;C:\Windows\Sun\Java\bin;C:\Windows\system32;C:\Windows;D:\Softwares\eclipse-jee-2020-12-R-win32-x86_64\eclipse\plugins\org.eclipse.justj.openjdk.hotspot.jre.full.win32.x86_64_15.0.1.v20201027-0507\jre\bin;D:/Softwares/eclipse-jee-2020-12-R-win32-x86_64/eclipse//plugins/org.eclipse.justj.openjdk.hotspot.jre.full.win32.x86_64_15.0.1.v20201027-0507/jre/bin/server;D:/Softwares/eclipse-jee-2020-12-R-win32-x86_64/eclipse//plugins/org.eclipse.justj.openjdk.hotspot.jre.full.win32.x86_64_15.0.1.v20201027-0507/jre/bin;C:\Program Files (x86)\Common Files\Oracle\Java\javapath;C:\Windows\system32;C:\Windows;C:\Windows\System32\Wbem;C:\Windows\System32\WindowsPowerShell\v1.0\;C:\Windows\System32\OpenSSH\;C:\Program Files (x86)\CrSSL\bin;C:\Program Files\TortoiseSVN\bin;D:\Softwares\apache-maven-3.6.1\bin;C:\Program Files\TortoiseGit\bin;C:\Program Files\Git\cmd;C:\Users\DELL\AppData\Local\Microsoft\WindowsApps;;D:\Softwares\eclipse-jee-2020-12-R-win32-x86_64\eclipse;;.]
  [2022-02-24 11:10:25,342], , [restartedMain], user-management-service, INFO  [/usermanagement/v1/user] log | Initializing Spring embedded WebApplicationContext
  [2022-02-24 11:10:25,343], , [restartedMain], user-management-service, INFO  ContextLoader prepareWebApplicationContext | Root WebApplicationContext: initialization completed in 7320 ms
  [2022-02-24 11:10:26,972], , [restartedMain], user-management-service, INFO  HikariDataSource getConnection | HikariPool-1 - Starting...
  [2022-02-24 11:10:27,922], , [restartedMain], user-management-service, INFO  HikariDataSource getConnection | HikariPool-1 - Start completed.
  [2022-02-24 11:10:28,033], , [restartedMain], user-management-service, INFO  LogHelper logPersistenceUnitInformation | HHH000204: Processing PersistenceUnitInfo [
	name: default
	...]
  [2022-02-24 11:10:28,159], , [restartedMain], user-management-service, INFO  Version logVersion | HHH000412: Hibernate Core {5.3.7.Final}
  [2022-02-24 11:10:28,161], , [restartedMain], user-management-service, INFO  Environment <clinit> | HHH000206: hibernate.properties not found
  [2022-02-24 11:10:28,385], , [restartedMain], user-management-service, INFO  Version <clinit> | HCANN000001: Hibernate Commons Annotations {5.0.4.Final}
  [2022-02-24 11:10:28,613], , [restartedMain], user-management-service, INFO  Dialect <init> | HHH000400: Using dialect: org.hibernate.dialect.PostgreSQLDialect
  [2022-02-24 11:10:28,633], , [restartedMain], user-management-service, INFO  LobCreatorBuilderImpl makeLobCreatorBuilder | HHH000422: Disabling contextual LOB creation as connection was null
  [2022-02-24 11:10:28,640], , [restartedMain], user-management-service, INFO  BasicTypeRegistry register | HHH000270: Type registration [java.util.UUID] overrides previous : org.hibernate.type.UUIDBinaryType@dd095f4
  [2022-02-24 11:10:38,814], , [restartedMain], user-management-service, INFO  QueryTranslatorFactoryInitiator initiateService | HHH000397: Using ASTQueryTranslatorFactory
  [2022-02-24 11:10:38,937], , [restartedMain], user-management-service, INFO  LocalContainerEntityManagerFactoryBean buildNativeEntityManagerFactory | Initialized JPA EntityManagerFactory for persistence unit 'default'
  [2022-02-24 11:10:39,147], , [restartedMain], user-management-service, INFO  OptionalLiveReloadServer startServer | LiveReload server is running on port 35729
  [2022-02-24 11:10:42,061], , [restartedMain], user-management-service, INFO  LoggingAspect profileAllMethods | Start of CustomInterceptorAppConfig.corsConfigurationSource
  [2022-02-24 11:10:42,070], , [restartedMain], user-management-service, INFO  LoggingAspect profileAllMethods | END of CustomInterceptorAppConfig.corsConfigurationSource
  [2022-02-24 11:10:42,071], , [restartedMain], user-management-service, INFO  LoggingAspect profileAllMethods | Execution time of CustomInterceptorAppConfig.corsConfigurationSource :: 11 ms
  [2022-02-24 11:10:42,530], , [restartedMain], user-management-service, INFO  ThreadPoolTaskExecutor initialize | Initializing ExecutorService 'applicationTaskExecutor'
  [2022-02-24 11:10:42,694], , [restartedMain], user-management-service, INFO  LoggingAspect profileAllMethods | Start of CustomInterceptorAppConfig.addInterceptors
  [2022-02-24 11:10:42,695], , [restartedMain], user-management-service, INFO  LoggingAspect profileAllMethods | END of CustomInterceptorAppConfig.addInterceptors
  [2022-02-24 11:10:42,696], , [restartedMain], user-management-service, INFO  LoggingAspect profileAllMethods | Execution time of CustomInterceptorAppConfig.addInterceptors :: 2 ms
  [2022-02-24 11:10:42,699], , [restartedMain], user-management-service, WARN  JpaBaseConfiguration$JpaWebConfiguration$JpaWebMvcConfiguration openEntityManagerInViewInterceptor | spring.jpa.open-in-view is enabled by default. Therefore, database queries may be performed during view rendering. Explicitly configure spring.jpa.open-in-view to disable this warning
  [2022-02-24 11:10:43,869], , [restartedMain], user-management-service, INFO  EndpointLinksResolver <init> | Exposing 2 endpoint(s) beneath base path '/actuator'
  [2022-02-24 11:10:44,024], , [restartedMain], user-management-service, INFO  Http11NioProtocol log | Starting ProtocolHandler ["http-nio-7072"]
  [2022-02-24 11:10:44,066], , [restartedMain], user-management-service, INFO  TomcatWebServer start | Tomcat started on port(s): 7072 (http) with context path '/usermanagement/v1/user'
  [2022-02-24 11:10:44,070], , [restartedMain], user-management-service, INFO  UserManagementServiceApplication logStarted | Started UserManagementServiceApplication in 28.24 seconds (JVM running for 30.657)
  [2022-02-24 11:10:53,039], , [http-nio-7072-exec-2], user-management-service, INFO  [/usermanagement/v1/user] log | Initializing Spring DispatcherServlet 'dispatcherServlet'
  [2022-02-24 11:10:53,039], , [http-nio-7072-exec-2], user-management-service, INFO  DispatcherServlet initServletBean | Initializing Servlet 'dispatcherServlet'
  [2022-02-24 11:10:53,072], , [http-nio-7072-exec-2], user-management-service, INFO  DispatcherServlet initServletBean | Completed initialization in 33 ms
48fc2bd0cb9a6bb9 48fc2bd0cb9a6bb9 [2022-02-24 11:10:53,107], , [http-nio-7072-exec-2], user-management-service, INFO  LoggingAspect profileAllMethods | Start of CustomInterceptor.preHandle
48fc2bd0cb9a6bb9 48fc2bd0cb9a6bb9 [2022-02-24 11:10:53,115], , [http-nio-7072-exec-2], user-management-service, INFO  LoggingAspect profileAllMethods | END of CustomInterceptor.preHandle
48fc2bd0cb9a6bb9 48fc2bd0cb9a6bb9 [2022-02-24 11:10:53,116], , [http-nio-7072-exec-2], user-management-service, INFO  LoggingAspect profileAllMethods | Execution time of CustomInterceptor.preHandle :: 9 ms
48fc2bd0cb9a6bb9 48fc2bd0cb9a6bb9 [2022-02-24 11:10:53,248], 0:0:0:0:0:0:0:1, [http-nio-7072-exec-2], user-management-service, INFO  LoggingAspect profileAllMethods | Start of LoginController.userPasswordReset
48fc2bd0cb9a6bb9 48fc2bd0cb9a6bb9 [2022-02-24 11:11:02,643], 0:0:0:0:0:0:0:1, [http-nio-7072-exec-2], user-management-service, INFO  LoginController userPasswordReset | User Reset Password Request Received
48fc2bd0cb9a6bb9 48fc2bd0cb9a6bb9 [2022-02-24 11:11:02,646], 0:0:0:0:0:0:0:1, [http-nio-7072-exec-2], user-management-service, INFO  LoginController userPasswordReset | Reset password Request is : MainRequestDTO(id=user, version=1.0, requesttime=Thu Jan 02 15:31:21 IST 2020, method=null, request=ResetPasswordRequest(userId=9970952295, oldPwd=null, newPwd=Nsdl@123, confirmPwd=Nsdl@123, otp=123456))
48fc2bd0cb9a6bb9 48fc2bd0cb9a6bb9 [2022-02-24 11:11:02,647], 0:0:0:0:0:0:0:1, [http-nio-7072-exec-2], user-management-service, INFO  LoginController userPasswordReset | sessionId : i7lEkGrCRa
48fc2bd0cb9a6bb9 48fc2bd0cb9a6bb9 [2022-02-24 11:11:02,649], 0:0:0:0:0:0:0:1, [http-nio-7072-exec-2], user-management-service, INFO  LoginController userPasswordReset | captchaValue : ghjfhg
48fc2bd0cb9a6bb9 48fc2bd0cb9a6bb9 [2022-02-24 11:11:02,654], 0:0:0:0:0:0:0:1, [http-nio-7072-exec-2], user-management-service, INFO  LoggingAspect profileAllMethods | Start of LoginServiceImpl.verifyCaptcha
48fc2bd0cb9a6bb9 48fc2bd0cb9a6bb9 [2022-02-24 11:11:03,180], 0:0:0:0:0:0:0:1, [http-nio-7072-exec-2], user-management-service, INFO  LoginServiceImpl verifyCaptcha | Captcha Verification Api called
48fc2bd0cb9a6bb9 48fc2bd0cb9a6bb9 [2022-02-24 11:11:03,371], 0:0:0:0:0:0:0:1, [http-nio-7072-exec-2], user-management-service, INFO  LoginServiceImpl verifyCaptcha | captcha responsee received
48fc2bd0cb9a6bb9 48fc2bd0cb9a6bb9 [2022-02-24 11:11:03,372], 0:0:0:0:0:0:0:1, [http-nio-7072-exec-2], user-management-service, INFO  LoginServiceImpl verifyCaptcha | captcha verification : SUCCESS
48fc2bd0cb9a6bb9 48fc2bd0cb9a6bb9 [2022-02-24 11:11:03,373], 0:0:0:0:0:0:0:1, [http-nio-7072-exec-2], user-management-service, INFO  LoggingAspect profileAllMethods | END of LoginServiceImpl.verifyCaptcha
48fc2bd0cb9a6bb9 48fc2bd0cb9a6bb9 [2022-02-24 11:11:03,374], 0:0:0:0:0:0:0:1, [http-nio-7072-exec-2], user-management-service, INFO  LoggingAspect profileAllMethods | Execution time of LoginServiceImpl.verifyCaptcha :: 720 ms
48fc2bd0cb9a6bb9 48fc2bd0cb9a6bb9 [2022-02-24 11:11:07,647], 0:0:0:0:0:0:0:1, [http-nio-7072-exec-2], user-management-service, INFO  LoggingAspect profileAllMethods | Start of LoginServiceImpl.userPasswordResetService
48fc2bd0cb9a6bb9 48fc2bd0cb9a6bb9 [2022-02-24 11:11:07,649], 0:0:0:0:0:0:0:1, [http-nio-7072-exec-2], user-management-service, INFO  LoginServiceImpl userPasswordResetService | Getting user Data from database on the basis of userId
48fc2bd0cb9a6bb9 48fc2bd0cb9a6bb9 [2022-02-24 11:11:07,650], 0:0:0:0:0:0:0:1, [http-nio-7072-exec-2], user-management-service, INFO  LoggingAspect profileAllMethods | Start of LoginUserRepo.findByUserIdOrMobile
48fc2bd0cb9a6bb9 48fc2bd0cb9a6bb9 [2022-02-24 11:11:07,997], 0:0:0:0:0:0:0:1, [http-nio-7072-exec-2], user-management-service, INFO  LoggingAspect profileAllMethods | END of LoginUserRepo.findByUserIdOrMobile
48fc2bd0cb9a6bb9 48fc2bd0cb9a6bb9 [2022-02-24 11:11:07,998], 0:0:0:0:0:0:0:1, [http-nio-7072-exec-2], user-management-service, INFO  LoggingAspect profileAllMethods | Execution time of LoginUserRepo.findByUserIdOrMobile :: 348 ms
48fc2bd0cb9a6bb9 48fc2bd0cb9a6bb9 [2022-02-24 11:11:07,999], 0:0:0:0:0:0:0:1, [http-nio-7072-exec-2], user-management-service, INFO  LoginServiceImpl verifyOTP | Request received for verifying OTP
48fc2bd0cb9a6bb9 48fc2bd0cb9a6bb9 [2022-02-24 11:11:08,001], 0:0:0:0:0:0:0:1, [http-nio-7072-exec-2], user-management-service, INFO  LoginServiceImpl verifyOTP | prepare otpRequest to give REST-Call to OTP manager service to verify OTP
48fc2bd0cb9a6bb9 48fc2bd0cb9a6bb9 [2022-02-24 11:11:08,238], 0:0:0:0:0:0:0:1, [http-nio-7072-exec-2], user-management-service, INFO  LoginServiceImpl verifyOTP | Called verify OTP service: status is : true
48fc2bd0cb9a6bb9 48fc2bd0cb9a6bb9 [2022-02-24 11:11:08,252], 0:0:0:0:0:0:0:1, [http-nio-7072-exec-2], user-management-service, INFO  LoggingAspect profileAllMethods | Start of UserHistoryRepo.checkLastThreePassword
48fc2bd0cb9a6bb9 48fc2bd0cb9a6bb9 [2022-02-24 11:11:08,424], 0:0:0:0:0:0:0:1, [http-nio-7072-exec-2], user-management-service, INFO  LoggingAspect profileAllMethods | END of UserHistoryRepo.checkLastThreePassword
48fc2bd0cb9a6bb9 48fc2bd0cb9a6bb9 [2022-02-24 11:11:08,425], 0:0:0:0:0:0:0:1, [http-nio-7072-exec-2], user-management-service, INFO  LoggingAspect profileAllMethods | Execution time of UserHistoryRepo.checkLastThreePassword :: 173 ms
48fc2bd0cb9a6bb9 48fc2bd0cb9a6bb9 [2022-02-24 11:11:08,428], 0:0:0:0:0:0:0:1, [http-nio-7072-exec-2], user-management-service, INFO  LoggingAspect profileAllMethods | Start of AuditServiceImpl.auditloginService
48fc2bd0cb9a6bb9 48fc2bd0cb9a6bb9 [2022-02-24 11:11:08,450], 0:0:0:0:0:0:0:1, [http-nio-7072-exec-2], user-management-service, INFO  LoggingAspect profileAllMethods | Start of JpaRepository.saveAndFlush
48fc2bd0cb9a6bb9 48fc2bd0cb9a6bb9 [2022-02-24 11:11:08,692], 0:0:0:0:0:0:0:1, [http-nio-7072-exec-2], user-management-service, INFO  LoggingAspect profileAllMethods | END of JpaRepository.saveAndFlush
48fc2bd0cb9a6bb9 48fc2bd0cb9a6bb9 [2022-02-24 11:11:08,694], 0:0:0:0:0:0:0:1, [http-nio-7072-exec-2], user-management-service, INFO  LoggingAspect profileAllMethods | Execution time of JpaRepository.saveAndFlush :: 244 ms
48fc2bd0cb9a6bb9 48fc2bd0cb9a6bb9 [2022-02-24 11:11:08,695], 0:0:0:0:0:0:0:1, [http-nio-7072-exec-2], user-management-service, INFO  LoggingAspect profileAllMethods | END of AuditServiceImpl.auditloginService
48fc2bd0cb9a6bb9 48fc2bd0cb9a6bb9 [2022-02-24 11:11:08,695], 0:0:0:0:0:0:0:1, [http-nio-7072-exec-2], user-management-service, INFO  LoggingAspect profileAllMethods | Execution time of AuditServiceImpl.auditloginService :: 267 ms
48fc2bd0cb9a6bb9 48fc2bd0cb9a6bb9 [2022-02-24 11:11:08,696], 0:0:0:0:0:0:0:1, [http-nio-7072-exec-2], user-management-service, INFO  LoginServiceImpl userPasswordResetService | Reset the new password and logout the user
48fc2bd0cb9a6bb9 48fc2bd0cb9a6bb9 [2022-02-24 11:11:08,699], 0:0:0:0:0:0:0:1, [http-nio-7072-exec-2], user-management-service, INFO  LoggingAspect profileAllMethods | Start of LoginUserRepo.resetPassword
48fc2bd0cb9a6bb9 48fc2bd0cb9a6bb9 [2022-02-24 11:11:08,808], 0:0:0:0:0:0:0:1, [http-nio-7072-exec-2], user-management-service, INFO  LoggingAspect profileAllMethods | END of LoginUserRepo.resetPassword
48fc2bd0cb9a6bb9 48fc2bd0cb9a6bb9 [2022-02-24 11:11:08,809], 0:0:0:0:0:0:0:1, [http-nio-7072-exec-2], user-management-service, INFO  LoggingAspect profileAllMethods | Execution time of LoginUserRepo.resetPassword :: 111 ms
48fc2bd0cb9a6bb9 48fc2bd0cb9a6bb9 [2022-02-24 11:11:08,811], 0:0:0:0:0:0:0:1, [http-nio-7072-exec-2], user-management-service, INFO  LoggingAspect profileAllMethods | Start of RegistrationRepo.findDoctorDetailsByUserID
48fc2bd0cb9a6bb9 48fc2bd0cb9a6bb9 [2022-02-24 11:11:08,906], 0:0:0:0:0:0:0:1, [http-nio-7072-exec-2], user-management-service, INFO  LoggingAspect profileAllMethods | END of RegistrationRepo.findDoctorDetailsByUserID
48fc2bd0cb9a6bb9 48fc2bd0cb9a6bb9 [2022-02-24 11:11:08,906], 0:0:0:0:0:0:0:1, [http-nio-7072-exec-2], user-management-service, INFO  LoggingAspect profileAllMethods | Execution time of RegistrationRepo.findDoctorDetailsByUserID :: 95 ms
48fc2bd0cb9a6bb9 48fc2bd0cb9a6bb9 [2022-02-24 11:11:08,907], 0:0:0:0:0:0:0:1, [http-nio-7072-exec-2], user-management-service, ERROR LoginServiceImpl userPasswordResetService | user details not present
48fc2bd0cb9a6bb9 48fc2bd0cb9a6bb9 [2022-02-24 11:11:09,002], 0:0:0:0:0:0:0:1, [http-nio-7072-exec-2], user-management-service, INFO  LoggingAspect profileAllMethods | Start of ExceptionControllerAdvisor.getUserValidity
48fc2bd0cb9a6bb9 48fc2bd0cb9a6bb9 [2022-02-24 11:11:09,013], 0:0:0:0:0:0:0:1, [http-nio-7072-exec-2], user-management-service, ERROR ExceptionControllerAdvisor getUserValidity | Exception occured : No record available for the Doctor ID - { %s }
48fc2bd0cb9a6bb9 48fc2bd0cb9a6bb9 [2022-02-24 11:11:09,014], 0:0:0:0:0:0:0:1, [http-nio-7072-exec-2], user-management-service, INFO  LoggingAspect profileAllMethods | END of ExceptionControllerAdvisor.getUserValidity
48fc2bd0cb9a6bb9 48fc2bd0cb9a6bb9 [2022-02-24 11:11:09,014], 0:0:0:0:0:0:0:1, [http-nio-7072-exec-2], user-management-service, INFO  LoggingAspect profileAllMethods | Execution time of ExceptionControllerAdvisor.getUserValidity :: 12 ms
48fc2bd0cb9a6bb9 48fc2bd0cb9a6bb9 [2022-02-24 11:11:09,025], 0:0:0:0:0:0:0:1, [http-nio-7072-exec-2], user-management-service, INFO  LoggingAspect profileAllMethods | Start of CustomResponseBodyAdvice.supports
48fc2bd0cb9a6bb9 48fc2bd0cb9a6bb9 [2022-02-24 11:11:09,034], 0:0:0:0:0:0:0:1, [http-nio-7072-exec-2], user-management-service, INFO  LoggingAspect profileAllMethods | END of CustomResponseBodyAdvice.supports
48fc2bd0cb9a6bb9 48fc2bd0cb9a6bb9 [2022-02-24 11:11:09,035], 0:0:0:0:0:0:0:1, [http-nio-7072-exec-2], user-management-service, INFO  LoggingAspect profileAllMethods | Execution time of CustomResponseBodyAdvice.supports :: 10 ms
48fc2bd0cb9a6bb9 48fc2bd0cb9a6bb9 [2022-02-24 11:11:09,051], 0:0:0:0:0:0:0:1, [http-nio-7072-exec-2], user-management-service, WARN  ExceptionHandlerExceptionResolver logException | Resolved [com.nsdl.auth.exception.DateParsingException]
48fc2bd0cb9a6bb9 48fc2bd0cb9a6bb9 [2022-02-24 11:11:09,054], 0:0:0:0:0:0:0:1, [http-nio-7072-exec-2], user-management-service, INFO  LoggingAspect profileAllMethods | Start of CustomInterceptor.afterCompletion
48fc2bd0cb9a6bb9 48fc2bd0cb9a6bb9 [2022-02-24 11:11:09,055], 0:0:0:0:0:0:0:1, [http-nio-7072-exec-2], user-management-service, INFO  LoggingAspect profileAllMethods | END of CustomInterceptor.afterCompletion
48fc2bd0cb9a6bb9 48fc2bd0cb9a6bb9 [2022-02-24 11:11:09,056], 0:0:0:0:0:0:0:1, [http-nio-7072-exec-2], user-management-service, INFO  LoggingAspect profileAllMethods | Execution time of CustomInterceptor.afterCompletion :: 3 ms
f185b80f45fd6421 f185b80f45fd6421 [2022-02-24 11:11:47,561], , [http-nio-7072-exec-4], user-management-service, INFO  LoggingAspect profileAllMethods | Start of CustomInterceptor.preHandle
f185b80f45fd6421 f185b80f45fd6421 [2022-02-24 11:11:47,565], , [http-nio-7072-exec-4], user-management-service, INFO  LoggingAspect profileAllMethods | END of CustomInterceptor.preHandle
f185b80f45fd6421 f185b80f45fd6421 [2022-02-24 11:11:47,566], , [http-nio-7072-exec-4], user-management-service, INFO  LoggingAspect profileAllMethods | Execution time of CustomInterceptor.preHandle :: 4 ms
f185b80f45fd6421 f185b80f45fd6421 [2022-02-24 11:11:47,573], 0:0:0:0:0:0:0:1, [http-nio-7072-exec-4], user-management-service, INFO  LoggingAspect profileAllMethods | Start of LoginController.userPasswordReset
f185b80f45fd6421 f185b80f45fd6421 [2022-02-24 11:11:53,269], 0:0:0:0:0:0:0:1, [http-nio-7072-exec-4], user-management-service, INFO  LoginController userPasswordReset | User Reset Password Request Received
f185b80f45fd6421 f185b80f45fd6421 [2022-02-24 11:11:53,271], 0:0:0:0:0:0:0:1, [http-nio-7072-exec-4], user-management-service, INFO  LoginController userPasswordReset | Reset password Request is : MainRequestDTO(id=user, version=1.0, requesttime=Thu Jan 02 15:31:21 IST 2020, method=null, request=ResetPasswordRequest(userId=9970952295, oldPwd=null, newPwd=Nsdl@123, confirmPwd=Nsdl@123, otp=123456))
f185b80f45fd6421 f185b80f45fd6421 [2022-02-24 11:11:53,272], 0:0:0:0:0:0:0:1, [http-nio-7072-exec-4], user-management-service, INFO  LoginController userPasswordReset | sessionId : i7lEkGrCRa
f185b80f45fd6421 f185b80f45fd6421 [2022-02-24 11:11:53,274], 0:0:0:0:0:0:0:1, [http-nio-7072-exec-4], user-management-service, INFO  LoginController userPasswordReset | captchaValue : ghjfhg
f185b80f45fd6421 f185b80f45fd6421 [2022-02-24 11:11:53,277], 0:0:0:0:0:0:0:1, [http-nio-7072-exec-4], user-management-service, INFO  LoggingAspect profileAllMethods | Start of LoginServiceImpl.verifyCaptcha
f185b80f45fd6421 f185b80f45fd6421 [2022-02-24 11:11:53,278], 0:0:0:0:0:0:0:1, [http-nio-7072-exec-4], user-management-service, INFO  LoginServiceImpl verifyCaptcha | Captcha Verification Api called
f185b80f45fd6421 f185b80f45fd6421 [2022-02-24 11:11:53,497], 0:0:0:0:0:0:0:1, [http-nio-7072-exec-4], user-management-service, INFO  LoginServiceImpl verifyCaptcha | captcha responsee received
f185b80f45fd6421 f185b80f45fd6421 [2022-02-24 11:11:53,498], 0:0:0:0:0:0:0:1, [http-nio-7072-exec-4], user-management-service, INFO  LoginServiceImpl verifyCaptcha | captcha verification : SUCCESS
f185b80f45fd6421 f185b80f45fd6421 [2022-02-24 11:11:53,499], 0:0:0:0:0:0:0:1, [http-nio-7072-exec-4], user-management-service, INFO  LoggingAspect profileAllMethods | END of LoginServiceImpl.verifyCaptcha
f185b80f45fd6421 f185b80f45fd6421 [2022-02-24 11:11:53,499], 0:0:0:0:0:0:0:1, [http-nio-7072-exec-4], user-management-service, INFO  LoggingAspect profileAllMethods | Execution time of LoginServiceImpl.verifyCaptcha :: 222 ms
f185b80f45fd6421 f185b80f45fd6421 [2022-02-24 11:11:55,521], 0:0:0:0:0:0:0:1, [http-nio-7072-exec-4], user-management-service, INFO  LoggingAspect profileAllMethods | Start of LoginServiceImpl.userPasswordResetService
f185b80f45fd6421 f185b80f45fd6421 [2022-02-24 11:12:01,821], 0:0:0:0:0:0:0:1, [http-nio-7072-exec-4], user-management-service, INFO  LoginServiceImpl userPasswordResetService | Getting user Data from database on the basis of userId
f185b80f45fd6421 f185b80f45fd6421 [2022-02-24 11:12:18,940], 0:0:0:0:0:0:0:1, [http-nio-7072-exec-4], user-management-service, INFO  LoggingAspect profileAllMethods | Start of LoginUserRepo.findByUserIdOrMobile
f185b80f45fd6421 f185b80f45fd6421 [2022-02-24 11:12:19,304], 0:0:0:0:0:0:0:1, [http-nio-7072-exec-4], user-management-service, INFO  LoggingAspect profileAllMethods | END of LoginUserRepo.findByUserIdOrMobile
f185b80f45fd6421 f185b80f45fd6421 [2022-02-24 11:12:19,324], 0:0:0:0:0:0:0:1, [http-nio-7072-exec-4], user-management-service, INFO  LoggingAspect profileAllMethods | Execution time of LoginUserRepo.findByUserIdOrMobile :: 385 ms
f185b80f45fd6421 f185b80f45fd6421 [2022-02-24 11:12:22,823], 0:0:0:0:0:0:0:1, [http-nio-7072-exec-4], user-management-service, INFO  LoginServiceImpl verifyOTP | Request received for verifying OTP
f185b80f45fd6421 f185b80f45fd6421 [2022-02-24 11:12:22,845], 0:0:0:0:0:0:0:1, [http-nio-7072-exec-4], user-management-service, INFO  LoginServiceImpl verifyOTP | prepare otpRequest to give REST-Call to OTP manager service to verify OTP
f185b80f45fd6421 f185b80f45fd6421 [2022-02-24 11:12:23,523], 0:0:0:0:0:0:0:1, [http-nio-7072-exec-4], user-management-service, INFO  LoginServiceImpl verifyOTP | Called verify OTP service: status is : true
f185b80f45fd6421 f185b80f45fd6421 [2022-02-24 11:12:36,361], 0:0:0:0:0:0:0:1, [http-nio-7072-exec-4], user-management-service, INFO  LoggingAspect profileAllMethods | Start of UserHistoryRepo.checkLastThreePassword
f185b80f45fd6421 f185b80f45fd6421 [2022-02-24 11:12:36,564], 0:0:0:0:0:0:0:1, [http-nio-7072-exec-4], user-management-service, INFO  LoggingAspect profileAllMethods | END of UserHistoryRepo.checkLastThreePassword
f185b80f45fd6421 f185b80f45fd6421 [2022-02-24 11:12:36,591], 0:0:0:0:0:0:0:1, [http-nio-7072-exec-4], user-management-service, INFO  LoggingAspect profileAllMethods | Execution time of UserHistoryRepo.checkLastThreePassword :: 230 ms
f185b80f45fd6421 f185b80f45fd6421 [2022-02-24 11:12:39,239], 0:0:0:0:0:0:0:1, [http-nio-7072-exec-4], user-management-service, INFO  LoggingAspect profileAllMethods | Start of AuditServiceImpl.auditloginService
f185b80f45fd6421 f185b80f45fd6421 [2022-02-24 11:12:39,284], 0:0:0:0:0:0:0:1, [http-nio-7072-exec-4], user-management-service, INFO  LoggingAspect profileAllMethods | Start of JpaRepository.saveAndFlush
f185b80f45fd6421 f185b80f45fd6421 [2022-02-24 11:12:39,593], 0:0:0:0:0:0:0:1, [http-nio-7072-exec-4], user-management-service, INFO  LoggingAspect profileAllMethods | END of JpaRepository.saveAndFlush
f185b80f45fd6421 f185b80f45fd6421 [2022-02-24 11:12:39,628], 0:0:0:0:0:0:0:1, [http-nio-7072-exec-4], user-management-service, INFO  LoggingAspect profileAllMethods | Execution time of JpaRepository.saveAndFlush :: 344 ms
f185b80f45fd6421 f185b80f45fd6421 [2022-02-24 11:12:39,737], 0:0:0:0:0:0:0:1, [http-nio-7072-exec-4], user-management-service, INFO  LoggingAspect profileAllMethods | END of AuditServiceImpl.auditloginService
f185b80f45fd6421 f185b80f45fd6421 [2022-02-24 11:12:39,775], 0:0:0:0:0:0:0:1, [http-nio-7072-exec-4], user-management-service, INFO  LoggingAspect profileAllMethods | Execution time of AuditServiceImpl.auditloginService :: 534 ms
f185b80f45fd6421 f185b80f45fd6421 [2022-02-24 11:12:41,809], 0:0:0:0:0:0:0:1, [http-nio-7072-exec-4], user-management-service, INFO  LoginServiceImpl userPasswordResetService | Reset the new password and logout the user
f185b80f45fd6421 f185b80f45fd6421 [2022-02-24 11:12:43,813], 0:0:0:0:0:0:0:1, [http-nio-7072-exec-4], user-management-service, INFO  LoggingAspect profileAllMethods | Start of LoginUserRepo.resetPassword
f185b80f45fd6421 f185b80f45fd6421 [2022-02-24 11:12:44,101], 0:0:0:0:0:0:0:1, [http-nio-7072-exec-4], user-management-service, INFO  LoggingAspect profileAllMethods | END of LoginUserRepo.resetPassword
f185b80f45fd6421 f185b80f45fd6421 [2022-02-24 11:12:44,120], 0:0:0:0:0:0:0:1, [http-nio-7072-exec-4], user-management-service, INFO  LoggingAspect profileAllMethods | Execution time of LoginUserRepo.resetPassword :: 308 ms
f185b80f45fd6421 f185b80f45fd6421 [2022-02-24 11:13:10,039], 0:0:0:0:0:0:0:1, [http-nio-7072-exec-4], user-management-service, INFO  LoggingAspect profileAllMethods | Start of RegistrationRepo.findDoctorDetailsByUserID
f185b80f45fd6421 f185b80f45fd6421 [2022-02-24 11:13:10,246], 0:0:0:0:0:0:0:1, [http-nio-7072-exec-4], user-management-service, INFO  LoggingAspect profileAllMethods | END of RegistrationRepo.findDoctorDetailsByUserID
f185b80f45fd6421 f185b80f45fd6421 [2022-02-24 11:13:10,273], 0:0:0:0:0:0:0:1, [http-nio-7072-exec-4], user-management-service, INFO  LoggingAspect profileAllMethods | Execution time of RegistrationRepo.findDoctorDetailsByUserID :: 235 ms
f185b80f45fd6421 f185b80f45fd6421 [2022-02-24 11:13:11,712], 0:0:0:0:0:0:0:1, [http-nio-7072-exec-4], user-management-service, ERROR LoginServiceImpl userPasswordResetService | user details not present
  [2022-02-24 13:18:15,527], , [restartedMain], user-management-service, INFO  DevToolsPropertyDefaultsPostProcessor logTo | Devtools property defaults active! Set 'spring.devtools.add-properties' to 'false' to disable
  [2022-02-24 13:18:25,950], , [restartedMain], user-management-service, INFO  PostProcessorRegistrationDelegate$BeanPostProcessorChecker postProcessAfterInitialization | Bean 'org.springframework.cloud.autoconfigure.ConfigurationPropertiesRebinderAutoConfiguration' of type [org.springframework.cloud.autoconfigure.ConfigurationPropertiesRebinderAutoConfiguration$$EnhancerBySpringCGLIB$$cfb211ff] is not eligible for getting processed by all BeanPostProcessors (for example: not eligible for auto-proxying)
  [2022-02-24 13:18:26,318], , [restartedMain], user-management-service, INFO  ConfigServicePropertySourceLocator getRemoteEnvironment | Fetching config from server at : http://localhost:8888/config
  [2022-02-24 13:18:28,143], , [restartedMain], user-management-service, INFO  ConfigServicePropertySourceLocator log | Located environment: name=user-management-service, profiles=[dev], label=1.0.1, version=null, state=null
  [2022-02-24 13:18:28,204], , [restartedMain], user-management-service, INFO  PropertySourceBootstrapConfiguration initialize | Located property source: CompositePropertySource {name='configService', propertySources=[MapPropertySource {name='file:///D:/git-localconfig-repo/application-dev.properties'}]}
  [2022-02-24 13:18:28,388], , [restartedMain], user-management-service, INFO  UserManagementServiceApplication logStartupProfileInfo | The following profiles are active: dev
  [2022-02-24 13:18:36,287], , [restartedMain], user-management-service, INFO  RepositoryConfigurationDelegate registerRepositoriesIn | Bootstrapping Spring Data repositories in DEFAULT mode.
  [2022-02-24 13:18:36,497], , [restartedMain], user-management-service, INFO  RepositoryConfigurationDelegate registerRepositoriesIn | Finished Spring Data repository scanning in 198ms. Found 20 repository interfaces.
  [2022-02-24 13:18:37,098], , [restartedMain], user-management-service, INFO  GenericScope setSerializationId | BeanFactory id=9eb1641f-158c-3c39-ae91-f40c5f1b3729
  [2022-02-24 13:18:37,615], , [restartedMain], user-management-service, INFO  PostProcessorRegistrationDelegate$BeanPostProcessorChecker postProcessAfterInitialization | Bean 'org.springframework.transaction.annotation.ProxyTransactionManagementConfiguration' of type [org.springframework.transaction.annotation.ProxyTransactionManagementConfiguration$$EnhancerBySpringCGLIB$$b3980f02] is not eligible for getting processed by all BeanPostProcessors (for example: not eligible for auto-proxying)
  [2022-02-24 13:18:37,748], , [restartedMain], user-management-service, INFO  PostProcessorRegistrationDelegate$BeanPostProcessorChecker postProcessAfterInitialization | Bean 'org.springframework.cloud.autoconfigure.ConfigurationPropertiesRebinderAutoConfiguration' of type [org.springframework.cloud.autoconfigure.ConfigurationPropertiesRebinderAutoConfiguration$$EnhancerBySpringCGLIB$$cfb211ff] is not eligible for getting processed by all BeanPostProcessors (for example: not eligible for auto-proxying)
  [2022-02-24 13:18:41,120], , [restartedMain], user-management-service, INFO  TomcatWebServer initialize | Tomcat initialized with port(s): 7072 (http)
  [2022-02-24 13:18:41,146], , [restartedMain], user-management-service, INFO  Http11NioProtocol log | Initializing ProtocolHandler ["http-nio-7072"]
  [2022-02-24 13:18:41,159], , [restartedMain], user-management-service, INFO  StandardService log | Starting service [Tomcat]
  [2022-02-24 13:18:41,160], , [restartedMain], user-management-service, INFO  StandardEngine log | Starting Servlet engine: [Apache Tomcat/9.0.16]
  [2022-02-24 13:18:41,175], , [restartedMain], user-management-service, INFO  AprLifecycleListener log | The APR based Apache Tomcat Native library which allows optimal performance in production environments was not found on the java.library.path: [D:\Softwares\eclipse-jee-2020-12-R-win32-x86_64\eclipse\plugins\org.eclipse.justj.openjdk.hotspot.jre.full.win32.x86_64_15.0.1.v20201027-0507\jre\bin;C:\Windows\Sun\Java\bin;C:\Windows\system32;C:\Windows;D:\Softwares\eclipse-jee-2020-12-R-win32-x86_64\eclipse\plugins\org.eclipse.justj.openjdk.hotspot.jre.full.win32.x86_64_15.0.1.v20201027-0507\jre\bin;D:/Softwares/eclipse-jee-2020-12-R-win32-x86_64/eclipse//plugins/org.eclipse.justj.openjdk.hotspot.jre.full.win32.x86_64_15.0.1.v20201027-0507/jre/bin/server;D:/Softwares/eclipse-jee-2020-12-R-win32-x86_64/eclipse//plugins/org.eclipse.justj.openjdk.hotspot.jre.full.win32.x86_64_15.0.1.v20201027-0507/jre/bin;C:\Program Files (x86)\Common Files\Oracle\Java\javapath;C:\Windows\system32;C:\Windows;C:\Windows\System32\Wbem;C:\Windows\System32\WindowsPowerShell\v1.0\;C:\Windows\System32\OpenSSH\;C:\Program Files (x86)\CrSSL\bin;C:\Program Files\TortoiseSVN\bin;D:\Softwares\apache-maven-3.6.1\bin;C:\Program Files\TortoiseGit\bin;C:\Program Files\Git\cmd;C:\Users\DELL\AppData\Local\Microsoft\WindowsApps;;D:\Softwares\eclipse-jee-2020-12-R-win32-x86_64\eclipse;;.]
  [2022-02-24 13:18:41,424], , [restartedMain], user-management-service, INFO  [/usermanagement/v1/user] log | Initializing Spring embedded WebApplicationContext
  [2022-02-24 13:18:41,425], , [restartedMain], user-management-service, INFO  ContextLoader prepareWebApplicationContext | Root WebApplicationContext: initialization completed in 12952 ms
  [2022-02-24 13:18:44,165], , [restartedMain], user-management-service, INFO  HikariDataSource getConnection | HikariPool-1 - Starting...
  [2022-02-24 13:18:45,350], , [restartedMain], user-management-service, INFO  HikariDataSource getConnection | HikariPool-1 - Start completed.
  [2022-02-24 13:18:45,498], , [restartedMain], user-management-service, INFO  LogHelper logPersistenceUnitInformation | HHH000204: Processing PersistenceUnitInfo [
	name: default
	...]
  [2022-02-24 13:18:45,678], , [restartedMain], user-management-service, INFO  Version logVersion | HHH000412: Hibernate Core {5.3.7.Final}
  [2022-02-24 13:18:45,693], , [restartedMain], user-management-service, INFO  Environment <clinit> | HHH000206: hibernate.properties not found
  [2022-02-24 13:18:46,524], , [restartedMain], user-management-service, INFO  Version <clinit> | HCANN000001: Hibernate Commons Annotations {5.0.4.Final}
  [2022-02-24 13:18:46,862], , [restartedMain], user-management-service, INFO  Dialect <init> | HHH000400: Using dialect: org.hibernate.dialect.PostgreSQLDialect
  [2022-02-24 13:18:46,887], , [restartedMain], user-management-service, INFO  LobCreatorBuilderImpl makeLobCreatorBuilder | HHH000422: Disabling contextual LOB creation as connection was null
  [2022-02-24 13:18:46,896], , [restartedMain], user-management-service, INFO  BasicTypeRegistry register | HHH000270: Type registration [java.util.UUID] overrides previous : org.hibernate.type.UUIDBinaryType@60905845
  [2022-02-24 13:18:58,717], , [restartedMain], user-management-service, INFO  QueryTranslatorFactoryInitiator initiateService | HHH000397: Using ASTQueryTranslatorFactory
  [2022-02-24 13:18:59,419], , [restartedMain], user-management-service, INFO  LocalContainerEntityManagerFactoryBean buildNativeEntityManagerFactory | Initialized JPA EntityManagerFactory for persistence unit 'default'
  [2022-02-24 13:18:59,865], , [restartedMain], user-management-service, INFO  OptionalLiveReloadServer startServer | LiveReload server is running on port 35729
  [2022-02-24 13:19:10,558], , [restartedMain], user-management-service, INFO  LoggingAspect profileAllMethods | Start of CustomInterceptorAppConfig.corsConfigurationSource
  [2022-02-24 13:19:10,571], , [restartedMain], user-management-service, INFO  LoggingAspect profileAllMethods | END of CustomInterceptorAppConfig.corsConfigurationSource
  [2022-02-24 13:19:10,571], , [restartedMain], user-management-service, INFO  LoggingAspect profileAllMethods | Execution time of CustomInterceptorAppConfig.corsConfigurationSource :: 14 ms
  [2022-02-24 13:19:11,289], , [restartedMain], user-management-service, INFO  ThreadPoolTaskExecutor initialize | Initializing ExecutorService 'applicationTaskExecutor'
  [2022-02-24 13:19:11,456], , [restartedMain], user-management-service, INFO  LoggingAspect profileAllMethods | Start of CustomInterceptorAppConfig.addInterceptors
  [2022-02-24 13:19:11,457], , [restartedMain], user-management-service, INFO  LoggingAspect profileAllMethods | END of CustomInterceptorAppConfig.addInterceptors
  [2022-02-24 13:19:11,458], , [restartedMain], user-management-service, INFO  LoggingAspect profileAllMethods | Execution time of CustomInterceptorAppConfig.addInterceptors :: 2 ms
  [2022-02-24 13:19:11,463], , [restartedMain], user-management-service, WARN  JpaBaseConfiguration$JpaWebConfiguration$JpaWebMvcConfiguration openEntityManagerInViewInterceptor | spring.jpa.open-in-view is enabled by default. Therefore, database queries may be performed during view rendering. Explicitly configure spring.jpa.open-in-view to disable this warning
  [2022-02-24 13:19:13,476], , [restartedMain], user-management-service, INFO  EndpointLinksResolver <init> | Exposing 2 endpoint(s) beneath base path '/actuator'
  [2022-02-24 13:19:13,889], , [restartedMain], user-management-service, INFO  Http11NioProtocol log | Starting ProtocolHandler ["http-nio-7072"]
  [2022-02-24 13:19:13,952], , [restartedMain], user-management-service, INFO  TomcatWebServer start | Tomcat started on port(s): 7072 (http) with context path '/usermanagement/v1/user'
  [2022-02-24 13:19:13,962], , [restartedMain], user-management-service, INFO  UserManagementServiceApplication logStarted | Started UserManagementServiceApplication in 64.409 seconds (JVM running for 69.848)
  [2022-02-24 13:37:52,904], , [http-nio-7072-exec-1], user-management-service, INFO  [/usermanagement/v1/user] log | Initializing Spring DispatcherServlet 'dispatcherServlet'
  [2022-02-24 13:37:52,930], , [http-nio-7072-exec-1], user-management-service, INFO  DispatcherServlet initServletBean | Initializing Servlet 'dispatcherServlet'
  [2022-02-24 13:37:53,292], , [http-nio-7072-exec-1], user-management-service, INFO  DispatcherServlet initServletBean | Completed initialization in 361 ms
39f1a01b1478a3c8 39f1a01b1478a3c8 [2022-02-24 13:37:53,504], , [http-nio-7072-exec-1], user-management-service, INFO  LoggingAspect profileAllMethods | Start of CustomInterceptor.preHandle
39f1a01b1478a3c8 39f1a01b1478a3c8 [2022-02-24 13:37:53,535], , [http-nio-7072-exec-1], user-management-service, INFO  LoggingAspect profileAllMethods | END of CustomInterceptor.preHandle
39f1a01b1478a3c8 39f1a01b1478a3c8 [2022-02-24 13:37:53,535], , [http-nio-7072-exec-1], user-management-service, INFO  LoggingAspect profileAllMethods | Execution time of CustomInterceptor.preHandle :: 35 ms
39f1a01b1478a3c8 39f1a01b1478a3c8 [2022-02-24 13:37:53,985], 0:0:0:0:0:0:0:1, [http-nio-7072-exec-1], user-management-service, INFO  LoggingAspect profileAllMethods | Start of LoginController.userPasswordReset
39f1a01b1478a3c8 39f1a01b1478a3c8 [2022-02-24 13:37:58,027], 0:0:0:0:0:0:0:1, [http-nio-7072-exec-1], user-management-service, INFO  LoginController userPasswordReset | User Reset Password Request Received
39f1a01b1478a3c8 39f1a01b1478a3c8 [2022-02-24 13:37:58,033], 0:0:0:0:0:0:0:1, [http-nio-7072-exec-1], user-management-service, INFO  LoginController userPasswordReset | Reset password Request is : MainRequestDTO(id=user, version=1.0, requesttime=Thu Jan 02 15:31:21 IST 2020, method=null, request=ResetPasswordRequest(userId=9970952295, oldPwd=null, newPwd=Nsdl@123, confirmPwd=Nsdl@123, otp=123456))
39f1a01b1478a3c8 39f1a01b1478a3c8 [2022-02-24 13:37:58,034], 0:0:0:0:0:0:0:1, [http-nio-7072-exec-1], user-management-service, INFO  LoginController userPasswordReset | sessionId : i7lEkGrCRa
39f1a01b1478a3c8 39f1a01b1478a3c8 [2022-02-24 13:37:58,035], 0:0:0:0:0:0:0:1, [http-nio-7072-exec-1], user-management-service, INFO  LoginController userPasswordReset | captchaValue : ghjfhg
39f1a01b1478a3c8 39f1a01b1478a3c8 [2022-02-24 13:37:58,037], 0:0:0:0:0:0:0:1, [http-nio-7072-exec-1], user-management-service, INFO  LoggingAspect profileAllMethods | Start of LoginServiceImpl.verifyCaptcha
39f1a01b1478a3c8 39f1a01b1478a3c8 [2022-02-24 13:37:58,071], 0:0:0:0:0:0:0:1, [http-nio-7072-exec-1], user-management-service, INFO  LoginServiceImpl verifyCaptcha | Captcha Verification Api called
39f1a01b1478a3c8 39f1a01b1478a3c8 [2022-02-24 13:37:58,404], 0:0:0:0:0:0:0:1, [http-nio-7072-exec-1], user-management-service, INFO  LoginServiceImpl verifyCaptcha | captcha responsee received
39f1a01b1478a3c8 39f1a01b1478a3c8 [2022-02-24 13:37:58,407], 0:0:0:0:0:0:0:1, [http-nio-7072-exec-1], user-management-service, INFO  LoginServiceImpl verifyCaptcha | captcha verification : SUCCESS
39f1a01b1478a3c8 39f1a01b1478a3c8 [2022-02-24 13:37:58,407], 0:0:0:0:0:0:0:1, [http-nio-7072-exec-1], user-management-service, INFO  LoggingAspect profileAllMethods | END of LoginServiceImpl.verifyCaptcha
39f1a01b1478a3c8 39f1a01b1478a3c8 [2022-02-24 13:37:58,408], 0:0:0:0:0:0:0:1, [http-nio-7072-exec-1], user-management-service, INFO  LoggingAspect profileAllMethods | Execution time of LoginServiceImpl.verifyCaptcha :: 371 ms
39f1a01b1478a3c8 39f1a01b1478a3c8 [2022-02-24 13:38:00,174], 0:0:0:0:0:0:0:1, [http-nio-7072-exec-1], user-management-service, INFO  LoggingAspect profileAllMethods | Start of LoginServiceImpl.userPasswordResetService
39f1a01b1478a3c8 39f1a01b1478a3c8 [2022-02-24 13:38:11,767], 0:0:0:0:0:0:0:1, [http-nio-7072-exec-1], user-management-service, INFO  LoginServiceImpl userPasswordResetService | Getting user Data from database on the basis of userId
39f1a01b1478a3c8 39f1a01b1478a3c8 [2022-02-24 13:38:23,307], 0:0:0:0:0:0:0:1, [http-nio-7072-exec-1], user-management-service, INFO  LoggingAspect profileAllMethods | Start of LoginUserRepo.findByUserIdOrMobile
39f1a01b1478a3c8 39f1a01b1478a3c8 [2022-02-24 13:38:27,781], 0:0:0:0:0:0:0:1, [http-nio-7072-exec-1], user-management-service, INFO  LoggingAspect profileAllMethods | END of LoginUserRepo.findByUserIdOrMobile
39f1a01b1478a3c8 39f1a01b1478a3c8 [2022-02-24 13:38:27,801], 0:0:0:0:0:0:0:1, [http-nio-7072-exec-1], user-management-service, INFO  LoggingAspect profileAllMethods | Execution time of LoginUserRepo.findByUserIdOrMobile :: 4498 ms
39f1a01b1478a3c8 39f1a01b1478a3c8 [2022-02-24 13:38:48,010], 0:0:0:0:0:0:0:1, [http-nio-7072-exec-1], user-management-service, INFO  LoginServiceImpl verifyOTP | Request received for verifying OTP
39f1a01b1478a3c8 39f1a01b1478a3c8 [2022-02-24 13:38:48,051], 0:0:0:0:0:0:0:1, [http-nio-7072-exec-1], user-management-service, INFO  LoginServiceImpl verifyOTP | prepare otpRequest to give REST-Call to OTP manager service to verify OTP
39f1a01b1478a3c8 39f1a01b1478a3c8 [2022-02-24 13:38:49,678], 0:0:0:0:0:0:0:1, [http-nio-7072-exec-1], user-management-service, INFO  LoginServiceImpl verifyOTP | Called verify OTP service: status is : true
39f1a01b1478a3c8 39f1a01b1478a3c8 [2022-02-24 13:39:16,211], 0:0:0:0:0:0:0:1, [http-nio-7072-exec-1], user-management-service, INFO  LoginServiceImpl userPasswordResetService | Getting user Data from database on the basis of userId
39f1a01b1478a3c8 39f1a01b1478a3c8 [2022-02-24 13:39:17,470], 0:0:0:0:0:0:0:1, [http-nio-7072-exec-1], user-management-service, INFO  LoggingAspect profileAllMethods | Start of LoginUserRepo.findByUserIdOrMobile
39f1a01b1478a3c8 39f1a01b1478a3c8 [2022-02-24 13:39:18,086], 0:0:0:0:0:0:0:1, [http-nio-7072-exec-1], user-management-service, INFO  LoggingAspect profileAllMethods | END of LoginUserRepo.findByUserIdOrMobile
39f1a01b1478a3c8 39f1a01b1478a3c8 [2022-02-24 13:39:18,109], 0:0:0:0:0:0:0:1, [http-nio-7072-exec-1], user-management-service, INFO  LoggingAspect profileAllMethods | Execution time of LoginUserRepo.findByUserIdOrMobile :: 640 ms
39f1a01b1478a3c8 39f1a01b1478a3c8 [2022-02-24 13:39:20,435], 0:0:0:0:0:0:0:1, [http-nio-7072-exec-1], user-management-service, INFO  LoginServiceImpl verifyOTP | Request received for verifying OTP
39f1a01b1478a3c8 39f1a01b1478a3c8 [2022-02-24 13:39:20,484], 0:0:0:0:0:0:0:1, [http-nio-7072-exec-1], user-management-service, INFO  LoginServiceImpl verifyOTP | prepare otpRequest to give REST-Call to OTP manager service to verify OTP
39f1a01b1478a3c8 39f1a01b1478a3c8 [2022-02-24 13:39:21,740], 0:0:0:0:0:0:0:1, [http-nio-7072-exec-1], user-management-service, INFO  LoginServiceImpl verifyOTP | Called verify OTP service: status is : true
39f1a01b1478a3c8 39f1a01b1478a3c8 [2022-02-24 13:40:06,034], 0:0:0:0:0:0:0:1, [http-nio-7072-exec-1], user-management-service, INFO  LoggingAspect profileAllMethods | Start of UserHistoryRepo.checkLastThreePassword
39f1a01b1478a3c8 39f1a01b1478a3c8 [2022-02-24 13:40:07,854], 0:0:0:0:0:0:0:1, [http-nio-7072-exec-1], user-management-service, INFO  LoggingAspect profileAllMethods | END of UserHistoryRepo.checkLastThreePassword
39f1a01b1478a3c8 39f1a01b1478a3c8 [2022-02-24 13:40:07,881], 0:0:0:0:0:0:0:1, [http-nio-7072-exec-1], user-management-service, INFO  LoggingAspect profileAllMethods | Execution time of UserHistoryRepo.checkLastThreePassword :: 1847 ms
39f1a01b1478a3c8 39f1a01b1478a3c8 [2022-02-24 13:41:11,367], 0:0:0:0:0:0:0:1, [http-nio-7072-exec-1], user-management-service, INFO  LoggingAspect profileAllMethods | Start of AuditServiceImpl.auditloginService
39f1a01b1478a3c8 39f1a01b1478a3c8 [2022-02-24 13:41:13,498], 0:0:0:0:0:0:0:1, [http-nio-7072-exec-1], user-management-service, INFO  LoggingAspect profileAllMethods | Start of JpaRepository.saveAndFlush
39f1a01b1478a3c8 39f1a01b1478a3c8 [2022-02-24 13:41:15,310], 0:0:0:0:0:0:0:1, [http-nio-7072-exec-1], user-management-service, INFO  LoggingAspect profileAllMethods | END of JpaRepository.saveAndFlush
39f1a01b1478a3c8 39f1a01b1478a3c8 [2022-02-24 13:41:15,337], 0:0:0:0:0:0:0:1, [http-nio-7072-exec-1], user-management-service, INFO  LoggingAspect profileAllMethods | Execution time of JpaRepository.saveAndFlush :: 1839 ms
39f1a01b1478a3c8 39f1a01b1478a3c8 [2022-02-24 13:41:15,369], 0:0:0:0:0:0:0:1, [http-nio-7072-exec-1], user-management-service, INFO  LoggingAspect profileAllMethods | END of AuditServiceImpl.auditloginService
39f1a01b1478a3c8 39f1a01b1478a3c8 [2022-02-24 13:41:15,396], 0:0:0:0:0:0:0:1, [http-nio-7072-exec-1], user-management-service, INFO  LoggingAspect profileAllMethods | Execution time of AuditServiceImpl.auditloginService :: 4030 ms
39f1a01b1478a3c8 39f1a01b1478a3c8 [2022-02-24 13:41:21,512], 0:0:0:0:0:0:0:1, [http-nio-7072-exec-1], user-management-service, INFO  LoginServiceImpl userPasswordResetService | Reset the new password and logout the user
39f1a01b1478a3c8 39f1a01b1478a3c8 [2022-02-24 13:41:31,320], 0:0:0:0:0:0:0:1, [http-nio-7072-exec-1], user-management-service, INFO  LoggingAspect profileAllMethods | Start of LoginUserRepo.resetPassword
39f1a01b1478a3c8 39f1a01b1478a3c8 [2022-02-24 13:41:32,180], 0:0:0:0:0:0:0:1, [http-nio-7072-exec-1], user-management-service, INFO  LoggingAspect profileAllMethods | END of LoginUserRepo.resetPassword
39f1a01b1478a3c8 39f1a01b1478a3c8 [2022-02-24 13:41:32,205], 0:0:0:0:0:0:0:1, [http-nio-7072-exec-1], user-management-service, INFO  LoggingAspect profileAllMethods | Execution time of LoginUserRepo.resetPassword :: 885 ms
39f1a01b1478a3c8 39f1a01b1478a3c8 [2022-02-24 13:43:21,654], 0:0:0:0:0:0:0:1, [http-nio-7072-exec-1], user-management-service, INFO  LoggingAspect profileAllMethods | Start of RegistrationRepo.findDoctorDetailsByUserID
39f1a01b1478a3c8 39f1a01b1478a3c8 [2022-02-24 13:43:21,927], 0:0:0:0:0:0:0:1, [http-nio-7072-exec-1], user-management-service, INFO  LoggingAspect profileAllMethods | END of RegistrationRepo.findDoctorDetailsByUserID
39f1a01b1478a3c8 39f1a01b1478a3c8 [2022-02-24 13:43:21,950], 0:0:0:0:0:0:0:1, [http-nio-7072-exec-1], user-management-service, INFO  LoggingAspect profileAllMethods | Execution time of RegistrationRepo.findDoctorDetailsByUserID :: 296 ms
  [2022-02-24 14:44:44,804], , [RMI TCP Connection(48)-127.0.0.1], user-management-service, WARN  misc log | The server has decided to close this client connection.
  [2022-02-24 14:44:53,204], , [HikariPool-1 housekeeper], user-management-service, WARN  HikariPool run | HikariPool-1 - Thread starvation or clock leap detected (housekeeper delta=42m7s31ms214s600ns).
