  [2021-12-10 15:16:25,281], , [restartedMain], user-management-service, INFO  DevToolsPropertyDefaultsPostProcessor logTo | Devtools property defaults active! Set 'spring.devtools.add-properties' to 'false' to disable
  [2021-12-10 15:16:25,632], , [restartedMain], user-management-service, INFO  PostProcessorRegistrationDelegate$BeanPostProcessorChecker postProcessAfterInitialization | Bean 'org.springframework.cloud.autoconfigure.ConfigurationPropertiesRebinderAutoConfiguration' of type [org.springframework.cloud.autoconfigure.ConfigurationPropertiesRebinderAutoConfiguration$$EnhancerBySpringCGLIB$$26ca0055] is not eligible for getting processed by all BeanPostProcessors (for example: not eligible for auto-proxying)
  [2021-12-10 15:16:25,937], , [restartedMain], user-management-service, INFO  ConfigServicePropertySourceLocator getRemoteEnvironment | Fetching config from server at : http://localhost:8888/config
  [2021-12-10 15:16:27,785], , [restartedMain], user-management-service, INFO  ConfigServicePropertySourceLocator log | Located environment: name=user-management-service, profiles=[dev], label=1.0.1, version=null, state=null
  [2021-12-10 15:16:27,786], , [restartedMain], user-management-service, INFO  PropertySourceBootstrapConfiguration initialize | Located property source: CompositePropertySource {name='configService', propertySources=[MapPropertySource {name='file:///D:/git-localconfig-repo/application-dev.properties'}]}
  [2021-12-10 15:16:27,904], , [restartedMain], user-management-service, INFO  UserManagementServiceApplication logStartupProfileInfo | The following profiles are active: dev
  [2021-12-10 15:16:31,603], , [restartedMain], user-management-service, INFO  RepositoryConfigurationDelegate registerRepositoriesIn | Bootstrapping Spring Data repositories in DEFAULT mode.
  [2021-12-10 15:16:31,815], , [restartedMain], user-management-service, INFO  RepositoryConfigurationDelegate registerRepositoriesIn | Finished Spring Data repository scanning in 192ms. Found 18 repository interfaces.
  [2021-12-10 15:16:32,870], , [restartedMain], user-management-service, INFO  GenericScope setSerializationId | BeanFactory id=69b22df4-ee8b-39fc-bfe9-1d6479b9d443
  [2021-12-10 15:16:33,230], , [restartedMain], user-management-service, INFO  PostProcessorRegistrationDelegate$BeanPostProcessorChecker postProcessAfterInitialization | Bean 'org.springframework.transaction.annotation.ProxyTransactionManagementConfiguration' of type [org.springframework.transaction.annotation.ProxyTransactionManagementConfiguration$$EnhancerBySpringCGLIB$$aaffd58] is not eligible for getting processed by all BeanPostProcessors (for example: not eligible for auto-proxying)
  [2021-12-10 15:16:33,297], , [restartedMain], user-management-service, INFO  PostProcessorRegistrationDelegate$BeanPostProcessorChecker postProcessAfterInitialization | Bean 'org.springframework.cloud.autoconfigure.ConfigurationPropertiesRebinderAutoConfiguration' of type [org.springframework.cloud.autoconfigure.ConfigurationPropertiesRebinderAutoConfiguration$$EnhancerBySpringCGLIB$$26ca0055] is not eligible for getting processed by all BeanPostProcessors (for example: not eligible for auto-proxying)
  [2021-12-10 15:16:34,370], , [restartedMain], user-management-service, INFO  TomcatWebServer initialize | Tomcat initialized with port(s): 7072 (http)
  [2021-12-10 15:16:34,394], , [restartedMain], user-management-service, INFO  Http11NioProtocol log | Initializing ProtocolHandler ["http-nio-7072"]
  [2021-12-10 15:16:34,406], , [restartedMain], user-management-service, INFO  StandardService log | Starting service [Tomcat]
  [2021-12-10 15:16:34,406], , [restartedMain], user-management-service, INFO  StandardEngine log | Starting Servlet engine: [Apache Tomcat/9.0.16]
  [2021-12-10 15:16:34,420], , [restartedMain], user-management-service, INFO  AprLifecycleListener log | The APR based Apache Tomcat Native library which allows optimal performance in production environments was not found on the java.library.path: [D:\Softwares\eclipse-jee-2020-12-R-win32-x86_64\eclipse\plugins\org.eclipse.justj.openjdk.hotspot.jre.full.win32.x86_64_15.0.1.v20201027-0507\jre\bin;C:\Windows\Sun\Java\bin;C:\Windows\system32;C:\Windows;D:/Softwares/eclipse-jee-2020-12-R-win32-x86_64/eclipse//plugins/org.eclipse.justj.openjdk.hotspot.jre.full.win32.x86_64_15.0.1.v20201027-0507/jre/bin/server;D:/Softwares/eclipse-jee-2020-12-R-win32-x86_64/eclipse//plugins/org.eclipse.justj.openjdk.hotspot.jre.full.win32.x86_64_15.0.1.v20201027-0507/jre/bin;C:\Program Files (x86)\Common Files\Oracle\Java\javapath;C:\Windows\system32;C:\Windows;C:\Windows\System32\Wbem;C:\Windows\System32\WindowsPowerShell\v1.0\;C:\Windows\System32\OpenSSH\;C:\Program Files (x86)\CrSSL\bin;C:\Program Files\TortoiseSVN\bin;C:\Users\DELL\AppData\Local\Microsoft\WindowsApps;;D:\Softwares\eclipse-jee-2020-12-R-win32-x86_64\eclipse;;.]
  [2021-12-10 15:16:34,666], , [restartedMain], user-management-service, INFO  [/usermanagement/v1/user] log | Initializing Spring embedded WebApplicationContext
  [2021-12-10 15:16:34,667], , [restartedMain], user-management-service, INFO  ContextLoader prepareWebApplicationContext | Root WebApplicationContext: initialization completed in 6734 ms
  [2021-12-10 15:16:36,445], , [restartedMain], user-management-service, INFO  HikariDataSource getConnection | HikariPool-1 - Starting...
  [2021-12-10 15:16:37,571], , [restartedMain], user-management-service, INFO  HikariDataSource getConnection | HikariPool-1 - Start completed.
  [2021-12-10 15:16:37,715], , [restartedMain], user-management-service, INFO  LogHelper logPersistenceUnitInformation | HHH000204: Processing PersistenceUnitInfo [
	name: default
	...]
  [2021-12-10 15:16:37,863], , [restartedMain], user-management-service, INFO  Version logVersion | HHH000412: Hibernate Core {5.3.7.Final}
  [2021-12-10 15:16:37,866], , [restartedMain], user-management-service, INFO  Environment <clinit> | HHH000206: hibernate.properties not found
  [2021-12-10 15:16:38,097], , [restartedMain], user-management-service, INFO  Version <clinit> | HCANN000001: Hibernate Commons Annotations {5.0.4.Final}
  [2021-12-10 15:16:38,430], , [restartedMain], user-management-service, INFO  Dialect <init> | HHH000400: Using dialect: org.hibernate.dialect.PostgreSQLDialect
  [2021-12-10 15:16:38,454], , [restartedMain], user-management-service, INFO  LobCreatorBuilderImpl makeLobCreatorBuilder | HHH000422: Disabling contextual LOB creation as connection was null
  [2021-12-10 15:16:38,463], , [restartedMain], user-management-service, INFO  BasicTypeRegistry register | HHH000270: Type registration [java.util.UUID] overrides previous : org.hibernate.type.UUIDBinaryType@332c0d11
  [2021-12-10 15:16:47,527], , [restartedMain], user-management-service, INFO  QueryTranslatorFactoryInitiator initiateService | HHH000397: Using ASTQueryTranslatorFactory
  [2021-12-10 15:16:47,819], , [restartedMain], user-management-service, INFO  LocalContainerEntityManagerFactoryBean buildNativeEntityManagerFactory | Initialized JPA EntityManagerFactory for persistence unit 'default'
  [2021-12-10 15:16:48,212], , [restartedMain], user-management-service, INFO  OptionalLiveReloadServer startServer | LiveReload server is running on port 35729
  [2021-12-10 15:16:50,998], , [restartedMain], user-management-service, INFO  LoggingAspect profileAllMethods | Start of CustomInterceptorAppConfig.corsConfigurationSource
  [2021-12-10 15:16:51,007], , [restartedMain], user-management-service, INFO  LoggingAspect profileAllMethods | END of CustomInterceptorAppConfig.corsConfigurationSource
  [2021-12-10 15:16:51,008], , [restartedMain], user-management-service, INFO  LoggingAspect profileAllMethods | Execution time of CustomInterceptorAppConfig.corsConfigurationSource :: 11 ms
  [2021-12-10 15:16:51,470], , [restartedMain], user-management-service, INFO  ThreadPoolTaskExecutor initialize | Initializing ExecutorService 'applicationTaskExecutor'
  [2021-12-10 15:16:51,674], , [restartedMain], user-management-service, INFO  LoggingAspect profileAllMethods | Start of CustomInterceptorAppConfig.addInterceptors
  [2021-12-10 15:16:51,676], , [restartedMain], user-management-service, INFO  LoggingAspect profileAllMethods | END of CustomInterceptorAppConfig.addInterceptors
  [2021-12-10 15:16:51,677], , [restartedMain], user-management-service, INFO  LoggingAspect profileAllMethods | Execution time of CustomInterceptorAppConfig.addInterceptors :: 2 ms
  [2021-12-10 15:16:51,680], , [restartedMain], user-management-service, WARN  JpaBaseConfiguration$JpaWebConfiguration$JpaWebMvcConfiguration openEntityManagerInViewInterceptor | spring.jpa.open-in-view is enabled by default. Therefore, database queries may be performed during view rendering. Explicitly configure spring.jpa.open-in-view to disable this warning
  [2021-12-10 15:16:53,122], , [restartedMain], user-management-service, INFO  EndpointLinksResolver <init> | Exposing 2 endpoint(s) beneath base path '/actuator'
  [2021-12-10 15:16:53,254], , [restartedMain], user-management-service, INFO  Http11NioProtocol log | Starting ProtocolHandler ["http-nio-7072"]
  [2021-12-10 15:16:53,290], , [restartedMain], user-management-service, INFO  TomcatWebServer start | Tomcat started on port(s): 7072 (http) with context path '/usermanagement/v1/user'
  [2021-12-10 15:16:53,294], , [restartedMain], user-management-service, INFO  UserManagementServiceApplication logStarted | Started UserManagementServiceApplication in 28.692 seconds (JVM running for 30.721)
  [2021-12-10 15:17:07,083], , [http-nio-7072-exec-1], user-management-service, INFO  [/usermanagement/v1/user] log | Initializing Spring DispatcherServlet 'dispatcherServlet'
  [2021-12-10 15:17:07,084], , [http-nio-7072-exec-1], user-management-service, INFO  DispatcherServlet initServletBean | Initializing Servlet 'dispatcherServlet'
  [2021-12-10 15:17:07,125], , [http-nio-7072-exec-1], user-management-service, INFO  DispatcherServlet initServletBean | Completed initialization in 40 ms
33fcd4f69214de4a 33fcd4f69214de4a [2021-12-10 15:17:07,160], , [http-nio-7072-exec-1], user-management-service, INFO  LoggingAspect profileAllMethods | Start of CustomInterceptor.preHandle
33fcd4f69214de4a 33fcd4f69214de4a [2021-12-10 15:17:07,168], , [http-nio-7072-exec-1], user-management-service, INFO  LoggingAspect profileAllMethods | END of CustomInterceptor.preHandle
33fcd4f69214de4a 33fcd4f69214de4a [2021-12-10 15:17:07,169], , [http-nio-7072-exec-1], user-management-service, INFO  LoggingAspect profileAllMethods | Execution time of CustomInterceptor.preHandle :: 9 ms
33fcd4f69214de4a 33fcd4f69214de4a [2021-12-10 15:17:07,319], , [http-nio-7072-exec-1], user-management-service, INFO  LoggingAspect profileAllMethods | Start of ExceptionControllerAdvisor.validationException
33fcd4f69214de4a 33fcd4f69214de4a [2021-12-10 15:17:07,334], , [http-nio-7072-exec-1], user-management-service, ERROR ExceptionControllerAdvisor validationException | Exception occured : Full Name must be an alphabetic value
33fcd4f69214de4a 33fcd4f69214de4a [2021-12-10 15:17:07,335], , [http-nio-7072-exec-1], user-management-service, INFO  LoggingAspect profileAllMethods | END of ExceptionControllerAdvisor.validationException
33fcd4f69214de4a 33fcd4f69214de4a [2021-12-10 15:17:07,335], , [http-nio-7072-exec-1], user-management-service, INFO  LoggingAspect profileAllMethods | Execution time of ExceptionControllerAdvisor.validationException :: 16 ms
33fcd4f69214de4a 33fcd4f69214de4a [2021-12-10 15:17:07,354], , [http-nio-7072-exec-1], user-management-service, INFO  LoggingAspect profileAllMethods | Start of CustomResponseBodyAdvice.supports
33fcd4f69214de4a 33fcd4f69214de4a [2021-12-10 15:17:07,360], , [http-nio-7072-exec-1], user-management-service, INFO  LoggingAspect profileAllMethods | END of CustomResponseBodyAdvice.supports
33fcd4f69214de4a 33fcd4f69214de4a [2021-12-10 15:17:07,361], , [http-nio-7072-exec-1], user-management-service, INFO  LoggingAspect profileAllMethods | Execution time of CustomResponseBodyAdvice.supports :: 7 ms
33fcd4f69214de4a 33fcd4f69214de4a [2021-12-10 15:17:07,386], , [http-nio-7072-exec-1], user-management-service, WARN  ExceptionHandlerExceptionResolver logException | Resolved [org.springframework.web.bind.MethodArgumentNotValidException: Validation failed for argument [0] in public org.springframework.http.ResponseEntity<com.nsdl.auth.dto.MainResponseDTO<com.nsdl.auth.dto.UserResponse>> com.nsdl.auth.controller.LoginController.createUser(com.nsdl.auth.dto.MainRequestDTO<com.nsdl.auth.dto.CreateUserRequest>): [Field error in object 'mainRequestDTO' on field 'request.userFullName': rejected value [KomalMaker1]; codes [Pattern.mainRequestDTO.request.userFullName,Pattern.request.userFullName,Pattern.userFullName,Pattern.java.lang.String,Pattern]; arguments [org.springframework.context.support.DefaultMessageSourceResolvable: codes [mainRequestDTO.request.userFullName,request.userFullName]; arguments []; default message [request.userFullName],[Ljavax.validation.constraints.Pattern$Flag;@6de41fbb,org.springframework.validation.beanvalidation.SpringValidatorAdapter$ResolvableAttribute@766c228a]; default message [Full Name must be an alphabetic value]] ]
33fcd4f69214de4a 33fcd4f69214de4a [2021-12-10 15:17:07,390], , [http-nio-7072-exec-1], user-management-service, INFO  LoggingAspect profileAllMethods | Start of CustomInterceptor.afterCompletion
33fcd4f69214de4a 33fcd4f69214de4a [2021-12-10 15:17:07,392], , [http-nio-7072-exec-1], user-management-service, INFO  LoggingAspect profileAllMethods | END of CustomInterceptor.afterCompletion
33fcd4f69214de4a 33fcd4f69214de4a [2021-12-10 15:17:07,393], , [http-nio-7072-exec-1], user-management-service, INFO  LoggingAspect profileAllMethods | Execution time of CustomInterceptor.afterCompletion :: 3 ms
7d6f1f3f4fe1cba0 7d6f1f3f4fe1cba0 [2021-12-10 15:17:48,346], , [http-nio-7072-exec-4], user-management-service, INFO  LoggingAspect profileAllMethods | Start of CustomInterceptor.preHandle
7d6f1f3f4fe1cba0 7d6f1f3f4fe1cba0 [2021-12-10 15:17:48,347], , [http-nio-7072-exec-4], user-management-service, INFO  LoggingAspect profileAllMethods | END of CustomInterceptor.preHandle
7d6f1f3f4fe1cba0 7d6f1f3f4fe1cba0 [2021-12-10 15:17:48,347], , [http-nio-7072-exec-4], user-management-service, INFO  LoggingAspect profileAllMethods | Execution time of CustomInterceptor.preHandle :: 1 ms
7d6f1f3f4fe1cba0 7d6f1f3f4fe1cba0 [2021-12-10 15:17:48,358], 0:0:0:0:0:0:0:1, [http-nio-7072-exec-4], user-management-service, INFO  LoggingAspect profileAllMethods | Start of LoginController.createUser
7d6f1f3f4fe1cba0 7d6f1f3f4fe1cba0 [2021-12-10 15:17:48,365], 0:0:0:0:0:0:0:1, [http-nio-7072-exec-4], user-management-service, INFO  LoginController createUser | Create user Request Received
7d6f1f3f4fe1cba0 7d6f1f3f4fe1cba0 [2021-12-10 15:17:48,366], 0:0:0:0:0:0:0:1, [http-nio-7072-exec-4], user-management-service, INFO  LoggingAspect profileAllMethods | Start of LoginServiceImpl.createUserService
7d6f1f3f4fe1cba0 7d6f1f3f4fe1cba0 [2021-12-10 15:17:48,406], 0:0:0:0:0:0:0:1, [http-nio-7072-exec-4], user-management-service, INFO  LoginServiceImpl createUserService | Getting user data from createUser request
7d6f1f3f4fe1cba0 7d6f1f3f4fe1cba0 [2021-12-10 15:17:48,414], 0:0:0:0:0:0:0:1, [http-nio-7072-exec-4], user-management-service, INFO  LoggingAspect profileAllMethods | Start of LoginUserRepo.existsByUserId
7d6f1f3f4fe1cba0 7d6f1f3f4fe1cba0 [2021-12-10 15:17:48,975], 0:0:0:0:0:0:0:1, [http-nio-7072-exec-4], user-management-service, INFO  LoggingAspect profileAllMethods | END of LoginUserRepo.existsByUserId
7d6f1f3f4fe1cba0 7d6f1f3f4fe1cba0 [2021-12-10 15:17:48,977], 0:0:0:0:0:0:0:1, [http-nio-7072-exec-4], user-management-service, INFO  LoggingAspect profileAllMethods | Execution time of LoginUserRepo.existsByUserId :: 563 ms
7d6f1f3f4fe1cba0 7d6f1f3f4fe1cba0 [2021-12-10 15:17:48,979], 0:0:0:0:0:0:0:1, [http-nio-7072-exec-4], user-management-service, INFO  LoggingAspect profileAllMethods | Start of LoginUserRepo.existsByMobile
7d6f1f3f4fe1cba0 7d6f1f3f4fe1cba0 [2021-12-10 15:17:49,327], 0:0:0:0:0:0:0:1, [http-nio-7072-exec-4], user-management-service, INFO  LoggingAspect profileAllMethods | END of LoginUserRepo.existsByMobile
7d6f1f3f4fe1cba0 7d6f1f3f4fe1cba0 [2021-12-10 15:17:49,328], 0:0:0:0:0:0:0:1, [http-nio-7072-exec-4], user-management-service, INFO  LoggingAspect profileAllMethods | Execution time of LoginUserRepo.existsByMobile :: 349 ms
7d6f1f3f4fe1cba0 7d6f1f3f4fe1cba0 [2021-12-10 15:17:49,328], 0:0:0:0:0:0:0:1, [http-nio-7072-exec-4], user-management-service, ERROR LoginServiceImpl createUserService | given Mobile Number already exists
7d6f1f3f4fe1cba0 7d6f1f3f4fe1cba0 [2021-12-10 15:17:49,329], 0:0:0:0:0:0:0:1, [http-nio-7072-exec-4], user-management-service, INFO  LoggingAspect profileAllMethods | Start of ExceptionControllerAdvisor.getUserValidity
7d6f1f3f4fe1cba0 7d6f1f3f4fe1cba0 [2021-12-10 15:17:49,330], 0:0:0:0:0:0:0:1, [http-nio-7072-exec-4], user-management-service, ERROR ExceptionControllerAdvisor getUserValidity | Exception occured : User already Exists for given Mobile Number
7d6f1f3f4fe1cba0 7d6f1f3f4fe1cba0 [2021-12-10 15:17:49,331], 0:0:0:0:0:0:0:1, [http-nio-7072-exec-4], user-management-service, INFO  LoggingAspect profileAllMethods | END of ExceptionControllerAdvisor.getUserValidity
7d6f1f3f4fe1cba0 7d6f1f3f4fe1cba0 [2021-12-10 15:17:49,332], 0:0:0:0:0:0:0:1, [http-nio-7072-exec-4], user-management-service, INFO  LoggingAspect profileAllMethods | Execution time of ExceptionControllerAdvisor.getUserValidity :: 3 ms
7d6f1f3f4fe1cba0 7d6f1f3f4fe1cba0 [2021-12-10 15:17:49,333], 0:0:0:0:0:0:0:1, [http-nio-7072-exec-4], user-management-service, INFO  LoggingAspect profileAllMethods | Start of CustomResponseBodyAdvice.supports
7d6f1f3f4fe1cba0 7d6f1f3f4fe1cba0 [2021-12-10 15:17:49,333], 0:0:0:0:0:0:0:1, [http-nio-7072-exec-4], user-management-service, INFO  LoggingAspect profileAllMethods | END of CustomResponseBodyAdvice.supports
7d6f1f3f4fe1cba0 7d6f1f3f4fe1cba0 [2021-12-10 15:17:49,333], 0:0:0:0:0:0:0:1, [http-nio-7072-exec-4], user-management-service, INFO  LoggingAspect profileAllMethods | Execution time of CustomResponseBodyAdvice.supports :: 1 ms
7d6f1f3f4fe1cba0 7d6f1f3f4fe1cba0 [2021-12-10 15:17:49,335], 0:0:0:0:0:0:0:1, [http-nio-7072-exec-4], user-management-service, WARN  ExceptionHandlerExceptionResolver logException | Resolved [com.nsdl.auth.exception.DateParsingException]
7d6f1f3f4fe1cba0 7d6f1f3f4fe1cba0 [2021-12-10 15:17:49,336], 0:0:0:0:0:0:0:1, [http-nio-7072-exec-4], user-management-service, INFO  LoggingAspect profileAllMethods | Start of CustomInterceptor.afterCompletion
7d6f1f3f4fe1cba0 7d6f1f3f4fe1cba0 [2021-12-10 15:17:49,337], 0:0:0:0:0:0:0:1, [http-nio-7072-exec-4], user-management-service, INFO  LoggingAspect profileAllMethods | END of CustomInterceptor.afterCompletion
7d6f1f3f4fe1cba0 7d6f1f3f4fe1cba0 [2021-12-10 15:17:49,338], 0:0:0:0:0:0:0:1, [http-nio-7072-exec-4], user-management-service, INFO  LoggingAspect profileAllMethods | Execution time of CustomInterceptor.afterCompletion :: 2 ms
389b0e9959c64e66 389b0e9959c64e66 [2021-12-10 15:18:06,949], , [http-nio-7072-exec-5], user-management-service, INFO  LoggingAspect profileAllMethods | Start of CustomInterceptor.preHandle
389b0e9959c64e66 389b0e9959c64e66 [2021-12-10 15:18:06,950], , [http-nio-7072-exec-5], user-management-service, INFO  LoggingAspect profileAllMethods | END of CustomInterceptor.preHandle
389b0e9959c64e66 389b0e9959c64e66 [2021-12-10 15:18:06,950], , [http-nio-7072-exec-5], user-management-service, INFO  LoggingAspect profileAllMethods | Execution time of CustomInterceptor.preHandle :: 1 ms
389b0e9959c64e66 389b0e9959c64e66 [2021-12-10 15:18:06,954], 0:0:0:0:0:0:0:1, [http-nio-7072-exec-5], user-management-service, INFO  LoggingAspect profileAllMethods | Start of LoginController.createUser
389b0e9959c64e66 389b0e9959c64e66 [2021-12-10 15:18:06,955], 0:0:0:0:0:0:0:1, [http-nio-7072-exec-5], user-management-service, INFO  LoginController createUser | Create user Request Received
389b0e9959c64e66 389b0e9959c64e66 [2021-12-10 15:18:06,955], 0:0:0:0:0:0:0:1, [http-nio-7072-exec-5], user-management-service, INFO  LoggingAspect profileAllMethods | Start of LoginServiceImpl.createUserService
389b0e9959c64e66 389b0e9959c64e66 [2021-12-10 15:18:06,956], 0:0:0:0:0:0:0:1, [http-nio-7072-exec-5], user-management-service, INFO  LoginServiceImpl createUserService | Getting user data from createUser request
389b0e9959c64e66 389b0e9959c64e66 [2021-12-10 15:18:06,957], 0:0:0:0:0:0:0:1, [http-nio-7072-exec-5], user-management-service, INFO  LoggingAspect profileAllMethods | Start of LoginUserRepo.existsByUserId
389b0e9959c64e66 389b0e9959c64e66 [2021-12-10 15:18:07,322], 0:0:0:0:0:0:0:1, [http-nio-7072-exec-5], user-management-service, INFO  LoggingAspect profileAllMethods | END of LoginUserRepo.existsByUserId
389b0e9959c64e66 389b0e9959c64e66 [2021-12-10 15:18:07,325], 0:0:0:0:0:0:0:1, [http-nio-7072-exec-5], user-management-service, INFO  LoggingAspect profileAllMethods | Execution time of LoginUserRepo.existsByUserId :: 368 ms
389b0e9959c64e66 389b0e9959c64e66 [2021-12-10 15:18:07,328], 0:0:0:0:0:0:0:1, [http-nio-7072-exec-5], user-management-service, INFO  LoggingAspect profileAllMethods | Start of LoginUserRepo.existsByMobile
389b0e9959c64e66 389b0e9959c64e66 [2021-12-10 15:18:07,484], 0:0:0:0:0:0:0:1, [http-nio-7072-exec-5], user-management-service, INFO  LoggingAspect profileAllMethods | END of LoginUserRepo.existsByMobile
389b0e9959c64e66 389b0e9959c64e66 [2021-12-10 15:18:07,486], 0:0:0:0:0:0:0:1, [http-nio-7072-exec-5], user-management-service, INFO  LoggingAspect profileAllMethods | Execution time of LoginUserRepo.existsByMobile :: 158 ms
389b0e9959c64e66 389b0e9959c64e66 [2021-12-10 15:18:07,545], 0:0:0:0:0:0:0:1, [http-nio-7072-exec-5], user-management-service, INFO  LoggingAspect profileAllMethods | Start of RoleServiceRepository.findByRoleName
389b0e9959c64e66 389b0e9959c64e66 [2021-12-10 15:18:07,717], 0:0:0:0:0:0:0:1, [http-nio-7072-exec-5], user-management-service, INFO  LoggingAspect profileAllMethods | END of RoleServiceRepository.findByRoleName
389b0e9959c64e66 389b0e9959c64e66 [2021-12-10 15:18:07,718], 0:0:0:0:0:0:0:1, [http-nio-7072-exec-5], user-management-service, INFO  LoggingAspect profileAllMethods | Execution time of RoleServiceRepository.findByRoleName :: 173 ms
389b0e9959c64e66 389b0e9959c64e66 [2021-12-10 15:18:07,718], 0:0:0:0:0:0:0:1, [http-nio-7072-exec-5], user-management-service, INFO  LoggingAspect profileAllMethods | Start of AuditServiceImpl.auditloginService
389b0e9959c64e66 389b0e9959c64e66 [2021-12-10 15:18:07,742], 0:0:0:0:0:0:0:1, [http-nio-7072-exec-5], user-management-service, INFO  LoggingAspect profileAllMethods | Start of JpaRepository.saveAndFlush
389b0e9959c64e66 389b0e9959c64e66 [2021-12-10 15:18:08,204], 0:0:0:0:0:0:0:1, [http-nio-7072-exec-5], user-management-service, INFO  LoggingAspect profileAllMethods | END of JpaRepository.saveAndFlush
389b0e9959c64e66 389b0e9959c64e66 [2021-12-10 15:18:08,207], 0:0:0:0:0:0:0:1, [http-nio-7072-exec-5], user-management-service, INFO  LoggingAspect profileAllMethods | Execution time of JpaRepository.saveAndFlush :: 465 ms
389b0e9959c64e66 389b0e9959c64e66 [2021-12-10 15:18:08,209], 0:0:0:0:0:0:0:1, [http-nio-7072-exec-5], user-management-service, INFO  LoggingAspect profileAllMethods | END of AuditServiceImpl.auditloginService
389b0e9959c64e66 389b0e9959c64e66 [2021-12-10 15:18:08,211], 0:0:0:0:0:0:0:1, [http-nio-7072-exec-5], user-management-service, INFO  LoggingAspect profileAllMethods | Execution time of AuditServiceImpl.auditloginService :: 493 ms
389b0e9959c64e66 389b0e9959c64e66 [2021-12-10 15:18:08,218], 0:0:0:0:0:0:0:1, [http-nio-7072-exec-5], user-management-service, INFO  LoggingAspect profileAllMethods | Start of JpaRepository.saveAndFlush
389b0e9959c64e66 389b0e9959c64e66 [2021-12-10 15:18:08,681], 0:0:0:0:0:0:0:1, [http-nio-7072-exec-5], user-management-service, INFO  LoggingAspect profileAllMethods | END of JpaRepository.saveAndFlush
389b0e9959c64e66 389b0e9959c64e66 [2021-12-10 15:18:08,684], 0:0:0:0:0:0:0:1, [http-nio-7072-exec-5], user-management-service, INFO  LoggingAspect profileAllMethods | Execution time of JpaRepository.saveAndFlush :: 466 ms
389b0e9959c64e66 389b0e9959c64e66 [2021-12-10 15:18:08,686], 0:0:0:0:0:0:0:1, [http-nio-7072-exec-5], user-management-service, INFO  LoginServiceImpl createUserService | Saved user Data to user details
389b0e9959c64e66 389b0e9959c64e66 [2021-12-10 15:18:08,688], 0:0:0:0:0:0:0:1, [http-nio-7072-exec-5], user-management-service, INFO  LoginServiceImpl createUserService | User creation : Success
389b0e9959c64e66 389b0e9959c64e66 [2021-12-10 15:18:08,691], 0:0:0:0:0:0:0:1, [http-nio-7072-exec-5], user-management-service, INFO  LoggingAspect profileAllMethods | Start of JpaRepository.saveAndFlush
389b0e9959c64e66 389b0e9959c64e66 [2021-12-10 15:18:09,502], 0:0:0:0:0:0:0:1, [http-nio-7072-exec-5], user-management-service, INFO  LoggingAspect profileAllMethods | END of JpaRepository.saveAndFlush
389b0e9959c64e66 389b0e9959c64e66 [2021-12-10 15:18:09,506], 0:0:0:0:0:0:0:1, [http-nio-7072-exec-5], user-management-service, INFO  LoggingAspect profileAllMethods | Execution time of JpaRepository.saveAndFlush :: 815 ms
389b0e9959c64e66 389b0e9959c64e66 [2021-12-10 15:18:09,508], 0:0:0:0:0:0:0:1, [http-nio-7072-exec-5], user-management-service, INFO  LoginServiceImpl saveUserToHistory | Saved user Data to user history
389b0e9959c64e66 389b0e9959c64e66 [2021-12-10 15:18:09,511], 0:0:0:0:0:0:0:1, [http-nio-7072-exec-5], user-management-service, INFO  LoginServiceImpl createUserService | Returning response User Creation
389b0e9959c64e66 389b0e9959c64e66 [2021-12-10 15:18:09,513], 0:0:0:0:0:0:0:1, [http-nio-7072-exec-5], user-management-service, INFO  LoggingAspect profileAllMethods | END of LoginServiceImpl.createUserService
389b0e9959c64e66 389b0e9959c64e66 [2021-12-10 15:18:09,515], 0:0:0:0:0:0:0:1, [http-nio-7072-exec-5], user-management-service, INFO  LoggingAspect profileAllMethods | Execution time of LoginServiceImpl.createUserService :: 2560 ms
389b0e9959c64e66 389b0e9959c64e66 [2021-12-10 15:18:09,518], 0:0:0:0:0:0:0:1, [http-nio-7072-exec-5], user-management-service, INFO  LoggingAspect profileAllMethods | END of LoginController.createUser
389b0e9959c64e66 389b0e9959c64e66 [2021-12-10 15:18:09,520], 0:0:0:0:0:0:0:1, [http-nio-7072-exec-5], user-management-service, INFO  LoggingAspect profileAllMethods | Execution time of LoginController.createUser :: 2566 ms
389b0e9959c64e66 389b0e9959c64e66 [2021-12-10 15:18:09,527], 0:0:0:0:0:0:0:1, [http-nio-7072-exec-5], user-management-service, INFO  LoggingAspect profileAllMethods | Start of CustomResponseBodyAdvice.supports
389b0e9959c64e66 389b0e9959c64e66 [2021-12-10 15:18:09,530], 0:0:0:0:0:0:0:1, [http-nio-7072-exec-5], user-management-service, INFO  LoggingAspect profileAllMethods | END of CustomResponseBodyAdvice.supports
389b0e9959c64e66 389b0e9959c64e66 [2021-12-10 15:18:09,532], 0:0:0:0:0:0:0:1, [http-nio-7072-exec-5], user-management-service, INFO  LoggingAspect profileAllMethods | Execution time of CustomResponseBodyAdvice.supports :: 5 ms
389b0e9959c64e66 389b0e9959c64e66 [2021-12-10 15:18:09,535], 0:0:0:0:0:0:0:1, [http-nio-7072-exec-5], user-management-service, INFO  LoggingAspect profileAllMethods | Start of CustomResponseBodyAdvice.beforeBodyWrite
389b0e9959c64e66 389b0e9959c64e66 [2021-12-10 15:18:09,539], 0:0:0:0:0:0:0:1, [http-nio-7072-exec-5], user-management-service, INFO  LoggingAspect profileAllMethods | END of CustomResponseBodyAdvice.beforeBodyWrite
389b0e9959c64e66 389b0e9959c64e66 [2021-12-10 15:18:09,542], 0:0:0:0:0:0:0:1, [http-nio-7072-exec-5], user-management-service, INFO  LoggingAspect profileAllMethods | Execution time of CustomResponseBodyAdvice.beforeBodyWrite :: 8 ms
389b0e9959c64e66 389b0e9959c64e66 [2021-12-10 15:18:09,561], 0:0:0:0:0:0:0:1, [http-nio-7072-exec-5], user-management-service, INFO  LoggingAspect profileAllMethods | Start of CustomInterceptor.postHandle
389b0e9959c64e66 389b0e9959c64e66 [2021-12-10 15:18:09,563], 0:0:0:0:0:0:0:1, [http-nio-7072-exec-5], user-management-service, INFO  LoggingAspect profileAllMethods | END of CustomInterceptor.postHandle
389b0e9959c64e66 389b0e9959c64e66 [2021-12-10 15:18:09,565], 0:0:0:0:0:0:0:1, [http-nio-7072-exec-5], user-management-service, INFO  LoggingAspect profileAllMethods | Execution time of CustomInterceptor.postHandle :: 4 ms
389b0e9959c64e66 389b0e9959c64e66 [2021-12-10 15:18:09,568], 0:0:0:0:0:0:0:1, [http-nio-7072-exec-5], user-management-service, INFO  LoggingAspect profileAllMethods | Start of CustomInterceptor.afterCompletion
389b0e9959c64e66 389b0e9959c64e66 [2021-12-10 15:18:09,579], 0:0:0:0:0:0:0:1, [http-nio-7072-exec-5], user-management-service, INFO  LoggingAspect profileAllMethods | END of CustomInterceptor.afterCompletion
389b0e9959c64e66 389b0e9959c64e66 [2021-12-10 15:18:09,615], 0:0:0:0:0:0:0:1, [http-nio-7072-exec-5], user-management-service, INFO  LoggingAspect profileAllMethods | Execution time of CustomInterceptor.afterCompletion :: 47 ms
  [2021-12-10 16:19:52,324], , [HikariPool-1 housekeeper], user-management-service, WARN  HikariPool run | HikariPool-1 - Thread starvation or clock leap detected (housekeeper delta=19m43s890ms35µs900ns).
  [2021-12-10 16:51:01,100], , [HikariPool-1 housekeeper], user-management-service, WARN  HikariPool run | HikariPool-1 - Thread starvation or clock leap detected (housekeeper delta=6m38s155ms529µs).
  [2021-12-10 17:08:46,749], , [RMI TCP Connection(91)-127.0.0.1], user-management-service, INFO  SpringApplicationAdminMXBeanRegistrar$SpringApplicationAdmin shutdown | Application shutdown requested.
  [2021-12-10 17:08:47,870], , [RMI TCP Connection(91)-127.0.0.1], user-management-service, INFO  ThreadPoolTaskExecutor shutdown | Shutting down ExecutorService 'applicationTaskExecutor'
  [2021-12-10 17:08:47,941], , [RMI TCP Connection(91)-127.0.0.1], user-management-service, INFO  LocalContainerEntityManagerFactoryBean destroy | Closing JPA EntityManagerFactory for persistence unit 'default'
  [2021-12-10 17:08:48,557], , [RMI TCP Connection(91)-127.0.0.1], user-management-service, INFO  HikariDataSource close | HikariPool-1 - Shutdown initiated...
  [2021-12-10 17:08:48,665], , [RMI TCP Connection(91)-127.0.0.1], user-management-service, INFO  HikariDataSource close | HikariPool-1 - Shutdown completed.
  [2021-12-10 17:08:48,715], , [RMI TCP Connection(91)-127.0.0.1], user-management-service, INFO  Http11NioProtocol log | Pausing ProtocolHandler ["http-nio-7072"]
  [2021-12-10 17:08:48,821], , [RMI TCP Connection(91)-127.0.0.1], user-management-service, INFO  StandardService log | Stopping service [Tomcat]
  [2021-12-10 17:08:48,894], , [RMI TCP Connection(91)-127.0.0.1], user-management-service, INFO  [/usermanagement/v1/user] log | Destroying Spring FrameworkServlet 'dispatcherServlet'
  [2021-12-10 17:08:48,986], , [RMI TCP Connection(91)-127.0.0.1], user-management-service, INFO  Http11NioProtocol log | Stopping ProtocolHandler ["http-nio-7072"]
  [2021-12-10 17:08:49,020], , [RMI TCP Connection(91)-127.0.0.1], user-management-service, INFO  Http11NioProtocol log | Destroying ProtocolHandler ["http-nio-7072"]
