  [2021-12-08 17:06:59,904], , [restartedMain], user-management-service, INFO  DevToolsPropertyDefaultsPostProcessor logTo | Devtools property defaults active! Set 'spring.devtools.add-properties' to 'false' to disable
  [2021-12-08 17:07:00,251], , [restartedMain], user-management-service, INFO  PostProcessorRegistrationDelegate$BeanPostProcessorChecker postProcessAfterInitialization | Bean 'org.springframework.cloud.autoconfigure.ConfigurationPropertiesRebinderAutoConfiguration' of type [org.springframework.cloud.autoconfigure.ConfigurationPropertiesRebinderAutoConfiguration$$EnhancerBySpringCGLIB$$3e3342ba] is not eligible for getting processed by all BeanPostProcessors (for example: not eligible for auto-proxying)
  [2021-12-08 17:07:00,615], , [restartedMain], user-management-service, INFO  ConfigServicePropertySourceLocator getRemoteEnvironment | Fetching config from server at : http://localhost:8888/config
  [2021-12-08 17:07:01,811], , [restartedMain], user-management-service, INFO  ConfigServicePropertySourceLocator log | Located environment: name=user-management-service, profiles=[dev], label=1.0.1, version=null, state=null
  [2021-12-08 17:07:01,812], , [restartedMain], user-management-service, INFO  PropertySourceBootstrapConfiguration initialize | Located property source: CompositePropertySource {name='configService', propertySources=[MapPropertySource {name='file:///D:/git-localconfig-repo/application-dev.properties'}]}
  [2021-12-08 17:07:01,886], , [restartedMain], user-management-service, INFO  UserManagementServiceApplication logStartupProfileInfo | The following profiles are active: dev
  [2021-12-08 17:07:04,385], , [restartedMain], user-management-service, INFO  RepositoryConfigurationDelegate registerRepositoriesIn | Bootstrapping Spring Data repositories in DEFAULT mode.
  [2021-12-08 17:07:04,533], , [restartedMain], user-management-service, INFO  RepositoryConfigurationDelegate registerRepositoriesIn | Finished Spring Data repository scanning in 138ms. Found 18 repository interfaces.
  [2021-12-08 17:07:04,938], , [restartedMain], user-management-service, INFO  GenericScope setSerializationId | BeanFactory id=69b22df4-ee8b-39fc-bfe9-1d6479b9d443
  [2021-12-08 17:07:05,268], , [restartedMain], user-management-service, INFO  PostProcessorRegistrationDelegate$BeanPostProcessorChecker postProcessAfterInitialization | Bean 'org.springframework.transaction.annotation.ProxyTransactionManagementConfiguration' of type [org.springframework.transaction.annotation.ProxyTransactionManagementConfiguration$$EnhancerBySpringCGLIB$$22193fbd] is not eligible for getting processed by all BeanPostProcessors (for example: not eligible for auto-proxying)
  [2021-12-08 17:07:05,326], , [restartedMain], user-management-service, INFO  PostProcessorRegistrationDelegate$BeanPostProcessorChecker postProcessAfterInitialization | Bean 'org.springframework.cloud.autoconfigure.ConfigurationPropertiesRebinderAutoConfiguration' of type [org.springframework.cloud.autoconfigure.ConfigurationPropertiesRebinderAutoConfiguration$$EnhancerBySpringCGLIB$$3e3342ba] is not eligible for getting processed by all BeanPostProcessors (for example: not eligible for auto-proxying)
  [2021-12-08 17:07:06,545], , [restartedMain], user-management-service, INFO  TomcatWebServer initialize | Tomcat initialized with port(s): 7072 (http)
  [2021-12-08 17:07:06,571], , [restartedMain], user-management-service, INFO  Http11NioProtocol log | Initializing ProtocolHandler ["http-nio-7072"]
  [2021-12-08 17:07:06,582], , [restartedMain], user-management-service, INFO  StandardService log | Starting service [Tomcat]
  [2021-12-08 17:07:06,582], , [restartedMain], user-management-service, INFO  StandardEngine log | Starting Servlet engine: [Apache Tomcat/9.0.16]
  [2021-12-08 17:07:06,595], , [restartedMain], user-management-service, INFO  AprLifecycleListener log | The APR based Apache Tomcat Native library which allows optimal performance in production environments was not found on the java.library.path: [D:\Softwares\eclipse-jee-2020-12-R-win32-x86_64\eclipse\plugins\org.eclipse.justj.openjdk.hotspot.jre.full.win32.x86_64_15.0.1.v20201027-0507\jre\bin;C:\Windows\Sun\Java\bin;C:\Windows\system32;C:\Windows;D:/Softwares/eclipse-jee-2020-12-R-win32-x86_64/eclipse//plugins/org.eclipse.justj.openjdk.hotspot.jre.full.win32.x86_64_15.0.1.v20201027-0507/jre/bin/server;D:/Softwares/eclipse-jee-2020-12-R-win32-x86_64/eclipse//plugins/org.eclipse.justj.openjdk.hotspot.jre.full.win32.x86_64_15.0.1.v20201027-0507/jre/bin;C:\Program Files (x86)\Common Files\Oracle\Java\javapath;C:\Windows\system32;C:\Windows;C:\Windows\System32\Wbem;C:\Windows\System32\WindowsPowerShell\v1.0\;C:\Windows\System32\OpenSSH\;C:\Program Files (x86)\CrSSL\bin;C:\Program Files\TortoiseSVN\bin;C:\Users\DELL\AppData\Local\Microsoft\WindowsApps;;D:\Softwares\eclipse-jee-2020-12-R-win32-x86_64\eclipse;;.]
  [2021-12-08 17:07:06,753], , [restartedMain], user-management-service, INFO  [/usermanagement/v1/user] log | Initializing Spring embedded WebApplicationContext
  [2021-12-08 17:07:06,754], , [restartedMain], user-management-service, INFO  ContextLoader prepareWebApplicationContext | Root WebApplicationContext: initialization completed in 4846 ms
  [2021-12-08 17:07:08,542], , [restartedMain], user-management-service, INFO  HikariDataSource getConnection | HikariPool-1 - Starting...
  [2021-12-08 17:07:09,754], , [restartedMain], user-management-service, INFO  HikariDataSource getConnection | HikariPool-1 - Start completed.
  [2021-12-08 17:07:09,909], , [restartedMain], user-management-service, INFO  LogHelper logPersistenceUnitInformation | HHH000204: Processing PersistenceUnitInfo [
	name: default
	...]
  [2021-12-08 17:07:10,030], , [restartedMain], user-management-service, INFO  Version logVersion | HHH000412: Hibernate Core {5.3.7.Final}
  [2021-12-08 17:07:10,032], , [restartedMain], user-management-service, INFO  Environment <clinit> | HHH000206: hibernate.properties not found
  [2021-12-08 17:07:10,259], , [restartedMain], user-management-service, INFO  Version <clinit> | HCANN000001: Hibernate Commons Annotations {5.0.4.Final}
  [2021-12-08 17:07:10,636], , [restartedMain], user-management-service, INFO  Dialect <init> | HHH000400: Using dialect: org.hibernate.dialect.PostgreSQLDialect
  [2021-12-08 17:07:10,663], , [restartedMain], user-management-service, INFO  LobCreatorBuilderImpl makeLobCreatorBuilder | HHH000422: Disabling contextual LOB creation as connection was null
  [2021-12-08 17:07:10,671], , [restartedMain], user-management-service, INFO  BasicTypeRegistry register | HHH000270: Type registration [java.util.UUID] overrides previous : org.hibernate.type.UUIDBinaryType@5090cbd3
  [2021-12-08 17:07:27,707], , [restartedMain], user-management-service, INFO  QueryTranslatorFactoryInitiator initiateService | HHH000397: Using ASTQueryTranslatorFactory
  [2021-12-08 17:07:27,846], , [restartedMain], user-management-service, INFO  LocalContainerEntityManagerFactoryBean buildNativeEntityManagerFactory | Initialized JPA EntityManagerFactory for persistence unit 'default'
  [2021-12-08 17:07:28,073], , [restartedMain], user-management-service, INFO  OptionalLiveReloadServer startServer | LiveReload server is running on port 35729
  [2021-12-08 17:07:30,326], , [restartedMain], user-management-service, INFO  LoggingAspect profileAllMethods | Start of CustomInterceptorAppConfig.corsConfigurationSource
  [2021-12-08 17:07:30,334], , [restartedMain], user-management-service, INFO  LoggingAspect profileAllMethods | END of CustomInterceptorAppConfig.corsConfigurationSource
  [2021-12-08 17:07:30,335], , [restartedMain], user-management-service, INFO  LoggingAspect profileAllMethods | Execution time of CustomInterceptorAppConfig.corsConfigurationSource :: 8 ms
  [2021-12-08 17:07:30,761], , [restartedMain], user-management-service, INFO  ThreadPoolTaskExecutor initialize | Initializing ExecutorService 'applicationTaskExecutor'
  [2021-12-08 17:07:30,888], , [restartedMain], user-management-service, INFO  LoggingAspect profileAllMethods | Start of CustomInterceptorAppConfig.addInterceptors
  [2021-12-08 17:07:30,889], , [restartedMain], user-management-service, INFO  LoggingAspect profileAllMethods | END of CustomInterceptorAppConfig.addInterceptors
  [2021-12-08 17:07:30,890], , [restartedMain], user-management-service, INFO  LoggingAspect profileAllMethods | Execution time of CustomInterceptorAppConfig.addInterceptors :: 2 ms
  [2021-12-08 17:07:30,893], , [restartedMain], user-management-service, WARN  JpaBaseConfiguration$JpaWebConfiguration$JpaWebMvcConfiguration openEntityManagerInViewInterceptor | spring.jpa.open-in-view is enabled by default. Therefore, database queries may be performed during view rendering. Explicitly configure spring.jpa.open-in-view to disable this warning
  [2021-12-08 17:07:31,956], , [restartedMain], user-management-service, INFO  EndpointLinksResolver <init> | Exposing 2 endpoint(s) beneath base path '/actuator'
  [2021-12-08 17:07:32,142], , [restartedMain], user-management-service, INFO  Http11NioProtocol log | Starting ProtocolHandler ["http-nio-7072"]
  [2021-12-08 17:07:32,176], , [restartedMain], user-management-service, INFO  TomcatWebServer start | Tomcat started on port(s): 7072 (http) with context path '/usermanagement/v1/user'
  [2021-12-08 17:07:32,180], , [restartedMain], user-management-service, INFO  UserManagementServiceApplication logStarted | Started UserManagementServiceApplication in 32.901 seconds (JVM running for 34.64)
  [2021-12-08 17:09:06,634], , [http-nio-7072-exec-2], user-management-service, INFO  [/usermanagement/v1/user] log | Initializing Spring DispatcherServlet 'dispatcherServlet'
  [2021-12-08 17:09:06,634], , [http-nio-7072-exec-2], user-management-service, INFO  DispatcherServlet initServletBean | Initializing Servlet 'dispatcherServlet'
  [2021-12-08 17:09:06,664], , [http-nio-7072-exec-2], user-management-service, INFO  DispatcherServlet initServletBean | Completed initialization in 29 ms
6714984fec80d230 6714984fec80d230 [2021-12-08 17:09:06,694], , [http-nio-7072-exec-2], user-management-service, INFO  LoggingAspect profileAllMethods | Start of CustomInterceptor.preHandle
6714984fec80d230 6714984fec80d230 [2021-12-08 17:09:06,700], , [http-nio-7072-exec-2], user-management-service, INFO  LoggingAspect profileAllMethods | END of CustomInterceptor.preHandle
6714984fec80d230 6714984fec80d230 [2021-12-08 17:09:06,700], , [http-nio-7072-exec-2], user-management-service, INFO  LoggingAspect profileAllMethods | Execution time of CustomInterceptor.preHandle :: 6 ms
6714984fec80d230 6714984fec80d230 [2021-12-08 17:09:06,826], 0:0:0:0:0:0:0:1, [http-nio-7072-exec-2], user-management-service, INFO  LoggingAspect profileAllMethods | Start of LoginController.createUser
6714984fec80d230 6714984fec80d230 [2021-12-08 17:09:06,842], 0:0:0:0:0:0:0:1, [http-nio-7072-exec-2], user-management-service, INFO  LoginController createUser | Create user Request Received
6714984fec80d230 6714984fec80d230 [2021-12-08 17:09:06,843], 0:0:0:0:0:0:0:1, [http-nio-7072-exec-2], user-management-service, INFO  LoggingAspect profileAllMethods | Start of LoginServiceImpl.createUserService
6714984fec80d230 6714984fec80d230 [2021-12-08 17:09:06,851], 0:0:0:0:0:0:0:1, [http-nio-7072-exec-2], user-management-service, INFO  LoginServiceImpl createUserService | Getting user data from createUser request
6714984fec80d230 6714984fec80d230 [2021-12-08 17:09:06,855], 0:0:0:0:0:0:0:1, [http-nio-7072-exec-2], user-management-service, INFO  LoggingAspect profileAllMethods | Start of LoginUserRepo.existsByUserId
6714984fec80d230 6714984fec80d230 [2021-12-08 17:09:07,331], 0:0:0:0:0:0:0:1, [http-nio-7072-exec-2], user-management-service, INFO  LoggingAspect profileAllMethods | END of LoginUserRepo.existsByUserId
6714984fec80d230 6714984fec80d230 [2021-12-08 17:09:07,332], 0:0:0:0:0:0:0:1, [http-nio-7072-exec-2], user-management-service, INFO  LoggingAspect profileAllMethods | Execution time of LoginUserRepo.existsByUserId :: 477 ms
6714984fec80d230 6714984fec80d230 [2021-12-08 17:09:07,334], 0:0:0:0:0:0:0:1, [http-nio-7072-exec-2], user-management-service, INFO  LoggingAspect profileAllMethods | Start of LoginUserRepo.existsByMobile
6714984fec80d230 6714984fec80d230 [2021-12-08 17:09:07,579], 0:0:0:0:0:0:0:1, [http-nio-7072-exec-2], user-management-service, INFO  LoggingAspect profileAllMethods | END of LoginUserRepo.existsByMobile
6714984fec80d230 6714984fec80d230 [2021-12-08 17:09:07,580], 0:0:0:0:0:0:0:1, [http-nio-7072-exec-2], user-management-service, INFO  LoggingAspect profileAllMethods | Execution time of LoginUserRepo.existsByMobile :: 246 ms
6714984fec80d230 6714984fec80d230 [2021-12-08 17:09:07,608], 0:0:0:0:0:0:0:1, [http-nio-7072-exec-2], user-management-service, INFO  LoggingAspect profileAllMethods | Start of RoleServiceRepository.findByRoleName
6714984fec80d230 6714984fec80d230 [2021-12-08 17:09:07,776], 0:0:0:0:0:0:0:1, [http-nio-7072-exec-2], user-management-service, INFO  LoggingAspect profileAllMethods | END of RoleServiceRepository.findByRoleName
6714984fec80d230 6714984fec80d230 [2021-12-08 17:09:07,776], 0:0:0:0:0:0:0:1, [http-nio-7072-exec-2], user-management-service, INFO  LoggingAspect profileAllMethods | Execution time of RoleServiceRepository.findByRoleName :: 168 ms
6714984fec80d230 6714984fec80d230 [2021-12-08 17:09:07,777], 0:0:0:0:0:0:0:1, [http-nio-7072-exec-2], user-management-service, INFO  LoggingAspect profileAllMethods | Start of AuditServiceImpl.auditloginService
6714984fec80d230 6714984fec80d230 [2021-12-08 17:09:07,797], 0:0:0:0:0:0:0:1, [http-nio-7072-exec-2], user-management-service, INFO  LoggingAspect profileAllMethods | Start of JpaRepository.saveAndFlush
6714984fec80d230 6714984fec80d230 [2021-12-08 17:09:08,207], 0:0:0:0:0:0:0:1, [http-nio-7072-exec-2], user-management-service, INFO  LoggingAspect profileAllMethods | END of JpaRepository.saveAndFlush
6714984fec80d230 6714984fec80d230 [2021-12-08 17:09:08,211], 0:0:0:0:0:0:0:1, [http-nio-7072-exec-2], user-management-service, INFO  LoggingAspect profileAllMethods | Execution time of JpaRepository.saveAndFlush :: 414 ms
6714984fec80d230 6714984fec80d230 [2021-12-08 17:09:08,214], 0:0:0:0:0:0:0:1, [http-nio-7072-exec-2], user-management-service, INFO  LoggingAspect profileAllMethods | END of AuditServiceImpl.auditloginService
6714984fec80d230 6714984fec80d230 [2021-12-08 17:09:08,217], 0:0:0:0:0:0:0:1, [http-nio-7072-exec-2], user-management-service, INFO  LoggingAspect profileAllMethods | Execution time of AuditServiceImpl.auditloginService :: 440 ms
6714984fec80d230 6714984fec80d230 [2021-12-08 17:09:08,221], 0:0:0:0:0:0:0:1, [http-nio-7072-exec-2], user-management-service, INFO  LoggingAspect profileAllMethods | Start of JpaRepository.saveAndFlush
6714984fec80d230 6714984fec80d230 [2021-12-08 17:09:08,632], 0:0:0:0:0:0:0:1, [http-nio-7072-exec-2], user-management-service, INFO  LoggingAspect profileAllMethods | END of JpaRepository.saveAndFlush
6714984fec80d230 6714984fec80d230 [2021-12-08 17:09:08,632], 0:0:0:0:0:0:0:1, [http-nio-7072-exec-2], user-management-service, INFO  LoggingAspect profileAllMethods | Execution time of JpaRepository.saveAndFlush :: 411 ms
6714984fec80d230 6714984fec80d230 [2021-12-08 17:09:08,633], 0:0:0:0:0:0:0:1, [http-nio-7072-exec-2], user-management-service, INFO  LoginServiceImpl createUserService | Saved user Data to user details
6714984fec80d230 6714984fec80d230 [2021-12-08 17:09:08,633], 0:0:0:0:0:0:0:1, [http-nio-7072-exec-2], user-management-service, INFO  LoginServiceImpl createUserService | User creation : Success
6714984fec80d230 6714984fec80d230 [2021-12-08 17:09:08,634], 0:0:0:0:0:0:0:1, [http-nio-7072-exec-2], user-management-service, INFO  LoggingAspect profileAllMethods | Start of JpaRepository.saveAndFlush
6714984fec80d230 6714984fec80d230 [2021-12-08 17:09:09,003], 0:0:0:0:0:0:0:1, [http-nio-7072-exec-2], user-management-service, INFO  LoggingAspect profileAllMethods | END of JpaRepository.saveAndFlush
6714984fec80d230 6714984fec80d230 [2021-12-08 17:09:09,004], 0:0:0:0:0:0:0:1, [http-nio-7072-exec-2], user-management-service, INFO  LoggingAspect profileAllMethods | Execution time of JpaRepository.saveAndFlush :: 370 ms
6714984fec80d230 6714984fec80d230 [2021-12-08 17:09:09,005], 0:0:0:0:0:0:0:1, [http-nio-7072-exec-2], user-management-service, INFO  LoginServiceImpl saveUserToHistory | Saved user Data to user history
6714984fec80d230 6714984fec80d230 [2021-12-08 17:09:09,006], 0:0:0:0:0:0:0:1, [http-nio-7072-exec-2], user-management-service, INFO  LoginServiceImpl createUserService | Returning response User Creation
6714984fec80d230 6714984fec80d230 [2021-12-08 17:09:09,007], 0:0:0:0:0:0:0:1, [http-nio-7072-exec-2], user-management-service, INFO  LoggingAspect profileAllMethods | END of LoginServiceImpl.createUserService
6714984fec80d230 6714984fec80d230 [2021-12-08 17:09:09,007], 0:0:0:0:0:0:0:1, [http-nio-7072-exec-2], user-management-service, INFO  LoggingAspect profileAllMethods | Execution time of LoginServiceImpl.createUserService :: 2164 ms
6714984fec80d230 6714984fec80d230 [2021-12-08 17:09:09,008], 0:0:0:0:0:0:0:1, [http-nio-7072-exec-2], user-management-service, INFO  LoggingAspect profileAllMethods | END of LoginController.createUser
6714984fec80d230 6714984fec80d230 [2021-12-08 17:09:09,009], 0:0:0:0:0:0:0:1, [http-nio-7072-exec-2], user-management-service, INFO  LoggingAspect profileAllMethods | Execution time of LoginController.createUser :: 2183 ms
6714984fec80d230 6714984fec80d230 [2021-12-08 17:09:09,031], 0:0:0:0:0:0:0:1, [http-nio-7072-exec-2], user-management-service, INFO  LoggingAspect profileAllMethods | Start of CustomResponseBodyAdvice.supports
6714984fec80d230 6714984fec80d230 [2021-12-08 17:09:09,052], 0:0:0:0:0:0:0:1, [http-nio-7072-exec-2], user-management-service, INFO  LoggingAspect profileAllMethods | END of CustomResponseBodyAdvice.supports
6714984fec80d230 6714984fec80d230 [2021-12-08 17:09:09,053], 0:0:0:0:0:0:0:1, [http-nio-7072-exec-2], user-management-service, INFO  LoggingAspect profileAllMethods | Execution time of CustomResponseBodyAdvice.supports :: 22 ms
6714984fec80d230 6714984fec80d230 [2021-12-08 17:09:09,053], 0:0:0:0:0:0:0:1, [http-nio-7072-exec-2], user-management-service, INFO  LoggingAspect profileAllMethods | Start of CustomResponseBodyAdvice.beforeBodyWrite
6714984fec80d230 6714984fec80d230 [2021-12-08 17:09:09,054], 0:0:0:0:0:0:0:1, [http-nio-7072-exec-2], user-management-service, INFO  LoggingAspect profileAllMethods | END of CustomResponseBodyAdvice.beforeBodyWrite
6714984fec80d230 6714984fec80d230 [2021-12-08 17:09:09,055], 0:0:0:0:0:0:0:1, [http-nio-7072-exec-2], user-management-service, INFO  LoggingAspect profileAllMethods | Execution time of CustomResponseBodyAdvice.beforeBodyWrite :: 2 ms
6714984fec80d230 6714984fec80d230 [2021-12-08 17:09:09,077], 0:0:0:0:0:0:0:1, [http-nio-7072-exec-2], user-management-service, INFO  LoggingAspect profileAllMethods | Start of CustomInterceptor.postHandle
6714984fec80d230 6714984fec80d230 [2021-12-08 17:09:09,078], 0:0:0:0:0:0:0:1, [http-nio-7072-exec-2], user-management-service, INFO  LoggingAspect profileAllMethods | END of CustomInterceptor.postHandle
6714984fec80d230 6714984fec80d230 [2021-12-08 17:09:09,079], 0:0:0:0:0:0:0:1, [http-nio-7072-exec-2], user-management-service, INFO  LoggingAspect profileAllMethods | Execution time of CustomInterceptor.postHandle :: 2 ms
6714984fec80d230 6714984fec80d230 [2021-12-08 17:09:09,082], 0:0:0:0:0:0:0:1, [http-nio-7072-exec-2], user-management-service, INFO  LoggingAspect profileAllMethods | Start of CustomInterceptor.afterCompletion
6714984fec80d230 6714984fec80d230 [2021-12-08 17:09:09,083], 0:0:0:0:0:0:0:1, [http-nio-7072-exec-2], user-management-service, INFO  LoggingAspect profileAllMethods | END of CustomInterceptor.afterCompletion
6714984fec80d230 6714984fec80d230 [2021-12-08 17:09:09,083], 0:0:0:0:0:0:0:1, [http-nio-7072-exec-2], user-management-service, INFO  LoggingAspect profileAllMethods | Execution time of CustomInterceptor.afterCompletion :: 1 ms
  [2021-12-08 18:25:41,627], , [RMI TCP Connection(82)-127.0.0.1], user-management-service, INFO  SpringApplicationAdminMXBeanRegistrar$SpringApplicationAdmin shutdown | Application shutdown requested.
  [2021-12-08 18:25:41,890], , [RMI TCP Connection(82)-127.0.0.1], user-management-service, INFO  ThreadPoolTaskExecutor shutdown | Shutting down ExecutorService 'applicationTaskExecutor'
  [2021-12-08 18:25:41,920], , [RMI TCP Connection(82)-127.0.0.1], user-management-service, INFO  LocalContainerEntityManagerFactoryBean destroy | Closing JPA EntityManagerFactory for persistence unit 'default'
  [2021-12-08 18:25:42,183], , [RMI TCP Connection(82)-127.0.0.1], user-management-service, INFO  HikariDataSource close | HikariPool-1 - Shutdown initiated...
  [2021-12-08 18:25:42,230], , [RMI TCP Connection(82)-127.0.0.1], user-management-service, INFO  HikariDataSource close | HikariPool-1 - Shutdown completed.
  [2021-12-08 18:25:42,269], , [RMI TCP Connection(82)-127.0.0.1], user-management-service, INFO  Http11NioProtocol log | Pausing ProtocolHandler ["http-nio-7072"]
  [2021-12-08 18:25:42,339], , [RMI TCP Connection(82)-127.0.0.1], user-management-service, INFO  StandardService log | Stopping service [Tomcat]
  [2021-12-08 18:25:42,385], , [RMI TCP Connection(82)-127.0.0.1], user-management-service, INFO  [/usermanagement/v1/user] log | Destroying Spring FrameworkServlet 'dispatcherServlet'
  [2021-12-08 18:25:42,486], , [RMI TCP Connection(82)-127.0.0.1], user-management-service, INFO  Http11NioProtocol log | Stopping ProtocolHandler ["http-nio-7072"]
  [2021-12-08 18:25:42,681], , [RMI TCP Connection(82)-127.0.0.1], user-management-service, INFO  Http11NioProtocol log | Destroying ProtocolHandler ["http-nio-7072"]
