  [2022-04-01 15:03:33,713], , [restartedMain], video-call-conference-service, INFO  ChangeableUrls logTo | The Class-Path manifest attribute in C:\Users\DELL\.m2\repository\org\glassfish\jaxb\jaxb-runtime\2.3.2\jaxb-runtime-2.3.2.jar referenced one or more files that do not exist: file:/C:/Users/DELL/.m2/repository/org/glassfish/jaxb/jaxb-runtime/2.3.2/jakarta.xml.bind-api-2.3.2.jar,file:/C:/Users/DELL/.m2/repository/org/glassfish/jaxb/jaxb-runtime/2.3.2/txw2-2.3.2.jar,file:/C:/Users/DELL/.m2/repository/org/glassfish/jaxb/jaxb-runtime/2.3.2/istack-commons-runtime-3.0.8.jar,file:/C:/Users/DELL/.m2/repository/org/glassfish/jaxb/jaxb-runtime/2.3.2/stax-ex-1.8.1.jar,file:/C:/Users/DELL/.m2/repository/org/glassfish/jaxb/jaxb-runtime/2.3.2/FastInfoset-1.2.16.jar,file:/C:/Users/DELL/.m2/repository/org/glassfish/jaxb/jaxb-runtime/2.3.2/jakarta.activation-api-1.2.1.jar
  [2022-04-01 15:03:33,742], , [restartedMain], video-call-conference-service, INFO  DevToolsPropertyDefaultsPostProcessor logTo | Devtools property defaults active! Set 'spring.devtools.add-properties' to 'false' to disable
  [2022-04-01 15:03:34,096], , [restartedMain], video-call-conference-service, INFO  PostProcessorRegistrationDelegate$BeanPostProcessorChecker postProcessAfterInitialization | Bean 'org.springframework.cloud.autoconfigure.ConfigurationPropertiesRebinderAutoConfiguration' of type [org.springframework.cloud.autoconfigure.ConfigurationPropertiesRebinderAutoConfiguration$$EnhancerBySpringCGLIB$$dfdc099c] is not eligible for getting processed by all BeanPostProcessors (for example: not eligible for auto-proxying)
  [2022-04-01 15:03:34,546], , [restartedMain], video-call-conference-service, INFO  ConfigServicePropertySourceLocator getRemoteEnvironment | Fetching config from server at : http://localhost:8889/config
  [2022-04-01 15:03:36,909], , [restartedMain], video-call-conference-service, INFO  ConfigServicePropertySourceLocator getRemoteEnvironment | Connect Timeout Exception on Url - http://localhost:8889/config. Will be trying the next url if available
  [2022-04-01 15:03:36,911], , [restartedMain], video-call-conference-service, WARN  ConfigServicePropertySourceLocator locate | Could not locate PropertySource: I/O error on GET request for "http://localhost:8889/config/video-call-conference-service/dev": Connection refused: connect; nested exception is java.net.ConnectException: Connection refused: connect
  [2022-04-01 15:03:36,922], , [restartedMain], video-call-conference-service, INFO  VideoCallConferenceServiceApplication logStartupProfileInfo | The following profiles are active: dev
  [2022-04-01 15:03:42,032], , [restartedMain], video-call-conference-service, INFO  RepositoryConfigurationDelegate registerRepositoriesIn | Bootstrapping Spring Data JPA repositories in DEFAULT mode.
  [2022-04-01 15:03:42,167], , [restartedMain], video-call-conference-service, INFO  RepositoryConfigurationDelegate registerRepositoriesIn | Finished Spring Data repository scanning in 119ms. Found 6 JPA repository interfaces.
  [2022-04-01 15:03:42,523], , [restartedMain], video-call-conference-service, INFO  GenericScope setSerializationId | BeanFactory id=0d0043dc-7492-361e-907e-6b745b2f1c79
  [2022-04-01 15:03:43,119], , [restartedMain], video-call-conference-service, INFO  PostProcessorRegistrationDelegate$BeanPostProcessorChecker postProcessAfterInitialization | Bean 'org.springframework.transaction.annotation.ProxyTransactionManagementConfiguration' of type [org.springframework.transaction.annotation.ProxyTransactionManagementConfiguration] is not eligible for getting processed by all BeanPostProcessors (for example: not eligible for auto-proxying)
  [2022-04-01 15:03:43,191], , [restartedMain], video-call-conference-service, INFO  PostProcessorRegistrationDelegate$BeanPostProcessorChecker postProcessAfterInitialization | Bean 'org.springframework.cloud.autoconfigure.ConfigurationPropertiesRebinderAutoConfiguration' of type [org.springframework.cloud.autoconfigure.ConfigurationPropertiesRebinderAutoConfiguration$$EnhancerBySpringCGLIB$$dfdc099c] is not eligible for getting processed by all BeanPostProcessors (for example: not eligible for auto-proxying)
  [2022-04-01 15:03:44,129], , [restartedMain], video-call-conference-service, INFO  TomcatWebServer initialize | Tomcat initialized with port(s): 7083 (http)
  [2022-04-01 15:03:44,147], , [restartedMain], video-call-conference-service, INFO  Http11NioProtocol log | Initializing ProtocolHandler ["http-nio-7083"]
  [2022-04-01 15:03:44,148], , [restartedMain], video-call-conference-service, INFO  StandardService log | Starting service [Tomcat]
  [2022-04-01 15:03:44,149], , [restartedMain], video-call-conference-service, INFO  StandardEngine log | Starting Servlet engine: [Apache Tomcat/9.0.29]
  [2022-04-01 15:03:44,345], , [restartedMain], video-call-conference-service, INFO  [/videoconference] log | Initializing Spring embedded WebApplicationContext
  [2022-04-01 15:03:44,345], , [restartedMain], video-call-conference-service, INFO  ContextLoader prepareWebApplicationContext | Root WebApplicationContext: initialization completed in 7348 ms
  [2022-04-01 15:03:45,048], , [restartedMain], video-call-conference-service, ERROR TomcatStarter onStartup | Error starting Tomcat context. Exception: org.springframework.beans.factory.BeanCreationException. Message: Error creating bean with name 'servletEndpointRegistrar' defined in class path resource [org/springframework/boot/actuate/autoconfigure/endpoint/web/ServletEndpointManagementContextConfiguration$WebMvcServletEndpointManagementContextConfiguration.class]: Bean instantiation via factory method failed; nested exception is org.springframework.beans.BeanInstantiationException: Failed to instantiate [org.springframework.boot.actuate.endpoint.web.ServletEndpointRegistrar]: Factory method 'servletEndpointRegistrar' threw exception; nested exception is org.springframework.beans.factory.UnsatisfiedDependencyException: Error creating bean with name 'healthEndpoint' defined in class path resource [org/springframework/boot/actuate/autoconfigure/health/HealthEndpointConfiguration.class]: Unsatisfied dependency expressed through method 'healthEndpoint' parameter 0; nested exception is org.springframework.beans.factory.BeanCreationException: Error creating bean with name 'healthContributorRegistry' defined in class path resource [org/springframework/boot/actuate/autoconfigure/health/HealthEndpointConfiguration.class]: Bean instantiation via factory method failed; nested exception is org.springframework.beans.BeanInstantiationException: Failed to instantiate [org.springframework.boot.actuate.health.HealthContributorRegistry]: Factory method 'healthContributorRegistry' threw exception; nested exception is org.springframework.beans.factory.BeanCreationException: Error creating bean with name 'dbHealthContributor' defined in class path resource [org/springframework/boot/actuate/autoconfigure/jdbc/DataSourceHealthContributorAutoConfiguration.class]: Bean instantiation via factory method failed; nested exception is org.springframework.beans.BeanInstantiationException: Failed to instantiate [org.springframework.boot.actuate.health.HealthContributor]: Factory method 'dbHealthContributor' threw exception; nested exception is org.springframework.beans.factory.BeanCreationException: Error creating bean with name 'scopedTarget.dataSource' defined in class path resource [org/springframework/boot/autoconfigure/jdbc/DataSourceConfiguration$Hikari.class]: Bean instantiation via factory method failed; nested exception is org.springframework.beans.BeanInstantiationException: Failed to instantiate [com.zaxxer.hikari.HikariDataSource]: Factory method 'dataSource' threw exception; nested exception is org.springframework.boot.autoconfigure.jdbc.DataSourceProperties$DataSourceBeanCreationException: Failed to determine a suitable driver class
  [2022-04-01 15:03:45,088], , [restartedMain], video-call-conference-service, INFO  StandardService log | Stopping service [Tomcat]
  [2022-04-01 15:03:45,105], , [restartedMain], video-call-conference-service, WARN  AnnotationConfigServletWebServerApplicationContext refresh | Exception encountered during context initialization - cancelling refresh attempt: org.springframework.context.ApplicationContextException: Unable to start web server; nested exception is org.springframework.boot.web.server.WebServerException: Unable to start embedded Tomcat
  [2022-04-01 15:03:45,119], , [restartedMain], video-call-conference-service, INFO  ConditionEvaluationReportLoggingListener logMessage | 

Error starting ApplicationContext. To display the conditions report re-run your application with 'debug' enabled.
  [2022-04-01 15:03:45,123], , [restartedMain], video-call-conference-service, ERROR LoggingFailureAnalysisReporter report | 

***************************
APPLICATION FAILED TO START
***************************

Description:

Failed to configure a DataSource: 'url' attribute is not specified and no embedded datasource could be configured.

Reason: Failed to determine a suitable driver class


Action:

Consider the following:
	If you want an embedded database (H2, HSQL or Derby), please put it on the classpath.
	If you have database settings to be loaded from a particular profile you may need to activate it (no profiles are currently active).

  [2022-04-01 15:04:54,031], , [restartedMain], video-call-conference-service, INFO  ChangeableUrls logTo | The Class-Path manifest attribute in C:\Users\DELL\.m2\repository\org\glassfish\jaxb\jaxb-runtime\2.3.2\jaxb-runtime-2.3.2.jar referenced one or more files that do not exist: file:/C:/Users/DELL/.m2/repository/org/glassfish/jaxb/jaxb-runtime/2.3.2/jakarta.xml.bind-api-2.3.2.jar,file:/C:/Users/DELL/.m2/repository/org/glassfish/jaxb/jaxb-runtime/2.3.2/txw2-2.3.2.jar,file:/C:/Users/DELL/.m2/repository/org/glassfish/jaxb/jaxb-runtime/2.3.2/istack-commons-runtime-3.0.8.jar,file:/C:/Users/DELL/.m2/repository/org/glassfish/jaxb/jaxb-runtime/2.3.2/stax-ex-1.8.1.jar,file:/C:/Users/DELL/.m2/repository/org/glassfish/jaxb/jaxb-runtime/2.3.2/FastInfoset-1.2.16.jar,file:/C:/Users/DELL/.m2/repository/org/glassfish/jaxb/jaxb-runtime/2.3.2/jakarta.activation-api-1.2.1.jar
  [2022-04-01 15:04:54,043], , [restartedMain], video-call-conference-service, INFO  DevToolsPropertyDefaultsPostProcessor logTo | Devtools property defaults active! Set 'spring.devtools.add-properties' to 'false' to disable
  [2022-04-01 15:04:54,317], , [restartedMain], video-call-conference-service, INFO  PostProcessorRegistrationDelegate$BeanPostProcessorChecker postProcessAfterInitialization | Bean 'org.springframework.cloud.autoconfigure.ConfigurationPropertiesRebinderAutoConfiguration' of type [org.springframework.cloud.autoconfigure.ConfigurationPropertiesRebinderAutoConfiguration$$EnhancerBySpringCGLIB$$3761370a] is not eligible for getting processed by all BeanPostProcessors (for example: not eligible for auto-proxying)
  [2022-04-01 15:04:54,791], , [restartedMain], video-call-conference-service, INFO  ConfigServicePropertySourceLocator getRemoteEnvironment | Fetching config from server at : http://172.30.151.100:51000/config
  [2022-04-01 15:04:57,352], , [restartedMain], video-call-conference-service, INFO  ConfigServicePropertySourceLocator log | Located environment: name=video-call-conference-service, profiles=[dev], label=1.0.0, version=204, state=null
  [2022-04-01 15:04:57,355], , [restartedMain], video-call-conference-service, INFO  PropertySourceBootstrapConfiguration initialize | Located property source: CompositePropertySource {name='configService', propertySources=[MapPropertySource {name='configClient'}, MapPropertySource {name='http://172.16.11.166/telemed-ivv/branches/1.0.0/application-dev.properties'}]}
  [2022-04-01 15:04:57,526], , [restartedMain], video-call-conference-service, INFO  VideoCallConferenceServiceApplication logStartupProfileInfo | The following profiles are active: dev
  [2022-04-01 15:04:58,739], , [restartedMain], video-call-conference-service, INFO  RepositoryConfigurationDelegate registerRepositoriesIn | Bootstrapping Spring Data JPA repositories in DEFAULT mode.
  [2022-04-01 15:04:58,836], , [restartedMain], video-call-conference-service, INFO  RepositoryConfigurationDelegate registerRepositoriesIn | Finished Spring Data repository scanning in 86ms. Found 6 JPA repository interfaces.
  [2022-04-01 15:04:59,270], , [restartedMain], video-call-conference-service, INFO  GenericScope setSerializationId | BeanFactory id=0d0043dc-7492-361e-907e-6b745b2f1c79
  [2022-04-01 15:04:59,718], , [restartedMain], video-call-conference-service, INFO  PostProcessorRegistrationDelegate$BeanPostProcessorChecker postProcessAfterInitialization | Bean 'org.springframework.transaction.annotation.ProxyTransactionManagementConfiguration' of type [org.springframework.transaction.annotation.ProxyTransactionManagementConfiguration] is not eligible for getting processed by all BeanPostProcessors (for example: not eligible for auto-proxying)
  [2022-04-01 15:04:59,776], , [restartedMain], video-call-conference-service, INFO  PostProcessorRegistrationDelegate$BeanPostProcessorChecker postProcessAfterInitialization | Bean 'org.springframework.cloud.autoconfigure.ConfigurationPropertiesRebinderAutoConfiguration' of type [org.springframework.cloud.autoconfigure.ConfigurationPropertiesRebinderAutoConfiguration$$EnhancerBySpringCGLIB$$3761370a] is not eligible for getting processed by all BeanPostProcessors (for example: not eligible for auto-proxying)
  [2022-04-01 15:05:00,651], , [restartedMain], video-call-conference-service, INFO  TomcatWebServer initialize | Tomcat initialized with port(s): 7083 (http)
  [2022-04-01 15:05:00,666], , [restartedMain], video-call-conference-service, INFO  Http11NioProtocol log | Initializing ProtocolHandler ["http-nio-7083"]
  [2022-04-01 15:05:00,667], , [restartedMain], video-call-conference-service, INFO  StandardService log | Starting service [Tomcat]
  [2022-04-01 15:05:00,667], , [restartedMain], video-call-conference-service, INFO  StandardEngine log | Starting Servlet engine: [Apache Tomcat/9.0.29]
  [2022-04-01 15:05:00,843], , [restartedMain], video-call-conference-service, INFO  [/videoconference] log | Initializing Spring embedded WebApplicationContext
  [2022-04-01 15:05:00,843], , [restartedMain], video-call-conference-service, INFO  ContextLoader prepareWebApplicationContext | Root WebApplicationContext: initialization completed in 3256 ms
  [2022-04-01 15:05:02,224], , [restartedMain], video-call-conference-service, INFO  LogHelper logPersistenceUnitInformation | HHH000204: Processing PersistenceUnitInfo [name: default]
  [2022-04-01 15:05:02,395], , [restartedMain], video-call-conference-service, INFO  Version logVersion | HHH000412: Hibernate Core {5.4.9.Final}
  [2022-04-01 15:05:02,698], , [restartedMain], video-call-conference-service, INFO  Version <clinit> | HCANN000001: Hibernate Commons Annotations {5.1.0.Final}
  [2022-04-01 15:05:02,897], , [restartedMain], video-call-conference-service, INFO  Dialect <init> | HHH000400: Using dialect: org.hibernate.dialect.PostgreSQLDialect
  [2022-04-01 15:05:04,544], , [restartedMain], video-call-conference-service, INFO  HikariDataSource getConnection | HikariPool-1 - Starting...
  [2022-04-01 15:05:05,537], , [restartedMain], video-call-conference-service, INFO  HikariDataSource getConnection | HikariPool-1 - Start completed.
  [2022-04-01 15:05:23,469], , [restartedMain], video-call-conference-service, INFO  JtaPlatformInitiator initiateService | HHH000490: Using JtaPlatform implementation: [org.hibernate.engine.transaction.jta.platform.internal.NoJtaPlatform]
  [2022-04-01 15:05:23,860], , [restartedMain], video-call-conference-service, INFO  LocalContainerEntityManagerFactoryBean buildNativeEntityManagerFactory | Initialized JPA EntityManagerFactory for persistence unit 'default'
  [2022-04-01 15:05:24,414], , [restartedMain], video-call-conference-service, INFO  OptionalLiveReloadServer startServer | LiveReload server is running on port 35729
  [2022-04-01 15:05:27,833], , [restartedMain], video-call-conference-service, WARN  JpaBaseConfiguration$JpaWebConfiguration openEntityManagerInViewInterceptor | spring.jpa.open-in-view is enabled by default. Therefore, database queries may be performed during view rendering. Explicitly configure spring.jpa.open-in-view to disable this warning
  [2022-04-01 15:05:28,252], , [restartedMain], video-call-conference-service, INFO  ThreadPoolTaskExecutor initialize | Initializing ExecutorService 'applicationTaskExecutor'
  [2022-04-01 15:05:31,064], , [restartedMain], video-call-conference-service, INFO  EndpointLinksResolver <init> | Exposing 2 endpoint(s) beneath base path '/actuator'
  [2022-04-01 15:05:31,287], , [restartedMain], video-call-conference-service, INFO  Http11NioProtocol log | Starting ProtocolHandler ["http-nio-7083"]
  [2022-04-01 15:05:31,326], , [restartedMain], video-call-conference-service, INFO  TomcatWebServer start | Tomcat started on port(s): 7083 (http) with context path '/videoconference'
  [2022-04-01 15:05:31,331], , [restartedMain], video-call-conference-service, INFO  VideoCallConferenceServiceApplication logStarted | Started VideoCallConferenceServiceApplication in 37.87 seconds (JVM running for 39.648)
  [2022-04-01 15:08:32,359], , [RMI TCP Connection(7)-127.0.0.1], video-call-conference-service, INFO  SpringApplicationAdminMXBeanRegistrar$SpringApplicationAdmin shutdown | Application shutdown requested.
  [2022-04-01 15:08:32,505], , [RMI TCP Connection(7)-127.0.0.1], video-call-conference-service, INFO  ThreadPoolTaskExecutor shutdown | Shutting down ExecutorService 'applicationTaskExecutor'
  [2022-04-01 15:08:32,508], , [RMI TCP Connection(7)-127.0.0.1], video-call-conference-service, INFO  LocalContainerEntityManagerFactoryBean destroy | Closing JPA EntityManagerFactory for persistence unit 'default'
  [2022-04-01 15:08:32,536], , [RMI TCP Connection(7)-127.0.0.1], video-call-conference-service, INFO  HikariDataSource close | HikariPool-1 - Shutdown initiated...
  [2022-04-01 15:08:32,543], , [RMI TCP Connection(7)-127.0.0.1], video-call-conference-service, INFO  HikariDataSource close | HikariPool-1 - Shutdown completed.
  [2022-04-01 15:08:32,547], , [RMI TCP Connection(7)-127.0.0.1], video-call-conference-service, INFO  Http11NioProtocol log | Pausing ProtocolHandler ["http-nio-7083"]
  [2022-04-01 15:08:32,572], , [RMI TCP Connection(7)-127.0.0.1], video-call-conference-service, INFO  StandardService log | Stopping service [Tomcat]
  [2022-04-01 15:08:32,583], , [RMI TCP Connection(7)-127.0.0.1], video-call-conference-service, INFO  Http11NioProtocol log | Stopping ProtocolHandler ["http-nio-7083"]
  [2022-04-01 15:08:32,587], , [RMI TCP Connection(7)-127.0.0.1], video-call-conference-service, INFO  Http11NioProtocol log | Destroying ProtocolHandler ["http-nio-7083"]
