  [2021-12-08 14:31:35,892], , [restartedMain], payment-update-service, INFO  ChangeableUrls logTo | The Class-Path manifest attribute in C:\Users\DELL\.m2\repository\org\glassfish\jaxb\jaxb-runtime\2.3.2\jaxb-runtime-2.3.2.jar referenced one or more files that do not exist: file:/C:/Users/DELL/.m2/repository/org/glassfish/jaxb/jaxb-runtime/2.3.2/jakarta.xml.bind-api-2.3.2.jar,file:/C:/Users/DELL/.m2/repository/org/glassfish/jaxb/jaxb-runtime/2.3.2/txw2-2.3.2.jar,file:/C:/Users/DELL/.m2/repository/org/glassfish/jaxb/jaxb-runtime/2.3.2/istack-commons-runtime-3.0.8.jar,file:/C:/Users/DELL/.m2/repository/org/glassfish/jaxb/jaxb-runtime/2.3.2/stax-ex-1.8.1.jar,file:/C:/Users/DELL/.m2/repository/org/glassfish/jaxb/jaxb-runtime/2.3.2/FastInfoset-1.2.16.jar,file:/C:/Users/DELL/.m2/repository/org/glassfish/jaxb/jaxb-runtime/2.3.2/jakarta.activation-api-1.2.1.jar
  [2021-12-08 14:31:35,904], , [restartedMain], payment-update-service, INFO  DevToolsPropertyDefaultsPostProcessor logTo | Devtools property defaults active! Set 'spring.devtools.add-properties' to 'false' to disable
  [2021-12-08 14:31:36,262], , [restartedMain], payment-update-service, INFO  PostProcessorRegistrationDelegate$BeanPostProcessorChecker postProcessAfterInitialization | Bean 'org.springframework.cloud.autoconfigure.ConfigurationPropertiesRebinderAutoConfiguration' of type [org.springframework.cloud.autoconfigure.ConfigurationPropertiesRebinderAutoConfiguration$$EnhancerBySpringCGLIB$$dab90a02] is not eligible for getting processed by all BeanPostProcessors (for example: not eligible for auto-proxying)
  [2021-12-08 14:31:36,567], , [restartedMain], payment-update-service, INFO  ConfigServicePropertySourceLocator getRemoteEnvironment | Fetching config from server at : http://localhost:8888
  [2021-12-08 14:31:38,699], , [restartedMain], payment-update-service, INFO  ConfigServicePropertySourceLocator getRemoteEnvironment | Connect Timeout Exception on Url - http://localhost:8888. Will be trying the next url if available
  [2021-12-08 14:31:38,700], , [restartedMain], payment-update-service, WARN  ConfigServicePropertySourceLocator locate | Could not locate PropertySource: I/O error on GET request for "http://localhost:8888/payment-update-service/dev": Connection refused: connect; nested exception is java.net.ConnectException: Connection refused: connect
  [2021-12-08 14:31:38,708], , [restartedMain], payment-update-service, INFO  UpdatePaymentServiceApplication logStartupProfileInfo | The following profiles are active: dev
  [2021-12-08 14:31:40,241], , [restartedMain], payment-update-service, INFO  RepositoryConfigurationDelegate registerRepositoriesIn | Bootstrapping Spring Data JPA repositories in DEFAULT mode.
  [2021-12-08 14:31:40,347], , [restartedMain], payment-update-service, INFO  RepositoryConfigurationDelegate registerRepositoriesIn | Finished Spring Data repository scanning in 94ms. Found 8 JPA repository interfaces.
  [2021-12-08 14:31:40,594], , [restartedMain], payment-update-service, INFO  GenericScope setSerializationId | BeanFactory id=ef797ebf-74bd-326c-b65f-e886b5ec6e6c
  [2021-12-08 14:31:40,991], , [restartedMain], payment-update-service, INFO  PostProcessorRegistrationDelegate$BeanPostProcessorChecker postProcessAfterInitialization | Bean 'org.springframework.transaction.annotation.ProxyTransactionManagementConfiguration' of type [org.springframework.transaction.annotation.ProxyTransactionManagementConfiguration] is not eligible for getting processed by all BeanPostProcessors (for example: not eligible for auto-proxying)
  [2021-12-08 14:31:41,037], , [restartedMain], payment-update-service, INFO  PostProcessorRegistrationDelegate$BeanPostProcessorChecker postProcessAfterInitialization | Bean 'org.springframework.cloud.autoconfigure.ConfigurationPropertiesRebinderAutoConfiguration' of type [org.springframework.cloud.autoconfigure.ConfigurationPropertiesRebinderAutoConfiguration$$EnhancerBySpringCGLIB$$dab90a02] is not eligible for getting processed by all BeanPostProcessors (for example: not eligible for auto-proxying)
  [2021-12-08 14:31:41,963], , [restartedMain], payment-update-service, INFO  TomcatWebServer initialize | Tomcat initialized with port(s): 7084 (http)
  [2021-12-08 14:31:41,977], , [restartedMain], payment-update-service, INFO  Http11NioProtocol log | Initializing ProtocolHandler ["http-nio-7084"]
  [2021-12-08 14:31:41,978], , [restartedMain], payment-update-service, INFO  StandardService log | Starting service [Tomcat]
  [2021-12-08 14:31:41,979], , [restartedMain], payment-update-service, INFO  StandardEngine log | Starting Servlet engine: [Apache Tomcat/9.0.30]
  [2021-12-08 14:31:42,143], , [restartedMain], payment-update-service, INFO  [/PaymentUpdate] log | Initializing Spring embedded WebApplicationContext
  [2021-12-08 14:31:42,143], , [restartedMain], payment-update-service, INFO  ContextLoader prepareWebApplicationContext | Root WebApplicationContext: initialization completed in 3376 ms
  [2021-12-08 14:31:42,603], , [restartedMain], payment-update-service, WARN  AnnotationConfigServletWebServerApplicationContext refresh | Exception encountered during context initialization - cancelling refresh attempt: org.springframework.beans.factory.BeanCreationException: Error creating bean with name 'entityManagerFactory' defined in class path resource [org/springframework/boot/autoconfigure/orm/jpa/HibernateJpaConfiguration.class]: Bean instantiation via factory method failed; nested exception is org.springframework.beans.BeanInstantiationException: Failed to instantiate [org.springframework.orm.jpa.LocalContainerEntityManagerFactoryBean]: Factory method 'entityManagerFactory' threw exception; nested exception is org.springframework.beans.factory.BeanCreationException: Error creating bean with name 'scopedTarget.dataSource' defined in class path resource [org/springframework/boot/autoconfigure/jdbc/DataSourceConfiguration$Hikari.class]: Bean instantiation via factory method failed; nested exception is org.springframework.beans.BeanInstantiationException: Failed to instantiate [com.zaxxer.hikari.HikariDataSource]: Factory method 'dataSource' threw exception; nested exception is org.springframework.boot.autoconfigure.jdbc.DataSourceProperties$DataSourceBeanCreationException: Failed to determine a suitable driver class
  [2021-12-08 14:31:42,605], , [restartedMain], payment-update-service, WARN  DisposableBeanAdapter destroy | Invocation of destroy method failed on bean with name 'inMemoryDatabaseShutdownExecutor': org.springframework.boot.autoconfigure.jdbc.DataSourceProperties$DataSourceBeanCreationException: Failed to determine a suitable driver class
  [2021-12-08 14:31:42,608], , [restartedMain], payment-update-service, INFO  StandardService log | Stopping service [Tomcat]
  [2021-12-08 14:31:42,630], , [restartedMain], payment-update-service, INFO  ConditionEvaluationReportLoggingListener logMessage | 

Error starting ApplicationContext. To display the conditions report re-run your application with 'debug' enabled.
  [2021-12-08 14:31:42,633], , [restartedMain], payment-update-service, ERROR LoggingFailureAnalysisReporter report | 

***************************
APPLICATION FAILED TO START
***************************

Description:

Failed to configure a DataSource: 'url' attribute is not specified and no embedded datasource could be configured.

Reason: Failed to determine a suitable driver class


Action:

Consider the following:
	If you want an embedded database (H2, HSQL or Derby), please put it on the classpath.
	If you have database settings to be loaded from a particular profile you may need to activate it (no profiles are currently active).

