  [2022-02-25 14:10:38,442], , [main], slot-management, INFO  PostProcessorRegistrationDelegate$BeanPostProcessorChecker postProcessAfterInitialization | Bean 'org.springframework.cloud.autoconfigure.ConfigurationPropertiesRebinderAutoConfiguration' of type [org.springframework.cloud.autoconfigure.ConfigurationPropertiesRebinderAutoConfiguration$$EnhancerBySpringCGLIB$$ac41318d] is not eligible for getting processed by all BeanPostProcessors (for example: not eligible for auto-proxying)
  [2022-02-25 14:10:39,048], , [main], slot-management, INFO  ConfigServicePropertySourceLocator getRemoteEnvironment | Fetching config from server at : http://localhost:8888/config
  [2022-02-25 14:10:41,395], , [main], slot-management, INFO  ConfigServicePropertySourceLocator log | Located environment: name=slot-management, profiles=[dev], label=1.0.1, version=null, state=null
  [2022-02-25 14:10:41,396], , [main], slot-management, INFO  PropertySourceBootstrapConfiguration initialize | Located property source: CompositePropertySource {name='configService', propertySources=[MapPropertySource {name='file:///D:/git-localconfig-repo/application-dev.properties'}]}
  [2022-02-25 14:10:41,455], , [main], slot-management, INFO  SlotManagementApplication logStartupProfileInfo | The following profiles are active: dev
  [2022-02-25 14:10:43,192], , [main], slot-management, INFO  RepositoryConfigurationDelegate registerRepositoriesIn | Bootstrapping Spring Data repositories in DEFAULT mode.
  [2022-02-25 14:10:43,302], , [main], slot-management, INFO  RepositoryConfigurationDelegate registerRepositoriesIn | Finished Spring Data repository scanning in 99ms. Found 7 repository interfaces.
  [2022-02-25 14:10:43,755], , [main], slot-management, INFO  GenericScope setSerializationId | BeanFactory id=5224a8e4-ad37-3643-831d-d724e93bc0d8
  [2022-02-25 14:10:44,176], , [main], slot-management, INFO  PostProcessorRegistrationDelegate$BeanPostProcessorChecker postProcessAfterInitialization | Bean 'org.springframework.transaction.annotation.ProxyTransactionManagementConfiguration' of type [org.springframework.transaction.annotation.ProxyTransactionManagementConfiguration$$EnhancerBySpringCGLIB$$90272e90] is not eligible for getting processed by all BeanPostProcessors (for example: not eligible for auto-proxying)
  [2022-02-25 14:10:44,239], , [main], slot-management, INFO  PostProcessorRegistrationDelegate$BeanPostProcessorChecker postProcessAfterInitialization | Bean 'org.springframework.cloud.autoconfigure.ConfigurationPropertiesRebinderAutoConfiguration' of type [org.springframework.cloud.autoconfigure.ConfigurationPropertiesRebinderAutoConfiguration$$EnhancerBySpringCGLIB$$ac41318d] is not eligible for getting processed by all BeanPostProcessors (for example: not eligible for auto-proxying)
  [2022-02-25 14:10:45,116], , [main], slot-management, INFO  TomcatWebServer initialize | Tomcat initialized with port(s): 7077 (http)
  [2022-02-25 14:10:45,143], , [main], slot-management, INFO  Http11NioProtocol log | Initializing ProtocolHandler ["http-nio-7077"]
  [2022-02-25 14:10:45,155], , [main], slot-management, INFO  StandardService log | Starting service [Tomcat]
  [2022-02-25 14:10:45,156], , [main], slot-management, INFO  StandardEngine log | Starting Servlet engine: [Apache Tomcat/9.0.16]
  [2022-02-25 14:10:45,171], , [main], slot-management, INFO  AprLifecycleListener log | The APR based Apache Tomcat Native library which allows optimal performance in production environments was not found on the java.library.path: [D:\Softwares\eclipse-jee-2020-12-R-win32-x86_64\eclipse\plugins\org.eclipse.justj.openjdk.hotspot.jre.full.win32.x86_64_15.0.1.v20201027-0507\jre\bin;C:\Windows\Sun\Java\bin;C:\Windows\system32;C:\Windows;D:\Softwares\eclipse-jee-2020-12-R-win32-x86_64\eclipse\plugins\org.eclipse.justj.openjdk.hotspot.jre.full.win32.x86_64_15.0.1.v20201027-0507\jre\bin;D:/Softwares/eclipse-jee-2020-12-R-win32-x86_64/eclipse//plugins/org.eclipse.justj.openjdk.hotspot.jre.full.win32.x86_64_15.0.1.v20201027-0507/jre/bin/server;D:/Softwares/eclipse-jee-2020-12-R-win32-x86_64/eclipse//plugins/org.eclipse.justj.openjdk.hotspot.jre.full.win32.x86_64_15.0.1.v20201027-0507/jre/bin;C:\Program Files (x86)\Common Files\Oracle\Java\javapath;C:\Windows\system32;C:\Windows;C:\Windows\System32\Wbem;C:\Windows\System32\WindowsPowerShell\v1.0\;C:\Windows\System32\OpenSSH\;C:\Program Files (x86)\CrSSL\bin;C:\Program Files\TortoiseSVN\bin;D:\Softwares\apache-maven-3.6.1\bin;C:\Program Files\TortoiseGit\bin;C:\Program Files\Git\cmd;C:\Users\DELL\AppData\Local\Microsoft\WindowsApps;;D:\Softwares\eclipse-jee-2020-12-R-win32-x86_64\eclipse;;.]
  [2022-02-25 14:10:45,374], , [main], slot-management, INFO  [/slotManagement/v1] log | Initializing Spring embedded WebApplicationContext
  [2022-02-25 14:10:45,375], , [main], slot-management, INFO  ContextLoader prepareWebApplicationContext | Root WebApplicationContext: initialization completed in 3906 ms
  [2022-02-25 14:10:47,877], , [main], slot-management, INFO  HikariDataSource getConnection | HikariPool-1 - Starting...
  [2022-02-25 14:10:49,684], , [main], slot-management, INFO  HikariDataSource getConnection | HikariPool-1 - Start completed.
  [2022-02-25 14:10:49,850], , [main], slot-management, INFO  LogHelper logPersistenceUnitInformation | HHH000204: Processing PersistenceUnitInfo [
	name: default
	...]
  [2022-02-25 14:10:50,062], , [main], slot-management, INFO  Version logVersion | HHH000412: Hibernate Core {5.3.7.Final}
  [2022-02-25 14:10:50,065], , [main], slot-management, INFO  Environment <clinit> | HHH000206: hibernate.properties not found
  [2022-02-25 14:10:50,452], , [main], slot-management, INFO  Version <clinit> | HCANN000001: Hibernate Commons Annotations {5.0.4.Final}
  [2022-02-25 14:10:50,729], , [main], slot-management, INFO  Dialect <init> | HHH000400: Using dialect: org.hibernate.dialect.PostgreSQLDialect
  [2022-02-25 14:10:50,765], , [main], slot-management, INFO  LobCreatorBuilderImpl makeLobCreatorBuilder | HHH000422: Disabling contextual LOB creation as connection was null
  [2022-02-25 14:10:50,779], , [main], slot-management, INFO  BasicTypeRegistry register | HHH000270: Type registration [java.util.UUID] overrides previous : org.hibernate.type.UUIDBinaryType@23b3afb4
  [2022-02-25 14:11:19,841], , [main], slot-management, INFO  QueryTranslatorFactoryInitiator initiateService | HHH000397: Using ASTQueryTranslatorFactory
  [2022-02-25 14:11:20,175], , [main], slot-management, INFO  LocalContainerEntityManagerFactoryBean buildNativeEntityManagerFactory | Initialized JPA EntityManagerFactory for persistence unit 'default'
  [2022-02-25 14:11:22,546], , [main], slot-management, INFO  LoggingAspect profileAllMethods | Start of CustomInterceptorAppConfig.corsConfigurationSource
  [2022-02-25 14:11:22,561], , [main], slot-management, INFO  LoggingAspect profileAllMethods | END of CustomInterceptorAppConfig.corsConfigurationSource
  [2022-02-25 14:11:22,562], , [main], slot-management, INFO  LoggingAspect profileAllMethods | Execution time of CustomInterceptorAppConfig.corsConfigurationSource :: 16 ms
  [2022-02-25 14:11:23,241], , [main], slot-management, INFO  ThreadPoolTaskExecutor initialize | Initializing ExecutorService 'applicationTaskExecutor'
  [2022-02-25 14:11:23,475], , [main], slot-management, INFO  LoggingAspect profileAllMethods | Start of CustomInterceptorAppConfig.addInterceptors
  [2022-02-25 14:11:23,476], , [main], slot-management, INFO  LoggingAspect profileAllMethods | END of CustomInterceptorAppConfig.addInterceptors
  [2022-02-25 14:11:23,477], , [main], slot-management, INFO  LoggingAspect profileAllMethods | Execution time of CustomInterceptorAppConfig.addInterceptors :: 2 ms
  [2022-02-25 14:11:23,480], , [main], slot-management, WARN  JpaBaseConfiguration$JpaWebConfiguration$JpaWebMvcConfiguration openEntityManagerInViewInterceptor | spring.jpa.open-in-view is enabled by default. Therefore, database queries may be performed during view rendering. Explicitly configure spring.jpa.open-in-view to disable this warning
  [2022-02-25 14:11:24,806], , [main], slot-management, INFO  EndpointLinksResolver <init> | Exposing 2 endpoint(s) beneath base path '/actuator'
  [2022-02-25 14:11:24,972], , [main], slot-management, INFO  Http11NioProtocol log | Starting ProtocolHandler ["http-nio-7077"]
  [2022-02-25 14:11:25,030], , [main], slot-management, INFO  TomcatWebServer start | Tomcat started on port(s): 7077 (http) with context path '/slotManagement/v1'
  [2022-02-25 14:11:25,216], , [main], slot-management, INFO  SlotManagementApplication logStarted | Started SlotManagementApplication in 47.893 seconds (JVM running for 50.453)
  [2022-02-25 14:11:36,160], , [http-nio-7077-exec-2], slot-management, INFO  [/slotManagement/v1] log | Initializing Spring DispatcherServlet 'dispatcherServlet'
  [2022-02-25 14:11:36,160], , [http-nio-7077-exec-2], slot-management, INFO  DispatcherServlet initServletBean | Initializing Servlet 'dispatcherServlet'
  [2022-02-25 14:11:36,195], , [http-nio-7077-exec-2], slot-management, INFO  DispatcherServlet initServletBean | Completed initialization in 34 ms
8ba0bb624c96050c 8ba0bb624c96050c [2022-02-25 14:11:36,240], , [http-nio-7077-exec-2], slot-management, INFO  LoggingAspect profileAllMethods | Start of CustomInterceptor.preHandle
8ba0bb624c96050c 8ba0bb624c96050c [2022-02-25 14:11:36,248], , [http-nio-7077-exec-2], slot-management, INFO  LoggingAspect profileAllMethods | Start of TokenValidator.getUsernameFromToken
8ba0bb624c96050c 8ba0bb624c96050c [2022-02-25 14:11:36,901], , [http-nio-7077-exec-2], slot-management, INFO  LoggingAspect profileAllMethods | END of TokenValidator.getUsernameFromToken
8ba0bb624c96050c 8ba0bb624c96050c [2022-02-25 14:11:36,902], , [http-nio-7077-exec-2], slot-management, INFO  LoggingAspect profileAllMethods | Execution time of TokenValidator.getUsernameFromToken :: 654 ms
8ba0bb624c96050c 8ba0bb624c96050c [2022-02-25 14:11:36,903], , [http-nio-7077-exec-2], slot-management, INFO  LoggingAspect profileAllMethods | Start of TokenValidator.getRoleFromToken
8ba0bb624c96050c 8ba0bb624c96050c [2022-02-25 14:11:36,907], , [http-nio-7077-exec-2], slot-management, INFO  LoggingAspect profileAllMethods | END of TokenValidator.getRoleFromToken
8ba0bb624c96050c 8ba0bb624c96050c [2022-02-25 14:11:36,908], , [http-nio-7077-exec-2], slot-management, INFO  LoggingAspect profileAllMethods | Execution time of TokenValidator.getRoleFromToken :: 5 ms
8ba0bb624c96050c 8ba0bb624c96050c [2022-02-25 14:11:36,923], , [http-nio-7077-exec-2], slot-management, INFO  LoggingAspect profileAllMethods | Start of UserDTO.setRole
8ba0bb624c96050c 8ba0bb624c96050c [2022-02-25 14:11:36,928], , [http-nio-7077-exec-2], slot-management, INFO  LoggingAspect profileAllMethods | END of UserDTO.setRole
8ba0bb624c96050c 8ba0bb624c96050c [2022-02-25 14:11:36,928], , [http-nio-7077-exec-2], slot-management, INFO  LoggingAspect profileAllMethods | Execution time of UserDTO.setRole :: 5 ms
8ba0bb624c96050c 8ba0bb624c96050c [2022-02-25 14:11:36,928], , [http-nio-7077-exec-2], slot-management, INFO  LoggingAspect profileAllMethods | Start of UserDTO.setUserName
8ba0bb624c96050c 8ba0bb624c96050c [2022-02-25 14:11:36,929], , [http-nio-7077-exec-2], slot-management, INFO  LoggingAspect profileAllMethods | END of UserDTO.setUserName
8ba0bb624c96050c 8ba0bb624c96050c [2022-02-25 14:11:36,929], , [http-nio-7077-exec-2], slot-management, INFO  LoggingAspect profileAllMethods | Execution time of UserDTO.setUserName :: 1 ms
8ba0bb624c96050c 8ba0bb624c96050c [2022-02-25 14:11:36,930], , [http-nio-7077-exec-2], slot-management, INFO  LoggingAspect profileAllMethods | END of CustomInterceptor.preHandle
8ba0bb624c96050c 8ba0bb624c96050c [2022-02-25 14:11:36,931], , [http-nio-7077-exec-2], slot-management, INFO  LoggingAspect profileAllMethods | Execution time of CustomInterceptor.preHandle :: 691 ms
8ba0bb624c96050c 8ba0bb624c96050c [2022-02-25 14:11:37,149], 0:0:0:0:0:0:0:1, [http-nio-7077-exec-2], slot-management, INFO  LoggingAspect profileAllMethods | Start of SlotManagementController.saveSlotDetail
8ba0bb624c96050c 8ba0bb624c96050c [2022-02-25 14:11:37,168], 0:0:0:0:0:0:0:1, [http-nio-7077-exec-2], slot-management, INFO  SlotManagementController saveSlotDetail | Receive request
8ba0bb624c96050c 8ba0bb624c96050c [2022-02-25 14:11:49,708], 0:0:0:0:0:0:0:1, [http-nio-7077-exec-2], slot-management, INFO  LoggingAspect profileAllMethods | Start of SlotManagementServiceImpl.saveSlot
8ba0bb624c96050c 8ba0bb624c96050c [2022-02-25 14:11:49,725], 0:0:0:0:0:0:0:1, [http-nio-7077-exec-2], slot-management, INFO  SlotManagementServiceImpl saveSlot | Inside method save slot details
8ba0bb624c96050c 8ba0bb624c96050c [2022-02-25 14:11:54,387], 0:0:0:0:0:0:0:1, [http-nio-7077-exec-2], slot-management, INFO  LoggingAspect profileAllMethods | Start of UserDTO.getUserName
8ba0bb624c96050c 8ba0bb624c96050c [2022-02-25 14:11:54,418], 0:0:0:0:0:0:0:1, [http-nio-7077-exec-2], slot-management, INFO  LoggingAspect profileAllMethods | END of UserDTO.getUserName
8ba0bb624c96050c 8ba0bb624c96050c [2022-02-25 14:11:54,440], 0:0:0:0:0:0:0:1, [http-nio-7077-exec-2], slot-management, INFO  LoggingAspect profileAllMethods | Execution time of UserDTO.getUserName :: 54 ms
8ba0bb624c96050c 8ba0bb624c96050c [2022-02-25 14:11:54,482], 0:0:0:0:0:0:0:1, [http-nio-7077-exec-2], slot-management, INFO  LoggingAspect profileAllMethods | Start of DoctorMstrRepo.findByDmdUserId
8ba0bb624c96050c 8ba0bb624c96050c [2022-02-25 14:11:57,383], 0:0:0:0:0:0:0:1, [http-nio-7077-exec-2], slot-management, INFO  LoggingAspect profileAllMethods | END of DoctorMstrRepo.findByDmdUserId
8ba0bb624c96050c 8ba0bb624c96050c [2022-02-25 14:11:57,401], 0:0:0:0:0:0:0:1, [http-nio-7077-exec-2], slot-management, INFO  LoggingAspect profileAllMethods | Execution time of DoctorMstrRepo.findByDmdUserId :: 2920 ms
8ba0bb624c96050c 8ba0bb624c96050c [2022-02-25 14:12:25,065], 0:0:0:0:0:0:0:1, [http-nio-7077-exec-2], slot-management, INFO  LoggingAspect profileAllMethods | Start of UserDTO.getRole
8ba0bb624c96050c 8ba0bb624c96050c [2022-02-25 14:12:25,092], 0:0:0:0:0:0:0:1, [http-nio-7077-exec-2], slot-management, INFO  LoggingAspect profileAllMethods | END of UserDTO.getRole
8ba0bb624c96050c 8ba0bb624c96050c [2022-02-25 14:12:25,110], 0:0:0:0:0:0:0:1, [http-nio-7077-exec-2], slot-management, INFO  LoggingAspect profileAllMethods | Execution time of UserDTO.getRole :: 46 ms
8ba0bb624c96050c 8ba0bb624c96050c [2022-02-25 14:12:26,752], 0:0:0:0:0:0:0:1, [http-nio-7077-exec-2], slot-management, INFO  LoggingAspect profileAllMethods | Start of UserDTO.getUserName
8ba0bb624c96050c 8ba0bb624c96050c [2022-02-25 14:12:26,801], 0:0:0:0:0:0:0:1, [http-nio-7077-exec-2], slot-management, INFO  LoggingAspect profileAllMethods | END of UserDTO.getUserName
8ba0bb624c96050c 8ba0bb624c96050c [2022-02-25 14:12:26,838], 0:0:0:0:0:0:0:1, [http-nio-7077-exec-2], slot-management, INFO  LoggingAspect profileAllMethods | Execution time of UserDTO.getUserName :: 86 ms
8ba0bb624c96050c 8ba0bb624c96050c [2022-02-25 14:12:57,784], 0:0:0:0:0:0:0:1, [http-nio-7077-exec-2], slot-management, INFO  LoggingAspect profileAllMethods | Start of HolidayRepository.findByDrUserIdFkAndHolidayDate
8ba0bb624c96050c 8ba0bb624c96050c [2022-02-25 14:12:59,236], 0:0:0:0:0:0:0:1, [http-nio-7077-exec-2], slot-management, INFO  LoggingAspect profileAllMethods | END of HolidayRepository.findByDrUserIdFkAndHolidayDate
8ba0bb624c96050c 8ba0bb624c96050c [2022-02-25 14:12:59,303], 0:0:0:0:0:0:0:1, [http-nio-7077-exec-2], slot-management, INFO  LoggingAspect profileAllMethods | Execution time of HolidayRepository.findByDrUserIdFkAndHolidayDate :: 1518 ms
8ba0bb624c96050c 8ba0bb624c96050c [2022-02-25 14:13:16,449], 0:0:0:0:0:0:0:1, [http-nio-7077-exec-2], slot-management, INFO  LoggingAspect profileAllMethods | Start of UserDTO.getUserName
8ba0bb624c96050c 8ba0bb624c96050c [2022-02-25 14:13:16,495], 0:0:0:0:0:0:0:1, [http-nio-7077-exec-2], slot-management, INFO  LoggingAspect profileAllMethods | END of UserDTO.getUserName
8ba0bb624c96050c 8ba0bb624c96050c [2022-02-25 14:13:16,541], 0:0:0:0:0:0:0:1, [http-nio-7077-exec-2], slot-management, INFO  LoggingAspect profileAllMethods | Execution time of UserDTO.getUserName :: 93 ms
8ba0bb624c96050c 8ba0bb624c96050c [2022-02-25 14:13:20,669], 0:0:0:0:0:0:0:1, [http-nio-7077-exec-2], slot-management, INFO  LoggingAspect profileAllMethods | Start of UserDTO.getUserName
8ba0bb624c96050c 8ba0bb624c96050c [2022-02-25 14:13:20,723], 0:0:0:0:0:0:0:1, [http-nio-7077-exec-2], slot-management, INFO  LoggingAspect profileAllMethods | END of UserDTO.getUserName
8ba0bb624c96050c 8ba0bb624c96050c [2022-02-25 14:13:20,767], 0:0:0:0:0:0:0:1, [http-nio-7077-exec-2], slot-management, INFO  LoggingAspect profileAllMethods | Execution time of UserDTO.getUserName :: 97 ms
8ba0bb624c96050c 8ba0bb624c96050c [2022-02-25 14:13:21,415], 0:0:0:0:0:0:0:1, [http-nio-7077-exec-2], slot-management, INFO  SlotManagementServiceImpl saveSlot | Saving audit details
8ba0bb624c96050c 8ba0bb624c96050c [2022-02-25 14:13:21,935], 0:0:0:0:0:0:0:1, [http-nio-7077-exec-2], slot-management, INFO  LoggingAspect profileAllMethods | Start of CrudRepository.save
8ba0bb624c96050c 8ba0bb624c96050c [2022-02-25 14:13:24,297], 0:0:0:0:0:0:0:1, [http-nio-7077-exec-2], slot-management, INFO  LoggingAspect profileAllMethods | END of CrudRepository.save
8ba0bb624c96050c 8ba0bb624c96050c [2022-02-25 14:13:24,318], 0:0:0:0:0:0:0:1, [http-nio-7077-exec-2], slot-management, INFO  LoggingAspect profileAllMethods | Execution time of CrudRepository.save :: 2386 ms
8ba0bb624c96050c 8ba0bb624c96050c [2022-02-25 14:13:25,498], 0:0:0:0:0:0:0:1, [http-nio-7077-exec-2], slot-management, INFO  SlotManagementServiceImpl saveSlot | Audit details save
8ba0bb624c96050c 8ba0bb624c96050c [2022-02-25 14:13:26,366], 0:0:0:0:0:0:0:1, [http-nio-7077-exec-2], slot-management, INFO  SlotManagementServiceImpl saveSlot | Saving slot details
8ba0bb624c96050c 8ba0bb624c96050c [2022-02-25 14:13:27,526], 0:0:0:0:0:0:0:1, [http-nio-7077-exec-2], slot-management, INFO  LoggingAspect profileAllMethods | Start of CrudRepository.save
8ba0bb624c96050c 8ba0bb624c96050c [2022-02-25 14:13:27,914], 0:0:0:0:0:0:0:1, [http-nio-7077-exec-2], slot-management, INFO  LoggingAspect profileAllMethods | END of CrudRepository.save
8ba0bb624c96050c 8ba0bb624c96050c [2022-02-25 14:13:28,063], 0:0:0:0:0:0:0:1, [http-nio-7077-exec-2], slot-management, INFO  LoggingAspect profileAllMethods | Execution time of CrudRepository.save :: 533 ms
8ba0bb624c96050c 8ba0bb624c96050c [2022-02-25 14:13:28,847], 0:0:0:0:0:0:0:1, [http-nio-7077-exec-2], slot-management, INFO  SlotManagementServiceImpl saveSlot | Slot details save
8ba0bb624c96050c 8ba0bb624c96050c [2022-02-25 14:13:36,643], 0:0:0:0:0:0:0:1, [http-nio-7077-exec-2], slot-management, INFO  LoggingAspect profileAllMethods | Start of UserDTO.getUserName
8ba0bb624c96050c 8ba0bb624c96050c [2022-02-25 14:13:36,698], 0:0:0:0:0:0:0:1, [http-nio-7077-exec-2], slot-management, INFO  LoggingAspect profileAllMethods | END of UserDTO.getUserName
8ba0bb624c96050c 8ba0bb624c96050c [2022-02-25 14:13:36,752], 0:0:0:0:0:0:0:1, [http-nio-7077-exec-2], slot-management, INFO  LoggingAspect profileAllMethods | Execution time of UserDTO.getUserName :: 109 ms
8ba0bb624c96050c 8ba0bb624c96050c [2022-02-25 14:13:38,527], 0:0:0:0:0:0:0:1, [http-nio-7077-exec-2], slot-management, INFO  LoggingAspect profileAllMethods | Start of UserDTO.getUserName
8ba0bb624c96050c 8ba0bb624c96050c [2022-02-25 14:13:38,584], 0:0:0:0:0:0:0:1, [http-nio-7077-exec-2], slot-management, INFO  LoggingAspect profileAllMethods | END of UserDTO.getUserName
8ba0bb624c96050c 8ba0bb624c96050c [2022-02-25 14:13:38,637], 0:0:0:0:0:0:0:1, [http-nio-7077-exec-2], slot-management, INFO  LoggingAspect profileAllMethods | Execution time of UserDTO.getUserName :: 110 ms
8ba0bb624c96050c 8ba0bb624c96050c [2022-02-25 14:13:39,387], 0:0:0:0:0:0:0:1, [http-nio-7077-exec-2], slot-management, INFO  SlotManagementServiceImpl saveSlot | Saving audit details
8ba0bb624c96050c 8ba0bb624c96050c [2022-02-25 14:13:39,806], 0:0:0:0:0:0:0:1, [http-nio-7077-exec-2], slot-management, INFO  LoggingAspect profileAllMethods | Start of CrudRepository.save
8ba0bb624c96050c 8ba0bb624c96050c [2022-02-25 14:13:40,058], 0:0:0:0:0:0:0:1, [http-nio-7077-exec-2], slot-management, INFO  LoggingAspect profileAllMethods | END of CrudRepository.save
8ba0bb624c96050c 8ba0bb624c96050c [2022-02-25 14:13:40,094], 0:0:0:0:0:0:0:1, [http-nio-7077-exec-2], slot-management, INFO  LoggingAspect profileAllMethods | Execution time of CrudRepository.save :: 290 ms
8ba0bb624c96050c 8ba0bb624c96050c [2022-02-25 14:13:40,794], 0:0:0:0:0:0:0:1, [http-nio-7077-exec-2], slot-management, INFO  SlotManagementServiceImpl saveSlot | Audit details save
8ba0bb624c96050c 8ba0bb624c96050c [2022-02-25 14:13:40,967], 0:0:0:0:0:0:0:1, [http-nio-7077-exec-2], slot-management, INFO  SlotManagementServiceImpl saveSlot | Saving slot details
8ba0bb624c96050c 8ba0bb624c96050c [2022-02-25 14:13:41,222], 0:0:0:0:0:0:0:1, [http-nio-7077-exec-2], slot-management, INFO  LoggingAspect profileAllMethods | Start of CrudRepository.save
8ba0bb624c96050c 8ba0bb624c96050c [2022-02-25 14:13:41,514], 0:0:0:0:0:0:0:1, [http-nio-7077-exec-2], slot-management, INFO  LoggingAspect profileAllMethods | END of CrudRepository.save
8ba0bb624c96050c 8ba0bb624c96050c [2022-02-25 14:13:41,599], 0:0:0:0:0:0:0:1, [http-nio-7077-exec-2], slot-management, INFO  LoggingAspect profileAllMethods | Execution time of CrudRepository.save :: 374 ms
8ba0bb624c96050c 8ba0bb624c96050c [2022-02-25 14:13:42,226], 0:0:0:0:0:0:0:1, [http-nio-7077-exec-2], slot-management, INFO  SlotManagementServiceImpl saveSlot | Slot details save
8ba0bb624c96050c 8ba0bb624c96050c [2022-02-25 14:13:45,716], 0:0:0:0:0:0:0:1, [http-nio-7077-exec-2], slot-management, INFO  LoggingAspect profileAllMethods | Start of UserDTO.getUserName
8ba0bb624c96050c 8ba0bb624c96050c [2022-02-25 14:13:45,749], 0:0:0:0:0:0:0:1, [http-nio-7077-exec-2], slot-management, INFO  LoggingAspect profileAllMethods | END of UserDTO.getUserName
8ba0bb624c96050c 8ba0bb624c96050c [2022-02-25 14:13:45,782], 0:0:0:0:0:0:0:1, [http-nio-7077-exec-2], slot-management, INFO  LoggingAspect profileAllMethods | Execution time of UserDTO.getUserName :: 66 ms
8ba0bb624c96050c 8ba0bb624c96050c [2022-02-25 14:13:46,984], 0:0:0:0:0:0:0:1, [http-nio-7077-exec-2], slot-management, INFO  LoggingAspect profileAllMethods | Start of UserDTO.getUserName
8ba0bb624c96050c 8ba0bb624c96050c [2022-02-25 14:13:47,073], 0:0:0:0:0:0:0:1, [http-nio-7077-exec-2], slot-management, INFO  LoggingAspect profileAllMethods | END of UserDTO.getUserName
8ba0bb624c96050c 8ba0bb624c96050c [2022-02-25 14:13:47,180], 0:0:0:0:0:0:0:1, [http-nio-7077-exec-2], slot-management, INFO  LoggingAspect profileAllMethods | Execution time of UserDTO.getUserName :: 197 ms
8ba0bb624c96050c 8ba0bb624c96050c [2022-02-25 14:13:47,419], 0:0:0:0:0:0:0:1, [http-nio-7077-exec-2], slot-management, INFO  SlotManagementServiceImpl saveSlot | Saving audit details
8ba0bb624c96050c 8ba0bb624c96050c [2022-02-25 14:13:47,971], 0:0:0:0:0:0:0:1, [http-nio-7077-exec-2], slot-management, INFO  LoggingAspect profileAllMethods | Start of CrudRepository.save
8ba0bb624c96050c 8ba0bb624c96050c [2022-02-25 14:13:48,292], 0:0:0:0:0:0:0:1, [http-nio-7077-exec-2], slot-management, INFO  LoggingAspect profileAllMethods | END of CrudRepository.save
8ba0bb624c96050c 8ba0bb624c96050c [2022-02-25 14:13:48,390], 0:0:0:0:0:0:0:1, [http-nio-7077-exec-2], slot-management, INFO  LoggingAspect profileAllMethods | Execution time of CrudRepository.save :: 406 ms
8ba0bb624c96050c 8ba0bb624c96050c [2022-02-25 14:13:49,104], 0:0:0:0:0:0:0:1, [http-nio-7077-exec-2], slot-management, INFO  SlotManagementServiceImpl saveSlot | Audit details save
8ba0bb624c96050c 8ba0bb624c96050c [2022-02-25 14:13:49,311], 0:0:0:0:0:0:0:1, [http-nio-7077-exec-2], slot-management, INFO  SlotManagementServiceImpl saveSlot | Saving slot details
8ba0bb624c96050c 8ba0bb624c96050c [2022-02-25 14:13:49,527], 0:0:0:0:0:0:0:1, [http-nio-7077-exec-2], slot-management, INFO  LoggingAspect profileAllMethods | Start of CrudRepository.save
8ba0bb624c96050c 8ba0bb624c96050c [2022-02-25 14:13:49,740], 0:0:0:0:0:0:0:1, [http-nio-7077-exec-2], slot-management, INFO  LoggingAspect profileAllMethods | END of CrudRepository.save
8ba0bb624c96050c 8ba0bb624c96050c [2022-02-25 14:13:49,847], 0:0:0:0:0:0:0:1, [http-nio-7077-exec-2], slot-management, INFO  LoggingAspect profileAllMethods | Execution time of CrudRepository.save :: 317 ms
8ba0bb624c96050c 8ba0bb624c96050c [2022-02-25 14:13:50,421], 0:0:0:0:0:0:0:1, [http-nio-7077-exec-2], slot-management, INFO  SlotManagementServiceImpl saveSlot | Slot details save
8ba0bb624c96050c 8ba0bb624c96050c [2022-02-25 14:13:53,084], 0:0:0:0:0:0:0:1, [http-nio-7077-exec-2], slot-management, INFO  LoggingAspect profileAllMethods | Start of UserDTO.getUserName
8ba0bb624c96050c 8ba0bb624c96050c [2022-02-25 14:13:53,140], 0:0:0:0:0:0:0:1, [http-nio-7077-exec-2], slot-management, INFO  LoggingAspect profileAllMethods | END of UserDTO.getUserName
8ba0bb624c96050c 8ba0bb624c96050c [2022-02-25 14:13:53,198], 0:0:0:0:0:0:0:1, [http-nio-7077-exec-2], slot-management, INFO  LoggingAspect profileAllMethods | Execution time of UserDTO.getUserName :: 116 ms
8ba0bb624c96050c 8ba0bb624c96050c [2022-02-25 14:13:54,169], 0:0:0:0:0:0:0:1, [http-nio-7077-exec-2], slot-management, INFO  LoggingAspect profileAllMethods | Start of UserDTO.getUserName
8ba0bb624c96050c 8ba0bb624c96050c [2022-02-25 14:13:54,257], 0:0:0:0:0:0:0:1, [http-nio-7077-exec-2], slot-management, INFO  LoggingAspect profileAllMethods | END of UserDTO.getUserName
8ba0bb624c96050c 8ba0bb624c96050c [2022-02-25 14:13:54,367], 0:0:0:0:0:0:0:1, [http-nio-7077-exec-2], slot-management, INFO  LoggingAspect profileAllMethods | Execution time of UserDTO.getUserName :: 194 ms
8ba0bb624c96050c 8ba0bb624c96050c [2022-02-25 14:13:54,743], 0:0:0:0:0:0:0:1, [http-nio-7077-exec-2], slot-management, INFO  SlotManagementServiceImpl saveSlot | Saving audit details
8ba0bb624c96050c 8ba0bb624c96050c [2022-02-25 14:13:55,325], 0:0:0:0:0:0:0:1, [http-nio-7077-exec-2], slot-management, INFO  LoggingAspect profileAllMethods | Start of CrudRepository.save
8ba0bb624c96050c 8ba0bb624c96050c [2022-02-25 14:13:55,651], 0:0:0:0:0:0:0:1, [http-nio-7077-exec-2], slot-management, INFO  LoggingAspect profileAllMethods | END of CrudRepository.save
8ba0bb624c96050c 8ba0bb624c96050c [2022-02-25 14:13:55,831], 0:0:0:0:0:0:0:1, [http-nio-7077-exec-2], slot-management, INFO  LoggingAspect profileAllMethods | Execution time of CrudRepository.save :: 503 ms
8ba0bb624c96050c 8ba0bb624c96050c [2022-02-25 14:13:56,564], 0:0:0:0:0:0:0:1, [http-nio-7077-exec-2], slot-management, INFO  SlotManagementServiceImpl saveSlot | Audit details save
8ba0bb624c96050c 8ba0bb624c96050c [2022-02-25 14:13:56,727], 0:0:0:0:0:0:0:1, [http-nio-7077-exec-2], slot-management, INFO  SlotManagementServiceImpl saveSlot | Saving slot details
8ba0bb624c96050c 8ba0bb624c96050c [2022-02-25 14:13:57,001], 0:0:0:0:0:0:0:1, [http-nio-7077-exec-2], slot-management, INFO  LoggingAspect profileAllMethods | Start of CrudRepository.save
8ba0bb624c96050c 8ba0bb624c96050c [2022-02-25 14:13:57,399], 0:0:0:0:0:0:0:1, [http-nio-7077-exec-2], slot-management, INFO  LoggingAspect profileAllMethods | END of CrudRepository.save
8ba0bb624c96050c 8ba0bb624c96050c [2022-02-25 14:13:57,546], 0:0:0:0:0:0:0:1, [http-nio-7077-exec-2], slot-management, INFO  LoggingAspect profileAllMethods | Execution time of CrudRepository.save :: 546 ms
8ba0bb624c96050c 8ba0bb624c96050c [2022-02-25 14:13:58,192], 0:0:0:0:0:0:0:1, [http-nio-7077-exec-2], slot-management, INFO  SlotManagementServiceImpl saveSlot | Slot details save
8ba0bb624c96050c 8ba0bb624c96050c [2022-02-25 14:19:39,398], 0:0:0:0:0:0:0:1, [http-nio-7077-exec-2], slot-management, INFO  LoggingAspect profileAllMethods | Start of DrSlotMstrRepository.findByDrUserIdFk
8ba0bb624c96050c 8ba0bb624c96050c [2022-02-25 14:19:40,318], 0:0:0:0:0:0:0:1, [http-nio-7077-exec-2], slot-management, INFO  LoggingAspect profileAllMethods | END of DrSlotMstrRepository.findByDrUserIdFk
8ba0bb624c96050c 8ba0bb624c96050c [2022-02-25 14:19:40,401], 0:0:0:0:0:0:0:1, [http-nio-7077-exec-2], slot-management, INFO  LoggingAspect profileAllMethods | Execution time of DrSlotMstrRepository.findByDrUserIdFk :: 1004 ms
8ba0bb624c96050c 8ba0bb624c96050c [2022-02-25 14:19:42,479], 0:0:0:0:0:0:0:1, [http-nio-7077-exec-2], slot-management, INFO  LoggingAspect profileAllMethods | Start of UserDTO.getUserName
8ba0bb624c96050c 8ba0bb624c96050c [2022-02-25 14:19:42,537], 0:0:0:0:0:0:0:1, [http-nio-7077-exec-2], slot-management, INFO  LoggingAspect profileAllMethods | END of UserDTO.getUserName
8ba0bb624c96050c 8ba0bb624c96050c [2022-02-25 14:19:42,586], 0:0:0:0:0:0:0:1, [http-nio-7077-exec-2], slot-management, INFO  LoggingAspect profileAllMethods | Execution time of UserDTO.getUserName :: 108 ms
8ba0bb624c96050c 8ba0bb624c96050c [2022-02-25 14:19:47,612], 0:0:0:0:0:0:0:1, [http-nio-7077-exec-2], slot-management, INFO  SlotManagementServiceImpl saveSlot | Saving slot master details
8ba0bb624c96050c 8ba0bb624c96050c [2022-02-25 14:19:48,279], 0:0:0:0:0:0:0:1, [http-nio-7077-exec-2], slot-management, INFO  LoggingAspect profileAllMethods | Start of CrudRepository.save
8ba0bb624c96050c 8ba0bb624c96050c [2022-02-25 14:19:49,150], 0:0:0:0:0:0:0:1, [http-nio-7077-exec-2], slot-management, INFO  LoggingAspect profileAllMethods | END of CrudRepository.save
8ba0bb624c96050c 8ba0bb624c96050c [2022-02-25 14:19:49,204], 0:0:0:0:0:0:0:1, [http-nio-7077-exec-2], slot-management, INFO  LoggingAspect profileAllMethods | Execution time of CrudRepository.save :: 926 ms
8ba0bb624c96050c 8ba0bb624c96050c [2022-02-25 14:19:49,764], 0:0:0:0:0:0:0:1, [http-nio-7077-exec-2], slot-management, INFO  SlotManagementServiceImpl saveSlot | Slot master details saved
8ba0bb624c96050c 8ba0bb624c96050c [2022-02-25 14:19:50,024], 0:0:0:0:0:0:0:1, [http-nio-7077-exec-2], slot-management, INFO  SlotManagementServiceImpl saveSlot | Saving slot master details audit
8ba0bb624c96050c 8ba0bb624c96050c [2022-02-25 14:19:50,328], 0:0:0:0:0:0:0:1, [http-nio-7077-exec-2], slot-management, INFO  LoggingAspect profileAllMethods | Start of UserDTO.getUserName
8ba0bb624c96050c 8ba0bb624c96050c [2022-02-25 14:19:50,380], 0:0:0:0:0:0:0:1, [http-nio-7077-exec-2], slot-management, INFO  LoggingAspect profileAllMethods | END of UserDTO.getUserName
8ba0bb624c96050c 8ba0bb624c96050c [2022-02-25 14:19:50,410], 0:0:0:0:0:0:0:1, [http-nio-7077-exec-2], slot-management, INFO  LoggingAspect profileAllMethods | Execution time of UserDTO.getUserName :: 86 ms
8ba0bb624c96050c 8ba0bb624c96050c [2022-02-25 14:19:50,525], 0:0:0:0:0:0:0:1, [http-nio-7077-exec-2], slot-management, INFO  LoggingAspect profileAllMethods | Start of CrudRepository.save
8ba0bb624c96050c 8ba0bb624c96050c [2022-02-25 14:19:51,113], 0:0:0:0:0:0:0:1, [http-nio-7077-exec-2], slot-management, INFO  LoggingAspect profileAllMethods | END of CrudRepository.save
8ba0bb624c96050c 8ba0bb624c96050c [2022-02-25 14:19:51,261], 0:0:0:0:0:0:0:1, [http-nio-7077-exec-2], slot-management, INFO  LoggingAspect profileAllMethods | Execution time of CrudRepository.save :: 731 ms
8ba0bb624c96050c 8ba0bb624c96050c [2022-02-25 14:19:52,076], 0:0:0:0:0:0:0:1, [http-nio-7077-exec-2], slot-management, INFO  SlotManagementServiceImpl saveSlot | Slot master details audit saved
8ba0bb624c96050c 8ba0bb624c96050c [2022-02-25 14:19:57,628], 0:0:0:0:0:0:0:1, [http-nio-7077-exec-2], slot-management, INFO  LoggingAspect profileAllMethods | END of SlotManagementServiceImpl.saveSlot
8ba0bb624c96050c 8ba0bb624c96050c [2022-02-25 14:19:57,632], 0:0:0:0:0:0:0:1, [http-nio-7077-exec-2], slot-management, INFO  LoggingAspect profileAllMethods | Execution time of SlotManagementServiceImpl.saveSlot :: 487923 ms
8ba0bb624c96050c 8ba0bb624c96050c [2022-02-25 14:19:58,380], 0:0:0:0:0:0:0:1, [http-nio-7077-exec-2], slot-management, INFO  AbstractBatchImpl release | HHH000010: On release of batch it still contained JDBC statements
8ba0bb624c96050c 8ba0bb624c96050c [2022-02-25 14:19:58,389], 0:0:0:0:0:0:0:1, [http-nio-7077-exec-2], slot-management, ERROR BatchingBatch performExecution | HHH000315: Exception executing batch [java.sql.BatchUpdateException: Batch entry 0 insert into appointment.dr_slot_dtls (dsd_consul_fee, dsd_created_by, dsd_created_tmstmp, dsd_dr_user_id_fk, dsd_isactive, dsd_modified_by, dsd_modified_tmstmp, dsd_opti_version, dsd_slot, dsd_slot_date, dsd_slot_type, dsd_id_pk) values (0, 'SONAD1234', '2022-02-25 14:13:16.850101+05:30', 'SONAD1234', 'TRUE', NULL, NULL, 0, '15:00-15:10', '2022-02-25 00:00:00+05:30', 'In-Clinic', 1395636),(0, 'SONAD1234', '2022-02-25 14:13:36.998878+05:30', 'SONAD1234', 'TRUE', NULL, NULL, 0, '15:10-15:20', '2022-02-25 00:00:00+05:30', 'In-Clinic', 1395638),(0, 'SONAD1234', '2022-02-25 14:13:45.865606+05:30', 'SONAD1234', 'TRUE', NULL, NULL, 0, '15:20-15:30', '2022-02-25 00:00:00+05:30', 'In-Clinic', 1395640),(0, 'SONAD1234', '2022-02-25 14:13:53.574366+05:30', 'SONAD1234', 'TRUE', NULL, NULL, 0, '15:30-15:40', '2022-02-25 00:00:00+05:30', 'In-Clinic', 1395642) was aborted: ERROR: duplicate key value violates unique constraint "ukob33futv5xnvl5cwqhxqwcpls"
  Detail: Key (dsd_dr_user_id_fk, dsd_slot, dsd_slot_date, dsd_isactive)=(SONAD1234, 15:00-15:10, 2022-02-25, t) already exists.  Call getNextException to see other errors in the batch.], SQL: insert into appointment.dr_slot_dtls (dsd_consul_fee, dsd_created_by, dsd_created_tmstmp, dsd_dr_user_id_fk, dsd_isactive, dsd_modified_by, dsd_modified_tmstmp, dsd_opti_version, dsd_slot, dsd_slot_date, dsd_slot_type, dsd_id_pk) values (?, ?, ?, ?, ?, ?, ?, ?, ?, ?, ?, ?)
8ba0bb624c96050c 8ba0bb624c96050c [2022-02-25 14:19:58,401], 0:0:0:0:0:0:0:1, [http-nio-7077-exec-2], slot-management, WARN  SqlExceptionHelper logExceptions | SQL Error: 0, SQLState: 23505
8ba0bb624c96050c 8ba0bb624c96050c [2022-02-25 14:19:58,409], 0:0:0:0:0:0:0:1, [http-nio-7077-exec-2], slot-management, ERROR SqlExceptionHelper logExceptions | Batch entry 0 insert into appointment.dr_slot_dtls (dsd_consul_fee, dsd_created_by, dsd_created_tmstmp, dsd_dr_user_id_fk, dsd_isactive, dsd_modified_by, dsd_modified_tmstmp, dsd_opti_version, dsd_slot, dsd_slot_date, dsd_slot_type, dsd_id_pk) values (0, 'SONAD1234', '2022-02-25 14:13:16.850101+05:30', 'SONAD1234', 'TRUE', NULL, NULL, 0, '15:00-15:10', '2022-02-25 00:00:00+05:30', 'In-Clinic', 1395636),(0, 'SONAD1234', '2022-02-25 14:13:36.998878+05:30', 'SONAD1234', 'TRUE', NULL, NULL, 0, '15:10-15:20', '2022-02-25 00:00:00+05:30', 'In-Clinic', 1395638),(0, 'SONAD1234', '2022-02-25 14:13:45.865606+05:30', 'SONAD1234', 'TRUE', NULL, NULL, 0, '15:20-15:30', '2022-02-25 00:00:00+05:30', 'In-Clinic', 1395640),(0, 'SONAD1234', '2022-02-25 14:13:53.574366+05:30', 'SONAD1234', 'TRUE', NULL, NULL, 0, '15:30-15:40', '2022-02-25 00:00:00+05:30', 'In-Clinic', 1395642) was aborted: ERROR: duplicate key value violates unique constraint "ukob33futv5xnvl5cwqhxqwcpls"
  Detail: Key (dsd_dr_user_id_fk, dsd_slot, dsd_slot_date, dsd_isactive)=(SONAD1234, 15:00-15:10, 2022-02-25, t) already exists.  Call getNextException to see other errors in the batch.
8ba0bb624c96050c 8ba0bb624c96050c [2022-02-25 14:19:58,411], 0:0:0:0:0:0:0:1, [http-nio-7077-exec-2], slot-management, ERROR SqlExceptionHelper logExceptions | ERROR: duplicate key value violates unique constraint "ukob33futv5xnvl5cwqhxqwcpls"
  Detail: Key (dsd_dr_user_id_fk, dsd_slot, dsd_slot_date, dsd_isactive)=(SONAD1234, 15:00-15:10, 2022-02-25, t) already exists.
8ba0bb624c96050c 8ba0bb624c96050c [2022-02-25 14:19:58,444], 0:0:0:0:0:0:0:1, [http-nio-7077-exec-2], slot-management, ERROR ExceptionMapperStandardImpl mapManagedFlushFailure | HHH000346: Error during managed flush [org.hibernate.exception.ConstraintViolationException: could not execute batch]
8ba0bb624c96050c 8ba0bb624c96050c [2022-02-25 14:19:58,644], 0:0:0:0:0:0:0:1, [http-nio-7077-exec-2], slot-management, ERROR SlotManagementController saveSlotDetail | Slot time alredy available
8ba0bb624c96050c 8ba0bb624c96050c [2022-02-25 14:19:58,647], 0:0:0:0:0:0:0:1, [http-nio-7077-exec-2], slot-management, INFO  LoggingAspect profileAllMethods | END of SlotManagementController.saveSlotDetail
8ba0bb624c96050c 8ba0bb624c96050c [2022-02-25 14:19:58,649], 0:0:0:0:0:0:0:1, [http-nio-7077-exec-2], slot-management, INFO  LoggingAspect profileAllMethods | Execution time of SlotManagementController.saveSlotDetail :: 501500 ms
8ba0bb624c96050c 8ba0bb624c96050c [2022-02-25 14:19:58,742], 0:0:0:0:0:0:0:1, [http-nio-7077-exec-2], slot-management, INFO  LoggingAspect profileAllMethods | Start of CustomInterceptor.postHandle
8ba0bb624c96050c 8ba0bb624c96050c [2022-02-25 14:19:58,743], 0:0:0:0:0:0:0:1, [http-nio-7077-exec-2], slot-management, INFO  LoggingAspect profileAllMethods | END of CustomInterceptor.postHandle
8ba0bb624c96050c 8ba0bb624c96050c [2022-02-25 14:19:58,743], 0:0:0:0:0:0:0:1, [http-nio-7077-exec-2], slot-management, INFO  LoggingAspect profileAllMethods | Execution time of CustomInterceptor.postHandle :: 1 ms
8ba0bb624c96050c 8ba0bb624c96050c [2022-02-25 14:19:58,746], 0:0:0:0:0:0:0:1, [http-nio-7077-exec-2], slot-management, INFO  LoggingAspect profileAllMethods | Start of CustomInterceptor.afterCompletion
8ba0bb624c96050c 8ba0bb624c96050c [2022-02-25 14:19:58,747], 0:0:0:0:0:0:0:1, [http-nio-7077-exec-2], slot-management, INFO  LoggingAspect profileAllMethods | END of CustomInterceptor.afterCompletion
8ba0bb624c96050c 8ba0bb624c96050c [2022-02-25 14:19:58,748], 0:0:0:0:0:0:0:1, [http-nio-7077-exec-2], slot-management, INFO  LoggingAspect profileAllMethods | Execution time of CustomInterceptor.afterCompletion :: 2 ms
d35aac3240c43509 d35aac3240c43509 [2022-02-25 14:31:36,375], , [http-nio-7077-exec-9], slot-management, INFO  LoggingAspect profileAllMethods | Start of CustomInterceptor.preHandle
d35aac3240c43509 d35aac3240c43509 [2022-02-25 14:31:36,584], , [http-nio-7077-exec-9], slot-management, INFO  LoggingAspect profileAllMethods | Start of TokenValidator.getUsernameFromToken
d35aac3240c43509 d35aac3240c43509 [2022-02-25 14:31:36,828], , [http-nio-7077-exec-9], slot-management, INFO  LoggingAspect profileAllMethods | END of TokenValidator.getUsernameFromToken
d35aac3240c43509 d35aac3240c43509 [2022-02-25 14:31:36,830], , [http-nio-7077-exec-9], slot-management, INFO  LoggingAspect profileAllMethods | Execution time of TokenValidator.getUsernameFromToken :: 246 ms
d35aac3240c43509 d35aac3240c43509 [2022-02-25 14:31:36,832], , [http-nio-7077-exec-9], slot-management, INFO  LoggingAspect profileAllMethods | Start of TokenValidator.getRoleFromToken
d35aac3240c43509 d35aac3240c43509 [2022-02-25 14:31:36,839], , [http-nio-7077-exec-9], slot-management, INFO  LoggingAspect profileAllMethods | END of TokenValidator.getRoleFromToken
d35aac3240c43509 d35aac3240c43509 [2022-02-25 14:31:36,842], , [http-nio-7077-exec-9], slot-management, INFO  LoggingAspect profileAllMethods | Execution time of TokenValidator.getRoleFromToken :: 10 ms
d35aac3240c43509 d35aac3240c43509 [2022-02-25 14:31:37,218], , [http-nio-7077-exec-9], slot-management, INFO  LoggingAspect profileAllMethods | Start of UserDTO.setRole
d35aac3240c43509 d35aac3240c43509 [2022-02-25 14:31:37,228], , [http-nio-7077-exec-9], slot-management, INFO  LoggingAspect profileAllMethods | END of UserDTO.setRole
d35aac3240c43509 d35aac3240c43509 [2022-02-25 14:31:37,233], , [http-nio-7077-exec-9], slot-management, INFO  LoggingAspect profileAllMethods | Execution time of UserDTO.setRole :: 15 ms
d35aac3240c43509 d35aac3240c43509 [2022-02-25 14:31:37,236], , [http-nio-7077-exec-9], slot-management, INFO  LoggingAspect profileAllMethods | Start of UserDTO.setUserName
d35aac3240c43509 d35aac3240c43509 [2022-02-25 14:31:37,237], , [http-nio-7077-exec-9], slot-management, INFO  LoggingAspect profileAllMethods | END of UserDTO.setUserName
d35aac3240c43509 d35aac3240c43509 [2022-02-25 14:31:37,240], , [http-nio-7077-exec-9], slot-management, INFO  LoggingAspect profileAllMethods | Execution time of UserDTO.setUserName :: 4 ms
d35aac3240c43509 d35aac3240c43509 [2022-02-25 14:31:37,241], , [http-nio-7077-exec-9], slot-management, INFO  LoggingAspect profileAllMethods | END of CustomInterceptor.preHandle
d35aac3240c43509 d35aac3240c43509 [2022-02-25 14:31:37,242], , [http-nio-7077-exec-9], slot-management, INFO  LoggingAspect profileAllMethods | Execution time of CustomInterceptor.preHandle :: 881 ms
d35aac3240c43509 d35aac3240c43509 [2022-02-25 14:31:37,524], 0:0:0:0:0:0:0:1, [http-nio-7077-exec-9], slot-management, INFO  LoggingAspect profileAllMethods | Start of SlotManagementController.saveSlotDetail
d35aac3240c43509 d35aac3240c43509 [2022-02-25 14:31:37,530], 0:0:0:0:0:0:0:1, [http-nio-7077-exec-9], slot-management, INFO  SlotManagementController saveSlotDetail | Receive request
d35aac3240c43509 d35aac3240c43509 [2022-02-25 14:31:45,488], 0:0:0:0:0:0:0:1, [http-nio-7077-exec-9], slot-management, INFO  LoggingAspect profileAllMethods | Start of SlotManagementServiceImpl.saveSlot
d35aac3240c43509 d35aac3240c43509 [2022-02-25 14:31:45,490], 0:0:0:0:0:0:0:1, [http-nio-7077-exec-9], slot-management, INFO  SlotManagementServiceImpl saveSlot | Inside method save slot details
d35aac3240c43509 d35aac3240c43509 [2022-02-25 14:31:49,462], 0:0:0:0:0:0:0:1, [http-nio-7077-exec-9], slot-management, INFO  LoggingAspect profileAllMethods | Start of UserDTO.getUserName
d35aac3240c43509 d35aac3240c43509 [2022-02-25 14:31:49,520], 0:0:0:0:0:0:0:1, [http-nio-7077-exec-9], slot-management, INFO  LoggingAspect profileAllMethods | END of UserDTO.getUserName
d35aac3240c43509 d35aac3240c43509 [2022-02-25 14:31:49,562], 0:0:0:0:0:0:0:1, [http-nio-7077-exec-9], slot-management, INFO  LoggingAspect profileAllMethods | Execution time of UserDTO.getUserName :: 102 ms
d35aac3240c43509 d35aac3240c43509 [2022-02-25 14:31:49,651], 0:0:0:0:0:0:0:1, [http-nio-7077-exec-9], slot-management, INFO  LoggingAspect profileAllMethods | Start of DoctorMstrRepo.findByDmdUserId
d35aac3240c43509 d35aac3240c43509 [2022-02-25 14:31:50,360], 0:0:0:0:0:0:0:1, [http-nio-7077-exec-9], slot-management, INFO  LoggingAspect profileAllMethods | END of DoctorMstrRepo.findByDmdUserId
d35aac3240c43509 d35aac3240c43509 [2022-02-25 14:31:50,380], 0:0:0:0:0:0:0:1, [http-nio-7077-exec-9], slot-management, INFO  LoggingAspect profileAllMethods | Execution time of DoctorMstrRepo.findByDmdUserId :: 731 ms
d35aac3240c43509 d35aac3240c43509 [2022-02-25 14:32:07,239], 0:0:0:0:0:0:0:1, [http-nio-7077-exec-9], slot-management, INFO  LoggingAspect profileAllMethods | Start of UserDTO.getRole
d35aac3240c43509 d35aac3240c43509 [2022-02-25 14:32:07,292], 0:0:0:0:0:0:0:1, [http-nio-7077-exec-9], slot-management, INFO  LoggingAspect profileAllMethods | END of UserDTO.getRole
d35aac3240c43509 d35aac3240c43509 [2022-02-25 14:32:07,345], 0:0:0:0:0:0:0:1, [http-nio-7077-exec-9], slot-management, INFO  LoggingAspect profileAllMethods | Execution time of UserDTO.getRole :: 106 ms
d35aac3240c43509 d35aac3240c43509 [2022-02-25 14:32:08,716], 0:0:0:0:0:0:0:1, [http-nio-7077-exec-9], slot-management, INFO  LoggingAspect profileAllMethods | Start of UserDTO.getUserName
d35aac3240c43509 d35aac3240c43509 [2022-02-25 14:32:08,775], 0:0:0:0:0:0:0:1, [http-nio-7077-exec-9], slot-management, INFO  LoggingAspect profileAllMethods | END of UserDTO.getUserName
d35aac3240c43509 d35aac3240c43509 [2022-02-25 14:32:08,804], 0:0:0:0:0:0:0:1, [http-nio-7077-exec-9], slot-management, INFO  LoggingAspect profileAllMethods | Execution time of UserDTO.getUserName :: 89 ms
d35aac3240c43509 d35aac3240c43509 [2022-02-25 14:32:22,497], 0:0:0:0:0:0:0:1, [http-nio-7077-exec-9], slot-management, INFO  LoggingAspect profileAllMethods | Start of HolidayRepository.findByDrUserIdFkAndHolidayDate
d35aac3240c43509 d35aac3240c43509 [2022-02-25 14:32:22,907], 0:0:0:0:0:0:0:1, [http-nio-7077-exec-9], slot-management, INFO  LoggingAspect profileAllMethods | END of HolidayRepository.findByDrUserIdFkAndHolidayDate
d35aac3240c43509 d35aac3240c43509 [2022-02-25 14:32:22,973], 0:0:0:0:0:0:0:1, [http-nio-7077-exec-9], slot-management, INFO  LoggingAspect profileAllMethods | Execution time of HolidayRepository.findByDrUserIdFkAndHolidayDate :: 477 ms
d35aac3240c43509 d35aac3240c43509 [2022-02-25 14:32:35,248], 0:0:0:0:0:0:0:1, [http-nio-7077-exec-9], slot-management, INFO  LoggingAspect profileAllMethods | Start of UserDTO.getUserName
d35aac3240c43509 d35aac3240c43509 [2022-02-25 14:32:35,280], 0:0:0:0:0:0:0:1, [http-nio-7077-exec-9], slot-management, INFO  LoggingAspect profileAllMethods | END of UserDTO.getUserName
d35aac3240c43509 d35aac3240c43509 [2022-02-25 14:32:35,299], 0:0:0:0:0:0:0:1, [http-nio-7077-exec-9], slot-management, INFO  LoggingAspect profileAllMethods | Execution time of UserDTO.getUserName :: 51 ms
d35aac3240c43509 d35aac3240c43509 [2022-02-25 14:32:37,315], 0:0:0:0:0:0:0:1, [http-nio-7077-exec-9], slot-management, INFO  LoggingAspect profileAllMethods | Start of UserDTO.getUserName
d35aac3240c43509 d35aac3240c43509 [2022-02-25 14:32:37,343], 0:0:0:0:0:0:0:1, [http-nio-7077-exec-9], slot-management, INFO  LoggingAspect profileAllMethods | END of UserDTO.getUserName
d35aac3240c43509 d35aac3240c43509 [2022-02-25 14:32:37,369], 0:0:0:0:0:0:0:1, [http-nio-7077-exec-9], slot-management, INFO  LoggingAspect profileAllMethods | Execution time of UserDTO.getUserName :: 54 ms
d35aac3240c43509 d35aac3240c43509 [2022-02-25 14:32:37,947], 0:0:0:0:0:0:0:1, [http-nio-7077-exec-9], slot-management, INFO  SlotManagementServiceImpl saveSlot | Saving audit details
d35aac3240c43509 d35aac3240c43509 [2022-02-25 14:32:38,598], 0:0:0:0:0:0:0:1, [http-nio-7077-exec-9], slot-management, INFO  LoggingAspect profileAllMethods | Start of CrudRepository.save
d35aac3240c43509 d35aac3240c43509 [2022-02-25 14:32:38,889], 0:0:0:0:0:0:0:1, [http-nio-7077-exec-9], slot-management, INFO  LoggingAspect profileAllMethods | END of CrudRepository.save
d35aac3240c43509 d35aac3240c43509 [2022-02-25 14:32:38,946], 0:0:0:0:0:0:0:1, [http-nio-7077-exec-9], slot-management, INFO  LoggingAspect profileAllMethods | Execution time of CrudRepository.save :: 350 ms
d35aac3240c43509 d35aac3240c43509 [2022-02-25 14:32:39,693], 0:0:0:0:0:0:0:1, [http-nio-7077-exec-9], slot-management, INFO  SlotManagementServiceImpl saveSlot | Audit details save
d35aac3240c43509 d35aac3240c43509 [2022-02-25 14:32:40,600], 0:0:0:0:0:0:0:1, [http-nio-7077-exec-9], slot-management, INFO  SlotManagementServiceImpl saveSlot | Saving slot details
d35aac3240c43509 d35aac3240c43509 [2022-02-25 14:32:41,690], 0:0:0:0:0:0:0:1, [http-nio-7077-exec-9], slot-management, INFO  LoggingAspect profileAllMethods | Start of CrudRepository.save
d35aac3240c43509 d35aac3240c43509 [2022-02-25 14:32:41,925], 0:0:0:0:0:0:0:1, [http-nio-7077-exec-9], slot-management, INFO  LoggingAspect profileAllMethods | END of CrudRepository.save
d35aac3240c43509 d35aac3240c43509 [2022-02-25 14:32:41,995], 0:0:0:0:0:0:0:1, [http-nio-7077-exec-9], slot-management, INFO  LoggingAspect profileAllMethods | Execution time of CrudRepository.save :: 306 ms
d35aac3240c43509 d35aac3240c43509 [2022-02-25 14:32:42,775], 0:0:0:0:0:0:0:1, [http-nio-7077-exec-9], slot-management, INFO  SlotManagementServiceImpl saveSlot | Slot details save
d35aac3240c43509 d35aac3240c43509 [2022-02-25 14:32:46,067], 0:0:0:0:0:0:0:1, [http-nio-7077-exec-9], slot-management, INFO  LoggingAspect profileAllMethods | Start of UserDTO.getUserName
d35aac3240c43509 d35aac3240c43509 [2022-02-25 14:32:46,121], 0:0:0:0:0:0:0:1, [http-nio-7077-exec-9], slot-management, INFO  LoggingAspect profileAllMethods | END of UserDTO.getUserName
d35aac3240c43509 d35aac3240c43509 [2022-02-25 14:32:46,165], 0:0:0:0:0:0:0:1, [http-nio-7077-exec-9], slot-management, INFO  LoggingAspect profileAllMethods | Execution time of UserDTO.getUserName :: 98 ms
d35aac3240c43509 d35aac3240c43509 [2022-02-25 14:32:51,255], 0:0:0:0:0:0:0:1, [http-nio-7077-exec-9], slot-management, INFO  LoggingAspect profileAllMethods | Start of UserDTO.getUserName
d35aac3240c43509 d35aac3240c43509 [2022-02-25 14:32:51,332], 0:0:0:0:0:0:0:1, [http-nio-7077-exec-9], slot-management, INFO  LoggingAspect profileAllMethods | END of UserDTO.getUserName
d35aac3240c43509 d35aac3240c43509 [2022-02-25 14:32:51,411], 0:0:0:0:0:0:0:1, [http-nio-7077-exec-9], slot-management, INFO  LoggingAspect profileAllMethods | Execution time of UserDTO.getUserName :: 157 ms
d35aac3240c43509 d35aac3240c43509 [2022-02-25 14:32:51,846], 0:0:0:0:0:0:0:1, [http-nio-7077-exec-9], slot-management, INFO  SlotManagementServiceImpl saveSlot | Saving audit details
d35aac3240c43509 d35aac3240c43509 [2022-02-25 14:32:52,476], 0:0:0:0:0:0:0:1, [http-nio-7077-exec-9], slot-management, INFO  LoggingAspect profileAllMethods | Start of CrudRepository.save
d35aac3240c43509 d35aac3240c43509 [2022-02-25 14:32:52,810], 0:0:0:0:0:0:0:1, [http-nio-7077-exec-9], slot-management, INFO  LoggingAspect profileAllMethods | END of CrudRepository.save
d35aac3240c43509 d35aac3240c43509 [2022-02-25 14:32:52,948], 0:0:0:0:0:0:0:1, [http-nio-7077-exec-9], slot-management, INFO  LoggingAspect profileAllMethods | Execution time of CrudRepository.save :: 469 ms
d35aac3240c43509 d35aac3240c43509 [2022-02-25 14:32:53,887], 0:0:0:0:0:0:0:1, [http-nio-7077-exec-9], slot-management, INFO  SlotManagementServiceImpl saveSlot | Audit details save
d35aac3240c43509 d35aac3240c43509 [2022-02-25 14:32:54,238], 0:0:0:0:0:0:0:1, [http-nio-7077-exec-9], slot-management, INFO  SlotManagementServiceImpl saveSlot | Saving slot details
d35aac3240c43509 d35aac3240c43509 [2022-02-25 14:32:54,725], 0:0:0:0:0:0:0:1, [http-nio-7077-exec-9], slot-management, INFO  LoggingAspect profileAllMethods | Start of CrudRepository.save
d35aac3240c43509 d35aac3240c43509 [2022-02-25 14:32:55,062], 0:0:0:0:0:0:0:1, [http-nio-7077-exec-9], slot-management, INFO  LoggingAspect profileAllMethods | END of CrudRepository.save
d35aac3240c43509 d35aac3240c43509 [2022-02-25 14:32:55,137], 0:0:0:0:0:0:0:1, [http-nio-7077-exec-9], slot-management, INFO  LoggingAspect profileAllMethods | Execution time of CrudRepository.save :: 414 ms
d35aac3240c43509 d35aac3240c43509 [2022-02-25 14:32:55,712], 0:0:0:0:0:0:0:1, [http-nio-7077-exec-9], slot-management, INFO  SlotManagementServiceImpl saveSlot | Slot details save
d35aac3240c43509 d35aac3240c43509 [2022-02-25 14:33:23,626], 0:0:0:0:0:0:0:1, [http-nio-7077-exec-9], slot-management, INFO  LoggingAspect profileAllMethods | Start of UserDTO.getUserName
d35aac3240c43509 d35aac3240c43509 [2022-02-25 14:33:23,675], 0:0:0:0:0:0:0:1, [http-nio-7077-exec-9], slot-management, INFO  LoggingAspect profileAllMethods | END of UserDTO.getUserName
d35aac3240c43509 d35aac3240c43509 [2022-02-25 14:33:23,716], 0:0:0:0:0:0:0:1, [http-nio-7077-exec-9], slot-management, INFO  LoggingAspect profileAllMethods | Execution time of UserDTO.getUserName :: 92 ms
d35aac3240c43509 d35aac3240c43509 [2022-02-25 14:33:25,512], 0:0:0:0:0:0:0:1, [http-nio-7077-exec-9], slot-management, INFO  LoggingAspect profileAllMethods | Start of UserDTO.getUserName
d35aac3240c43509 d35aac3240c43509 [2022-02-25 14:33:25,585], 0:0:0:0:0:0:0:1, [http-nio-7077-exec-9], slot-management, INFO  LoggingAspect profileAllMethods | END of UserDTO.getUserName
d35aac3240c43509 d35aac3240c43509 [2022-02-25 14:33:25,685], 0:0:0:0:0:0:0:1, [http-nio-7077-exec-9], slot-management, INFO  LoggingAspect profileAllMethods | Execution time of UserDTO.getUserName :: 173 ms
d35aac3240c43509 d35aac3240c43509 [2022-02-25 14:33:26,283], 0:0:0:0:0:0:0:1, [http-nio-7077-exec-9], slot-management, INFO  SlotManagementServiceImpl saveSlot | Saving audit details
d35aac3240c43509 d35aac3240c43509 [2022-02-25 14:33:26,772], 0:0:0:0:0:0:0:1, [http-nio-7077-exec-9], slot-management, INFO  LoggingAspect profileAllMethods | Start of CrudRepository.save
d35aac3240c43509 d35aac3240c43509 [2022-02-25 14:33:27,144], 0:0:0:0:0:0:0:1, [http-nio-7077-exec-9], slot-management, INFO  LoggingAspect profileAllMethods | END of CrudRepository.save
d35aac3240c43509 d35aac3240c43509 [2022-02-25 14:33:27,209], 0:0:0:0:0:0:0:1, [http-nio-7077-exec-9], slot-management, INFO  LoggingAspect profileAllMethods | Execution time of CrudRepository.save :: 438 ms
d35aac3240c43509 d35aac3240c43509 [2022-02-25 14:33:28,037], 0:0:0:0:0:0:0:1, [http-nio-7077-exec-9], slot-management, INFO  SlotManagementServiceImpl saveSlot | Audit details save
d35aac3240c43509 d35aac3240c43509 [2022-02-25 14:33:28,296], 0:0:0:0:0:0:0:1, [http-nio-7077-exec-9], slot-management, INFO  SlotManagementServiceImpl saveSlot | Saving slot details
d35aac3240c43509 d35aac3240c43509 [2022-02-25 14:33:28,743], 0:0:0:0:0:0:0:1, [http-nio-7077-exec-9], slot-management, INFO  LoggingAspect profileAllMethods | Start of CrudRepository.save
d35aac3240c43509 d35aac3240c43509 [2022-02-25 14:33:29,274], 0:0:0:0:0:0:0:1, [http-nio-7077-exec-9], slot-management, INFO  LoggingAspect profileAllMethods | END of CrudRepository.save
d35aac3240c43509 d35aac3240c43509 [2022-02-25 14:33:29,333], 0:0:0:0:0:0:0:1, [http-nio-7077-exec-9], slot-management, INFO  LoggingAspect profileAllMethods | Execution time of CrudRepository.save :: 591 ms
d35aac3240c43509 d35aac3240c43509 [2022-02-25 14:33:29,738], 0:0:0:0:0:0:0:1, [http-nio-7077-exec-9], slot-management, INFO  SlotManagementServiceImpl saveSlot | Slot details save
d35aac3240c43509 d35aac3240c43509 [2022-02-25 14:34:01,205], 0:0:0:0:0:0:0:1, [http-nio-7077-exec-9], slot-management, INFO  LoggingAspect profileAllMethods | Start of DrSlotMstrRepository.findByDrUserIdFk
d35aac3240c43509 d35aac3240c43509 [2022-02-25 14:34:01,606], 0:0:0:0:0:0:0:1, [http-nio-7077-exec-9], slot-management, INFO  LoggingAspect profileAllMethods | END of DrSlotMstrRepository.findByDrUserIdFk
d35aac3240c43509 d35aac3240c43509 [2022-02-25 14:34:01,631], 0:0:0:0:0:0:0:1, [http-nio-7077-exec-9], slot-management, INFO  LoggingAspect profileAllMethods | Execution time of DrSlotMstrRepository.findByDrUserIdFk :: 428 ms
d35aac3240c43509 d35aac3240c43509 [2022-02-25 14:34:03,991], 0:0:0:0:0:0:0:1, [http-nio-7077-exec-9], slot-management, INFO  LoggingAspect profileAllMethods | Start of UserDTO.getUserName
d35aac3240c43509 d35aac3240c43509 [2022-02-25 14:34:04,045], 0:0:0:0:0:0:0:1, [http-nio-7077-exec-9], slot-management, INFO  LoggingAspect profileAllMethods | END of UserDTO.getUserName
d35aac3240c43509 d35aac3240c43509 [2022-02-25 14:34:04,089], 0:0:0:0:0:0:0:1, [http-nio-7077-exec-9], slot-management, INFO  LoggingAspect profileAllMethods | Execution time of UserDTO.getUserName :: 100 ms
d35aac3240c43509 d35aac3240c43509 [2022-02-25 14:34:10,394], 0:0:0:0:0:0:0:1, [http-nio-7077-exec-9], slot-management, INFO  SlotManagementServiceImpl saveSlot | Saving slot master details
d35aac3240c43509 d35aac3240c43509 [2022-02-25 14:34:10,738], 0:0:0:0:0:0:0:1, [http-nio-7077-exec-9], slot-management, INFO  LoggingAspect profileAllMethods | Start of CrudRepository.save
d35aac3240c43509 d35aac3240c43509 [2022-02-25 14:34:10,814], 0:0:0:0:0:0:0:1, [http-nio-7077-exec-9], slot-management, INFO  LoggingAspect profileAllMethods | END of CrudRepository.save
d35aac3240c43509 d35aac3240c43509 [2022-02-25 14:34:10,834], 0:0:0:0:0:0:0:1, [http-nio-7077-exec-9], slot-management, INFO  LoggingAspect profileAllMethods | Execution time of CrudRepository.save :: 96 ms
d35aac3240c43509 d35aac3240c43509 [2022-02-25 14:34:16,285], 0:0:0:0:0:0:0:1, [http-nio-7077-exec-9], slot-management, INFO  SlotManagementServiceImpl saveSlot | Slot master details saved
d35aac3240c43509 d35aac3240c43509 [2022-02-25 14:34:46,614], 0:0:0:0:0:0:0:1, [http-nio-7077-exec-9], slot-management, INFO  SlotManagementServiceImpl saveSlot | Saving slot master details audit
d35aac3240c43509 d35aac3240c43509 [2022-02-25 14:34:47,100], 0:0:0:0:0:0:0:1, [http-nio-7077-exec-9], slot-management, INFO  LoggingAspect profileAllMethods | Start of UserDTO.getUserName
d35aac3240c43509 d35aac3240c43509 [2022-02-25 14:34:47,123], 0:0:0:0:0:0:0:1, [http-nio-7077-exec-9], slot-management, INFO  LoggingAspect profileAllMethods | END of UserDTO.getUserName
d35aac3240c43509 d35aac3240c43509 [2022-02-25 14:34:47,142], 0:0:0:0:0:0:0:1, [http-nio-7077-exec-9], slot-management, INFO  LoggingAspect profileAllMethods | Execution time of UserDTO.getUserName :: 42 ms
d35aac3240c43509 d35aac3240c43509 [2022-02-25 14:34:47,203], 0:0:0:0:0:0:0:1, [http-nio-7077-exec-9], slot-management, INFO  LoggingAspect profileAllMethods | Start of CrudRepository.save
d35aac3240c43509 d35aac3240c43509 [2022-02-25 14:34:47,506], 0:0:0:0:0:0:0:1, [http-nio-7077-exec-9], slot-management, INFO  LoggingAspect profileAllMethods | END of CrudRepository.save
d35aac3240c43509 d35aac3240c43509 [2022-02-25 14:34:47,657], 0:0:0:0:0:0:0:1, [http-nio-7077-exec-9], slot-management, INFO  LoggingAspect profileAllMethods | Execution time of CrudRepository.save :: 452 ms
d35aac3240c43509 d35aac3240c43509 [2022-02-25 14:34:48,057], 0:0:0:0:0:0:0:1, [http-nio-7077-exec-9], slot-management, INFO  SlotManagementServiceImpl saveSlot | Slot master details audit saved
d35aac3240c43509 d35aac3240c43509 [2022-02-25 14:34:54,931], 0:0:0:0:0:0:0:1, [http-nio-7077-exec-9], slot-management, INFO  LoggingAspect profileAllMethods | END of SlotManagementServiceImpl.saveSlot
d35aac3240c43509 d35aac3240c43509 [2022-02-25 14:34:54,935], 0:0:0:0:0:0:0:1, [http-nio-7077-exec-9], slot-management, INFO  LoggingAspect profileAllMethods | Execution time of SlotManagementServiceImpl.saveSlot :: 189447 ms
d35aac3240c43509 d35aac3240c43509 [2022-02-25 14:34:56,563], 0:0:0:0:0:0:0:1, [http-nio-7077-exec-9], slot-management, INFO  SlotManagementController saveSlotDetail | Return response
d35aac3240c43509 d35aac3240c43509 [2022-02-25 14:34:56,564], 0:0:0:0:0:0:0:1, [http-nio-7077-exec-9], slot-management, INFO  LoggingAspect profileAllMethods | END of SlotManagementController.saveSlotDetail
d35aac3240c43509 d35aac3240c43509 [2022-02-25 14:34:56,565], 0:0:0:0:0:0:0:1, [http-nio-7077-exec-9], slot-management, INFO  LoggingAspect profileAllMethods | Execution time of SlotManagementController.saveSlotDetail :: 199041 ms
d35aac3240c43509 d35aac3240c43509 [2022-02-25 14:34:56,619], 0:0:0:0:0:0:0:1, [http-nio-7077-exec-9], slot-management, INFO  LoggingAspect profileAllMethods | Start of CustomInterceptor.postHandle
d35aac3240c43509 d35aac3240c43509 [2022-02-25 14:34:56,621], 0:0:0:0:0:0:0:1, [http-nio-7077-exec-9], slot-management, INFO  LoggingAspect profileAllMethods | END of CustomInterceptor.postHandle
d35aac3240c43509 d35aac3240c43509 [2022-02-25 14:34:56,621], 0:0:0:0:0:0:0:1, [http-nio-7077-exec-9], slot-management, INFO  LoggingAspect profileAllMethods | Execution time of CustomInterceptor.postHandle :: 2 ms
d35aac3240c43509 d35aac3240c43509 [2022-02-25 14:34:56,628], 0:0:0:0:0:0:0:1, [http-nio-7077-exec-9], slot-management, INFO  LoggingAspect profileAllMethods | Start of CustomInterceptor.afterCompletion
d35aac3240c43509 d35aac3240c43509 [2022-02-25 14:34:56,630], 0:0:0:0:0:0:0:1, [http-nio-7077-exec-9], slot-management, INFO  LoggingAspect profileAllMethods | END of CustomInterceptor.afterCompletion
d35aac3240c43509 d35aac3240c43509 [2022-02-25 14:34:56,631], 0:0:0:0:0:0:0:1, [http-nio-7077-exec-9], slot-management, INFO  LoggingAspect profileAllMethods | Execution time of CustomInterceptor.afterCompletion :: 3 ms
2792f01c256d9803 2792f01c256d9803 [2022-02-25 14:38:41,628], , [http-nio-7077-exec-7], slot-management, INFO  LoggingAspect profileAllMethods | Start of CustomInterceptor.preHandle
2792f01c256d9803 2792f01c256d9803 [2022-02-25 14:38:41,634], , [http-nio-7077-exec-7], slot-management, INFO  LoggingAspect profileAllMethods | Start of TokenValidator.getUsernameFromToken
2792f01c256d9803 2792f01c256d9803 [2022-02-25 14:38:41,711], , [http-nio-7077-exec-7], slot-management, INFO  LoggingAspect profileAllMethods | END of TokenValidator.getUsernameFromToken
2792f01c256d9803 2792f01c256d9803 [2022-02-25 14:38:41,714], , [http-nio-7077-exec-7], slot-management, INFO  LoggingAspect profileAllMethods | Execution time of TokenValidator.getUsernameFromToken :: 80 ms
2792f01c256d9803 2792f01c256d9803 [2022-02-25 14:38:41,716], , [http-nio-7077-exec-7], slot-management, INFO  LoggingAspect profileAllMethods | Start of TokenValidator.getRoleFromToken
2792f01c256d9803 2792f01c256d9803 [2022-02-25 14:38:41,719], , [http-nio-7077-exec-7], slot-management, INFO  LoggingAspect profileAllMethods | END of TokenValidator.getRoleFromToken
2792f01c256d9803 2792f01c256d9803 [2022-02-25 14:38:41,720], , [http-nio-7077-exec-7], slot-management, INFO  LoggingAspect profileAllMethods | Execution time of TokenValidator.getRoleFromToken :: 4 ms
2792f01c256d9803 2792f01c256d9803 [2022-02-25 14:38:41,782], , [http-nio-7077-exec-7], slot-management, INFO  LoggingAspect profileAllMethods | Start of UserDTO.setRole
2792f01c256d9803 2792f01c256d9803 [2022-02-25 14:38:41,783], , [http-nio-7077-exec-7], slot-management, INFO  LoggingAspect profileAllMethods | END of UserDTO.setRole
2792f01c256d9803 2792f01c256d9803 [2022-02-25 14:38:41,784], , [http-nio-7077-exec-7], slot-management, INFO  LoggingAspect profileAllMethods | Execution time of UserDTO.setRole :: 2 ms
2792f01c256d9803 2792f01c256d9803 [2022-02-25 14:38:41,785], , [http-nio-7077-exec-7], slot-management, INFO  LoggingAspect profileAllMethods | Start of UserDTO.setUserName
2792f01c256d9803 2792f01c256d9803 [2022-02-25 14:38:41,786], , [http-nio-7077-exec-7], slot-management, INFO  LoggingAspect profileAllMethods | END of UserDTO.setUserName
2792f01c256d9803 2792f01c256d9803 [2022-02-25 14:38:41,787], , [http-nio-7077-exec-7], slot-management, INFO  LoggingAspect profileAllMethods | Execution time of UserDTO.setUserName :: 2 ms
2792f01c256d9803 2792f01c256d9803 [2022-02-25 14:38:41,787], , [http-nio-7077-exec-7], slot-management, INFO  LoggingAspect profileAllMethods | END of CustomInterceptor.preHandle
2792f01c256d9803 2792f01c256d9803 [2022-02-25 14:38:41,790], , [http-nio-7077-exec-7], slot-management, INFO  LoggingAspect profileAllMethods | Execution time of CustomInterceptor.preHandle :: 162 ms
2792f01c256d9803 2792f01c256d9803 [2022-02-25 14:38:41,837], 0:0:0:0:0:0:0:1, [http-nio-7077-exec-7], slot-management, INFO  LoggingAspect profileAllMethods | Start of SlotManagementController.saveSlotDetail
2792f01c256d9803 2792f01c256d9803 [2022-02-25 14:38:41,838], 0:0:0:0:0:0:0:1, [http-nio-7077-exec-7], slot-management, INFO  SlotManagementController saveSlotDetail | Receive request
2792f01c256d9803 2792f01c256d9803 [2022-02-25 14:38:55,666], 0:0:0:0:0:0:0:1, [http-nio-7077-exec-7], slot-management, INFO  LoggingAspect profileAllMethods | Start of SlotManagementServiceImpl.saveSlot
2792f01c256d9803 2792f01c256d9803 [2022-02-25 14:38:55,670], 0:0:0:0:0:0:0:1, [http-nio-7077-exec-7], slot-management, INFO  SlotManagementServiceImpl saveSlot | Inside method save slot details
2792f01c256d9803 2792f01c256d9803 [2022-02-25 14:38:58,971], 0:0:0:0:0:0:0:1, [http-nio-7077-exec-7], slot-management, INFO  LoggingAspect profileAllMethods | Start of UserDTO.getUserName
2792f01c256d9803 2792f01c256d9803 [2022-02-25 14:38:59,014], 0:0:0:0:0:0:0:1, [http-nio-7077-exec-7], slot-management, INFO  LoggingAspect profileAllMethods | END of UserDTO.getUserName
2792f01c256d9803 2792f01c256d9803 [2022-02-25 14:38:59,133], 0:0:0:0:0:0:0:1, [http-nio-7077-exec-7], slot-management, INFO  LoggingAspect profileAllMethods | Execution time of UserDTO.getUserName :: 163 ms
2792f01c256d9803 2792f01c256d9803 [2022-02-25 14:38:59,207], 0:0:0:0:0:0:0:1, [http-nio-7077-exec-7], slot-management, INFO  LoggingAspect profileAllMethods | Start of DoctorMstrRepo.findByDmdUserId
2792f01c256d9803 2792f01c256d9803 [2022-02-25 14:38:59,527], 0:0:0:0:0:0:0:1, [http-nio-7077-exec-7], slot-management, INFO  LoggingAspect profileAllMethods | END of DoctorMstrRepo.findByDmdUserId
2792f01c256d9803 2792f01c256d9803 [2022-02-25 14:38:59,581], 0:0:0:0:0:0:0:1, [http-nio-7077-exec-7], slot-management, INFO  LoggingAspect profileAllMethods | Execution time of DoctorMstrRepo.findByDmdUserId :: 374 ms
2792f01c256d9803 2792f01c256d9803 [2022-02-25 14:39:20,735], 0:0:0:0:0:0:0:1, [http-nio-7077-exec-7], slot-management, INFO  LoggingAspect profileAllMethods | Start of UserDTO.getRole
2792f01c256d9803 2792f01c256d9803 [2022-02-25 14:39:20,774], 0:0:0:0:0:0:0:1, [http-nio-7077-exec-7], slot-management, INFO  LoggingAspect profileAllMethods | END of UserDTO.getRole
2792f01c256d9803 2792f01c256d9803 [2022-02-25 14:39:20,819], 0:0:0:0:0:0:0:1, [http-nio-7077-exec-7], slot-management, INFO  LoggingAspect profileAllMethods | Execution time of UserDTO.getRole :: 84 ms
2792f01c256d9803 2792f01c256d9803 [2022-02-25 14:39:21,496], 0:0:0:0:0:0:0:1, [http-nio-7077-exec-7], slot-management, INFO  LoggingAspect profileAllMethods | Start of UserDTO.getUserName
2792f01c256d9803 2792f01c256d9803 [2022-02-25 14:39:21,523], 0:0:0:0:0:0:0:1, [http-nio-7077-exec-7], slot-management, INFO  LoggingAspect profileAllMethods | END of UserDTO.getUserName
2792f01c256d9803 2792f01c256d9803 [2022-02-25 14:39:21,549], 0:0:0:0:0:0:0:1, [http-nio-7077-exec-7], slot-management, INFO  LoggingAspect profileAllMethods | Execution time of UserDTO.getUserName :: 53 ms
2792f01c256d9803 2792f01c256d9803 [2022-02-25 14:39:39,826], 0:0:0:0:0:0:0:1, [http-nio-7077-exec-7], slot-management, INFO  LoggingAspect profileAllMethods | Start of HolidayRepository.findByDrUserIdFkAndHolidayDate
2792f01c256d9803 2792f01c256d9803 [2022-02-25 14:39:40,294], 0:0:0:0:0:0:0:1, [http-nio-7077-exec-7], slot-management, INFO  LoggingAspect profileAllMethods | END of HolidayRepository.findByDrUserIdFkAndHolidayDate
2792f01c256d9803 2792f01c256d9803 [2022-02-25 14:39:40,356], 0:0:0:0:0:0:0:1, [http-nio-7077-exec-7], slot-management, INFO  LoggingAspect profileAllMethods | Execution time of HolidayRepository.findByDrUserIdFkAndHolidayDate :: 529 ms
2792f01c256d9803 2792f01c256d9803 [2022-02-25 14:42:10,809], 0:0:0:0:0:0:0:1, [http-nio-7077-exec-7], slot-management, INFO  LoggingAspect profileAllMethods | Start of UserDTO.getUserName
2792f01c256d9803 2792f01c256d9803 [2022-02-25 14:42:10,851], 0:0:0:0:0:0:0:1, [http-nio-7077-exec-7], slot-management, INFO  LoggingAspect profileAllMethods | END of UserDTO.getUserName
2792f01c256d9803 2792f01c256d9803 [2022-02-25 14:42:10,872], 0:0:0:0:0:0:0:1, [http-nio-7077-exec-7], slot-management, INFO  LoggingAspect profileAllMethods | Execution time of UserDTO.getUserName :: 64 ms
2792f01c256d9803 2792f01c256d9803 [2022-02-25 14:42:17,570], 0:0:0:0:0:0:0:1, [http-nio-7077-exec-7], slot-management, INFO  LoggingAspect profileAllMethods | Start of UserDTO.getUserName
2792f01c256d9803 2792f01c256d9803 [2022-02-25 14:42:17,618], 0:0:0:0:0:0:0:1, [http-nio-7077-exec-7], slot-management, INFO  LoggingAspect profileAllMethods | END of UserDTO.getUserName
2792f01c256d9803 2792f01c256d9803 [2022-02-25 14:42:17,667], 0:0:0:0:0:0:0:1, [http-nio-7077-exec-7], slot-management, INFO  LoggingAspect profileAllMethods | Execution time of UserDTO.getUserName :: 97 ms
2792f01c256d9803 2792f01c256d9803 [2022-02-25 14:42:27,071], 0:0:0:0:0:0:0:1, [http-nio-7077-exec-7], slot-management, INFO  SlotManagementServiceImpl saveSlot | Saving audit details
2792f01c256d9803 2792f01c256d9803 [2022-02-25 14:42:27,594], 0:0:0:0:0:0:0:1, [http-nio-7077-exec-7], slot-management, INFO  LoggingAspect profileAllMethods | Start of CrudRepository.save
2792f01c256d9803 2792f01c256d9803 [2022-02-25 14:42:28,004], 0:0:0:0:0:0:0:1, [http-nio-7077-exec-7], slot-management, INFO  LoggingAspect profileAllMethods | END of CrudRepository.save
2792f01c256d9803 2792f01c256d9803 [2022-02-25 14:42:28,143], 0:0:0:0:0:0:0:1, [http-nio-7077-exec-7], slot-management, INFO  LoggingAspect profileAllMethods | Execution time of CrudRepository.save :: 549 ms
2792f01c256d9803 2792f01c256d9803 [2022-02-25 14:42:28,796], 0:0:0:0:0:0:0:1, [http-nio-7077-exec-7], slot-management, INFO  SlotManagementServiceImpl saveSlot | Audit details save
2792f01c256d9803 2792f01c256d9803 [2022-02-25 14:42:29,108], 0:0:0:0:0:0:0:1, [http-nio-7077-exec-7], slot-management, INFO  SlotManagementServiceImpl saveSlot | Saving slot details
2792f01c256d9803 2792f01c256d9803 [2022-02-25 14:42:29,673], 0:0:0:0:0:0:0:1, [http-nio-7077-exec-7], slot-management, INFO  LoggingAspect profileAllMethods | Start of CrudRepository.save
2792f01c256d9803 2792f01c256d9803 [2022-02-25 14:42:30,034], 0:0:0:0:0:0:0:1, [http-nio-7077-exec-7], slot-management, INFO  LoggingAspect profileAllMethods | END of CrudRepository.save
2792f01c256d9803 2792f01c256d9803 [2022-02-25 14:42:30,092], 0:0:0:0:0:0:0:1, [http-nio-7077-exec-7], slot-management, INFO  LoggingAspect profileAllMethods | Execution time of CrudRepository.save :: 421 ms
2792f01c256d9803 2792f01c256d9803 [2022-02-25 14:42:31,594], 0:0:0:0:0:0:0:1, [http-nio-7077-exec-7], slot-management, INFO  SlotManagementServiceImpl saveSlot | Slot details save
2792f01c256d9803 2792f01c256d9803 [2022-02-25 14:42:33,617], 0:0:0:0:0:0:0:1, [http-nio-7077-exec-7], slot-management, INFO  LoggingAspect profileAllMethods | Start of UserDTO.getUserName
2792f01c256d9803 2792f01c256d9803 [2022-02-25 14:42:33,638], 0:0:0:0:0:0:0:1, [http-nio-7077-exec-7], slot-management, INFO  LoggingAspect profileAllMethods | END of UserDTO.getUserName
2792f01c256d9803 2792f01c256d9803 [2022-02-25 14:42:33,659], 0:0:0:0:0:0:0:1, [http-nio-7077-exec-7], slot-management, INFO  LoggingAspect profileAllMethods | Execution time of UserDTO.getUserName :: 44 ms
2792f01c256d9803 2792f01c256d9803 [2022-02-25 14:42:34,036], 0:0:0:0:0:0:0:1, [http-nio-7077-exec-7], slot-management, INFO  LoggingAspect profileAllMethods | Start of UserDTO.getUserName
2792f01c256d9803 2792f01c256d9803 [2022-02-25 14:42:34,057], 0:0:0:0:0:0:0:1, [http-nio-7077-exec-7], slot-management, INFO  LoggingAspect profileAllMethods | END of UserDTO.getUserName
2792f01c256d9803 2792f01c256d9803 [2022-02-25 14:42:34,077], 0:0:0:0:0:0:0:1, [http-nio-7077-exec-7], slot-management, INFO  LoggingAspect profileAllMethods | Execution time of UserDTO.getUserName :: 41 ms
2792f01c256d9803 2792f01c256d9803 [2022-02-25 14:42:34,393], 0:0:0:0:0:0:0:1, [http-nio-7077-exec-7], slot-management, INFO  SlotManagementServiceImpl saveSlot | Saving audit details
2792f01c256d9803 2792f01c256d9803 [2022-02-25 14:42:34,656], 0:0:0:0:0:0:0:1, [http-nio-7077-exec-7], slot-management, INFO  LoggingAspect profileAllMethods | Start of CrudRepository.save
2792f01c256d9803 2792f01c256d9803 [2022-02-25 14:42:34,942], 0:0:0:0:0:0:0:1, [http-nio-7077-exec-7], slot-management, INFO  LoggingAspect profileAllMethods | END of CrudRepository.save
2792f01c256d9803 2792f01c256d9803 [2022-02-25 14:42:35,063], 0:0:0:0:0:0:0:1, [http-nio-7077-exec-7], slot-management, INFO  LoggingAspect profileAllMethods | Execution time of CrudRepository.save :: 407 ms
2792f01c256d9803 2792f01c256d9803 [2022-02-25 14:42:35,834], 0:0:0:0:0:0:0:1, [http-nio-7077-exec-7], slot-management, INFO  SlotManagementServiceImpl saveSlot | Audit details save
2792f01c256d9803 2792f01c256d9803 [2022-02-25 14:42:36,263], 0:0:0:0:0:0:0:1, [http-nio-7077-exec-7], slot-management, INFO  SlotManagementServiceImpl saveSlot | Saving slot details
2792f01c256d9803 2792f01c256d9803 [2022-02-25 14:42:36,469], 0:0:0:0:0:0:0:1, [http-nio-7077-exec-7], slot-management, INFO  LoggingAspect profileAllMethods | Start of CrudRepository.save
2792f01c256d9803 2792f01c256d9803 [2022-02-25 14:42:36,770], 0:0:0:0:0:0:0:1, [http-nio-7077-exec-7], slot-management, INFO  LoggingAspect profileAllMethods | END of CrudRepository.save
2792f01c256d9803 2792f01c256d9803 [2022-02-25 14:42:36,847], 0:0:0:0:0:0:0:1, [http-nio-7077-exec-7], slot-management, INFO  LoggingAspect profileAllMethods | Execution time of CrudRepository.save :: 381 ms
2792f01c256d9803 2792f01c256d9803 [2022-02-25 14:42:37,343], 0:0:0:0:0:0:0:1, [http-nio-7077-exec-7], slot-management, INFO  SlotManagementServiceImpl saveSlot | Slot details save
2792f01c256d9803 2792f01c256d9803 [2022-02-25 14:42:40,979], 0:0:0:0:0:0:0:1, [http-nio-7077-exec-7], slot-management, INFO  LoggingAspect profileAllMethods | Start of UserDTO.getUserName
2792f01c256d9803 2792f01c256d9803 [2022-02-25 14:42:41,028], 0:0:0:0:0:0:0:1, [http-nio-7077-exec-7], slot-management, INFO  LoggingAspect profileAllMethods | END of UserDTO.getUserName
2792f01c256d9803 2792f01c256d9803 [2022-02-25 14:42:41,077], 0:0:0:0:0:0:0:1, [http-nio-7077-exec-7], slot-management, INFO  LoggingAspect profileAllMethods | Execution time of UserDTO.getUserName :: 98 ms
2792f01c256d9803 2792f01c256d9803 [2022-02-25 14:42:42,105], 0:0:0:0:0:0:0:1, [http-nio-7077-exec-7], slot-management, INFO  LoggingAspect profileAllMethods | Start of UserDTO.getUserName
2792f01c256d9803 2792f01c256d9803 [2022-02-25 14:42:42,153], 0:0:0:0:0:0:0:1, [http-nio-7077-exec-7], slot-management, INFO  LoggingAspect profileAllMethods | END of UserDTO.getUserName
2792f01c256d9803 2792f01c256d9803 [2022-02-25 14:42:42,192], 0:0:0:0:0:0:0:1, [http-nio-7077-exec-7], slot-management, INFO  LoggingAspect profileAllMethods | Execution time of UserDTO.getUserName :: 88 ms
2792f01c256d9803 2792f01c256d9803 [2022-02-25 14:42:42,446], 0:0:0:0:0:0:0:1, [http-nio-7077-exec-7], slot-management, INFO  SlotManagementServiceImpl saveSlot | Saving audit details
2792f01c256d9803 2792f01c256d9803 [2022-02-25 14:42:42,847], 0:0:0:0:0:0:0:1, [http-nio-7077-exec-7], slot-management, INFO  LoggingAspect profileAllMethods | Start of CrudRepository.save
2792f01c256d9803 2792f01c256d9803 [2022-02-25 14:42:43,253], 0:0:0:0:0:0:0:1, [http-nio-7077-exec-7], slot-management, INFO  LoggingAspect profileAllMethods | END of CrudRepository.save
2792f01c256d9803 2792f01c256d9803 [2022-02-25 14:42:43,362], 0:0:0:0:0:0:0:1, [http-nio-7077-exec-7], slot-management, INFO  LoggingAspect profileAllMethods | Execution time of CrudRepository.save :: 517 ms
2792f01c256d9803 2792f01c256d9803 [2022-02-25 14:42:44,133], 0:0:0:0:0:0:0:1, [http-nio-7077-exec-7], slot-management, INFO  SlotManagementServiceImpl saveSlot | Audit details save
2792f01c256d9803 2792f01c256d9803 [2022-02-25 14:42:44,437], 0:0:0:0:0:0:0:1, [http-nio-7077-exec-7], slot-management, INFO  SlotManagementServiceImpl saveSlot | Saving slot details
2792f01c256d9803 2792f01c256d9803 [2022-02-25 14:42:44,759], 0:0:0:0:0:0:0:1, [http-nio-7077-exec-7], slot-management, INFO  LoggingAspect profileAllMethods | Start of CrudRepository.save
2792f01c256d9803 2792f01c256d9803 [2022-02-25 14:42:44,968], 0:0:0:0:0:0:0:1, [http-nio-7077-exec-7], slot-management, INFO  LoggingAspect profileAllMethods | END of CrudRepository.save
2792f01c256d9803 2792f01c256d9803 [2022-02-25 14:42:45,088], 0:0:0:0:0:0:0:1, [http-nio-7077-exec-7], slot-management, INFO  LoggingAspect profileAllMethods | Execution time of CrudRepository.save :: 329 ms
2792f01c256d9803 2792f01c256d9803 [2022-02-25 14:42:45,718], 0:0:0:0:0:0:0:1, [http-nio-7077-exec-7], slot-management, INFO  SlotManagementServiceImpl saveSlot | Slot details save
2792f01c256d9803 2792f01c256d9803 [2022-02-25 14:43:51,332], 0:0:0:0:0:0:0:1, [http-nio-7077-exec-7], slot-management, INFO  LoggingAspect profileAllMethods | Start of DrSlotMstrRepository.findByDrUserIdFk
2792f01c256d9803 2792f01c256d9803 [2022-02-25 14:43:51,736], 0:0:0:0:0:0:0:1, [http-nio-7077-exec-7], slot-management, INFO  LoggingAspect profileAllMethods | END of DrSlotMstrRepository.findByDrUserIdFk
2792f01c256d9803 2792f01c256d9803 [2022-02-25 14:43:51,761], 0:0:0:0:0:0:0:1, [http-nio-7077-exec-7], slot-management, INFO  LoggingAspect profileAllMethods | Execution time of DrSlotMstrRepository.findByDrUserIdFk :: 432 ms
2792f01c256d9803 2792f01c256d9803 [2022-02-25 14:44:05,036], 0:0:0:0:0:0:0:1, [http-nio-7077-exec-7], slot-management, INFO  LoggingAspect profileAllMethods | Start of UserDTO.getUserName
2792f01c256d9803 2792f01c256d9803 [2022-02-25 14:44:05,083], 0:0:0:0:0:0:0:1, [http-nio-7077-exec-7], slot-management, INFO  LoggingAspect profileAllMethods | END of UserDTO.getUserName
2792f01c256d9803 2792f01c256d9803 [2022-02-25 14:44:05,130], 0:0:0:0:0:0:0:1, [http-nio-7077-exec-7], slot-management, INFO  LoggingAspect profileAllMethods | Execution time of UserDTO.getUserName :: 94 ms
2792f01c256d9803 2792f01c256d9803 [2022-02-25 14:44:10,602], 0:0:0:0:0:0:0:1, [http-nio-7077-exec-7], slot-management, INFO  SlotManagementServiceImpl saveSlot | Saving slot master details
2792f01c256d9803 2792f01c256d9803 [2022-02-25 14:44:10,817], 0:0:0:0:0:0:0:1, [http-nio-7077-exec-7], slot-management, INFO  LoggingAspect profileAllMethods | Start of CrudRepository.save
2792f01c256d9803 2792f01c256d9803 [2022-02-25 14:44:10,860], 0:0:0:0:0:0:0:1, [http-nio-7077-exec-7], slot-management, INFO  LoggingAspect profileAllMethods | END of CrudRepository.save
2792f01c256d9803 2792f01c256d9803 [2022-02-25 14:44:10,880], 0:0:0:0:0:0:0:1, [http-nio-7077-exec-7], slot-management, INFO  LoggingAspect profileAllMethods | Execution time of CrudRepository.save :: 63 ms
2792f01c256d9803 2792f01c256d9803 [2022-02-25 14:44:11,098], 0:0:0:0:0:0:0:1, [http-nio-7077-exec-7], slot-management, INFO  SlotManagementServiceImpl saveSlot | Slot master details saved
2792f01c256d9803 2792f01c256d9803 [2022-02-25 14:44:11,368], 0:0:0:0:0:0:0:1, [http-nio-7077-exec-7], slot-management, INFO  SlotManagementServiceImpl saveSlot | Saving slot master details audit
  [2022-02-25 15:06:13,707], , [HikariPool-1 housekeeper], slot-management, WARN  HikariPool run | HikariPool-1 - Thread starvation or clock leap detected (housekeeper delta=6m22s406ms519s900ns).
