[2022-04-19 11:35:35,553] INFO  captcha-service, , [main], ,  , PostProcessorRegistrationDelegate$BeanPostProcessorChecker postProcessAfterInitialization | Bean 'org.springframework.cloud.autoconfigure.ConfigurationPropertiesRebinderAutoConfiguration' of type [org.springframework.cloud.autoconfigure.ConfigurationPropertiesRebinderAutoConfiguration$$EnhancerBySpringCGLIB$$cd02a4b8] is not eligible for getting processed by all BeanPostProcessors (for example: not eligible for auto-proxying)
[2022-04-19 11:35:36,028] INFO  captcha-service, , [main], ,  , ConfigServicePropertySourceLocator getRemoteEnvironment | Fetching config from server at : http://localhost:8888/config
[2022-04-19 11:35:36,804] INFO  captcha-service, , [main], ,  , ConfigServicePropertySourceLocator log | Located environment: name=captcha-service, profiles=[dev], label=1.0.0, version=null, state=null
[2022-04-19 11:35:36,805] INFO  captcha-service, , [main], ,  , PropertySourceBootstrapConfiguration initialize | Located property source: CompositePropertySource {name='configService', propertySources=[MapPropertySource {name='file:///D:/git-localconfig-repo/application-dev.properties'}]}
[2022-04-19 11:35:36,848] INFO  captcha-service, , [main], ,  , CaptchaServiceApplication logStartupProfileInfo | The following profiles are active: dev
[2022-04-19 11:35:37,616] INFO  captcha-service, , [main], ,  , GenericScope setSerializationId | BeanFactory id=c13417cb-9c40-3f87-b1d0-391b25b25c7f
[2022-04-19 11:35:37,937] INFO  captcha-service, , [main], ,  , PostProcessorRegistrationDelegate$BeanPostProcessorChecker postProcessAfterInitialization | Bean 'org.springframework.cloud.autoconfigure.ConfigurationPropertiesRebinderAutoConfiguration' of type [org.springframework.cloud.autoconfigure.ConfigurationPropertiesRebinderAutoConfiguration$$EnhancerBySpringCGLIB$$cd02a4b8] is not eligible for getting processed by all BeanPostProcessors (for example: not eligible for auto-proxying)
[2022-04-19 11:35:38,622] INFO  captcha-service, , [main], ,  , TomcatWebServer initialize | Tomcat initialized with port(s): 8073 (http)
[2022-04-19 11:35:38,642] INFO  captcha-service, , [main], ,  , Http11NioProtocol log | Initializing ProtocolHandler ["http-nio-8073"]
[2022-04-19 11:35:38,652] INFO  captcha-service, , [main], ,  , StandardService log | Starting service [Tomcat]
[2022-04-19 11:35:38,653] INFO  captcha-service, , [main], ,  , StandardEngine log | Starting Servlet engine: [Apache Tomcat/9.0.16]
[2022-04-19 11:35:38,666] INFO  captcha-service, , [main], ,  , AprLifecycleListener log | The APR based Apache Tomcat Native library which allows optimal performance in production environments was not found on the java.library.path: [D:\Softwares\eclipse-jee-2020-12-R-win32-x86_64\eclipse\plugins\org.eclipse.justj.openjdk.hotspot.jre.full.win32.x86_64_15.0.1.v20201027-0507\jre\bin;C:\Windows\Sun\Java\bin;C:\Windows\system32;C:\Windows;D:/Softwares/eclipse-jee-2020-12-R-win32-x86_64/eclipse//plugins/org.eclipse.justj.openjdk.hotspot.jre.full.win32.x86_64_15.0.1.v20201027-0507/jre/bin/server;D:/Softwares/eclipse-jee-2020-12-R-win32-x86_64/eclipse//plugins/org.eclipse.justj.openjdk.hotspot.jre.full.win32.x86_64_15.0.1.v20201027-0507/jre/bin;C:\Program Files\Common Files\Oracle\Java\javapath;C:\Program Files (x86)\Common Files\Oracle\Java\javapath;C:\Windows\system32;C:\Windows;C:\Windows\System32\Wbem;C:\Windows\System32\WindowsPowerShell\v1.0\;C:\Windows\System32\OpenSSH\;C:\Program Files (x86)\CrSSL\bin;C:\Program Files\TortoiseSVN\bin;D:\Softwares\apache-maven-3.6.1\bin;C:\Program Files\TortoiseGit\bin;C:\Program Files\Git\cmd;C:\Program Files\Java\jdk1.8.0_201\bin;C:\Users\DELL\AppData\Local\Microsoft\WindowsApps;;D:\Softwares\eclipse-jee-2020-12-R-win32-x86_64\eclipse;;.]
[2022-04-19 11:35:38,803] INFO  captcha-service, , [main], ,  , [/captcha] log | Initializing Spring embedded WebApplicationContext
[2022-04-19 11:35:38,804] INFO  captcha-service, , [main], ,  , ContextLoader prepareWebApplicationContext | Root WebApplicationContext: initialization completed in 1944 ms
[2022-04-19 11:35:40,727] INFO  captcha-service, , [main], ,  , ThreadPoolTaskExecutor initialize | Initializing ExecutorService 'applicationTaskExecutor'
[2022-04-19 11:35:42,358] INFO  captcha-service, , [main], ,  , Http11NioProtocol log | Starting ProtocolHandler ["http-nio-8073"]
[2022-04-19 11:35:42,385] INFO  captcha-service, , [main], ,  , TomcatWebServer start | Tomcat started on port(s): 8073 (http) with context path '/captcha'
[2022-04-19 11:35:42,388] INFO  captcha-service, , [main], ,  , CaptchaServiceApplication logStarted | Started CaptchaServiceApplication in 7.823 seconds (JVM running for 9.281)
[2022-04-19 11:36:58,746] INFO  captcha-service, , [http-nio-8073-exec-1], ,  , [/captcha] log | Initializing Spring DispatcherServlet 'dispatcherServlet'
[2022-04-19 11:36:58,748] INFO  captcha-service, , [http-nio-8073-exec-1], ,  , DispatcherServlet initServletBean | Initializing Servlet 'dispatcherServlet'
[2022-04-19 11:36:58,782] INFO  captcha-service, , [http-nio-8073-exec-1], ,  , DispatcherServlet initServletBean | Completed initialization in 34 ms
[2022-04-19 11:36:58,842] INFO  captcha-service, 0:0:0:0:0:0:0:1, [http-nio-8073-exec-1], d320343ddde6618c, d320343ddde6618c , LoggingAspect profileAllMethods | Start of CaptchaController.generateCaptcha
[2022-04-19 11:36:58,850] INFO  captcha-service, 0:0:0:0:0:0:0:1, [http-nio-8073-exec-1], d320343ddde6618c, d320343ddde6618c , CaptchaController generateCaptcha | Captcha Generation request Received
[2022-04-19 11:36:58,851] INFO  captcha-service, 0:0:0:0:0:0:0:1, [http-nio-8073-exec-1], d320343ddde6618c, d320343ddde6618c , LoggingAspect profileAllMethods | Start of CaptchaServiceImpl.generateCaptcha
[2022-04-19 11:36:58,860] INFO  captcha-service, 0:0:0:0:0:0:0:1, [http-nio-8073-exec-1], d320343ddde6618c, d320343ddde6618c , CaptchaServiceImpl captchaCalculation | Inside captchaCalculation() method
[2022-04-19 11:36:58,860] INFO  captcha-service, 0:0:0:0:0:0:0:1, [http-nio-8073-exec-1], d320343ddde6618c, d320343ddde6618c , CaptchaServiceImpl captchaCalculation | Calculating captcha
[2022-04-19 11:36:58,861] INFO  captcha-service, 0:0:0:0:0:0:0:1, [http-nio-8073-exec-1], d320343ddde6618c, d320343ddde6618c , CaptchaServiceImpl captchaCalculation | captchaCalculation() method excecution completed
[2022-04-19 11:36:59,852] INFO  captcha-service, 0:0:0:0:0:0:0:1, [http-nio-8073-exec-1], d320343ddde6618c, d320343ddde6618c , CaptchaServiceImpl generateCaptcha | Catpcha generation : Success
[2022-04-19 11:36:59,852] INFO  captcha-service, 0:0:0:0:0:0:0:1, [http-nio-8073-exec-1], d320343ddde6618c, d320343ddde6618c , LoggingAspect profileAllMethods | END of CaptchaServiceImpl.generateCaptcha
[2022-04-19 11:36:59,852] INFO  captcha-service, 0:0:0:0:0:0:0:1, [http-nio-8073-exec-1], d320343ddde6618c, d320343ddde6618c , LoggingAspect profileAllMethods | Execution time of CaptchaServiceImpl.generateCaptcha :: 1001 ms
[2022-04-19 11:36:59,879] INFO  captcha-service, 0:0:0:0:0:0:0:1, [http-nio-8073-exec-1], d320343ddde6618c, d320343ddde6618c , LoggingAspect profileAllMethods | END of CaptchaController.generateCaptcha
[2022-04-19 11:36:59,879] INFO  captcha-service, 0:0:0:0:0:0:0:1, [http-nio-8073-exec-1], d320343ddde6618c, d320343ddde6618c , LoggingAspect profileAllMethods | Execution time of CaptchaController.generateCaptcha :: 1039 ms
[2022-04-19 11:37:06,736] INFO  captcha-service, 0:0:0:0:0:0:0:1, [http-nio-8073-exec-3], e889b3156064ed4e, e889b3156064ed4e , LoggingAspect profileAllMethods | Start of CaptchaController.generateCaptcha
[2022-04-19 11:37:06,737] INFO  captcha-service, 0:0:0:0:0:0:0:1, [http-nio-8073-exec-3], e889b3156064ed4e, e889b3156064ed4e , CaptchaController generateCaptcha | Captcha Generation request Received
[2022-04-19 11:37:06,739] INFO  captcha-service, 0:0:0:0:0:0:0:1, [http-nio-8073-exec-3], e889b3156064ed4e, e889b3156064ed4e , LoggingAspect profileAllMethods | Start of CaptchaServiceImpl.generateCaptcha
[2022-04-19 11:37:06,740] INFO  captcha-service, 0:0:0:0:0:0:0:1, [http-nio-8073-exec-3], e889b3156064ed4e, e889b3156064ed4e , CaptchaServiceImpl captchaCalculation | Inside captchaCalculation() method
[2022-04-19 11:37:06,741] INFO  captcha-service, 0:0:0:0:0:0:0:1, [http-nio-8073-exec-3], e889b3156064ed4e, e889b3156064ed4e , CaptchaServiceImpl captchaCalculation | Calculating captcha
[2022-04-19 11:37:06,743] INFO  captcha-service, 0:0:0:0:0:0:0:1, [http-nio-8073-exec-3], e889b3156064ed4e, e889b3156064ed4e , CaptchaServiceImpl captchaCalculation | captchaCalculation() method excecution completed
[2022-04-19 11:37:06,752] INFO  captcha-service, 0:0:0:0:0:0:0:1, [http-nio-8073-exec-3], e889b3156064ed4e, e889b3156064ed4e , CaptchaServiceImpl generateCaptcha | Catpcha generation : Success
[2022-04-19 11:37:06,752] INFO  captcha-service, 0:0:0:0:0:0:0:1, [http-nio-8073-exec-3], e889b3156064ed4e, e889b3156064ed4e , LoggingAspect profileAllMethods | END of CaptchaServiceImpl.generateCaptcha
[2022-04-19 11:37:06,753] INFO  captcha-service, 0:0:0:0:0:0:0:1, [http-nio-8073-exec-3], e889b3156064ed4e, e889b3156064ed4e , LoggingAspect profileAllMethods | Execution time of CaptchaServiceImpl.generateCaptcha :: 14 ms
[2022-04-19 11:37:06,770] INFO  captcha-service, 0:0:0:0:0:0:0:1, [http-nio-8073-exec-3], e889b3156064ed4e, e889b3156064ed4e , LoggingAspect profileAllMethods | END of CaptchaController.generateCaptcha
[2022-04-19 11:37:06,771] INFO  captcha-service, 0:0:0:0:0:0:0:1, [http-nio-8073-exec-3], e889b3156064ed4e, e889b3156064ed4e , LoggingAspect profileAllMethods | Execution time of CaptchaController.generateCaptcha :: 35 ms
[2022-04-19 11:37:07,972] INFO  captcha-service, 0:0:0:0:0:0:0:1, [http-nio-8073-exec-4], 87e11d02fe4be490, 87e11d02fe4be490 , LoggingAspect profileAllMethods | Start of CaptchaController.generateCaptcha
[2022-04-19 11:37:07,972] INFO  captcha-service, 0:0:0:0:0:0:0:1, [http-nio-8073-exec-4], 87e11d02fe4be490, 87e11d02fe4be490 , CaptchaController generateCaptcha | Captcha Generation request Received
[2022-04-19 11:37:07,973] INFO  captcha-service, 0:0:0:0:0:0:0:1, [http-nio-8073-exec-4], 87e11d02fe4be490, 87e11d02fe4be490 , LoggingAspect profileAllMethods | Start of CaptchaServiceImpl.generateCaptcha
[2022-04-19 11:37:07,973] INFO  captcha-service, 0:0:0:0:0:0:0:1, [http-nio-8073-exec-4], 87e11d02fe4be490, 87e11d02fe4be490 , CaptchaServiceImpl captchaCalculation | Inside captchaCalculation() method
[2022-04-19 11:37:07,974] INFO  captcha-service, 0:0:0:0:0:0:0:1, [http-nio-8073-exec-4], 87e11d02fe4be490, 87e11d02fe4be490 , CaptchaServiceImpl captchaCalculation | Calculating captcha
[2022-04-19 11:37:07,974] INFO  captcha-service, 0:0:0:0:0:0:0:1, [http-nio-8073-exec-4], 87e11d02fe4be490, 87e11d02fe4be490 , CaptchaServiceImpl captchaCalculation | captchaCalculation() method excecution completed
[2022-04-19 11:37:07,982] INFO  captcha-service, 0:0:0:0:0:0:0:1, [http-nio-8073-exec-4], 87e11d02fe4be490, 87e11d02fe4be490 , CaptchaServiceImpl generateCaptcha | Catpcha generation : Success
[2022-04-19 11:37:07,982] INFO  captcha-service, 0:0:0:0:0:0:0:1, [http-nio-8073-exec-4], 87e11d02fe4be490, 87e11d02fe4be490 , LoggingAspect profileAllMethods | END of CaptchaServiceImpl.generateCaptcha
[2022-04-19 11:37:07,983] INFO  captcha-service, 0:0:0:0:0:0:0:1, [http-nio-8073-exec-4], 87e11d02fe4be490, 87e11d02fe4be490 , LoggingAspect profileAllMethods | Execution time of CaptchaServiceImpl.generateCaptcha :: 10 ms
[2022-04-19 11:37:07,993] INFO  captcha-service, 0:0:0:0:0:0:0:1, [http-nio-8073-exec-4], 87e11d02fe4be490, 87e11d02fe4be490 , LoggingAspect profileAllMethods | END of CaptchaController.generateCaptcha
[2022-04-19 11:37:07,994] INFO  captcha-service, 0:0:0:0:0:0:0:1, [http-nio-8073-exec-4], 87e11d02fe4be490, 87e11d02fe4be490 , LoggingAspect profileAllMethods | Execution time of CaptchaController.generateCaptcha :: 22 ms
[2022-04-19 11:37:08,991] INFO  captcha-service, 0:0:0:0:0:0:0:1, [http-nio-8073-exec-5], 7ddce9724fa71d58, 7ddce9724fa71d58 , LoggingAspect profileAllMethods | Start of CaptchaController.generateCaptcha
[2022-04-19 11:37:08,992] INFO  captcha-service, 0:0:0:0:0:0:0:1, [http-nio-8073-exec-5], 7ddce9724fa71d58, 7ddce9724fa71d58 , CaptchaController generateCaptcha | Captcha Generation request Received
[2022-04-19 11:37:08,993] INFO  captcha-service, 0:0:0:0:0:0:0:1, [http-nio-8073-exec-5], 7ddce9724fa71d58, 7ddce9724fa71d58 , LoggingAspect profileAllMethods | Start of CaptchaServiceImpl.generateCaptcha
[2022-04-19 11:37:08,993] INFO  captcha-service, 0:0:0:0:0:0:0:1, [http-nio-8073-exec-5], 7ddce9724fa71d58, 7ddce9724fa71d58 , CaptchaServiceImpl captchaCalculation | Inside captchaCalculation() method
[2022-04-19 11:37:08,994] INFO  captcha-service, 0:0:0:0:0:0:0:1, [http-nio-8073-exec-5], 7ddce9724fa71d58, 7ddce9724fa71d58 , CaptchaServiceImpl captchaCalculation | Calculating captcha
[2022-04-19 11:37:08,995] INFO  captcha-service, 0:0:0:0:0:0:0:1, [http-nio-8073-exec-5], 7ddce9724fa71d58, 7ddce9724fa71d58 , CaptchaServiceImpl captchaCalculation | captchaCalculation() method excecution completed
[2022-04-19 11:37:08,999] INFO  captcha-service, 0:0:0:0:0:0:0:1, [http-nio-8073-exec-5], 7ddce9724fa71d58, 7ddce9724fa71d58 , CaptchaServiceImpl generateCaptcha | Catpcha generation : Success
[2022-04-19 11:37:08,999] INFO  captcha-service, 0:0:0:0:0:0:0:1, [http-nio-8073-exec-5], 7ddce9724fa71d58, 7ddce9724fa71d58 , LoggingAspect profileAllMethods | END of CaptchaServiceImpl.generateCaptcha
[2022-04-19 11:37:09,000] INFO  captcha-service, 0:0:0:0:0:0:0:1, [http-nio-8073-exec-5], 7ddce9724fa71d58, 7ddce9724fa71d58 , LoggingAspect profileAllMethods | Execution time of CaptchaServiceImpl.generateCaptcha :: 8 ms
[2022-04-19 11:37:09,009] INFO  captcha-service, 0:0:0:0:0:0:0:1, [http-nio-8073-exec-5], 7ddce9724fa71d58, 7ddce9724fa71d58 , LoggingAspect profileAllMethods | END of CaptchaController.generateCaptcha
[2022-04-19 11:37:09,010] INFO  captcha-service, 0:0:0:0:0:0:0:1, [http-nio-8073-exec-5], 7ddce9724fa71d58, 7ddce9724fa71d58 , LoggingAspect profileAllMethods | Execution time of CaptchaController.generateCaptcha :: 19 ms
[2022-04-19 11:37:09,954] INFO  captcha-service, 0:0:0:0:0:0:0:1, [http-nio-8073-exec-6], 89898a1fe9ff1579, 89898a1fe9ff1579 , LoggingAspect profileAllMethods | Start of CaptchaController.generateCaptcha
[2022-04-19 11:37:09,954] INFO  captcha-service, 0:0:0:0:0:0:0:1, [http-nio-8073-exec-6], 89898a1fe9ff1579, 89898a1fe9ff1579 , CaptchaController generateCaptcha | Captcha Generation request Received
[2022-04-19 11:37:09,954] INFO  captcha-service, 0:0:0:0:0:0:0:1, [http-nio-8073-exec-6], 89898a1fe9ff1579, 89898a1fe9ff1579 , LoggingAspect profileAllMethods | Start of CaptchaServiceImpl.generateCaptcha
[2022-04-19 11:37:09,955] INFO  captcha-service, 0:0:0:0:0:0:0:1, [http-nio-8073-exec-6], 89898a1fe9ff1579, 89898a1fe9ff1579 , CaptchaServiceImpl captchaCalculation | Inside captchaCalculation() method
[2022-04-19 11:37:09,955] INFO  captcha-service, 0:0:0:0:0:0:0:1, [http-nio-8073-exec-6], 89898a1fe9ff1579, 89898a1fe9ff1579 , CaptchaServiceImpl captchaCalculation | Calculating captcha
[2022-04-19 11:37:09,955] INFO  captcha-service, 0:0:0:0:0:0:0:1, [http-nio-8073-exec-6], 89898a1fe9ff1579, 89898a1fe9ff1579 , CaptchaServiceImpl captchaCalculation | captchaCalculation() method excecution completed
[2022-04-19 11:37:09,959] INFO  captcha-service, 0:0:0:0:0:0:0:1, [http-nio-8073-exec-6], 89898a1fe9ff1579, 89898a1fe9ff1579 , CaptchaServiceImpl generateCaptcha | Catpcha generation : Success
[2022-04-19 11:37:09,959] INFO  captcha-service, 0:0:0:0:0:0:0:1, [http-nio-8073-exec-6], 89898a1fe9ff1579, 89898a1fe9ff1579 , LoggingAspect profileAllMethods | END of CaptchaServiceImpl.generateCaptcha
[2022-04-19 11:37:09,960] INFO  captcha-service, 0:0:0:0:0:0:0:1, [http-nio-8073-exec-6], 89898a1fe9ff1579, 89898a1fe9ff1579 , LoggingAspect profileAllMethods | Execution time of CaptchaServiceImpl.generateCaptcha :: 6 ms
[2022-04-19 11:37:09,971] INFO  captcha-service, 0:0:0:0:0:0:0:1, [http-nio-8073-exec-6], 89898a1fe9ff1579, 89898a1fe9ff1579 , LoggingAspect profileAllMethods | END of CaptchaController.generateCaptcha
[2022-04-19 11:37:09,972] INFO  captcha-service, 0:0:0:0:0:0:0:1, [http-nio-8073-exec-6], 89898a1fe9ff1579, 89898a1fe9ff1579 , LoggingAspect profileAllMethods | Execution time of CaptchaController.generateCaptcha :: 18 ms
[2022-04-19 11:37:10,812] INFO  captcha-service, 0:0:0:0:0:0:0:1, [http-nio-8073-exec-7], f22f2561906fa9d0, f22f2561906fa9d0 , LoggingAspect profileAllMethods | Start of CaptchaController.generateCaptcha
[2022-04-19 11:37:10,813] INFO  captcha-service, 0:0:0:0:0:0:0:1, [http-nio-8073-exec-7], f22f2561906fa9d0, f22f2561906fa9d0 , CaptchaController generateCaptcha | Captcha Generation request Received
[2022-04-19 11:37:10,814] INFO  captcha-service, 0:0:0:0:0:0:0:1, [http-nio-8073-exec-7], f22f2561906fa9d0, f22f2561906fa9d0 , LoggingAspect profileAllMethods | Start of CaptchaServiceImpl.generateCaptcha
[2022-04-19 11:37:10,815] INFO  captcha-service, 0:0:0:0:0:0:0:1, [http-nio-8073-exec-7], f22f2561906fa9d0, f22f2561906fa9d0 , CaptchaServiceImpl captchaCalculation | Inside captchaCalculation() method
[2022-04-19 11:37:10,815] INFO  captcha-service, 0:0:0:0:0:0:0:1, [http-nio-8073-exec-7], f22f2561906fa9d0, f22f2561906fa9d0 , CaptchaServiceImpl captchaCalculation | Calculating captcha
[2022-04-19 11:37:10,816] INFO  captcha-service, 0:0:0:0:0:0:0:1, [http-nio-8073-exec-7], f22f2561906fa9d0, f22f2561906fa9d0 , CaptchaServiceImpl captchaCalculation | captchaCalculation() method excecution completed
[2022-04-19 11:37:10,822] INFO  captcha-service, 0:0:0:0:0:0:0:1, [http-nio-8073-exec-7], f22f2561906fa9d0, f22f2561906fa9d0 , CaptchaServiceImpl generateCaptcha | Catpcha generation : Success
[2022-04-19 11:37:10,823] INFO  captcha-service, 0:0:0:0:0:0:0:1, [http-nio-8073-exec-7], f22f2561906fa9d0, f22f2561906fa9d0 , LoggingAspect profileAllMethods | END of CaptchaServiceImpl.generateCaptcha
[2022-04-19 11:37:10,824] INFO  captcha-service, 0:0:0:0:0:0:0:1, [http-nio-8073-exec-7], f22f2561906fa9d0, f22f2561906fa9d0 , LoggingAspect profileAllMethods | Execution time of CaptchaServiceImpl.generateCaptcha :: 10 ms
[2022-04-19 11:37:10,833] INFO  captcha-service, 0:0:0:0:0:0:0:1, [http-nio-8073-exec-7], f22f2561906fa9d0, f22f2561906fa9d0 , LoggingAspect profileAllMethods | END of CaptchaController.generateCaptcha
[2022-04-19 11:37:10,834] INFO  captcha-service, 0:0:0:0:0:0:0:1, [http-nio-8073-exec-7], f22f2561906fa9d0, f22f2561906fa9d0 , LoggingAspect profileAllMethods | Execution time of CaptchaController.generateCaptcha :: 22 ms
[2022-04-19 11:37:11,741] INFO  captcha-service, 0:0:0:0:0:0:0:1, [http-nio-8073-exec-8], d63d980abfcb4ed4, d63d980abfcb4ed4 , LoggingAspect profileAllMethods | Start of CaptchaController.generateCaptcha
[2022-04-19 11:37:11,742] INFO  captcha-service, 0:0:0:0:0:0:0:1, [http-nio-8073-exec-8], d63d980abfcb4ed4, d63d980abfcb4ed4 , CaptchaController generateCaptcha | Captcha Generation request Received
[2022-04-19 11:37:11,743] INFO  captcha-service, 0:0:0:0:0:0:0:1, [http-nio-8073-exec-8], d63d980abfcb4ed4, d63d980abfcb4ed4 , LoggingAspect profileAllMethods | Start of CaptchaServiceImpl.generateCaptcha
[2022-04-19 11:37:11,744] INFO  captcha-service, 0:0:0:0:0:0:0:1, [http-nio-8073-exec-8], d63d980abfcb4ed4, d63d980abfcb4ed4 , CaptchaServiceImpl captchaCalculation | Inside captchaCalculation() method
[2022-04-19 11:37:11,745] INFO  captcha-service, 0:0:0:0:0:0:0:1, [http-nio-8073-exec-8], d63d980abfcb4ed4, d63d980abfcb4ed4 , CaptchaServiceImpl captchaCalculation | Calculating captcha
[2022-04-19 11:37:11,746] INFO  captcha-service, 0:0:0:0:0:0:0:1, [http-nio-8073-exec-8], d63d980abfcb4ed4, d63d980abfcb4ed4 , CaptchaServiceImpl captchaCalculation | captchaCalculation() method excecution completed
[2022-04-19 11:37:11,752] INFO  captcha-service, 0:0:0:0:0:0:0:1, [http-nio-8073-exec-8], d63d980abfcb4ed4, d63d980abfcb4ed4 , CaptchaServiceImpl generateCaptcha | Catpcha generation : Success
[2022-04-19 11:37:11,753] INFO  captcha-service, 0:0:0:0:0:0:0:1, [http-nio-8073-exec-8], d63d980abfcb4ed4, d63d980abfcb4ed4 , LoggingAspect profileAllMethods | END of CaptchaServiceImpl.generateCaptcha
[2022-04-19 11:37:11,753] INFO  captcha-service, 0:0:0:0:0:0:0:1, [http-nio-8073-exec-8], d63d980abfcb4ed4, d63d980abfcb4ed4 , LoggingAspect profileAllMethods | Execution time of CaptchaServiceImpl.generateCaptcha :: 10 ms
[2022-04-19 11:37:11,767] INFO  captcha-service, 0:0:0:0:0:0:0:1, [http-nio-8073-exec-8], d63d980abfcb4ed4, d63d980abfcb4ed4 , LoggingAspect profileAllMethods | END of CaptchaController.generateCaptcha
[2022-04-19 11:37:11,768] INFO  captcha-service, 0:0:0:0:0:0:0:1, [http-nio-8073-exec-8], d63d980abfcb4ed4, d63d980abfcb4ed4 , LoggingAspect profileAllMethods | Execution time of CaptchaController.generateCaptcha :: 26 ms
[2022-04-19 11:37:13,591] INFO  captcha-service, 0:0:0:0:0:0:0:1, [http-nio-8073-exec-9], c3ba963ce6d89baa, c3ba963ce6d89baa , LoggingAspect profileAllMethods | Start of CaptchaController.generateCaptcha
[2022-04-19 11:37:13,591] INFO  captcha-service, 0:0:0:0:0:0:0:1, [http-nio-8073-exec-9], c3ba963ce6d89baa, c3ba963ce6d89baa , CaptchaController generateCaptcha | Captcha Generation request Received
[2022-04-19 11:37:13,592] INFO  captcha-service, 0:0:0:0:0:0:0:1, [http-nio-8073-exec-9], c3ba963ce6d89baa, c3ba963ce6d89baa , LoggingAspect profileAllMethods | Start of CaptchaServiceImpl.generateCaptcha
[2022-04-19 11:37:13,593] INFO  captcha-service, 0:0:0:0:0:0:0:1, [http-nio-8073-exec-9], c3ba963ce6d89baa, c3ba963ce6d89baa , CaptchaServiceImpl captchaCalculation | Inside captchaCalculation() method
[2022-04-19 11:37:13,594] INFO  captcha-service, 0:0:0:0:0:0:0:1, [http-nio-8073-exec-9], c3ba963ce6d89baa, c3ba963ce6d89baa , CaptchaServiceImpl captchaCalculation | Calculating captcha
[2022-04-19 11:37:13,594] INFO  captcha-service, 0:0:0:0:0:0:0:1, [http-nio-8073-exec-9], c3ba963ce6d89baa, c3ba963ce6d89baa , CaptchaServiceImpl captchaCalculation | captchaCalculation() method excecution completed
[2022-04-19 11:37:13,601] INFO  captcha-service, 0:0:0:0:0:0:0:1, [http-nio-8073-exec-9], c3ba963ce6d89baa, c3ba963ce6d89baa , CaptchaServiceImpl generateCaptcha | Catpcha generation : Success
[2022-04-19 11:37:13,601] INFO  captcha-service, 0:0:0:0:0:0:0:1, [http-nio-8073-exec-9], c3ba963ce6d89baa, c3ba963ce6d89baa , LoggingAspect profileAllMethods | END of CaptchaServiceImpl.generateCaptcha
[2022-04-19 11:37:13,602] INFO  captcha-service, 0:0:0:0:0:0:0:1, [http-nio-8073-exec-9], c3ba963ce6d89baa, c3ba963ce6d89baa , LoggingAspect profileAllMethods | Execution time of CaptchaServiceImpl.generateCaptcha :: 10 ms
[2022-04-19 11:37:13,611] INFO  captcha-service, 0:0:0:0:0:0:0:1, [http-nio-8073-exec-9], c3ba963ce6d89baa, c3ba963ce6d89baa , LoggingAspect profileAllMethods | END of CaptchaController.generateCaptcha
[2022-04-19 11:37:13,612] INFO  captcha-service, 0:0:0:0:0:0:0:1, [http-nio-8073-exec-9], c3ba963ce6d89baa, c3ba963ce6d89baa , LoggingAspect profileAllMethods | Execution time of CaptchaController.generateCaptcha :: 21 ms
[2022-04-19 11:37:14,719] INFO  captcha-service, 0:0:0:0:0:0:0:1, [http-nio-8073-exec-10], 8ddb41d130f75770, 8ddb41d130f75770 , LoggingAspect profileAllMethods | Start of CaptchaController.generateCaptcha
[2022-04-19 11:37:14,719] INFO  captcha-service, 0:0:0:0:0:0:0:1, [http-nio-8073-exec-10], 8ddb41d130f75770, 8ddb41d130f75770 , CaptchaController generateCaptcha | Captcha Generation request Received
[2022-04-19 11:37:14,719] INFO  captcha-service, 0:0:0:0:0:0:0:1, [http-nio-8073-exec-10], 8ddb41d130f75770, 8ddb41d130f75770 , LoggingAspect profileAllMethods | Start of CaptchaServiceImpl.generateCaptcha
[2022-04-19 11:37:14,719] INFO  captcha-service, 0:0:0:0:0:0:0:1, [http-nio-8073-exec-10], 8ddb41d130f75770, 8ddb41d130f75770 , CaptchaServiceImpl captchaCalculation | Inside captchaCalculation() method
[2022-04-19 11:37:14,720] INFO  captcha-service, 0:0:0:0:0:0:0:1, [http-nio-8073-exec-10], 8ddb41d130f75770, 8ddb41d130f75770 , CaptchaServiceImpl captchaCalculation | Calculating captcha
[2022-04-19 11:37:14,720] INFO  captcha-service, 0:0:0:0:0:0:0:1, [http-nio-8073-exec-10], 8ddb41d130f75770, 8ddb41d130f75770 , CaptchaServiceImpl captchaCalculation | captchaCalculation() method excecution completed
[2022-04-19 11:37:14,723] INFO  captcha-service, 0:0:0:0:0:0:0:1, [http-nio-8073-exec-10], 8ddb41d130f75770, 8ddb41d130f75770 , CaptchaServiceImpl generateCaptcha | Catpcha generation : Success
[2022-04-19 11:37:14,723] INFO  captcha-service, 0:0:0:0:0:0:0:1, [http-nio-8073-exec-10], 8ddb41d130f75770, 8ddb41d130f75770 , LoggingAspect profileAllMethods | END of CaptchaServiceImpl.generateCaptcha
[2022-04-19 11:37:14,723] INFO  captcha-service, 0:0:0:0:0:0:0:1, [http-nio-8073-exec-10], 8ddb41d130f75770, 8ddb41d130f75770 , LoggingAspect profileAllMethods | Execution time of CaptchaServiceImpl.generateCaptcha :: 4 ms
[2022-04-19 11:37:14,731] INFO  captcha-service, 0:0:0:0:0:0:0:1, [http-nio-8073-exec-10], 8ddb41d130f75770, 8ddb41d130f75770 , LoggingAspect profileAllMethods | END of CaptchaController.generateCaptcha
[2022-04-19 11:37:14,731] INFO  captcha-service, 0:0:0:0:0:0:0:1, [http-nio-8073-exec-10], 8ddb41d130f75770, 8ddb41d130f75770 , LoggingAspect profileAllMethods | Execution time of CaptchaController.generateCaptcha :: 12 ms
[2022-04-19 11:37:15,761] INFO  captcha-service, 0:0:0:0:0:0:0:1, [http-nio-8073-exec-2], 5f85006d02d23c89, 5f85006d02d23c89 , LoggingAspect profileAllMethods | Start of CaptchaController.generateCaptcha
[2022-04-19 11:37:15,762] INFO  captcha-service, 0:0:0:0:0:0:0:1, [http-nio-8073-exec-2], 5f85006d02d23c89, 5f85006d02d23c89 , CaptchaController generateCaptcha | Captcha Generation request Received
[2022-04-19 11:37:15,762] INFO  captcha-service, 0:0:0:0:0:0:0:1, [http-nio-8073-exec-2], 5f85006d02d23c89, 5f85006d02d23c89 , LoggingAspect profileAllMethods | Start of CaptchaServiceImpl.generateCaptcha
[2022-04-19 11:37:15,762] INFO  captcha-service, 0:0:0:0:0:0:0:1, [http-nio-8073-exec-2], 5f85006d02d23c89, 5f85006d02d23c89 , CaptchaServiceImpl captchaCalculation | Inside captchaCalculation() method
[2022-04-19 11:37:15,763] INFO  captcha-service, 0:0:0:0:0:0:0:1, [http-nio-8073-exec-2], 5f85006d02d23c89, 5f85006d02d23c89 , CaptchaServiceImpl captchaCalculation | Calculating captcha
[2022-04-19 11:37:15,763] INFO  captcha-service, 0:0:0:0:0:0:0:1, [http-nio-8073-exec-2], 5f85006d02d23c89, 5f85006d02d23c89 , CaptchaServiceImpl captchaCalculation | captchaCalculation() method excecution completed
[2022-04-19 11:37:15,766] INFO  captcha-service, 0:0:0:0:0:0:0:1, [http-nio-8073-exec-2], 5f85006d02d23c89, 5f85006d02d23c89 , CaptchaServiceImpl generateCaptcha | Catpcha generation : Success
[2022-04-19 11:37:15,767] INFO  captcha-service, 0:0:0:0:0:0:0:1, [http-nio-8073-exec-2], 5f85006d02d23c89, 5f85006d02d23c89 , LoggingAspect profileAllMethods | END of CaptchaServiceImpl.generateCaptcha
[2022-04-19 11:37:15,767] INFO  captcha-service, 0:0:0:0:0:0:0:1, [http-nio-8073-exec-2], 5f85006d02d23c89, 5f85006d02d23c89 , LoggingAspect profileAllMethods | Execution time of CaptchaServiceImpl.generateCaptcha :: 5 ms
[2022-04-19 11:37:15,774] INFO  captcha-service, 0:0:0:0:0:0:0:1, [http-nio-8073-exec-2], 5f85006d02d23c89, 5f85006d02d23c89 , LoggingAspect profileAllMethods | END of CaptchaController.generateCaptcha
[2022-04-19 11:37:15,775] INFO  captcha-service, 0:0:0:0:0:0:0:1, [http-nio-8073-exec-2], 5f85006d02d23c89, 5f85006d02d23c89 , LoggingAspect profileAllMethods | Execution time of CaptchaController.generateCaptcha :: 14 ms
[2022-04-19 11:37:18,912] INFO  captcha-service, 0:0:0:0:0:0:0:1, [http-nio-8073-exec-1], 4b24a8bec67a0e70, 4b24a8bec67a0e70 , LoggingAspect profileAllMethods | Start of CaptchaController.generateCaptcha
[2022-04-19 11:37:18,912] INFO  captcha-service, 0:0:0:0:0:0:0:1, [http-nio-8073-exec-1], 4b24a8bec67a0e70, 4b24a8bec67a0e70 , CaptchaController generateCaptcha | Captcha Generation request Received
[2022-04-19 11:37:18,912] INFO  captcha-service, 0:0:0:0:0:0:0:1, [http-nio-8073-exec-1], 4b24a8bec67a0e70, 4b24a8bec67a0e70 , LoggingAspect profileAllMethods | Start of CaptchaServiceImpl.generateCaptcha
[2022-04-19 11:37:18,913] INFO  captcha-service, 0:0:0:0:0:0:0:1, [http-nio-8073-exec-1], 4b24a8bec67a0e70, 4b24a8bec67a0e70 , CaptchaServiceImpl captchaCalculation | Inside captchaCalculation() method
[2022-04-19 11:37:18,913] INFO  captcha-service, 0:0:0:0:0:0:0:1, [http-nio-8073-exec-1], 4b24a8bec67a0e70, 4b24a8bec67a0e70 , CaptchaServiceImpl captchaCalculation | Calculating captcha
[2022-04-19 11:37:18,913] INFO  captcha-service, 0:0:0:0:0:0:0:1, [http-nio-8073-exec-1], 4b24a8bec67a0e70, 4b24a8bec67a0e70 , CaptchaServiceImpl captchaCalculation | captchaCalculation() method excecution completed
[2022-04-19 11:37:18,917] INFO  captcha-service, 0:0:0:0:0:0:0:1, [http-nio-8073-exec-1], 4b24a8bec67a0e70, 4b24a8bec67a0e70 , CaptchaServiceImpl generateCaptcha | Catpcha generation : Success
[2022-04-19 11:37:18,918] INFO  captcha-service, 0:0:0:0:0:0:0:1, [http-nio-8073-exec-1], 4b24a8bec67a0e70, 4b24a8bec67a0e70 , LoggingAspect profileAllMethods | END of CaptchaServiceImpl.generateCaptcha
[2022-04-19 11:37:18,918] INFO  captcha-service, 0:0:0:0:0:0:0:1, [http-nio-8073-exec-1], 4b24a8bec67a0e70, 4b24a8bec67a0e70 , LoggingAspect profileAllMethods | Execution time of CaptchaServiceImpl.generateCaptcha :: 6 ms
[2022-04-19 11:37:18,926] INFO  captcha-service, 0:0:0:0:0:0:0:1, [http-nio-8073-exec-1], 4b24a8bec67a0e70, 4b24a8bec67a0e70 , LoggingAspect profileAllMethods | END of CaptchaController.generateCaptcha
[2022-04-19 11:37:18,928] INFO  captcha-service, 0:0:0:0:0:0:0:1, [http-nio-8073-exec-1], 4b24a8bec67a0e70, 4b24a8bec67a0e70 , LoggingAspect profileAllMethods | Execution time of CaptchaController.generateCaptcha :: 16 ms
[2022-04-19 11:37:19,776] INFO  captcha-service, 0:0:0:0:0:0:0:1, [http-nio-8073-exec-3], f14e67bff091842d, f14e67bff091842d , LoggingAspect profileAllMethods | Start of CaptchaController.generateCaptcha
[2022-04-19 11:37:19,777] INFO  captcha-service, 0:0:0:0:0:0:0:1, [http-nio-8073-exec-3], f14e67bff091842d, f14e67bff091842d , CaptchaController generateCaptcha | Captcha Generation request Received
[2022-04-19 11:37:19,778] INFO  captcha-service, 0:0:0:0:0:0:0:1, [http-nio-8073-exec-3], f14e67bff091842d, f14e67bff091842d , LoggingAspect profileAllMethods | Start of CaptchaServiceImpl.generateCaptcha
[2022-04-19 11:37:19,779] INFO  captcha-service, 0:0:0:0:0:0:0:1, [http-nio-8073-exec-3], f14e67bff091842d, f14e67bff091842d , CaptchaServiceImpl captchaCalculation | Inside captchaCalculation() method
[2022-04-19 11:37:19,779] INFO  captcha-service, 0:0:0:0:0:0:0:1, [http-nio-8073-exec-3], f14e67bff091842d, f14e67bff091842d , CaptchaServiceImpl captchaCalculation | Calculating captcha
[2022-04-19 11:37:19,780] INFO  captcha-service, 0:0:0:0:0:0:0:1, [http-nio-8073-exec-3], f14e67bff091842d, f14e67bff091842d , CaptchaServiceImpl captchaCalculation | captchaCalculation() method excecution completed
[2022-04-19 11:37:19,784] INFO  captcha-service, 0:0:0:0:0:0:0:1, [http-nio-8073-exec-3], f14e67bff091842d, f14e67bff091842d , CaptchaServiceImpl generateCaptcha | Catpcha generation : Success
[2022-04-19 11:37:19,784] INFO  captcha-service, 0:0:0:0:0:0:0:1, [http-nio-8073-exec-3], f14e67bff091842d, f14e67bff091842d , LoggingAspect profileAllMethods | END of CaptchaServiceImpl.generateCaptcha
[2022-04-19 11:37:19,785] INFO  captcha-service, 0:0:0:0:0:0:0:1, [http-nio-8073-exec-3], f14e67bff091842d, f14e67bff091842d , LoggingAspect profileAllMethods | Execution time of CaptchaServiceImpl.generateCaptcha :: 7 ms
[2022-04-19 11:37:19,792] INFO  captcha-service, 0:0:0:0:0:0:0:1, [http-nio-8073-exec-3], f14e67bff091842d, f14e67bff091842d , LoggingAspect profileAllMethods | END of CaptchaController.generateCaptcha
[2022-04-19 11:37:19,792] INFO  captcha-service, 0:0:0:0:0:0:0:1, [http-nio-8073-exec-3], f14e67bff091842d, f14e67bff091842d , LoggingAspect profileAllMethods | Execution time of CaptchaController.generateCaptcha :: 16 ms
[2022-04-19 11:37:20,541] INFO  captcha-service, 0:0:0:0:0:0:0:1, [http-nio-8073-exec-4], a6743d5263ad2fe6, a6743d5263ad2fe6 , LoggingAspect profileAllMethods | Start of CaptchaController.generateCaptcha
[2022-04-19 11:37:20,541] INFO  captcha-service, 0:0:0:0:0:0:0:1, [http-nio-8073-exec-4], a6743d5263ad2fe6, a6743d5263ad2fe6 , CaptchaController generateCaptcha | Captcha Generation request Received
[2022-04-19 11:37:20,542] INFO  captcha-service, 0:0:0:0:0:0:0:1, [http-nio-8073-exec-4], a6743d5263ad2fe6, a6743d5263ad2fe6 , LoggingAspect profileAllMethods | Start of CaptchaServiceImpl.generateCaptcha
[2022-04-19 11:37:20,542] INFO  captcha-service, 0:0:0:0:0:0:0:1, [http-nio-8073-exec-4], a6743d5263ad2fe6, a6743d5263ad2fe6 , CaptchaServiceImpl captchaCalculation | Inside captchaCalculation() method
[2022-04-19 11:37:20,542] INFO  captcha-service, 0:0:0:0:0:0:0:1, [http-nio-8073-exec-4], a6743d5263ad2fe6, a6743d5263ad2fe6 , CaptchaServiceImpl captchaCalculation | Calculating captcha
[2022-04-19 11:37:20,543] INFO  captcha-service, 0:0:0:0:0:0:0:1, [http-nio-8073-exec-4], a6743d5263ad2fe6, a6743d5263ad2fe6 , CaptchaServiceImpl captchaCalculation | captchaCalculation() method excecution completed
[2022-04-19 11:37:20,551] INFO  captcha-service, 0:0:0:0:0:0:0:1, [http-nio-8073-exec-4], a6743d5263ad2fe6, a6743d5263ad2fe6 , CaptchaServiceImpl generateCaptcha | Catpcha generation : Success
[2022-04-19 11:37:20,552] INFO  captcha-service, 0:0:0:0:0:0:0:1, [http-nio-8073-exec-4], a6743d5263ad2fe6, a6743d5263ad2fe6 , LoggingAspect profileAllMethods | END of CaptchaServiceImpl.generateCaptcha
[2022-04-19 11:37:20,552] INFO  captcha-service, 0:0:0:0:0:0:0:1, [http-nio-8073-exec-4], a6743d5263ad2fe6, a6743d5263ad2fe6 , LoggingAspect profileAllMethods | Execution time of CaptchaServiceImpl.generateCaptcha :: 10 ms
[2022-04-19 11:37:20,562] INFO  captcha-service, 0:0:0:0:0:0:0:1, [http-nio-8073-exec-4], a6743d5263ad2fe6, a6743d5263ad2fe6 , LoggingAspect profileAllMethods | END of CaptchaController.generateCaptcha
[2022-04-19 11:37:20,565] INFO  captcha-service, 0:0:0:0:0:0:0:1, [http-nio-8073-exec-4], a6743d5263ad2fe6, a6743d5263ad2fe6 , LoggingAspect profileAllMethods | Execution time of CaptchaController.generateCaptcha :: 24 ms
[2022-04-19 11:37:21,443] INFO  captcha-service, 0:0:0:0:0:0:0:1, [http-nio-8073-exec-5], 932fc1026e77ffcd, 932fc1026e77ffcd , LoggingAspect profileAllMethods | Start of CaptchaController.generateCaptcha
[2022-04-19 11:37:21,444] INFO  captcha-service, 0:0:0:0:0:0:0:1, [http-nio-8073-exec-5], 932fc1026e77ffcd, 932fc1026e77ffcd , CaptchaController generateCaptcha | Captcha Generation request Received
[2022-04-19 11:37:21,444] INFO  captcha-service, 0:0:0:0:0:0:0:1, [http-nio-8073-exec-5], 932fc1026e77ffcd, 932fc1026e77ffcd , LoggingAspect profileAllMethods | Start of CaptchaServiceImpl.generateCaptcha
[2022-04-19 11:37:21,445] INFO  captcha-service, 0:0:0:0:0:0:0:1, [http-nio-8073-exec-5], 932fc1026e77ffcd, 932fc1026e77ffcd , CaptchaServiceImpl captchaCalculation | Inside captchaCalculation() method
[2022-04-19 11:37:21,446] INFO  captcha-service, 0:0:0:0:0:0:0:1, [http-nio-8073-exec-5], 932fc1026e77ffcd, 932fc1026e77ffcd , CaptchaServiceImpl captchaCalculation | Calculating captcha
[2022-04-19 11:37:21,446] INFO  captcha-service, 0:0:0:0:0:0:0:1, [http-nio-8073-exec-5], 932fc1026e77ffcd, 932fc1026e77ffcd , CaptchaServiceImpl captchaCalculation | captchaCalculation() method excecution completed
[2022-04-19 11:37:21,449] INFO  captcha-service, 0:0:0:0:0:0:0:1, [http-nio-8073-exec-5], 932fc1026e77ffcd, 932fc1026e77ffcd , CaptchaServiceImpl generateCaptcha | Catpcha generation : Success
[2022-04-19 11:37:21,449] INFO  captcha-service, 0:0:0:0:0:0:0:1, [http-nio-8073-exec-5], 932fc1026e77ffcd, 932fc1026e77ffcd , LoggingAspect profileAllMethods | END of CaptchaServiceImpl.generateCaptcha
[2022-04-19 11:37:21,449] INFO  captcha-service, 0:0:0:0:0:0:0:1, [http-nio-8073-exec-5], 932fc1026e77ffcd, 932fc1026e77ffcd , LoggingAspect profileAllMethods | Execution time of CaptchaServiceImpl.generateCaptcha :: 5 ms
[2022-04-19 11:37:21,455] INFO  captcha-service, 0:0:0:0:0:0:0:1, [http-nio-8073-exec-5], 932fc1026e77ffcd, 932fc1026e77ffcd , LoggingAspect profileAllMethods | END of CaptchaController.generateCaptcha
[2022-04-19 11:37:21,455] INFO  captcha-service, 0:0:0:0:0:0:0:1, [http-nio-8073-exec-5], 932fc1026e77ffcd, 932fc1026e77ffcd , LoggingAspect profileAllMethods | Execution time of CaptchaController.generateCaptcha :: 12 ms
[2022-04-19 12:18:47,528] INFO  captcha-service, , [RMI TCP Connection(36)-127.0.0.1], ,  , SpringApplicationAdminMXBeanRegistrar$SpringApplicationAdmin shutdown | Application shutdown requested.
[2022-04-19 12:18:47,794] INFO  captcha-service, , [RMI TCP Connection(36)-127.0.0.1], ,  , ThreadPoolTaskExecutor shutdown | Shutting down ExecutorService 'applicationTaskExecutor'
[2022-04-19 12:18:47,835] INFO  captcha-service, , [RMI TCP Connection(36)-127.0.0.1], ,  , Http11NioProtocol log | Pausing ProtocolHandler ["http-nio-8073"]
[2022-04-19 12:18:47,949] INFO  captcha-service, , [RMI TCP Connection(36)-127.0.0.1], ,  , StandardService log | Stopping service [Tomcat]
[2022-04-19 12:18:47,985] INFO  captcha-service, , [RMI TCP Connection(36)-127.0.0.1], ,  , [/captcha] log | Destroying Spring FrameworkServlet 'dispatcherServlet'
[2022-04-19 12:18:48,100] INFO  captcha-service, , [RMI TCP Connection(36)-127.0.0.1], ,  , Http11NioProtocol log | Stopping ProtocolHandler ["http-nio-8073"]
[2022-04-19 12:18:48,131] INFO  captcha-service, , [RMI TCP Connection(36)-127.0.0.1], ,  , Http11NioProtocol log | Destroying ProtocolHandler ["http-nio-8073"]
