[2022-04-20 16:07:38,202] INFO  captcha-service, , [main], ,  , PostProcessorRegistrationDelegate$BeanPostProcessorChecker postProcessAfterInitialization | Bean 'org.springframework.cloud.autoconfigure.ConfigurationPropertiesRebinderAutoConfiguration' of type [org.springframework.cloud.autoconfigure.ConfigurationPropertiesRebinderAutoConfiguration$$EnhancerBySpringCGLIB$$71e215b] is not eligible for getting processed by all BeanPostProcessors (for example: not eligible for auto-proxying)
[2022-04-20 16:07:38,537] INFO  captcha-service, , [main], ,  , ConfigServicePropertySourceLocator getRemoteEnvironment | Fetching config from server at : http://localhost:8888/config
[2022-04-20 16:07:39,512] INFO  captcha-service, , [main], ,  , ConfigServicePropertySourceLocator log | Located environment: name=captcha-service, profiles=[dev], label=1.0.0, version=null, state=null
[2022-04-20 16:07:39,513] INFO  captcha-service, , [main], ,  , PropertySourceBootstrapConfiguration initialize | Located property source: CompositePropertySource {name='configService', propertySources=[MapPropertySource {name='file:///D:/git-localconfig-repo/application-dev.properties'}]}
[2022-04-20 16:07:39,554] INFO  captcha-service, , [main], ,  , CaptchaServiceApplication logStartupProfileInfo | The following profiles are active: dev
[2022-04-20 16:07:40,366] INFO  captcha-service, , [main], ,  , GenericScope setSerializationId | BeanFactory id=c13417cb-9c40-3f87-b1d0-391b25b25c7f
[2022-04-20 16:07:40,676] INFO  captcha-service, , [main], ,  , PostProcessorRegistrationDelegate$BeanPostProcessorChecker postProcessAfterInitialization | Bean 'org.springframework.cloud.autoconfigure.ConfigurationPropertiesRebinderAutoConfiguration' of type [org.springframework.cloud.autoconfigure.ConfigurationPropertiesRebinderAutoConfiguration$$EnhancerBySpringCGLIB$$71e215b] is not eligible for getting processed by all BeanPostProcessors (for example: not eligible for auto-proxying)
[2022-04-20 16:07:41,425] INFO  captcha-service, , [main], ,  , TomcatWebServer initialize | Tomcat initialized with port(s): 8073 (http)
[2022-04-20 16:07:41,444] INFO  captcha-service, , [main], ,  , Http11NioProtocol log | Initializing ProtocolHandler ["http-nio-8073"]
[2022-04-20 16:07:41,454] INFO  captcha-service, , [main], ,  , StandardService log | Starting service [Tomcat]
[2022-04-20 16:07:41,454] INFO  captcha-service, , [main], ,  , StandardEngine log | Starting Servlet engine: [Apache Tomcat/9.0.16]
[2022-04-20 16:07:41,464] INFO  captcha-service, , [main], ,  , AprLifecycleListener log | The APR based Apache Tomcat Native library which allows optimal performance in production environments was not found on the java.library.path: [D:\Softwares\eclipse-jee-2020-12-R-win32-x86_64\eclipse\plugins\org.eclipse.justj.openjdk.hotspot.jre.full.win32.x86_64_15.0.1.v20201027-0507\jre\bin;C:\Windows\Sun\Java\bin;C:\Windows\system32;C:\Windows;D:/Softwares/eclipse-jee-2020-12-R-win32-x86_64/eclipse//plugins/org.eclipse.justj.openjdk.hotspot.jre.full.win32.x86_64_15.0.1.v20201027-0507/jre/bin/server;D:/Softwares/eclipse-jee-2020-12-R-win32-x86_64/eclipse//plugins/org.eclipse.justj.openjdk.hotspot.jre.full.win32.x86_64_15.0.1.v20201027-0507/jre/bin;C:\Program Files\Common Files\Oracle\Java\javapath;C:\Program Files (x86)\Common Files\Oracle\Java\javapath;C:\Windows\system32;C:\Windows;C:\Windows\System32\Wbem;C:\Windows\System32\WindowsPowerShell\v1.0\;C:\Windows\System32\OpenSSH\;C:\Program Files (x86)\CrSSL\bin;C:\Program Files\TortoiseSVN\bin;D:\Softwares\apache-maven-3.6.1\bin;C:\Program Files\TortoiseGit\bin;C:\Program Files\Git\cmd;C:\Program Files\Java\jdk1.8.0_201\bin;C:\Users\DELL\AppData\Local\Microsoft\WindowsApps;;D:\Softwares\eclipse-jee-2020-12-R-win32-x86_64\eclipse;;.]
[2022-04-20 16:07:41,598] INFO  captcha-service, , [main], ,  , [/captcha] log | Initializing Spring embedded WebApplicationContext
[2022-04-20 16:07:41,598] INFO  captcha-service, , [main], ,  , ContextLoader prepareWebApplicationContext | Root WebApplicationContext: initialization completed in 2033 ms
[2022-04-20 16:07:42,640] INFO  captcha-service, , [main], ,  , ThreadPoolTaskExecutor initialize | Initializing ExecutorService 'applicationTaskExecutor'
[2022-04-20 16:07:43,562] INFO  captcha-service, , [main], ,  , Http11NioProtocol log | Starting ProtocolHandler ["http-nio-8073"]
[2022-04-20 16:07:43,592] INFO  captcha-service, , [main], ,  , TomcatWebServer start | Tomcat started on port(s): 8073 (http) with context path '/captcha'
[2022-04-20 16:07:43,595] INFO  captcha-service, , [main], ,  , CaptchaServiceApplication logStarted | Started CaptchaServiceApplication in 6.646 seconds (JVM running for 8.238)
[2022-04-20 16:08:21,181] INFO  captcha-service, , [http-nio-8073-exec-2], ,  , [/captcha] log | Initializing Spring DispatcherServlet 'dispatcherServlet'
[2022-04-20 16:08:21,181] INFO  captcha-service, , [http-nio-8073-exec-2], ,  , DispatcherServlet initServletBean | Initializing Servlet 'dispatcherServlet'
[2022-04-20 16:08:21,211] INFO  captcha-service, , [http-nio-8073-exec-2], ,  , DispatcherServlet initServletBean | Completed initialization in 29 ms
[2022-04-20 16:08:21,401] INFO  captcha-service, 0:0:0:0:0:0:0:1, [http-nio-8073-exec-2], e2cb5bc7a8d4d394, e2cb5bc7a8d4d394 , LoggingAspect profileAllMethods | Start of CaptchaController.generateCaptcha
[2022-04-20 16:08:21,411] INFO  captcha-service, 0:0:0:0:0:0:0:1, [http-nio-8073-exec-2], e2cb5bc7a8d4d394, e2cb5bc7a8d4d394 , CaptchaController generateCaptcha | Captcha Generation request Received
[2022-04-20 16:08:21,412] INFO  captcha-service, 0:0:0:0:0:0:0:1, [http-nio-8073-exec-2], e2cb5bc7a8d4d394, e2cb5bc7a8d4d394 , LoggingAspect profileAllMethods | Start of CaptchaServiceImpl.generateCaptcha
[2022-04-20 16:08:21,421] INFO  captcha-service, 0:0:0:0:0:0:0:1, [http-nio-8073-exec-2], e2cb5bc7a8d4d394, e2cb5bc7a8d4d394 , CaptchaServiceImpl captchaCalculation | Inside captchaCalculation() method
[2022-04-20 16:08:21,422] INFO  captcha-service, 0:0:0:0:0:0:0:1, [http-nio-8073-exec-2], e2cb5bc7a8d4d394, e2cb5bc7a8d4d394 , CaptchaServiceImpl captchaCalculation | Calculating captcha
[2022-04-20 16:08:21,423] INFO  captcha-service, 0:0:0:0:0:0:0:1, [http-nio-8073-exec-2], e2cb5bc7a8d4d394, e2cb5bc7a8d4d394 , CaptchaServiceImpl captchaCalculation | captchaCalculation() method excecution completed
[2022-04-20 16:08:23,194] INFO  captcha-service, 0:0:0:0:0:0:0:1, [http-nio-8073-exec-2], e2cb5bc7a8d4d394, e2cb5bc7a8d4d394 , CaptchaServiceImpl generateCaptcha | Catpcha generation : Success
[2022-04-20 16:08:23,195] INFO  captcha-service, 0:0:0:0:0:0:0:1, [http-nio-8073-exec-2], e2cb5bc7a8d4d394, e2cb5bc7a8d4d394 , LoggingAspect profileAllMethods | END of CaptchaServiceImpl.generateCaptcha
[2022-04-20 16:08:23,195] INFO  captcha-service, 0:0:0:0:0:0:0:1, [http-nio-8073-exec-2], e2cb5bc7a8d4d394, e2cb5bc7a8d4d394 , LoggingAspect profileAllMethods | Execution time of CaptchaServiceImpl.generateCaptcha :: 1783 ms
[2022-04-20 16:08:23,226] INFO  captcha-service, 0:0:0:0:0:0:0:1, [http-nio-8073-exec-2], e2cb5bc7a8d4d394, e2cb5bc7a8d4d394 , LoggingAspect profileAllMethods | END of CaptchaController.generateCaptcha
[2022-04-20 16:08:23,226] INFO  captcha-service, 0:0:0:0:0:0:0:1, [http-nio-8073-exec-2], e2cb5bc7a8d4d394, e2cb5bc7a8d4d394 , LoggingAspect profileAllMethods | Execution time of CaptchaController.generateCaptcha :: 1827 ms
[2022-04-20 16:08:31,679] INFO  captcha-service, 0:0:0:0:0:0:0:1, [http-nio-8073-exec-3], 7042a19ba78b737e, 7042a19ba78b737e , LoggingAspect profileAllMethods | Start of CaptchaController.generateCaptcha
[2022-04-20 16:08:31,680] INFO  captcha-service, 0:0:0:0:0:0:0:1, [http-nio-8073-exec-3], 7042a19ba78b737e, 7042a19ba78b737e , CaptchaController generateCaptcha | Captcha Generation request Received
[2022-04-20 16:08:31,682] INFO  captcha-service, 0:0:0:0:0:0:0:1, [http-nio-8073-exec-3], 7042a19ba78b737e, 7042a19ba78b737e , LoggingAspect profileAllMethods | Start of CaptchaServiceImpl.generateCaptcha
[2022-04-20 16:08:31,683] INFO  captcha-service, 0:0:0:0:0:0:0:1, [http-nio-8073-exec-3], 7042a19ba78b737e, 7042a19ba78b737e , CaptchaServiceImpl captchaCalculation | Inside captchaCalculation() method
[2022-04-20 16:08:31,684] INFO  captcha-service, 0:0:0:0:0:0:0:1, [http-nio-8073-exec-3], 7042a19ba78b737e, 7042a19ba78b737e , CaptchaServiceImpl captchaCalculation | Calculating captcha
[2022-04-20 16:08:31,685] INFO  captcha-service, 0:0:0:0:0:0:0:1, [http-nio-8073-exec-3], 7042a19ba78b737e, 7042a19ba78b737e , CaptchaServiceImpl captchaCalculation | captchaCalculation() method excecution completed
[2022-04-20 16:08:31,691] INFO  captcha-service, 0:0:0:0:0:0:0:1, [http-nio-8073-exec-3], 7042a19ba78b737e, 7042a19ba78b737e , CaptchaServiceImpl generateCaptcha | Catpcha generation : Success
[2022-04-20 16:08:31,692] INFO  captcha-service, 0:0:0:0:0:0:0:1, [http-nio-8073-exec-3], 7042a19ba78b737e, 7042a19ba78b737e , LoggingAspect profileAllMethods | END of CaptchaServiceImpl.generateCaptcha
[2022-04-20 16:08:31,693] INFO  captcha-service, 0:0:0:0:0:0:0:1, [http-nio-8073-exec-3], 7042a19ba78b737e, 7042a19ba78b737e , LoggingAspect profileAllMethods | Execution time of CaptchaServiceImpl.generateCaptcha :: 10 ms
[2022-04-20 16:08:31,712] INFO  captcha-service, 0:0:0:0:0:0:0:1, [http-nio-8073-exec-3], 7042a19ba78b737e, 7042a19ba78b737e , LoggingAspect profileAllMethods | END of CaptchaController.generateCaptcha
[2022-04-20 16:08:31,713] INFO  captcha-service, 0:0:0:0:0:0:0:1, [http-nio-8073-exec-3], 7042a19ba78b737e, 7042a19ba78b737e , LoggingAspect profileAllMethods | Execution time of CaptchaController.generateCaptcha :: 34 ms
[2022-04-20 16:08:32,920] INFO  captcha-service, 0:0:0:0:0:0:0:1, [http-nio-8073-exec-4], 910fd7f3b664a9df, 910fd7f3b664a9df , LoggingAspect profileAllMethods | Start of CaptchaController.generateCaptcha
[2022-04-20 16:08:32,921] INFO  captcha-service, 0:0:0:0:0:0:0:1, [http-nio-8073-exec-4], 910fd7f3b664a9df, 910fd7f3b664a9df , CaptchaController generateCaptcha | Captcha Generation request Received
[2022-04-20 16:08:32,921] INFO  captcha-service, 0:0:0:0:0:0:0:1, [http-nio-8073-exec-4], 910fd7f3b664a9df, 910fd7f3b664a9df , LoggingAspect profileAllMethods | Start of CaptchaServiceImpl.generateCaptcha
[2022-04-20 16:08:32,922] INFO  captcha-service, 0:0:0:0:0:0:0:1, [http-nio-8073-exec-4], 910fd7f3b664a9df, 910fd7f3b664a9df , CaptchaServiceImpl captchaCalculation | Inside captchaCalculation() method
[2022-04-20 16:08:32,922] INFO  captcha-service, 0:0:0:0:0:0:0:1, [http-nio-8073-exec-4], 910fd7f3b664a9df, 910fd7f3b664a9df , CaptchaServiceImpl captchaCalculation | Calculating captcha
[2022-04-20 16:08:32,923] INFO  captcha-service, 0:0:0:0:0:0:0:1, [http-nio-8073-exec-4], 910fd7f3b664a9df, 910fd7f3b664a9df , CaptchaServiceImpl captchaCalculation | captchaCalculation() method excecution completed
[2022-04-20 16:08:32,927] INFO  captcha-service, 0:0:0:0:0:0:0:1, [http-nio-8073-exec-4], 910fd7f3b664a9df, 910fd7f3b664a9df , CaptchaServiceImpl generateCaptcha | Catpcha generation : Success
[2022-04-20 16:08:32,928] INFO  captcha-service, 0:0:0:0:0:0:0:1, [http-nio-8073-exec-4], 910fd7f3b664a9df, 910fd7f3b664a9df , LoggingAspect profileAllMethods | END of CaptchaServiceImpl.generateCaptcha
[2022-04-20 16:08:32,929] INFO  captcha-service, 0:0:0:0:0:0:0:1, [http-nio-8073-exec-4], 910fd7f3b664a9df, 910fd7f3b664a9df , LoggingAspect profileAllMethods | Execution time of CaptchaServiceImpl.generateCaptcha :: 8 ms
[2022-04-20 16:08:32,938] INFO  captcha-service, 0:0:0:0:0:0:0:1, [http-nio-8073-exec-4], 910fd7f3b664a9df, 910fd7f3b664a9df , LoggingAspect profileAllMethods | END of CaptchaController.generateCaptcha
[2022-04-20 16:08:32,939] INFO  captcha-service, 0:0:0:0:0:0:0:1, [http-nio-8073-exec-4], 910fd7f3b664a9df, 910fd7f3b664a9df , LoggingAspect profileAllMethods | Execution time of CaptchaController.generateCaptcha :: 19 ms
[2022-04-20 16:08:34,388] INFO  captcha-service, 0:0:0:0:0:0:0:1, [http-nio-8073-exec-5], 381392d8523ff677, 381392d8523ff677 , LoggingAspect profileAllMethods | Start of CaptchaController.generateCaptcha
[2022-04-20 16:08:34,389] INFO  captcha-service, 0:0:0:0:0:0:0:1, [http-nio-8073-exec-5], 381392d8523ff677, 381392d8523ff677 , CaptchaController generateCaptcha | Captcha Generation request Received
[2022-04-20 16:08:34,390] INFO  captcha-service, 0:0:0:0:0:0:0:1, [http-nio-8073-exec-5], 381392d8523ff677, 381392d8523ff677 , LoggingAspect profileAllMethods | Start of CaptchaServiceImpl.generateCaptcha
[2022-04-20 16:08:34,390] INFO  captcha-service, 0:0:0:0:0:0:0:1, [http-nio-8073-exec-5], 381392d8523ff677, 381392d8523ff677 , CaptchaServiceImpl captchaCalculation | Inside captchaCalculation() method
[2022-04-20 16:08:34,391] INFO  captcha-service, 0:0:0:0:0:0:0:1, [http-nio-8073-exec-5], 381392d8523ff677, 381392d8523ff677 , CaptchaServiceImpl captchaCalculation | Calculating captcha
[2022-04-20 16:08:34,391] INFO  captcha-service, 0:0:0:0:0:0:0:1, [http-nio-8073-exec-5], 381392d8523ff677, 381392d8523ff677 , CaptchaServiceImpl captchaCalculation | captchaCalculation() method excecution completed
[2022-04-20 16:08:34,396] INFO  captcha-service, 0:0:0:0:0:0:0:1, [http-nio-8073-exec-5], 381392d8523ff677, 381392d8523ff677 , CaptchaServiceImpl generateCaptcha | Catpcha generation : Success
[2022-04-20 16:08:34,416] INFO  captcha-service, 0:0:0:0:0:0:0:1, [http-nio-8073-exec-5], 381392d8523ff677, 381392d8523ff677 , LoggingAspect profileAllMethods | END of CaptchaServiceImpl.generateCaptcha
[2022-04-20 16:08:34,416] INFO  captcha-service, 0:0:0:0:0:0:0:1, [http-nio-8073-exec-5], 381392d8523ff677, 381392d8523ff677 , LoggingAspect profileAllMethods | Execution time of CaptchaServiceImpl.generateCaptcha :: 26 ms
[2022-04-20 16:08:34,454] INFO  captcha-service, 0:0:0:0:0:0:0:1, [http-nio-8073-exec-5], 381392d8523ff677, 381392d8523ff677 , LoggingAspect profileAllMethods | END of CaptchaController.generateCaptcha
[2022-04-20 16:08:34,455] INFO  captcha-service, 0:0:0:0:0:0:0:1, [http-nio-8073-exec-5], 381392d8523ff677, 381392d8523ff677 , LoggingAspect profileAllMethods | Execution time of CaptchaController.generateCaptcha :: 67 ms
[2022-04-20 16:08:35,504] INFO  captcha-service, 0:0:0:0:0:0:0:1, [http-nio-8073-exec-6], 93b10d6b3c5d184c, 93b10d6b3c5d184c , LoggingAspect profileAllMethods | Start of CaptchaController.generateCaptcha
[2022-04-20 16:08:35,505] INFO  captcha-service, 0:0:0:0:0:0:0:1, [http-nio-8073-exec-6], 93b10d6b3c5d184c, 93b10d6b3c5d184c , CaptchaController generateCaptcha | Captcha Generation request Received
[2022-04-20 16:08:35,505] INFO  captcha-service, 0:0:0:0:0:0:0:1, [http-nio-8073-exec-6], 93b10d6b3c5d184c, 93b10d6b3c5d184c , LoggingAspect profileAllMethods | Start of CaptchaServiceImpl.generateCaptcha
[2022-04-20 16:08:35,506] INFO  captcha-service, 0:0:0:0:0:0:0:1, [http-nio-8073-exec-6], 93b10d6b3c5d184c, 93b10d6b3c5d184c , CaptchaServiceImpl captchaCalculation | Inside captchaCalculation() method
[2022-04-20 16:08:35,506] INFO  captcha-service, 0:0:0:0:0:0:0:1, [http-nio-8073-exec-6], 93b10d6b3c5d184c, 93b10d6b3c5d184c , CaptchaServiceImpl captchaCalculation | Calculating captcha
[2022-04-20 16:08:35,506] INFO  captcha-service, 0:0:0:0:0:0:0:1, [http-nio-8073-exec-6], 93b10d6b3c5d184c, 93b10d6b3c5d184c , CaptchaServiceImpl captchaCalculation | captchaCalculation() method excecution completed
[2022-04-20 16:08:35,510] INFO  captcha-service, 0:0:0:0:0:0:0:1, [http-nio-8073-exec-6], 93b10d6b3c5d184c, 93b10d6b3c5d184c , CaptchaServiceImpl generateCaptcha | Catpcha generation : Success
[2022-04-20 16:08:35,511] INFO  captcha-service, 0:0:0:0:0:0:0:1, [http-nio-8073-exec-6], 93b10d6b3c5d184c, 93b10d6b3c5d184c , LoggingAspect profileAllMethods | END of CaptchaServiceImpl.generateCaptcha
[2022-04-20 16:08:35,512] INFO  captcha-service, 0:0:0:0:0:0:0:1, [http-nio-8073-exec-6], 93b10d6b3c5d184c, 93b10d6b3c5d184c , LoggingAspect profileAllMethods | Execution time of CaptchaServiceImpl.generateCaptcha :: 7 ms
[2022-04-20 16:08:35,521] INFO  captcha-service, 0:0:0:0:0:0:0:1, [http-nio-8073-exec-6], 93b10d6b3c5d184c, 93b10d6b3c5d184c , LoggingAspect profileAllMethods | END of CaptchaController.generateCaptcha
[2022-04-20 16:08:35,521] INFO  captcha-service, 0:0:0:0:0:0:0:1, [http-nio-8073-exec-6], 93b10d6b3c5d184c, 93b10d6b3c5d184c , LoggingAspect profileAllMethods | Execution time of CaptchaController.generateCaptcha :: 17 ms
[2022-04-20 16:08:37,472] INFO  captcha-service, 0:0:0:0:0:0:0:1, [http-nio-8073-exec-7], 35176c64dfaee072, 35176c64dfaee072 , LoggingAspect profileAllMethods | Start of CaptchaController.generateCaptcha
[2022-04-20 16:08:37,473] INFO  captcha-service, 0:0:0:0:0:0:0:1, [http-nio-8073-exec-7], 35176c64dfaee072, 35176c64dfaee072 , CaptchaController generateCaptcha | Captcha Generation request Received
[2022-04-20 16:08:37,474] INFO  captcha-service, 0:0:0:0:0:0:0:1, [http-nio-8073-exec-7], 35176c64dfaee072, 35176c64dfaee072 , LoggingAspect profileAllMethods | Start of CaptchaServiceImpl.generateCaptcha
[2022-04-20 16:08:37,474] INFO  captcha-service, 0:0:0:0:0:0:0:1, [http-nio-8073-exec-7], 35176c64dfaee072, 35176c64dfaee072 , CaptchaServiceImpl captchaCalculation | Inside captchaCalculation() method
[2022-04-20 16:08:37,475] INFO  captcha-service, 0:0:0:0:0:0:0:1, [http-nio-8073-exec-7], 35176c64dfaee072, 35176c64dfaee072 , CaptchaServiceImpl captchaCalculation | Calculating captcha
[2022-04-20 16:08:37,475] INFO  captcha-service, 0:0:0:0:0:0:0:1, [http-nio-8073-exec-7], 35176c64dfaee072, 35176c64dfaee072 , CaptchaServiceImpl captchaCalculation | captchaCalculation() method excecution completed
[2022-04-20 16:08:37,481] INFO  captcha-service, 0:0:0:0:0:0:0:1, [http-nio-8073-exec-7], 35176c64dfaee072, 35176c64dfaee072 , CaptchaServiceImpl generateCaptcha | Catpcha generation : Success
[2022-04-20 16:08:37,481] INFO  captcha-service, 0:0:0:0:0:0:0:1, [http-nio-8073-exec-7], 35176c64dfaee072, 35176c64dfaee072 , LoggingAspect profileAllMethods | END of CaptchaServiceImpl.generateCaptcha
[2022-04-20 16:08:37,482] INFO  captcha-service, 0:0:0:0:0:0:0:1, [http-nio-8073-exec-7], 35176c64dfaee072, 35176c64dfaee072 , LoggingAspect profileAllMethods | Execution time of CaptchaServiceImpl.generateCaptcha :: 8 ms
[2022-04-20 16:08:37,491] INFO  captcha-service, 0:0:0:0:0:0:0:1, [http-nio-8073-exec-7], 35176c64dfaee072, 35176c64dfaee072 , LoggingAspect profileAllMethods | END of CaptchaController.generateCaptcha
[2022-04-20 16:08:37,492] INFO  captcha-service, 0:0:0:0:0:0:0:1, [http-nio-8073-exec-7], 35176c64dfaee072, 35176c64dfaee072 , LoggingAspect profileAllMethods | Execution time of CaptchaController.generateCaptcha :: 20 ms
[2022-04-20 16:08:38,390] INFO  captcha-service, 0:0:0:0:0:0:0:1, [http-nio-8073-exec-8], 13008311732b472b, 13008311732b472b , LoggingAspect profileAllMethods | Start of CaptchaController.generateCaptcha
[2022-04-20 16:08:38,391] INFO  captcha-service, 0:0:0:0:0:0:0:1, [http-nio-8073-exec-8], 13008311732b472b, 13008311732b472b , CaptchaController generateCaptcha | Captcha Generation request Received
[2022-04-20 16:08:38,391] INFO  captcha-service, 0:0:0:0:0:0:0:1, [http-nio-8073-exec-8], 13008311732b472b, 13008311732b472b , LoggingAspect profileAllMethods | Start of CaptchaServiceImpl.generateCaptcha
[2022-04-20 16:08:38,392] INFO  captcha-service, 0:0:0:0:0:0:0:1, [http-nio-8073-exec-8], 13008311732b472b, 13008311732b472b , CaptchaServiceImpl captchaCalculation | Inside captchaCalculation() method
[2022-04-20 16:08:38,392] INFO  captcha-service, 0:0:0:0:0:0:0:1, [http-nio-8073-exec-8], 13008311732b472b, 13008311732b472b , CaptchaServiceImpl captchaCalculation | Calculating captcha
[2022-04-20 16:08:38,393] INFO  captcha-service, 0:0:0:0:0:0:0:1, [http-nio-8073-exec-8], 13008311732b472b, 13008311732b472b , CaptchaServiceImpl captchaCalculation | captchaCalculation() method excecution completed
[2022-04-20 16:08:38,409] INFO  captcha-service, 0:0:0:0:0:0:0:1, [http-nio-8073-exec-8], 13008311732b472b, 13008311732b472b , CaptchaServiceImpl generateCaptcha | Catpcha generation : Success
[2022-04-20 16:08:38,409] INFO  captcha-service, 0:0:0:0:0:0:0:1, [http-nio-8073-exec-8], 13008311732b472b, 13008311732b472b , LoggingAspect profileAllMethods | END of CaptchaServiceImpl.generateCaptcha
[2022-04-20 16:08:38,410] INFO  captcha-service, 0:0:0:0:0:0:0:1, [http-nio-8073-exec-8], 13008311732b472b, 13008311732b472b , LoggingAspect profileAllMethods | Execution time of CaptchaServiceImpl.generateCaptcha :: 19 ms
[2022-04-20 16:08:38,419] INFO  captcha-service, 0:0:0:0:0:0:0:1, [http-nio-8073-exec-8], 13008311732b472b, 13008311732b472b , LoggingAspect profileAllMethods | END of CaptchaController.generateCaptcha
[2022-04-20 16:08:38,420] INFO  captcha-service, 0:0:0:0:0:0:0:1, [http-nio-8073-exec-8], 13008311732b472b, 13008311732b472b , LoggingAspect profileAllMethods | Execution time of CaptchaController.generateCaptcha :: 30 ms
[2022-04-20 16:08:39,195] INFO  captcha-service, 0:0:0:0:0:0:0:1, [http-nio-8073-exec-9], 577c30774b613057, 577c30774b613057 , LoggingAspect profileAllMethods | Start of CaptchaController.generateCaptcha
[2022-04-20 16:08:39,196] INFO  captcha-service, 0:0:0:0:0:0:0:1, [http-nio-8073-exec-9], 577c30774b613057, 577c30774b613057 , CaptchaController generateCaptcha | Captcha Generation request Received
[2022-04-20 16:08:39,197] INFO  captcha-service, 0:0:0:0:0:0:0:1, [http-nio-8073-exec-9], 577c30774b613057, 577c30774b613057 , LoggingAspect profileAllMethods | Start of CaptchaServiceImpl.generateCaptcha
[2022-04-20 16:08:39,198] INFO  captcha-service, 0:0:0:0:0:0:0:1, [http-nio-8073-exec-9], 577c30774b613057, 577c30774b613057 , CaptchaServiceImpl captchaCalculation | Inside captchaCalculation() method
[2022-04-20 16:08:39,199] INFO  captcha-service, 0:0:0:0:0:0:0:1, [http-nio-8073-exec-9], 577c30774b613057, 577c30774b613057 , CaptchaServiceImpl captchaCalculation | Calculating captcha
[2022-04-20 16:08:39,200] INFO  captcha-service, 0:0:0:0:0:0:0:1, [http-nio-8073-exec-9], 577c30774b613057, 577c30774b613057 , CaptchaServiceImpl captchaCalculation | captchaCalculation() method excecution completed
[2022-04-20 16:08:39,204] INFO  captcha-service, 0:0:0:0:0:0:0:1, [http-nio-8073-exec-9], 577c30774b613057, 577c30774b613057 , CaptchaServiceImpl generateCaptcha | Catpcha generation : Success
[2022-04-20 16:08:39,205] INFO  captcha-service, 0:0:0:0:0:0:0:1, [http-nio-8073-exec-9], 577c30774b613057, 577c30774b613057 , LoggingAspect profileAllMethods | END of CaptchaServiceImpl.generateCaptcha
[2022-04-20 16:08:39,205] INFO  captcha-service, 0:0:0:0:0:0:0:1, [http-nio-8073-exec-9], 577c30774b613057, 577c30774b613057 , LoggingAspect profileAllMethods | Execution time of CaptchaServiceImpl.generateCaptcha :: 8 ms
[2022-04-20 16:08:39,212] INFO  captcha-service, 0:0:0:0:0:0:0:1, [http-nio-8073-exec-9], 577c30774b613057, 577c30774b613057 , LoggingAspect profileAllMethods | END of CaptchaController.generateCaptcha
[2022-04-20 16:08:39,213] INFO  captcha-service, 0:0:0:0:0:0:0:1, [http-nio-8073-exec-9], 577c30774b613057, 577c30774b613057 , LoggingAspect profileAllMethods | Execution time of CaptchaController.generateCaptcha :: 18 ms
[2022-04-20 16:08:40,147] INFO  captcha-service, 0:0:0:0:0:0:0:1, [http-nio-8073-exec-10], f5545afef306c44a, f5545afef306c44a , LoggingAspect profileAllMethods | Start of CaptchaController.generateCaptcha
[2022-04-20 16:08:40,147] INFO  captcha-service, 0:0:0:0:0:0:0:1, [http-nio-8073-exec-10], f5545afef306c44a, f5545afef306c44a , CaptchaController generateCaptcha | Captcha Generation request Received
[2022-04-20 16:08:40,148] INFO  captcha-service, 0:0:0:0:0:0:0:1, [http-nio-8073-exec-10], f5545afef306c44a, f5545afef306c44a , LoggingAspect profileAllMethods | Start of CaptchaServiceImpl.generateCaptcha
[2022-04-20 16:08:40,149] INFO  captcha-service, 0:0:0:0:0:0:0:1, [http-nio-8073-exec-10], f5545afef306c44a, f5545afef306c44a , CaptchaServiceImpl captchaCalculation | Inside captchaCalculation() method
[2022-04-20 16:08:40,149] INFO  captcha-service, 0:0:0:0:0:0:0:1, [http-nio-8073-exec-10], f5545afef306c44a, f5545afef306c44a , CaptchaServiceImpl captchaCalculation | Calculating captcha
[2022-04-20 16:08:40,150] INFO  captcha-service, 0:0:0:0:0:0:0:1, [http-nio-8073-exec-10], f5545afef306c44a, f5545afef306c44a , CaptchaServiceImpl captchaCalculation | captchaCalculation() method excecution completed
[2022-04-20 16:08:40,153] INFO  captcha-service, 0:0:0:0:0:0:0:1, [http-nio-8073-exec-10], f5545afef306c44a, f5545afef306c44a , CaptchaServiceImpl generateCaptcha | Catpcha generation : Success
[2022-04-20 16:08:40,154] INFO  captcha-service, 0:0:0:0:0:0:0:1, [http-nio-8073-exec-10], f5545afef306c44a, f5545afef306c44a , LoggingAspect profileAllMethods | END of CaptchaServiceImpl.generateCaptcha
[2022-04-20 16:08:40,154] INFO  captcha-service, 0:0:0:0:0:0:0:1, [http-nio-8073-exec-10], f5545afef306c44a, f5545afef306c44a , LoggingAspect profileAllMethods | Execution time of CaptchaServiceImpl.generateCaptcha :: 6 ms
[2022-04-20 16:08:40,162] INFO  captcha-service, 0:0:0:0:0:0:0:1, [http-nio-8073-exec-10], f5545afef306c44a, f5545afef306c44a , LoggingAspect profileAllMethods | END of CaptchaController.generateCaptcha
[2022-04-20 16:08:40,163] INFO  captcha-service, 0:0:0:0:0:0:0:1, [http-nio-8073-exec-10], f5545afef306c44a, f5545afef306c44a , LoggingAspect profileAllMethods | Execution time of CaptchaController.generateCaptcha :: 16 ms
[2022-04-20 16:08:41,147] INFO  captcha-service, 0:0:0:0:0:0:0:1, [http-nio-8073-exec-1], 6b51c918422208f8, 6b51c918422208f8 , LoggingAspect profileAllMethods | Start of CaptchaController.generateCaptcha
[2022-04-20 16:08:41,148] INFO  captcha-service, 0:0:0:0:0:0:0:1, [http-nio-8073-exec-1], 6b51c918422208f8, 6b51c918422208f8 , CaptchaController generateCaptcha | Captcha Generation request Received
[2022-04-20 16:08:41,148] INFO  captcha-service, 0:0:0:0:0:0:0:1, [http-nio-8073-exec-1], 6b51c918422208f8, 6b51c918422208f8 , LoggingAspect profileAllMethods | Start of CaptchaServiceImpl.generateCaptcha
[2022-04-20 16:08:41,149] INFO  captcha-service, 0:0:0:0:0:0:0:1, [http-nio-8073-exec-1], 6b51c918422208f8, 6b51c918422208f8 , CaptchaServiceImpl captchaCalculation | Inside captchaCalculation() method
[2022-04-20 16:08:41,149] INFO  captcha-service, 0:0:0:0:0:0:0:1, [http-nio-8073-exec-1], 6b51c918422208f8, 6b51c918422208f8 , CaptchaServiceImpl captchaCalculation | Calculating captcha
[2022-04-20 16:08:41,150] INFO  captcha-service, 0:0:0:0:0:0:0:1, [http-nio-8073-exec-1], 6b51c918422208f8, 6b51c918422208f8 , CaptchaServiceImpl captchaCalculation | captchaCalculation() method excecution completed
[2022-04-20 16:08:41,152] INFO  captcha-service, 0:0:0:0:0:0:0:1, [http-nio-8073-exec-1], 6b51c918422208f8, 6b51c918422208f8 , CaptchaServiceImpl generateCaptcha | Catpcha generation : Success
[2022-04-20 16:08:41,153] INFO  captcha-service, 0:0:0:0:0:0:0:1, [http-nio-8073-exec-1], 6b51c918422208f8, 6b51c918422208f8 , LoggingAspect profileAllMethods | END of CaptchaServiceImpl.generateCaptcha
[2022-04-20 16:08:41,153] INFO  captcha-service, 0:0:0:0:0:0:0:1, [http-nio-8073-exec-1], 6b51c918422208f8, 6b51c918422208f8 , LoggingAspect profileAllMethods | Execution time of CaptchaServiceImpl.generateCaptcha :: 5 ms
[2022-04-20 16:08:41,160] INFO  captcha-service, 0:0:0:0:0:0:0:1, [http-nio-8073-exec-1], 6b51c918422208f8, 6b51c918422208f8 , LoggingAspect profileAllMethods | END of CaptchaController.generateCaptcha
[2022-04-20 16:08:41,161] INFO  captcha-service, 0:0:0:0:0:0:0:1, [http-nio-8073-exec-1], 6b51c918422208f8, 6b51c918422208f8 , LoggingAspect profileAllMethods | Execution time of CaptchaController.generateCaptcha :: 14 ms
[2022-04-20 16:08:42,194] INFO  captcha-service, 0:0:0:0:0:0:0:1, [http-nio-8073-exec-2], 07ee010dd2506279, 07ee010dd2506279 , LoggingAspect profileAllMethods | Start of CaptchaController.generateCaptcha
[2022-04-20 16:08:42,195] INFO  captcha-service, 0:0:0:0:0:0:0:1, [http-nio-8073-exec-2], 07ee010dd2506279, 07ee010dd2506279 , CaptchaController generateCaptcha | Captcha Generation request Received
[2022-04-20 16:08:42,195] INFO  captcha-service, 0:0:0:0:0:0:0:1, [http-nio-8073-exec-2], 07ee010dd2506279, 07ee010dd2506279 , LoggingAspect profileAllMethods | Start of CaptchaServiceImpl.generateCaptcha
[2022-04-20 16:08:42,195] INFO  captcha-service, 0:0:0:0:0:0:0:1, [http-nio-8073-exec-2], 07ee010dd2506279, 07ee010dd2506279 , CaptchaServiceImpl captchaCalculation | Inside captchaCalculation() method
[2022-04-20 16:08:42,195] INFO  captcha-service, 0:0:0:0:0:0:0:1, [http-nio-8073-exec-2], 07ee010dd2506279, 07ee010dd2506279 , CaptchaServiceImpl captchaCalculation | Calculating captcha
[2022-04-20 16:08:42,195] INFO  captcha-service, 0:0:0:0:0:0:0:1, [http-nio-8073-exec-2], 07ee010dd2506279, 07ee010dd2506279 , CaptchaServiceImpl captchaCalculation | captchaCalculation() method excecution completed
[2022-04-20 16:08:42,199] INFO  captcha-service, 0:0:0:0:0:0:0:1, [http-nio-8073-exec-2], 07ee010dd2506279, 07ee010dd2506279 , CaptchaServiceImpl generateCaptcha | Catpcha generation : Success
[2022-04-20 16:08:42,200] INFO  captcha-service, 0:0:0:0:0:0:0:1, [http-nio-8073-exec-2], 07ee010dd2506279, 07ee010dd2506279 , LoggingAspect profileAllMethods | END of CaptchaServiceImpl.generateCaptcha
[2022-04-20 16:08:42,200] INFO  captcha-service, 0:0:0:0:0:0:0:1, [http-nio-8073-exec-2], 07ee010dd2506279, 07ee010dd2506279 , LoggingAspect profileAllMethods | Execution time of CaptchaServiceImpl.generateCaptcha :: 5 ms
[2022-04-20 16:08:42,214] INFO  captcha-service, 0:0:0:0:0:0:0:1, [http-nio-8073-exec-2], 07ee010dd2506279, 07ee010dd2506279 , LoggingAspect profileAllMethods | END of CaptchaController.generateCaptcha
[2022-04-20 16:08:42,215] INFO  captcha-service, 0:0:0:0:0:0:0:1, [http-nio-8073-exec-2], 07ee010dd2506279, 07ee010dd2506279 , LoggingAspect profileAllMethods | Execution time of CaptchaController.generateCaptcha :: 21 ms
[2022-04-20 16:08:43,345] INFO  captcha-service, 0:0:0:0:0:0:0:1, [http-nio-8073-exec-3], 5d61ffd99898de5c, 5d61ffd99898de5c , LoggingAspect profileAllMethods | Start of CaptchaController.generateCaptcha
[2022-04-20 16:08:43,346] INFO  captcha-service, 0:0:0:0:0:0:0:1, [http-nio-8073-exec-3], 5d61ffd99898de5c, 5d61ffd99898de5c , CaptchaController generateCaptcha | Captcha Generation request Received
[2022-04-20 16:08:43,346] INFO  captcha-service, 0:0:0:0:0:0:0:1, [http-nio-8073-exec-3], 5d61ffd99898de5c, 5d61ffd99898de5c , LoggingAspect profileAllMethods | Start of CaptchaServiceImpl.generateCaptcha
[2022-04-20 16:08:43,346] INFO  captcha-service, 0:0:0:0:0:0:0:1, [http-nio-8073-exec-3], 5d61ffd99898de5c, 5d61ffd99898de5c , CaptchaServiceImpl captchaCalculation | Inside captchaCalculation() method
[2022-04-20 16:08:43,346] INFO  captcha-service, 0:0:0:0:0:0:0:1, [http-nio-8073-exec-3], 5d61ffd99898de5c, 5d61ffd99898de5c , CaptchaServiceImpl captchaCalculation | Calculating captcha
[2022-04-20 16:08:43,347] INFO  captcha-service, 0:0:0:0:0:0:0:1, [http-nio-8073-exec-3], 5d61ffd99898de5c, 5d61ffd99898de5c , CaptchaServiceImpl captchaCalculation | captchaCalculation() method excecution completed
[2022-04-20 16:08:43,350] INFO  captcha-service, 0:0:0:0:0:0:0:1, [http-nio-8073-exec-3], 5d61ffd99898de5c, 5d61ffd99898de5c , CaptchaServiceImpl generateCaptcha | Catpcha generation : Success
[2022-04-20 16:08:43,350] INFO  captcha-service, 0:0:0:0:0:0:0:1, [http-nio-8073-exec-3], 5d61ffd99898de5c, 5d61ffd99898de5c , LoggingAspect profileAllMethods | END of CaptchaServiceImpl.generateCaptcha
[2022-04-20 16:08:43,351] INFO  captcha-service, 0:0:0:0:0:0:0:1, [http-nio-8073-exec-3], 5d61ffd99898de5c, 5d61ffd99898de5c , LoggingAspect profileAllMethods | Execution time of CaptchaServiceImpl.generateCaptcha :: 5 ms
[2022-04-20 16:08:43,358] INFO  captcha-service, 0:0:0:0:0:0:0:1, [http-nio-8073-exec-3], 5d61ffd99898de5c, 5d61ffd99898de5c , LoggingAspect profileAllMethods | END of CaptchaController.generateCaptcha
[2022-04-20 16:08:43,359] INFO  captcha-service, 0:0:0:0:0:0:0:1, [http-nio-8073-exec-3], 5d61ffd99898de5c, 5d61ffd99898de5c , LoggingAspect profileAllMethods | Execution time of CaptchaController.generateCaptcha :: 14 ms
[2022-04-20 16:08:44,774] INFO  captcha-service, 0:0:0:0:0:0:0:1, [http-nio-8073-exec-4], eb5ada862286e033, eb5ada862286e033 , LoggingAspect profileAllMethods | Start of CaptchaController.generateCaptcha
[2022-04-20 16:08:44,774] INFO  captcha-service, 0:0:0:0:0:0:0:1, [http-nio-8073-exec-4], eb5ada862286e033, eb5ada862286e033 , CaptchaController generateCaptcha | Captcha Generation request Received
[2022-04-20 16:08:44,775] INFO  captcha-service, 0:0:0:0:0:0:0:1, [http-nio-8073-exec-4], eb5ada862286e033, eb5ada862286e033 , LoggingAspect profileAllMethods | Start of CaptchaServiceImpl.generateCaptcha
[2022-04-20 16:08:44,776] INFO  captcha-service, 0:0:0:0:0:0:0:1, [http-nio-8073-exec-4], eb5ada862286e033, eb5ada862286e033 , CaptchaServiceImpl captchaCalculation | Inside captchaCalculation() method
[2022-04-20 16:08:44,776] INFO  captcha-service, 0:0:0:0:0:0:0:1, [http-nio-8073-exec-4], eb5ada862286e033, eb5ada862286e033 , CaptchaServiceImpl captchaCalculation | Calculating captcha
[2022-04-20 16:08:44,777] INFO  captcha-service, 0:0:0:0:0:0:0:1, [http-nio-8073-exec-4], eb5ada862286e033, eb5ada862286e033 , CaptchaServiceImpl captchaCalculation | captchaCalculation() method excecution completed
[2022-04-20 16:08:44,781] INFO  captcha-service, 0:0:0:0:0:0:0:1, [http-nio-8073-exec-4], eb5ada862286e033, eb5ada862286e033 , CaptchaServiceImpl generateCaptcha | Catpcha generation : Success
[2022-04-20 16:08:44,781] INFO  captcha-service, 0:0:0:0:0:0:0:1, [http-nio-8073-exec-4], eb5ada862286e033, eb5ada862286e033 , LoggingAspect profileAllMethods | END of CaptchaServiceImpl.generateCaptcha
[2022-04-20 16:08:44,782] INFO  captcha-service, 0:0:0:0:0:0:0:1, [http-nio-8073-exec-4], eb5ada862286e033, eb5ada862286e033 , LoggingAspect profileAllMethods | Execution time of CaptchaServiceImpl.generateCaptcha :: 7 ms
[2022-04-20 16:08:44,797] INFO  captcha-service, 0:0:0:0:0:0:0:1, [http-nio-8073-exec-4], eb5ada862286e033, eb5ada862286e033 , LoggingAspect profileAllMethods | END of CaptchaController.generateCaptcha
[2022-04-20 16:08:44,797] INFO  captcha-service, 0:0:0:0:0:0:0:1, [http-nio-8073-exec-4], eb5ada862286e033, eb5ada862286e033 , LoggingAspect profileAllMethods | Execution time of CaptchaController.generateCaptcha :: 23 ms
[2022-04-20 16:08:45,781] INFO  captcha-service, 0:0:0:0:0:0:0:1, [http-nio-8073-exec-5], 2a212f720ba55c2d, 2a212f720ba55c2d , LoggingAspect profileAllMethods | Start of CaptchaController.generateCaptcha
[2022-04-20 16:08:45,784] INFO  captcha-service, 0:0:0:0:0:0:0:1, [http-nio-8073-exec-5], 2a212f720ba55c2d, 2a212f720ba55c2d , CaptchaController generateCaptcha | Captcha Generation request Received
[2022-04-20 16:08:45,786] INFO  captcha-service, 0:0:0:0:0:0:0:1, [http-nio-8073-exec-5], 2a212f720ba55c2d, 2a212f720ba55c2d , LoggingAspect profileAllMethods | Start of CaptchaServiceImpl.generateCaptcha
[2022-04-20 16:08:45,788] INFO  captcha-service, 0:0:0:0:0:0:0:1, [http-nio-8073-exec-5], 2a212f720ba55c2d, 2a212f720ba55c2d , CaptchaServiceImpl captchaCalculation | Inside captchaCalculation() method
[2022-04-20 16:08:45,789] INFO  captcha-service, 0:0:0:0:0:0:0:1, [http-nio-8073-exec-5], 2a212f720ba55c2d, 2a212f720ba55c2d , CaptchaServiceImpl captchaCalculation | Calculating captcha
[2022-04-20 16:08:45,789] INFO  captcha-service, 0:0:0:0:0:0:0:1, [http-nio-8073-exec-5], 2a212f720ba55c2d, 2a212f720ba55c2d , CaptchaServiceImpl captchaCalculation | captchaCalculation() method excecution completed
[2022-04-20 16:08:45,794] INFO  captcha-service, 0:0:0:0:0:0:0:1, [http-nio-8073-exec-5], 2a212f720ba55c2d, 2a212f720ba55c2d , CaptchaServiceImpl generateCaptcha | Catpcha generation : Success
[2022-04-20 16:08:45,795] INFO  captcha-service, 0:0:0:0:0:0:0:1, [http-nio-8073-exec-5], 2a212f720ba55c2d, 2a212f720ba55c2d , LoggingAspect profileAllMethods | END of CaptchaServiceImpl.generateCaptcha
[2022-04-20 16:08:45,796] INFO  captcha-service, 0:0:0:0:0:0:0:1, [http-nio-8073-exec-5], 2a212f720ba55c2d, 2a212f720ba55c2d , LoggingAspect profileAllMethods | Execution time of CaptchaServiceImpl.generateCaptcha :: 9 ms
[2022-04-20 16:08:45,809] INFO  captcha-service, 0:0:0:0:0:0:0:1, [http-nio-8073-exec-5], 2a212f720ba55c2d, 2a212f720ba55c2d , LoggingAspect profileAllMethods | END of CaptchaController.generateCaptcha
[2022-04-20 16:08:45,809] INFO  captcha-service, 0:0:0:0:0:0:0:1, [http-nio-8073-exec-5], 2a212f720ba55c2d, 2a212f720ba55c2d , LoggingAspect profileAllMethods | Execution time of CaptchaController.generateCaptcha :: 29 ms
[2022-04-20 16:08:46,785] INFO  captcha-service, 0:0:0:0:0:0:0:1, [http-nio-8073-exec-6], c96930bff7c01d16, c96930bff7c01d16 , LoggingAspect profileAllMethods | Start of CaptchaController.generateCaptcha
[2022-04-20 16:08:46,818] INFO  captcha-service, 0:0:0:0:0:0:0:1, [http-nio-8073-exec-6], c96930bff7c01d16, c96930bff7c01d16 , CaptchaController generateCaptcha | Captcha Generation request Received
[2022-04-20 16:08:46,818] INFO  captcha-service, 0:0:0:0:0:0:0:1, [http-nio-8073-exec-6], c96930bff7c01d16, c96930bff7c01d16 , LoggingAspect profileAllMethods | Start of CaptchaServiceImpl.generateCaptcha
[2022-04-20 16:08:46,819] INFO  captcha-service, 0:0:0:0:0:0:0:1, [http-nio-8073-exec-6], c96930bff7c01d16, c96930bff7c01d16 , CaptchaServiceImpl captchaCalculation | Inside captchaCalculation() method
[2022-04-20 16:08:46,820] INFO  captcha-service, 0:0:0:0:0:0:0:1, [http-nio-8073-exec-6], c96930bff7c01d16, c96930bff7c01d16 , CaptchaServiceImpl captchaCalculation | Calculating captcha
[2022-04-20 16:08:46,820] INFO  captcha-service, 0:0:0:0:0:0:0:1, [http-nio-8073-exec-6], c96930bff7c01d16, c96930bff7c01d16 , CaptchaServiceImpl captchaCalculation | captchaCalculation() method excecution completed
[2022-04-20 16:08:46,923] INFO  captcha-service, 0:0:0:0:0:0:0:1, [http-nio-8073-exec-6], c96930bff7c01d16, c96930bff7c01d16 , CaptchaServiceImpl generateCaptcha | Catpcha generation : Success
[2022-04-20 16:08:46,928] INFO  captcha-service, 0:0:0:0:0:0:0:1, [http-nio-8073-exec-6], c96930bff7c01d16, c96930bff7c01d16 , LoggingAspect profileAllMethods | END of CaptchaServiceImpl.generateCaptcha
[2022-04-20 16:08:46,928] INFO  captcha-service, 0:0:0:0:0:0:0:1, [http-nio-8073-exec-6], c96930bff7c01d16, c96930bff7c01d16 , LoggingAspect profileAllMethods | Execution time of CaptchaServiceImpl.generateCaptcha :: 110 ms
[2022-04-20 16:08:46,942] INFO  captcha-service, 0:0:0:0:0:0:0:1, [http-nio-8073-exec-6], c96930bff7c01d16, c96930bff7c01d16 , LoggingAspect profileAllMethods | END of CaptchaController.generateCaptcha
[2022-04-20 16:08:46,943] INFO  captcha-service, 0:0:0:0:0:0:0:1, [http-nio-8073-exec-6], c96930bff7c01d16, c96930bff7c01d16 , LoggingAspect profileAllMethods | Execution time of CaptchaController.generateCaptcha :: 158 ms
[2022-04-20 16:08:48,142] INFO  captcha-service, 0:0:0:0:0:0:0:1, [http-nio-8073-exec-7], 6e4e352aeb237ae6, 6e4e352aeb237ae6 , LoggingAspect profileAllMethods | Start of CaptchaController.generateCaptcha
[2022-04-20 16:08:48,146] INFO  captcha-service, 0:0:0:0:0:0:0:1, [http-nio-8073-exec-7], 6e4e352aeb237ae6, 6e4e352aeb237ae6 , CaptchaController generateCaptcha | Captcha Generation request Received
[2022-04-20 16:08:48,147] INFO  captcha-service, 0:0:0:0:0:0:0:1, [http-nio-8073-exec-7], 6e4e352aeb237ae6, 6e4e352aeb237ae6 , LoggingAspect profileAllMethods | Start of CaptchaServiceImpl.generateCaptcha
[2022-04-20 16:08:48,148] INFO  captcha-service, 0:0:0:0:0:0:0:1, [http-nio-8073-exec-7], 6e4e352aeb237ae6, 6e4e352aeb237ae6 , CaptchaServiceImpl captchaCalculation | Inside captchaCalculation() method
[2022-04-20 16:08:48,150] INFO  captcha-service, 0:0:0:0:0:0:0:1, [http-nio-8073-exec-7], 6e4e352aeb237ae6, 6e4e352aeb237ae6 , CaptchaServiceImpl captchaCalculation | Calculating captcha
[2022-04-20 16:08:48,151] INFO  captcha-service, 0:0:0:0:0:0:0:1, [http-nio-8073-exec-7], 6e4e352aeb237ae6, 6e4e352aeb237ae6 , CaptchaServiceImpl captchaCalculation | captchaCalculation() method excecution completed
[2022-04-20 16:08:48,157] INFO  captcha-service, 0:0:0:0:0:0:0:1, [http-nio-8073-exec-7], 6e4e352aeb237ae6, 6e4e352aeb237ae6 , CaptchaServiceImpl generateCaptcha | Catpcha generation : Success
[2022-04-20 16:08:48,220] INFO  captcha-service, 0:0:0:0:0:0:0:1, [http-nio-8073-exec-7], 6e4e352aeb237ae6, 6e4e352aeb237ae6 , LoggingAspect profileAllMethods | END of CaptchaServiceImpl.generateCaptcha
[2022-04-20 16:08:48,221] INFO  captcha-service, 0:0:0:0:0:0:0:1, [http-nio-8073-exec-7], 6e4e352aeb237ae6, 6e4e352aeb237ae6 , LoggingAspect profileAllMethods | Execution time of CaptchaServiceImpl.generateCaptcha :: 74 ms
[2022-04-20 16:08:48,392] INFO  captcha-service, 0:0:0:0:0:0:0:1, [http-nio-8073-exec-7], 6e4e352aeb237ae6, 6e4e352aeb237ae6 , LoggingAspect profileAllMethods | END of CaptchaController.generateCaptcha
[2022-04-20 16:08:48,393] INFO  captcha-service, 0:0:0:0:0:0:0:1, [http-nio-8073-exec-7], 6e4e352aeb237ae6, 6e4e352aeb237ae6 , LoggingAspect profileAllMethods | Execution time of CaptchaController.generateCaptcha :: 251 ms
[2022-04-20 16:08:50,303] INFO  captcha-service, 0:0:0:0:0:0:0:1, [http-nio-8073-exec-8], b293a8b08aa8170c, b293a8b08aa8170c , LoggingAspect profileAllMethods | Start of CaptchaController.generateCaptcha
[2022-04-20 16:08:50,304] INFO  captcha-service, 0:0:0:0:0:0:0:1, [http-nio-8073-exec-8], b293a8b08aa8170c, b293a8b08aa8170c , CaptchaController generateCaptcha | Captcha Generation request Received
[2022-04-20 16:08:50,305] INFO  captcha-service, 0:0:0:0:0:0:0:1, [http-nio-8073-exec-8], b293a8b08aa8170c, b293a8b08aa8170c , LoggingAspect profileAllMethods | Start of CaptchaServiceImpl.generateCaptcha
[2022-04-20 16:08:50,305] INFO  captcha-service, 0:0:0:0:0:0:0:1, [http-nio-8073-exec-8], b293a8b08aa8170c, b293a8b08aa8170c , CaptchaServiceImpl captchaCalculation | Inside captchaCalculation() method
[2022-04-20 16:08:50,305] INFO  captcha-service, 0:0:0:0:0:0:0:1, [http-nio-8073-exec-8], b293a8b08aa8170c, b293a8b08aa8170c , CaptchaServiceImpl captchaCalculation | Calculating captcha
[2022-04-20 16:08:50,306] INFO  captcha-service, 0:0:0:0:0:0:0:1, [http-nio-8073-exec-8], b293a8b08aa8170c, b293a8b08aa8170c , CaptchaServiceImpl captchaCalculation | captchaCalculation() method excecution completed
[2022-04-20 16:08:50,309] INFO  captcha-service, 0:0:0:0:0:0:0:1, [http-nio-8073-exec-8], b293a8b08aa8170c, b293a8b08aa8170c , CaptchaServiceImpl generateCaptcha | Catpcha generation : Success
[2022-04-20 16:08:50,309] INFO  captcha-service, 0:0:0:0:0:0:0:1, [http-nio-8073-exec-8], b293a8b08aa8170c, b293a8b08aa8170c , LoggingAspect profileAllMethods | END of CaptchaServiceImpl.generateCaptcha
[2022-04-20 16:08:50,309] INFO  captcha-service, 0:0:0:0:0:0:0:1, [http-nio-8073-exec-8], b293a8b08aa8170c, b293a8b08aa8170c , LoggingAspect profileAllMethods | Execution time of CaptchaServiceImpl.generateCaptcha :: 4 ms
[2022-04-20 16:08:50,360] INFO  captcha-service, 0:0:0:0:0:0:0:1, [http-nio-8073-exec-8], b293a8b08aa8170c, b293a8b08aa8170c , LoggingAspect profileAllMethods | END of CaptchaController.generateCaptcha
[2022-04-20 16:08:50,361] INFO  captcha-service, 0:0:0:0:0:0:0:1, [http-nio-8073-exec-8], b293a8b08aa8170c, b293a8b08aa8170c , LoggingAspect profileAllMethods | Execution time of CaptchaController.generateCaptcha :: 58 ms
[2022-04-20 16:08:51,641] INFO  captcha-service, 0:0:0:0:0:0:0:1, [http-nio-8073-exec-9], af33fdf24f1e54c5, af33fdf24f1e54c5 , LoggingAspect profileAllMethods | Start of CaptchaController.generateCaptcha
[2022-04-20 16:08:51,641] INFO  captcha-service, 0:0:0:0:0:0:0:1, [http-nio-8073-exec-9], af33fdf24f1e54c5, af33fdf24f1e54c5 , CaptchaController generateCaptcha | Captcha Generation request Received
[2022-04-20 16:08:51,641] INFO  captcha-service, 0:0:0:0:0:0:0:1, [http-nio-8073-exec-9], af33fdf24f1e54c5, af33fdf24f1e54c5 , LoggingAspect profileAllMethods | Start of CaptchaServiceImpl.generateCaptcha
[2022-04-20 16:08:51,642] INFO  captcha-service, 0:0:0:0:0:0:0:1, [http-nio-8073-exec-9], af33fdf24f1e54c5, af33fdf24f1e54c5 , CaptchaServiceImpl captchaCalculation | Inside captchaCalculation() method
[2022-04-20 16:08:51,642] INFO  captcha-service, 0:0:0:0:0:0:0:1, [http-nio-8073-exec-9], af33fdf24f1e54c5, af33fdf24f1e54c5 , CaptchaServiceImpl captchaCalculation | Calculating captcha
[2022-04-20 16:08:51,642] INFO  captcha-service, 0:0:0:0:0:0:0:1, [http-nio-8073-exec-9], af33fdf24f1e54c5, af33fdf24f1e54c5 , CaptchaServiceImpl captchaCalculation | captchaCalculation() method excecution completed
[2022-04-20 16:08:51,645] INFO  captcha-service, 0:0:0:0:0:0:0:1, [http-nio-8073-exec-9], af33fdf24f1e54c5, af33fdf24f1e54c5 , CaptchaServiceImpl generateCaptcha | Catpcha generation : Success
[2022-04-20 16:08:51,645] INFO  captcha-service, 0:0:0:0:0:0:0:1, [http-nio-8073-exec-9], af33fdf24f1e54c5, af33fdf24f1e54c5 , LoggingAspect profileAllMethods | END of CaptchaServiceImpl.generateCaptcha
[2022-04-20 16:08:51,645] INFO  captcha-service, 0:0:0:0:0:0:0:1, [http-nio-8073-exec-9], af33fdf24f1e54c5, af33fdf24f1e54c5 , LoggingAspect profileAllMethods | Execution time of CaptchaServiceImpl.generateCaptcha :: 4 ms
[2022-04-20 16:08:51,652] INFO  captcha-service, 0:0:0:0:0:0:0:1, [http-nio-8073-exec-9], af33fdf24f1e54c5, af33fdf24f1e54c5 , LoggingAspect profileAllMethods | END of CaptchaController.generateCaptcha
[2022-04-20 16:08:51,653] INFO  captcha-service, 0:0:0:0:0:0:0:1, [http-nio-8073-exec-9], af33fdf24f1e54c5, af33fdf24f1e54c5 , LoggingAspect profileAllMethods | Execution time of CaptchaController.generateCaptcha :: 12 ms
[2022-04-20 16:08:53,687] INFO  captcha-service, 0:0:0:0:0:0:0:1, [http-nio-8073-exec-10], b1e89a2636577568, b1e89a2636577568 , LoggingAspect profileAllMethods | Start of CaptchaController.generateCaptcha
[2022-04-20 16:08:53,687] INFO  captcha-service, 0:0:0:0:0:0:0:1, [http-nio-8073-exec-10], b1e89a2636577568, b1e89a2636577568 , CaptchaController generateCaptcha | Captcha Generation request Received
[2022-04-20 16:08:53,688] INFO  captcha-service, 0:0:0:0:0:0:0:1, [http-nio-8073-exec-10], b1e89a2636577568, b1e89a2636577568 , LoggingAspect profileAllMethods | Start of CaptchaServiceImpl.generateCaptcha
[2022-04-20 16:08:53,688] INFO  captcha-service, 0:0:0:0:0:0:0:1, [http-nio-8073-exec-10], b1e89a2636577568, b1e89a2636577568 , CaptchaServiceImpl captchaCalculation | Inside captchaCalculation() method
[2022-04-20 16:08:53,688] INFO  captcha-service, 0:0:0:0:0:0:0:1, [http-nio-8073-exec-10], b1e89a2636577568, b1e89a2636577568 , CaptchaServiceImpl captchaCalculation | Calculating captcha
[2022-04-20 16:08:53,688] INFO  captcha-service, 0:0:0:0:0:0:0:1, [http-nio-8073-exec-10], b1e89a2636577568, b1e89a2636577568 , CaptchaServiceImpl captchaCalculation | captchaCalculation() method excecution completed
[2022-04-20 16:08:53,713] INFO  captcha-service, 0:0:0:0:0:0:0:1, [http-nio-8073-exec-10], b1e89a2636577568, b1e89a2636577568 , CaptchaServiceImpl generateCaptcha | Catpcha generation : Success
[2022-04-20 16:08:53,714] INFO  captcha-service, 0:0:0:0:0:0:0:1, [http-nio-8073-exec-10], b1e89a2636577568, b1e89a2636577568 , LoggingAspect profileAllMethods | END of CaptchaServiceImpl.generateCaptcha
[2022-04-20 16:08:53,714] INFO  captcha-service, 0:0:0:0:0:0:0:1, [http-nio-8073-exec-10], b1e89a2636577568, b1e89a2636577568 , LoggingAspect profileAllMethods | Execution time of CaptchaServiceImpl.generateCaptcha :: 26 ms
[2022-04-20 16:08:53,722] INFO  captcha-service, 0:0:0:0:0:0:0:1, [http-nio-8073-exec-10], b1e89a2636577568, b1e89a2636577568 , LoggingAspect profileAllMethods | END of CaptchaController.generateCaptcha
[2022-04-20 16:08:53,723] INFO  captcha-service, 0:0:0:0:0:0:0:1, [http-nio-8073-exec-10], b1e89a2636577568, b1e89a2636577568 , LoggingAspect profileAllMethods | Execution time of CaptchaController.generateCaptcha :: 36 ms
[2022-04-20 16:08:53,963] INFO  captcha-service, 0:0:0:0:0:0:0:1, [http-nio-8073-exec-1], 30fea7e6f800eb7b, 30fea7e6f800eb7b , LoggingAspect profileAllMethods | Start of CaptchaController.generateCaptcha
[2022-04-20 16:08:53,964] INFO  captcha-service, 0:0:0:0:0:0:0:1, [http-nio-8073-exec-1], 30fea7e6f800eb7b, 30fea7e6f800eb7b , CaptchaController generateCaptcha | Captcha Generation request Received
[2022-04-20 16:08:53,964] INFO  captcha-service, 0:0:0:0:0:0:0:1, [http-nio-8073-exec-1], 30fea7e6f800eb7b, 30fea7e6f800eb7b , LoggingAspect profileAllMethods | Start of CaptchaServiceImpl.generateCaptcha
[2022-04-20 16:08:53,964] INFO  captcha-service, 0:0:0:0:0:0:0:1, [http-nio-8073-exec-1], 30fea7e6f800eb7b, 30fea7e6f800eb7b , CaptchaServiceImpl captchaCalculation | Inside captchaCalculation() method
[2022-04-20 16:08:53,965] INFO  captcha-service, 0:0:0:0:0:0:0:1, [http-nio-8073-exec-1], 30fea7e6f800eb7b, 30fea7e6f800eb7b , CaptchaServiceImpl captchaCalculation | Calculating captcha
[2022-04-20 16:08:53,965] INFO  captcha-service, 0:0:0:0:0:0:0:1, [http-nio-8073-exec-1], 30fea7e6f800eb7b, 30fea7e6f800eb7b , CaptchaServiceImpl captchaCalculation | captchaCalculation() method excecution completed
[2022-04-20 16:08:53,967] INFO  captcha-service, 0:0:0:0:0:0:0:1, [http-nio-8073-exec-1], 30fea7e6f800eb7b, 30fea7e6f800eb7b , CaptchaServiceImpl generateCaptcha | Catpcha generation : Success
[2022-04-20 16:08:53,968] INFO  captcha-service, 0:0:0:0:0:0:0:1, [http-nio-8073-exec-1], 30fea7e6f800eb7b, 30fea7e6f800eb7b , LoggingAspect profileAllMethods | END of CaptchaServiceImpl.generateCaptcha
[2022-04-20 16:08:53,968] INFO  captcha-service, 0:0:0:0:0:0:0:1, [http-nio-8073-exec-1], 30fea7e6f800eb7b, 30fea7e6f800eb7b , LoggingAspect profileAllMethods | Execution time of CaptchaServiceImpl.generateCaptcha :: 4 ms
[2022-04-20 16:08:53,974] INFO  captcha-service, 0:0:0:0:0:0:0:1, [http-nio-8073-exec-1], 30fea7e6f800eb7b, 30fea7e6f800eb7b , LoggingAspect profileAllMethods | END of CaptchaController.generateCaptcha
[2022-04-20 16:08:53,975] INFO  captcha-service, 0:0:0:0:0:0:0:1, [http-nio-8073-exec-1], 30fea7e6f800eb7b, 30fea7e6f800eb7b , LoggingAspect profileAllMethods | Execution time of CaptchaController.generateCaptcha :: 12 ms
[2022-04-20 16:08:55,495] INFO  captcha-service, 0:0:0:0:0:0:0:1, [http-nio-8073-exec-2], cfa50c48e1953582, cfa50c48e1953582 , LoggingAspect profileAllMethods | Start of CaptchaController.generateCaptcha
[2022-04-20 16:08:55,495] INFO  captcha-service, 0:0:0:0:0:0:0:1, [http-nio-8073-exec-2], cfa50c48e1953582, cfa50c48e1953582 , CaptchaController generateCaptcha | Captcha Generation request Received
[2022-04-20 16:08:55,496] INFO  captcha-service, 0:0:0:0:0:0:0:1, [http-nio-8073-exec-2], cfa50c48e1953582, cfa50c48e1953582 , LoggingAspect profileAllMethods | Start of CaptchaServiceImpl.generateCaptcha
[2022-04-20 16:08:55,497] INFO  captcha-service, 0:0:0:0:0:0:0:1, [http-nio-8073-exec-2], cfa50c48e1953582, cfa50c48e1953582 , CaptchaServiceImpl captchaCalculation | Inside captchaCalculation() method
[2022-04-20 16:08:55,497] INFO  captcha-service, 0:0:0:0:0:0:0:1, [http-nio-8073-exec-2], cfa50c48e1953582, cfa50c48e1953582 , CaptchaServiceImpl captchaCalculation | Calculating captcha
[2022-04-20 16:08:55,497] INFO  captcha-service, 0:0:0:0:0:0:0:1, [http-nio-8073-exec-2], cfa50c48e1953582, cfa50c48e1953582 , CaptchaServiceImpl captchaCalculation | captchaCalculation() method excecution completed
[2022-04-20 16:08:55,501] INFO  captcha-service, 0:0:0:0:0:0:0:1, [http-nio-8073-exec-2], cfa50c48e1953582, cfa50c48e1953582 , CaptchaServiceImpl generateCaptcha | Catpcha generation : Success
[2022-04-20 16:08:55,502] INFO  captcha-service, 0:0:0:0:0:0:0:1, [http-nio-8073-exec-2], cfa50c48e1953582, cfa50c48e1953582 , LoggingAspect profileAllMethods | END of CaptchaServiceImpl.generateCaptcha
[2022-04-20 16:08:55,502] INFO  captcha-service, 0:0:0:0:0:0:0:1, [http-nio-8073-exec-2], cfa50c48e1953582, cfa50c48e1953582 , LoggingAspect profileAllMethods | Execution time of CaptchaServiceImpl.generateCaptcha :: 6 ms
[2022-04-20 16:08:55,578] INFO  captcha-service, 0:0:0:0:0:0:0:1, [http-nio-8073-exec-2], cfa50c48e1953582, cfa50c48e1953582 , LoggingAspect profileAllMethods | END of CaptchaController.generateCaptcha
[2022-04-20 16:08:55,580] INFO  captcha-service, 0:0:0:0:0:0:0:1, [http-nio-8073-exec-2], cfa50c48e1953582, cfa50c48e1953582 , LoggingAspect profileAllMethods | Execution time of CaptchaController.generateCaptcha :: 85 ms
[2022-04-20 16:08:57,536] INFO  captcha-service, 0:0:0:0:0:0:0:1, [http-nio-8073-exec-3], 2ae2138352869bd7, 2ae2138352869bd7 , LoggingAspect profileAllMethods | Start of CaptchaController.generateCaptcha
[2022-04-20 16:08:57,537] INFO  captcha-service, 0:0:0:0:0:0:0:1, [http-nio-8073-exec-3], 2ae2138352869bd7, 2ae2138352869bd7 , CaptchaController generateCaptcha | Captcha Generation request Received
[2022-04-20 16:08:57,537] INFO  captcha-service, 0:0:0:0:0:0:0:1, [http-nio-8073-exec-3], 2ae2138352869bd7, 2ae2138352869bd7 , LoggingAspect profileAllMethods | Start of CaptchaServiceImpl.generateCaptcha
[2022-04-20 16:08:57,537] INFO  captcha-service, 0:0:0:0:0:0:0:1, [http-nio-8073-exec-3], 2ae2138352869bd7, 2ae2138352869bd7 , CaptchaServiceImpl captchaCalculation | Inside captchaCalculation() method
[2022-04-20 16:08:57,538] INFO  captcha-service, 0:0:0:0:0:0:0:1, [http-nio-8073-exec-3], 2ae2138352869bd7, 2ae2138352869bd7 , CaptchaServiceImpl captchaCalculation | Calculating captcha
[2022-04-20 16:08:57,538] INFO  captcha-service, 0:0:0:0:0:0:0:1, [http-nio-8073-exec-3], 2ae2138352869bd7, 2ae2138352869bd7 , CaptchaServiceImpl captchaCalculation | captchaCalculation() method excecution completed
[2022-04-20 16:08:57,540] INFO  captcha-service, 0:0:0:0:0:0:0:1, [http-nio-8073-exec-3], 2ae2138352869bd7, 2ae2138352869bd7 , CaptchaServiceImpl generateCaptcha | Catpcha generation : Success
[2022-04-20 16:08:57,541] INFO  captcha-service, 0:0:0:0:0:0:0:1, [http-nio-8073-exec-3], 2ae2138352869bd7, 2ae2138352869bd7 , LoggingAspect profileAllMethods | END of CaptchaServiceImpl.generateCaptcha
[2022-04-20 16:08:57,541] INFO  captcha-service, 0:0:0:0:0:0:0:1, [http-nio-8073-exec-3], 2ae2138352869bd7, 2ae2138352869bd7 , LoggingAspect profileAllMethods | Execution time of CaptchaServiceImpl.generateCaptcha :: 4 ms
[2022-04-20 16:08:57,546] INFO  captcha-service, 0:0:0:0:0:0:0:1, [http-nio-8073-exec-3], 2ae2138352869bd7, 2ae2138352869bd7 , LoggingAspect profileAllMethods | END of CaptchaController.generateCaptcha
[2022-04-20 16:08:57,546] INFO  captcha-service, 0:0:0:0:0:0:0:1, [http-nio-8073-exec-3], 2ae2138352869bd7, 2ae2138352869bd7 , LoggingAspect profileAllMethods | Execution time of CaptchaController.generateCaptcha :: 10 ms
[2022-04-20 16:08:58,349] INFO  captcha-service, 0:0:0:0:0:0:0:1, [http-nio-8073-exec-4], 5e82b71b4be6c218, 5e82b71b4be6c218 , LoggingAspect profileAllMethods | Start of CaptchaController.generateCaptcha
[2022-04-20 16:08:58,428] INFO  captcha-service, 0:0:0:0:0:0:0:1, [http-nio-8073-exec-4], 5e82b71b4be6c218, 5e82b71b4be6c218 , CaptchaController generateCaptcha | Captcha Generation request Received
[2022-04-20 16:08:58,430] INFO  captcha-service, 0:0:0:0:0:0:0:1, [http-nio-8073-exec-4], 5e82b71b4be6c218, 5e82b71b4be6c218 , LoggingAspect profileAllMethods | Start of CaptchaServiceImpl.generateCaptcha
[2022-04-20 16:08:58,432] INFO  captcha-service, 0:0:0:0:0:0:0:1, [http-nio-8073-exec-4], 5e82b71b4be6c218, 5e82b71b4be6c218 , CaptchaServiceImpl captchaCalculation | Inside captchaCalculation() method
[2022-04-20 16:08:58,433] INFO  captcha-service, 0:0:0:0:0:0:0:1, [http-nio-8073-exec-4], 5e82b71b4be6c218, 5e82b71b4be6c218 , CaptchaServiceImpl captchaCalculation | Calculating captcha
[2022-04-20 16:08:58,435] INFO  captcha-service, 0:0:0:0:0:0:0:1, [http-nio-8073-exec-4], 5e82b71b4be6c218, 5e82b71b4be6c218 , CaptchaServiceImpl captchaCalculation | captchaCalculation() method excecution completed
[2022-04-20 16:08:58,501] INFO  captcha-service, 0:0:0:0:0:0:0:1, [http-nio-8073-exec-4], 5e82b71b4be6c218, 5e82b71b4be6c218 , CaptchaServiceImpl generateCaptcha | Catpcha generation : Success
[2022-04-20 16:08:58,502] INFO  captcha-service, 0:0:0:0:0:0:0:1, [http-nio-8073-exec-4], 5e82b71b4be6c218, 5e82b71b4be6c218 , LoggingAspect profileAllMethods | END of CaptchaServiceImpl.generateCaptcha
[2022-04-20 16:08:58,503] INFO  captcha-service, 0:0:0:0:0:0:0:1, [http-nio-8073-exec-4], 5e82b71b4be6c218, 5e82b71b4be6c218 , LoggingAspect profileAllMethods | Execution time of CaptchaServiceImpl.generateCaptcha :: 73 ms
[2022-04-20 16:08:58,512] INFO  captcha-service, 0:0:0:0:0:0:0:1, [http-nio-8073-exec-4], 5e82b71b4be6c218, 5e82b71b4be6c218 , LoggingAspect profileAllMethods | END of CaptchaController.generateCaptcha
[2022-04-20 16:08:58,513] INFO  captcha-service, 0:0:0:0:0:0:0:1, [http-nio-8073-exec-4], 5e82b71b4be6c218, 5e82b71b4be6c218 , LoggingAspect profileAllMethods | Execution time of CaptchaController.generateCaptcha :: 164 ms
[2022-04-20 16:11:50,316] INFO  captcha-service, 0:0:0:0:0:0:0:1, [http-nio-8073-exec-7], 4c0a5e796f903d0c, 4c0a5e796f903d0c , LoggingAspect profileAllMethods | Start of CaptchaController.verifyCaptcha
[2022-04-20 16:11:50,337] INFO  captcha-service, 0:0:0:0:0:0:0:1, [http-nio-8073-exec-7], 4c0a5e796f903d0c, 4c0a5e796f903d0c , CaptchaController verifyCaptcha | Captcha Verification request Received
[2022-04-20 16:11:50,345] INFO  captcha-service, 0:0:0:0:0:0:0:1, [http-nio-8073-exec-7], 4c0a5e796f903d0c, 4c0a5e796f903d0c , LoggingAspect profileAllMethods | Start of CaptchaServiceImpl.verifyCaptcha
[2022-04-20 16:11:50,351] ERROR captcha-service, 0:0:0:0:0:0:0:1, [http-nio-8073-exec-7], 4c0a5e796f903d0c, 4c0a5e796f903d0c , CaptchaServiceImpl verifyCaptcha | Catpcha Verification : Failed
[2022-04-20 16:11:50,533] INFO  captcha-service, 0:0:0:0:0:0:0:1, [http-nio-8073-exec-7], 4c0a5e796f903d0c, 4c0a5e796f903d0c , LoggingAspect profileAllMethods | Start of ExceptionControllerAdvisor.getUserValidity
[2022-04-20 16:11:50,667] ERROR captcha-service, 0:0:0:0:0:0:0:1, [http-nio-8073-exec-7], 4c0a5e796f903d0c, 4c0a5e796f903d0c , ExceptionControllerAdvisor getUserValidity | Exception occured : Invalid Captcha : Captcha verification failed
[2022-04-20 16:11:50,671] INFO  captcha-service, 0:0:0:0:0:0:0:1, [http-nio-8073-exec-7], 4c0a5e796f903d0c, 4c0a5e796f903d0c , LoggingAspect profileAllMethods | END of ExceptionControllerAdvisor.getUserValidity
[2022-04-20 16:11:50,676] INFO  captcha-service, 0:0:0:0:0:0:0:1, [http-nio-8073-exec-7], 4c0a5e796f903d0c, 4c0a5e796f903d0c , LoggingAspect profileAllMethods | Execution time of ExceptionControllerAdvisor.getUserValidity :: 143 ms
[2022-04-20 16:11:59,905] INFO  captcha-service, 0:0:0:0:0:0:0:1, [http-nio-8073-exec-8], e9d3b096685d4f9d, e9d3b096685d4f9d , LoggingAspect profileAllMethods | Start of CaptchaController.verifyCaptcha
[2022-04-20 16:11:59,906] INFO  captcha-service, 0:0:0:0:0:0:0:1, [http-nio-8073-exec-8], e9d3b096685d4f9d, e9d3b096685d4f9d , CaptchaController verifyCaptcha | Captcha Verification request Received
[2022-04-20 16:11:59,906] INFO  captcha-service, 0:0:0:0:0:0:0:1, [http-nio-8073-exec-8], e9d3b096685d4f9d, e9d3b096685d4f9d , LoggingAspect profileAllMethods | Start of CaptchaServiceImpl.verifyCaptcha
[2022-04-20 16:11:59,910] INFO  captcha-service, 0:0:0:0:0:0:0:1, [http-nio-8073-exec-8], e9d3b096685d4f9d, e9d3b096685d4f9d , CaptchaServiceImpl verifyCaptcha | Catpcha Verification : Success
[2022-04-20 16:11:59,910] INFO  captcha-service, 0:0:0:0:0:0:0:1, [http-nio-8073-exec-8], e9d3b096685d4f9d, e9d3b096685d4f9d , LoggingAspect profileAllMethods | END of CaptchaServiceImpl.verifyCaptcha
[2022-04-20 16:11:59,911] INFO  captcha-service, 0:0:0:0:0:0:0:1, [http-nio-8073-exec-8], e9d3b096685d4f9d, e9d3b096685d4f9d , LoggingAspect profileAllMethods | Execution time of CaptchaServiceImpl.verifyCaptcha :: 5 ms
[2022-04-20 16:11:59,912] INFO  captcha-service, 0:0:0:0:0:0:0:1, [http-nio-8073-exec-8], e9d3b096685d4f9d, e9d3b096685d4f9d , LoggingAspect profileAllMethods | END of CaptchaController.verifyCaptcha
[2022-04-20 16:11:59,913] INFO  captcha-service, 0:0:0:0:0:0:0:1, [http-nio-8073-exec-8], e9d3b096685d4f9d, e9d3b096685d4f9d , LoggingAspect profileAllMethods | Execution time of CaptchaController.verifyCaptcha :: 8 ms
[2022-04-20 16:14:27,062] INFO  captcha-service, , [RMI TCP Connection(10)-127.0.0.1], ,  , SpringApplicationAdminMXBeanRegistrar$SpringApplicationAdmin shutdown | Application shutdown requested.
[2022-04-20 16:14:27,159] INFO  captcha-service, , [RMI TCP Connection(10)-127.0.0.1], ,  , ThreadPoolTaskExecutor shutdown | Shutting down ExecutorService 'applicationTaskExecutor'
[2022-04-20 16:14:27,187] INFO  captcha-service, , [RMI TCP Connection(10)-127.0.0.1], ,  , Http11NioProtocol log | Pausing ProtocolHandler ["http-nio-8073"]
[2022-04-20 16:14:27,232] INFO  captcha-service, , [RMI TCP Connection(10)-127.0.0.1], ,  , StandardService log | Stopping service [Tomcat]
[2022-04-20 16:14:27,248] INFO  captcha-service, , [RMI TCP Connection(10)-127.0.0.1], ,  , [/captcha] log | Destroying Spring FrameworkServlet 'dispatcherServlet'
[2022-04-20 16:14:27,314] INFO  captcha-service, , [RMI TCP Connection(10)-127.0.0.1], ,  , Http11NioProtocol log | Stopping ProtocolHandler ["http-nio-8073"]
[2022-04-20 16:14:27,332] INFO  captcha-service, , [RMI TCP Connection(10)-127.0.0.1], ,  , Http11NioProtocol log | Destroying ProtocolHandler ["http-nio-8073"]
