  [2022-03-03 13:29:43,385], , [main], master-management-service, INFO  PostProcessorRegistrationDelegate$BeanPostProcessorChecker postProcessAfterInitialization | Bean 'org.springframework.cloud.autoconfigure.ConfigurationPropertiesRebinderAutoConfiguration' of type [org.springframework.cloud.autoconfigure.ConfigurationPropertiesRebinderAutoConfiguration$$EnhancerBySpringCGLIB$$52ef8383] is not eligible for getting processed by all BeanPostProcessors (for example: not eligible for auto-proxying)
  [2022-03-03 13:29:43,704], , [main], master-management-service, INFO  ConfigServicePropertySourceLocator getRemoteEnvironment | Fetching config from server at : http://localhost:8888/config
  [2022-03-03 13:29:45,762], , [main], master-management-service, INFO  ConfigServicePropertySourceLocator log | Located environment: name=master-management-service, profiles=[dev], label=null, version=null, state=null
  [2022-03-03 13:29:45,763], , [main], master-management-service, INFO  PropertySourceBootstrapConfiguration initialize | Located property source: CompositePropertySource {name='configService', propertySources=[MapPropertySource {name='file:///D:/git-localconfig-repo/application-dev.properties'}]}
  [2022-03-03 13:29:45,839], , [main], master-management-service, INFO  MasterManagementApplication logStartupProfileInfo | The following profiles are active: dev
  [2022-03-03 13:29:47,687], , [main], master-management-service, INFO  RepositoryConfigurationDelegate registerRepositoriesIn | Bootstrapping Spring Data repositories in DEFAULT mode.
  [2022-03-03 13:29:47,803], , [main], master-management-service, INFO  RepositoryConfigurationDelegate registerRepositoriesIn | Finished Spring Data repository scanning in 100ms. Found 7 repository interfaces.
  [2022-03-03 13:29:48,175], , [main], master-management-service, INFO  GenericScope setSerializationId | BeanFactory id=9eee5957-67fa-3ad1-a2a0-05fe5db94a22
  [2022-03-03 13:29:48,595], , [main], master-management-service, INFO  PostProcessorRegistrationDelegate$BeanPostProcessorChecker postProcessAfterInitialization | Bean 'org.springframework.transaction.annotation.ProxyTransactionManagementConfiguration' of type [org.springframework.transaction.annotation.ProxyTransactionManagementConfiguration$$EnhancerBySpringCGLIB$$36d58086] is not eligible for getting processed by all BeanPostProcessors (for example: not eligible for auto-proxying)
  [2022-03-03 13:29:48,648], , [main], master-management-service, INFO  PostProcessorRegistrationDelegate$BeanPostProcessorChecker postProcessAfterInitialization | Bean 'org.springframework.cloud.autoconfigure.ConfigurationPropertiesRebinderAutoConfiguration' of type [org.springframework.cloud.autoconfigure.ConfigurationPropertiesRebinderAutoConfiguration$$EnhancerBySpringCGLIB$$52ef8383] is not eligible for getting processed by all BeanPostProcessors (for example: not eligible for auto-proxying)
  [2022-03-03 13:29:49,591], , [main], master-management-service, INFO  TomcatWebServer initialize | Tomcat initialized with port(s): 7074 (http)
  [2022-03-03 13:29:49,610], , [main], master-management-service, INFO  Http11NioProtocol log | Initializing ProtocolHandler ["http-nio-7074"]
  [2022-03-03 13:29:49,620], , [main], master-management-service, INFO  StandardService log | Starting service [Tomcat]
  [2022-03-03 13:29:49,621], , [main], master-management-service, INFO  StandardEngine log | Starting Servlet engine: [Apache Tomcat/9.0.16]
  [2022-03-03 13:29:49,633], , [main], master-management-service, INFO  AprLifecycleListener log | The APR based Apache Tomcat Native library which allows optimal performance in production environments was not found on the java.library.path: [D:\Softwares\eclipse-jee-2020-12-R-win32-x86_64\eclipse\plugins\org.eclipse.justj.openjdk.hotspot.jre.full.win32.x86_64_15.0.1.v20201027-0507\jre\bin;C:\Windows\Sun\Java\bin;C:\Windows\system32;C:\Windows;D:/Softwares/eclipse-jee-2020-12-R-win32-x86_64/eclipse//plugins/org.eclipse.justj.openjdk.hotspot.jre.full.win32.x86_64_15.0.1.v20201027-0507/jre/bin/server;D:/Softwares/eclipse-jee-2020-12-R-win32-x86_64/eclipse//plugins/org.eclipse.justj.openjdk.hotspot.jre.full.win32.x86_64_15.0.1.v20201027-0507/jre/bin;C:\Program Files (x86)\Common Files\Oracle\Java\javapath;C:\Windows\system32;C:\Windows;C:\Windows\System32\Wbem;C:\Windows\System32\WindowsPowerShell\v1.0\;C:\Windows\System32\OpenSSH\;C:\Program Files (x86)\CrSSL\bin;C:\Program Files\TortoiseSVN\bin;D:\Softwares\apache-maven-3.6.1\bin;C:\Program Files\TortoiseGit\bin;C:\Program Files\Git\cmd;C:\Users\DELL\AppData\Local\Microsoft\WindowsApps;;D:\Softwares\eclipse-jee-2020-12-R-win32-x86_64\eclipse;;.]
  [2022-03-03 13:29:49,967], , [main], master-management-service, INFO  [/masterManagement/v1] log | Initializing Spring embedded WebApplicationContext
  [2022-03-03 13:29:49,968], , [main], master-management-service, INFO  ContextLoader prepareWebApplicationContext | Root WebApplicationContext: initialization completed in 4113 ms
  [2022-03-03 13:29:51,566], , [main], master-management-service, INFO  HikariDataSource getConnection | HikariPool-1 - Starting...
  [2022-03-03 13:29:53,345], , [main], master-management-service, INFO  HikariDataSource getConnection | HikariPool-1 - Start completed.
  [2022-03-03 13:29:53,558], , [main], master-management-service, INFO  LogHelper logPersistenceUnitInformation | HHH000204: Processing PersistenceUnitInfo [
	name: default
	...]
  [2022-03-03 13:29:53,732], , [main], master-management-service, INFO  Version logVersion | HHH000412: Hibernate Core {5.3.7.Final}
  [2022-03-03 13:29:53,736], , [main], master-management-service, INFO  Environment <clinit> | HHH000206: hibernate.properties not found
  [2022-03-03 13:29:54,026], , [main], master-management-service, INFO  Version <clinit> | HCANN000001: Hibernate Commons Annotations {5.0.4.Final}
  [2022-03-03 13:29:54,259], , [main], master-management-service, INFO  Dialect <init> | HHH000400: Using dialect: org.hibernate.dialect.PostgreSQLDialect
  [2022-03-03 13:29:54,284], , [main], master-management-service, INFO  LobCreatorBuilderImpl makeLobCreatorBuilder | HHH000422: Disabling contextual LOB creation as connection was null
  [2022-03-03 13:29:54,294], , [main], master-management-service, INFO  BasicTypeRegistry register | HHH000270: Type registration [java.util.UUID] overrides previous : org.hibernate.type.UUIDBinaryType@14091e24
