  [2022-01-18 12:30:26,634], , [main], master-management-service, INFO  PostProcessorRegistrationDelegate$BeanPostProcessorChecker postProcessAfterInitialization | Bean 'org.springframework.cloud.autoconfigure.ConfigurationPropertiesRebinderAutoConfiguration' of type [org.springframework.cloud.autoconfigure.ConfigurationPropertiesRebinderAutoConfiguration$$EnhancerBySpringCGLIB$$3c67e5ff] is not eligible for getting processed by all BeanPostProcessors (for example: not eligible for auto-proxying)
  [2022-01-18 12:30:27,010], , [main], master-management-service, INFO  ConfigServicePropertySourceLocator getRemoteEnvironment | Fetching config from server at : http://localhost:8888/config
  [2022-01-18 12:30:27,726], , [main], master-management-service, INFO  ConfigServicePropertySourceLocator log | Located environment: name=master-management-service, profiles=[dev], label=null, version=null, state=null
  [2022-01-18 12:30:27,727], , [main], master-management-service, INFO  PropertySourceBootstrapConfiguration initialize | Located property source: CompositePropertySource {name='configService', propertySources=[MapPropertySource {name='file:///D:/git-localconfig-repo/application-dev.properties'}]}
  [2022-01-18 12:30:27,797], , [main], master-management-service, INFO  MasterManagementApplication logStartupProfileInfo | The following profiles are active: dev
  [2022-01-18 12:30:28,927], , [main], master-management-service, INFO  RepositoryConfigurationDelegate registerRepositoriesIn | Bootstrapping Spring Data repositories in DEFAULT mode.
  [2022-01-18 12:30:29,028], , [main], master-management-service, INFO  RepositoryConfigurationDelegate registerRepositoriesIn | Finished Spring Data repository scanning in 89ms. Found 7 repository interfaces.
  [2022-01-18 12:30:29,395], , [main], master-management-service, INFO  GenericScope setSerializationId | BeanFactory id=9eee5957-67fa-3ad1-a2a0-05fe5db94a22
  [2022-01-18 12:30:29,750], , [main], master-management-service, INFO  PostProcessorRegistrationDelegate$BeanPostProcessorChecker postProcessAfterInitialization | Bean 'org.springframework.transaction.annotation.ProxyTransactionManagementConfiguration' of type [org.springframework.transaction.annotation.ProxyTransactionManagementConfiguration$$EnhancerBySpringCGLIB$$204de302] is not eligible for getting processed by all BeanPostProcessors (for example: not eligible for auto-proxying)
  [2022-01-18 12:30:29,818], , [main], master-management-service, INFO  PostProcessorRegistrationDelegate$BeanPostProcessorChecker postProcessAfterInitialization | Bean 'org.springframework.cloud.autoconfigure.ConfigurationPropertiesRebinderAutoConfiguration' of type [org.springframework.cloud.autoconfigure.ConfigurationPropertiesRebinderAutoConfiguration$$EnhancerBySpringCGLIB$$3c67e5ff] is not eligible for getting processed by all BeanPostProcessors (for example: not eligible for auto-proxying)
  [2022-01-18 12:30:30,620], , [main], master-management-service, INFO  TomcatWebServer initialize | Tomcat initialized with port(s): 7074 (http)
  [2022-01-18 12:30:30,638], , [main], master-management-service, INFO  Http11NioProtocol log | Initializing ProtocolHandler ["http-nio-7074"]
  [2022-01-18 12:30:30,649], , [main], master-management-service, INFO  StandardService log | Starting service [Tomcat]
  [2022-01-18 12:30:30,649], , [main], master-management-service, INFO  StandardEngine log | Starting Servlet engine: [Apache Tomcat/9.0.16]
  [2022-01-18 12:30:30,661], , [main], master-management-service, INFO  AprLifecycleListener log | The APR based Apache Tomcat Native library which allows optimal performance in production environments was not found on the java.library.path: [D:\Softwares\eclipse-jee-2020-12-R-win32-x86_64\eclipse\plugins\org.eclipse.justj.openjdk.hotspot.jre.full.win32.x86_64_15.0.1.v20201027-0507\jre\bin;C:\Windows\Sun\Java\bin;C:\Windows\system32;C:\Windows;D:/Softwares/eclipse-jee-2020-12-R-win32-x86_64/eclipse//plugins/org.eclipse.justj.openjdk.hotspot.jre.full.win32.x86_64_15.0.1.v20201027-0507/jre/bin/server;D:/Softwares/eclipse-jee-2020-12-R-win32-x86_64/eclipse//plugins/org.eclipse.justj.openjdk.hotspot.jre.full.win32.x86_64_15.0.1.v20201027-0507/jre/bin;C:\Program Files (x86)\Common Files\Oracle\Java\javapath;C:\Windows\system32;C:\Windows;C:\Windows\System32\Wbem;C:\Windows\System32\WindowsPowerShell\v1.0\;C:\Windows\System32\OpenSSH\;C:\Program Files (x86)\CrSSL\bin;C:\Program Files\TortoiseSVN\bin;D:\Softwares\apache-maven-3.6.1\bin;C:\Users\DELL\AppData\Local\Microsoft\WindowsApps;;D:\Softwares\eclipse-jee-2020-12-R-win32-x86_64\eclipse;;.]
  [2022-01-18 12:30:30,851], , [main], master-management-service, INFO  [/masterManagement/v1] log | Initializing Spring embedded WebApplicationContext
  [2022-01-18 12:30:30,852], , [main], master-management-service, INFO  ContextLoader prepareWebApplicationContext | Root WebApplicationContext: initialization completed in 3044 ms
  [2022-01-18 12:30:32,280], , [main], master-management-service, INFO  HikariDataSource getConnection | HikariPool-1 - Starting...
  [2022-01-18 12:30:34,401], , [main], master-management-service, INFO  HikariDataSource getConnection | HikariPool-1 - Start completed.
  [2022-01-18 12:30:34,523], , [main], master-management-service, INFO  LogHelper logPersistenceUnitInformation | HHH000204: Processing PersistenceUnitInfo [
	name: default
	...]
  [2022-01-18 12:30:34,675], , [main], master-management-service, INFO  Version logVersion | HHH000412: Hibernate Core {5.3.7.Final}
  [2022-01-18 12:30:34,678], , [main], master-management-service, INFO  Environment <clinit> | HHH000206: hibernate.properties not found
  [2022-01-18 12:30:34,904], , [main], master-management-service, INFO  Version <clinit> | HCANN000001: Hibernate Commons Annotations {5.0.4.Final}
  [2022-01-18 12:30:35,088], , [main], master-management-service, INFO  Dialect <init> | HHH000400: Using dialect: org.hibernate.dialect.PostgreSQLDialect
  [2022-01-18 12:30:35,109], , [main], master-management-service, INFO  LobCreatorBuilderImpl makeLobCreatorBuilder | HHH000422: Disabling contextual LOB creation as connection was null
  [2022-01-18 12:30:35,116], , [main], master-management-service, INFO  BasicTypeRegistry register | HHH000270: Type registration [java.util.UUID] overrides previous : org.hibernate.type.UUIDBinaryType@113e6e06
  [2022-01-18 12:30:45,358], , [main], master-management-service, INFO  LocalContainerEntityManagerFactoryBean buildNativeEntityManagerFactory | Initialized JPA EntityManagerFactory for persistence unit 'default'
  [2022-01-18 12:30:47,549], , [main], master-management-service, INFO  ThreadPoolTaskExecutor initialize | Initializing ExecutorService 'applicationTaskExecutor'
  [2022-01-18 12:30:47,760], , [main], master-management-service, WARN  JpaBaseConfiguration$JpaWebConfiguration$JpaWebMvcConfiguration openEntityManagerInViewInterceptor | spring.jpa.open-in-view is enabled by default. Therefore, database queries may be performed during view rendering. Explicitly configure spring.jpa.open-in-view to disable this warning
  [2022-01-18 12:30:49,024], , [main], master-management-service, INFO  EndpointLinksResolver <init> | Exposing 2 endpoint(s) beneath base path '/actuator'
  [2022-01-18 12:30:49,141], , [main], master-management-service, INFO  Http11NioProtocol log | Starting ProtocolHandler ["http-nio-7074"]
  [2022-01-18 12:30:49,169], , [main], master-management-service, INFO  TomcatWebServer start | Tomcat started on port(s): 7074 (http) with context path '/masterManagement/v1'
  [2022-01-18 12:30:49,172], , [main], master-management-service, INFO  MasterManagementApplication logStarted | Started MasterManagementApplication in 23.445 seconds (JVM running for 24.901)
  [2022-01-18 12:31:25,831], , [http-nio-7074-exec-2], master-management-service, INFO  [/masterManagement/v1] log | Initializing Spring DispatcherServlet 'dispatcherServlet'
  [2022-01-18 12:31:25,832], , [http-nio-7074-exec-2], master-management-service, INFO  DispatcherServlet initServletBean | Initializing Servlet 'dispatcherServlet'
  [2022-01-18 12:31:25,863], , [http-nio-7074-exec-2], master-management-service, INFO  DispatcherServlet initServletBean | Completed initialization in 31 ms
6c8477797d14a599 6c8477797d14a599 [2022-01-18 12:31:25,899], , [http-nio-7074-exec-2], master-management-service, WARN  DefaultHandlerExceptionResolver logException | Resolved [org.springframework.web.HttpRequestMethodNotSupportedException: Request method 'POST' not supported]
e6594a04032866c4 e6594a04032866c4 [2022-01-18 12:31:33,739], 0:0:0:0:0:0:0:1, [http-nio-7074-exec-3], master-management-service, INFO  LoggingAspect profileAllMethods | Start of MasterManagementController.getAssociationNameList
e6594a04032866c4 e6594a04032866c4 [2022-01-18 12:31:33,748], 0:0:0:0:0:0:0:1, [http-nio-7074-exec-3], master-management-service, INFO  MasterManagementController getAssociationNameList | Receive request
e6594a04032866c4 e6594a04032866c4 [2022-01-18 12:31:33,749], 0:0:0:0:0:0:0:1, [http-nio-7074-exec-3], master-management-service, INFO  LoggingAspect profileAllMethods | Start of MasterManagementServiceImpl.getAllAssocNameList
e6594a04032866c4 e6594a04032866c4 [2022-01-18 12:31:33,756], 0:0:0:0:0:0:0:1, [http-nio-7074-exec-3], master-management-service, INFO  LoggingAspect profileAllMethods | Start of AssociationNameRepo.findAllAssociationName
e6594a04032866c4 e6594a04032866c4 [2022-01-18 12:31:34,172], 0:0:0:0:0:0:0:1, [http-nio-7074-exec-3], master-management-service, INFO  LoggingAspect profileAllMethods | END of AssociationNameRepo.findAllAssociationName
e6594a04032866c4 e6594a04032866c4 [2022-01-18 12:31:34,173], 0:0:0:0:0:0:0:1, [http-nio-7074-exec-3], master-management-service, INFO  LoggingAspect profileAllMethods | Execution time of AssociationNameRepo.findAllAssociationName :: 417 ms
e6594a04032866c4 e6594a04032866c4 [2022-01-18 12:31:34,175], 0:0:0:0:0:0:0:1, [http-nio-7074-exec-3], master-management-service, INFO  LoggingAspect profileAllMethods | END of MasterManagementServiceImpl.getAllAssocNameList
e6594a04032866c4 e6594a04032866c4 [2022-01-18 12:31:34,176], 0:0:0:0:0:0:0:1, [http-nio-7074-exec-3], master-management-service, INFO  LoggingAspect profileAllMethods | Execution time of MasterManagementServiceImpl.getAllAssocNameList :: 427 ms
e6594a04032866c4 e6594a04032866c4 [2022-01-18 12:31:34,187], 0:0:0:0:0:0:0:1, [http-nio-7074-exec-3], master-management-service, INFO  MasterManagementController getAssociationNameList | Return response
e6594a04032866c4 e6594a04032866c4 [2022-01-18 12:31:34,188], 0:0:0:0:0:0:0:1, [http-nio-7074-exec-3], master-management-service, INFO  LoggingAspect profileAllMethods | END of MasterManagementController.getAssociationNameList
e6594a04032866c4 e6594a04032866c4 [2022-01-18 12:31:34,189], 0:0:0:0:0:0:0:1, [http-nio-7074-exec-3], master-management-service, INFO  LoggingAspect profileAllMethods | Execution time of MasterManagementController.getAssociationNameList :: 450 ms
  [2022-01-18 12:46:16,480], , [RMI TCP Connection(19)-127.0.0.1], master-management-service, INFO  SpringApplicationAdminMXBeanRegistrar$SpringApplicationAdmin shutdown | Application shutdown requested.
  [2022-01-18 12:46:16,525], , [RMI TCP Connection(19)-127.0.0.1], master-management-service, INFO  ThreadPoolTaskExecutor shutdown | Shutting down ExecutorService 'applicationTaskExecutor'
  [2022-01-18 12:46:16,529], , [RMI TCP Connection(19)-127.0.0.1], master-management-service, INFO  LocalContainerEntityManagerFactoryBean destroy | Closing JPA EntityManagerFactory for persistence unit 'default'
  [2022-01-18 12:46:16,546], , [RMI TCP Connection(19)-127.0.0.1], master-management-service, INFO  HikariDataSource close | HikariPool-1 - Shutdown initiated...
  [2022-01-18 12:46:16,552], , [RMI TCP Connection(19)-127.0.0.1], master-management-service, INFO  HikariDataSource close | HikariPool-1 - Shutdown completed.
  [2022-01-18 12:46:16,556], , [RMI TCP Connection(19)-127.0.0.1], master-management-service, INFO  Http11NioProtocol log | Pausing ProtocolHandler ["http-nio-7074"]
  [2022-01-18 12:46:16,581], , [RMI TCP Connection(19)-127.0.0.1], master-management-service, INFO  StandardService log | Stopping service [Tomcat]
  [2022-01-18 12:46:16,585], , [RMI TCP Connection(19)-127.0.0.1], master-management-service, INFO  [/masterManagement/v1] log | Destroying Spring FrameworkServlet 'dispatcherServlet'
  [2022-01-18 12:46:16,598], , [RMI TCP Connection(19)-127.0.0.1], master-management-service, INFO  Http11NioProtocol log | Stopping ProtocolHandler ["http-nio-7074"]
  [2022-01-18 12:46:16,603], , [RMI TCP Connection(19)-127.0.0.1], master-management-service, INFO  Http11NioProtocol log | Destroying ProtocolHandler ["http-nio-7074"]
