  [2022-03-31 18:28:32,838], , [restartedMain], patient-registration-service, INFO  DevToolsPropertyDefaultsPostProcessor logTo | Devtools property defaults active! Set 'spring.devtools.add-properties' to 'false' to disable
  [2022-03-31 18:28:33,455], , [restartedMain], patient-registration-service, INFO  PostProcessorRegistrationDelegate$BeanPostProcessorChecker postProcessAfterInitialization | Bean 'org.springframework.cloud.autoconfigure.ConfigurationPropertiesRebinderAutoConfiguration' of type [org.springframework.cloud.autoconfigure.ConfigurationPropertiesRebinderAutoConfiguration$$EnhancerBySpringCGLIB$$bd16eb17] is not eligible for getting processed by all BeanPostProcessors (for example: not eligible for auto-proxying)
  [2022-03-31 18:28:33,892], , [restartedMain], patient-registration-service, INFO  ConfigServicePropertySourceLocator getRemoteEnvironment | Fetching config from server at : http://172.30.151.100:51000/config
  [2022-03-31 18:28:35,461], , [restartedMain], patient-registration-service, INFO  ConfigServicePropertySourceLocator log | Located environment: name=patient-registration-service, profiles=[dev], label=1.0.0, version=204, state=null
  [2022-03-31 18:28:35,462], , [restartedMain], patient-registration-service, INFO  PropertySourceBootstrapConfiguration initialize | Located property source: CompositePropertySource {name='configService', propertySources=[MapPropertySource {name='configClient'}, MapPropertySource {name='http://172.16.11.166/telemed-ivv/branches/1.0.0/application-dev.properties'}]}
  [2022-03-31 18:28:35,610], , [restartedMain], patient-registration-service, INFO  PatientRegistrationApplication logStartupProfileInfo | The following profiles are active: dev
  [2022-03-31 18:28:38,660], , [restartedMain], patient-registration-service, INFO  RepositoryConfigurationDelegate registerRepositoriesIn | Bootstrapping Spring Data repositories in DEFAULT mode.
  [2022-03-31 18:28:38,898], , [restartedMain], patient-registration-service, INFO  RepositoryConfigurationDelegate registerRepositoriesIn | Finished Spring Data repository scanning in 221ms. Found 17 repository interfaces.
  [2022-03-31 18:28:39,495], , [restartedMain], patient-registration-service, INFO  GenericScope setSerializationId | BeanFactory id=2348081c-e788-3931-8fcd-d4942c02e696
  [2022-03-31 18:28:40,029], , [restartedMain], patient-registration-service, INFO  PostProcessorRegistrationDelegate$BeanPostProcessorChecker postProcessAfterInitialization | Bean 'org.springframework.transaction.annotation.ProxyTransactionManagementConfiguration' of type [org.springframework.transaction.annotation.ProxyTransactionManagementConfiguration$$EnhancerBySpringCGLIB$$a0fce81a] is not eligible for getting processed by all BeanPostProcessors (for example: not eligible for auto-proxying)
  [2022-03-31 18:28:40,109], , [restartedMain], patient-registration-service, INFO  PostProcessorRegistrationDelegate$BeanPostProcessorChecker postProcessAfterInitialization | Bean 'org.springframework.cloud.autoconfigure.ConfigurationPropertiesRebinderAutoConfiguration' of type [org.springframework.cloud.autoconfigure.ConfigurationPropertiesRebinderAutoConfiguration$$EnhancerBySpringCGLIB$$bd16eb17] is not eligible for getting processed by all BeanPostProcessors (for example: not eligible for auto-proxying)
  [2022-03-31 18:28:41,754], , [restartedMain], patient-registration-service, INFO  TomcatWebServer initialize | Tomcat initialized with port(s): 7075 (http)
  [2022-03-31 18:28:41,788], , [restartedMain], patient-registration-service, INFO  Http11NioProtocol log | Initializing ProtocolHandler ["http-nio-7075"]
  [2022-03-31 18:28:41,812], , [restartedMain], patient-registration-service, INFO  StandardService log | Starting service [Tomcat]
  [2022-03-31 18:28:41,814], , [restartedMain], patient-registration-service, INFO  StandardEngine log | Starting Servlet engine: [Apache Tomcat/9.0.16]
  [2022-03-31 18:28:41,836], , [restartedMain], patient-registration-service, INFO  AprLifecycleListener log | The APR based Apache Tomcat Native library which allows optimal performance in production environments was not found on the java.library.path: [D:\Softwares\eclipse-jee-2020-12-R-win32-x86_64\eclipse\plugins\org.eclipse.justj.openjdk.hotspot.jre.full.win32.x86_64_15.0.1.v20201027-0507\jre\bin;C:\Windows\Sun\Java\bin;C:\Windows\system32;C:\Windows;D:/Softwares/eclipse-jee-2020-12-R-win32-x86_64/eclipse//plugins/org.eclipse.justj.openjdk.hotspot.jre.full.win32.x86_64_15.0.1.v20201027-0507/jre/bin/server;D:/Softwares/eclipse-jee-2020-12-R-win32-x86_64/eclipse//plugins/org.eclipse.justj.openjdk.hotspot.jre.full.win32.x86_64_15.0.1.v20201027-0507/jre/bin;C:\Program Files\Common Files\Oracle\Java\javapath;C:\Program Files (x86)\Common Files\Oracle\Java\javapath;C:\Windows\system32;C:\Windows;C:\Windows\System32\Wbem;C:\Windows\System32\WindowsPowerShell\v1.0\;C:\Windows\System32\OpenSSH\;C:\Program Files (x86)\CrSSL\bin;C:\Program Files\TortoiseSVN\bin;D:\Softwares\apache-maven-3.6.1\bin;C:\Program Files\TortoiseGit\bin;C:\Program Files\Git\cmd;C:\Program Files\Java\jdk1.8.0_201\bin;C:\Users\DELL\AppData\Local\Microsoft\WindowsApps;;D:\Softwares\eclipse-jee-2020-12-R-win32-x86_64\eclipse;;.]
  [2022-03-31 18:28:42,080], , [restartedMain], patient-registration-service, INFO  [/patient/v1] log | Initializing Spring embedded WebApplicationContext
  [2022-03-31 18:28:42,081], , [restartedMain], patient-registration-service, INFO  ContextLoader prepareWebApplicationContext | Root WebApplicationContext: initialization completed in 6437 ms
  [2022-03-31 18:28:44,199], , [restartedMain], patient-registration-service, INFO  HikariDataSource getConnection | HikariPool-1 - Starting...
  [2022-03-31 18:28:45,298], , [restartedMain], patient-registration-service, INFO  HikariDataSource getConnection | HikariPool-1 - Start completed.
  [2022-03-31 18:28:45,408], , [restartedMain], patient-registration-service, INFO  LogHelper logPersistenceUnitInformation | HHH000204: Processing PersistenceUnitInfo [
	name: default
	...]
  [2022-03-31 18:28:45,545], , [restartedMain], patient-registration-service, INFO  Version logVersion | HHH000412: Hibernate Core {5.3.7.Final}
  [2022-03-31 18:28:45,548], , [restartedMain], patient-registration-service, INFO  Environment <clinit> | HHH000206: hibernate.properties not found
  [2022-03-31 18:28:46,050], , [restartedMain], patient-registration-service, INFO  Version <clinit> | HCANN000001: Hibernate Commons Annotations {5.0.4.Final}
  [2022-03-31 18:28:46,484], , [restartedMain], patient-registration-service, INFO  Dialect <init> | HHH000400: Using dialect: org.hibernate.dialect.PostgreSQLDialect
  [2022-03-31 18:28:46,511], , [restartedMain], patient-registration-service, INFO  LobCreatorBuilderImpl makeLobCreatorBuilder | HHH000422: Disabling contextual LOB creation as connection was null
  [2022-03-31 18:28:46,520], , [restartedMain], patient-registration-service, INFO  BasicTypeRegistry register | HHH000270: Type registration [java.util.UUID] overrides previous : org.hibernate.type.UUIDBinaryType@367c33f8
  [2022-03-31 18:28:58,051], , [restartedMain], patient-registration-service, INFO  LocalContainerEntityManagerFactoryBean buildNativeEntityManagerFactory | Initialized JPA EntityManagerFactory for persistence unit 'default'
  [2022-03-31 18:28:58,684], , [restartedMain], patient-registration-service, INFO  OptionalLiveReloadServer startServer | LiveReload server is running on port 35729
  [2022-03-31 18:28:59,744], , [restartedMain], patient-registration-service, INFO  QueryTranslatorFactoryInitiator initiateService | HHH000397: Using ASTQueryTranslatorFactory
  [2022-03-31 18:29:01,028], , [restartedMain], patient-registration-service, INFO  PatientLoggingAspect profileAllMethods | Start of CustomInterceptorAppConfig.restTemplate
  [2022-03-31 18:29:01,038], , [restartedMain], patient-registration-service, INFO  PatientLoggingAspect profileAllMethods | END of CustomInterceptorAppConfig.restTemplate
  [2022-03-31 18:29:01,038], , [restartedMain], patient-registration-service, INFO  PatientLoggingAspect profileAllMethods | Execution time of CustomInterceptorAppConfig.restTemplate :: 10 ms
  [2022-03-31 18:29:02,051], , [restartedMain], patient-registration-service, INFO  PatientLoggingAspect profileAllMethods | Start of CustomInterceptorAppConfig.corsConfigurationSource
  [2022-03-31 18:29:02,054], , [restartedMain], patient-registration-service, INFO  PatientLoggingAspect profileAllMethods | END of CustomInterceptorAppConfig.corsConfigurationSource
  [2022-03-31 18:29:02,055], , [restartedMain], patient-registration-service, INFO  PatientLoggingAspect profileAllMethods | Execution time of CustomInterceptorAppConfig.corsConfigurationSource :: 4 ms
  [2022-03-31 18:29:02,759], , [restartedMain], patient-registration-service, INFO  ThreadPoolTaskExecutor initialize | Initializing ExecutorService 'applicationTaskExecutor'
  [2022-03-31 18:29:02,934], , [restartedMain], patient-registration-service, INFO  PatientLoggingAspect profileAllMethods | Start of CustomInterceptorAppConfig.addInterceptors
  [2022-03-31 18:29:02,936], , [restartedMain], patient-registration-service, INFO  PatientLoggingAspect profileAllMethods | END of CustomInterceptorAppConfig.addInterceptors
  [2022-03-31 18:29:02,937], , [restartedMain], patient-registration-service, INFO  PatientLoggingAspect profileAllMethods | Execution time of CustomInterceptorAppConfig.addInterceptors :: 3 ms
  [2022-03-31 18:29:02,942], , [restartedMain], patient-registration-service, WARN  JpaBaseConfiguration$JpaWebConfiguration$JpaWebMvcConfiguration openEntityManagerInViewInterceptor | spring.jpa.open-in-view is enabled by default. Therefore, database queries may be performed during view rendering. Explicitly configure spring.jpa.open-in-view to disable this warning
  [2022-03-31 18:29:04,693], , [restartedMain], patient-registration-service, INFO  EndpointLinksResolver <init> | Exposing 2 endpoint(s) beneath base path '/actuator'
  [2022-03-31 18:29:04,998], , [restartedMain], patient-registration-service, INFO  Http11NioProtocol log | Starting ProtocolHandler ["http-nio-7075"]
  [2022-03-31 18:29:05,073], , [restartedMain], patient-registration-service, INFO  TomcatWebServer start | Tomcat started on port(s): 7075 (http) with context path '/patient/v1'
  [2022-03-31 18:29:05,080], , [restartedMain], patient-registration-service, INFO  PatientRegistrationApplication logStarted | Started PatientRegistrationApplication in 33.661 seconds (JVM running for 37.606)
  [2022-03-31 18:29:11,221], , [http-nio-7075-exec-2], patient-registration-service, INFO  [/patient/v1] log | Initializing Spring DispatcherServlet 'dispatcherServlet'
  [2022-03-31 18:29:11,223], , [http-nio-7075-exec-2], patient-registration-service, INFO  DispatcherServlet initServletBean | Initializing Servlet 'dispatcherServlet'
  [2022-03-31 18:29:11,281], , [http-nio-7075-exec-2], patient-registration-service, INFO  DispatcherServlet initServletBean | Completed initialization in 58 ms
b2a10be8b4026b89 b2a10be8b4026b89 [2022-03-31 18:29:11,331], , [http-nio-7075-exec-2], patient-registration-service, INFO  PatientLoggingAspect profileAllMethods | Start of CustomInterceptor.preHandle
b2a10be8b4026b89 b2a10be8b4026b89 [2022-03-31 18:29:11,340], , [http-nio-7075-exec-2], patient-registration-service, INFO  PatientLoggingAspect profileAllMethods | Start of TokenValidator.getUsernameFromToken
b2a10be8b4026b89 b2a10be8b4026b89 [2022-03-31 18:29:12,133], , [http-nio-7075-exec-2], patient-registration-service, INFO  PatientLoggingAspect profileAllMethods | Start of ExceptionPatientControllerAdvisor.defaultErrorHandler
b2a10be8b4026b89 b2a10be8b4026b89 [2022-03-31 18:29:12,169], , [http-nio-7075-exec-2], patient-registration-service, INFO  PatientLoggingAspect profileAllMethods | END of ExceptionPatientControllerAdvisor.defaultErrorHandler
b2a10be8b4026b89 b2a10be8b4026b89 [2022-03-31 18:29:12,170], , [http-nio-7075-exec-2], patient-registration-service, INFO  PatientLoggingAspect profileAllMethods | Execution time of ExceptionPatientControllerAdvisor.defaultErrorHandler :: 37 ms
b2a10be8b4026b89 b2a10be8b4026b89 [2022-03-31 18:29:12,271], , [http-nio-7075-exec-2], patient-registration-service, WARN  ExceptionHandlerExceptionResolver logException | Resolved [io.jsonwebtoken.ExpiredJwtException: JWT expired at 2022-03-29T18:15:21+0530. Current time: 2022-03-31T18:29:12+0530]
709f831dabb68f92 709f831dabb68f92 [2022-03-31 18:31:21,983], , [http-nio-7075-exec-3], patient-registration-service, INFO  PatientLoggingAspect profileAllMethods | Start of CustomInterceptor.preHandle
709f831dabb68f92 709f831dabb68f92 [2022-03-31 18:31:22,049], , [http-nio-7075-exec-3], patient-registration-service, INFO  PatientLoggingAspect profileAllMethods | Start of TokenValidator.getUsernameFromToken
709f831dabb68f92 709f831dabb68f92 [2022-03-31 18:31:22,254], , [http-nio-7075-exec-3], patient-registration-service, INFO  PatientLoggingAspect profileAllMethods | END of TokenValidator.getUsernameFromToken
709f831dabb68f92 709f831dabb68f92 [2022-03-31 18:31:22,255], , [http-nio-7075-exec-3], patient-registration-service, INFO  PatientLoggingAspect profileAllMethods | Execution time of TokenValidator.getUsernameFromToken :: 206 ms
709f831dabb68f92 709f831dabb68f92 [2022-03-31 18:31:22,266], , [http-nio-7075-exec-3], patient-registration-service, INFO  PatientLoggingAspect profileAllMethods | Start of TokenValidator.getRoleFromToken
709f831dabb68f92 709f831dabb68f92 [2022-03-31 18:31:22,302], , [http-nio-7075-exec-3], patient-registration-service, INFO  PatientLoggingAspect profileAllMethods | END of TokenValidator.getRoleFromToken
709f831dabb68f92 709f831dabb68f92 [2022-03-31 18:31:22,305], , [http-nio-7075-exec-3], patient-registration-service, INFO  PatientLoggingAspect profileAllMethods | Execution time of TokenValidator.getRoleFromToken :: 39 ms
709f831dabb68f92 709f831dabb68f92 [2022-03-31 18:31:22,723], , [http-nio-7075-exec-3], patient-registration-service, INFO  PatientLoggingAspect profileAllMethods | Start of UserDTO.setRole
709f831dabb68f92 709f831dabb68f92 [2022-03-31 18:31:22,740], , [http-nio-7075-exec-3], patient-registration-service, INFO  PatientLoggingAspect profileAllMethods | END of UserDTO.setRole
709f831dabb68f92 709f831dabb68f92 [2022-03-31 18:31:22,741], , [http-nio-7075-exec-3], patient-registration-service, INFO  PatientLoggingAspect profileAllMethods | Execution time of UserDTO.setRole :: 19 ms
709f831dabb68f92 709f831dabb68f92 [2022-03-31 18:31:22,743], , [http-nio-7075-exec-3], patient-registration-service, INFO  PatientLoggingAspect profileAllMethods | Start of UserDTO.setUserName
709f831dabb68f92 709f831dabb68f92 [2022-03-31 18:31:22,744], , [http-nio-7075-exec-3], patient-registration-service, INFO  PatientLoggingAspect profileAllMethods | END of UserDTO.setUserName
709f831dabb68f92 709f831dabb68f92 [2022-03-31 18:31:22,745], , [http-nio-7075-exec-3], patient-registration-service, INFO  PatientLoggingAspect profileAllMethods | Execution time of UserDTO.setUserName :: 2 ms
709f831dabb68f92 709f831dabb68f92 [2022-03-31 18:31:22,745], , [http-nio-7075-exec-3], patient-registration-service, INFO  PatientLoggingAspect profileAllMethods | END of CustomInterceptor.preHandle
709f831dabb68f92 709f831dabb68f92 [2022-03-31 18:31:22,968], , [http-nio-7075-exec-3], patient-registration-service, INFO  PatientLoggingAspect profileAllMethods | Execution time of CustomInterceptor.preHandle :: 990 ms
709f831dabb68f92 709f831dabb68f92 [2022-03-31 18:31:23,646], 0:0:0:0:0:0:0:1, [http-nio-7075-exec-3], patient-registration-service, INFO  PatientLoggingAspect profileAllMethods | Start of PatientModificationController.getPatientDetailsByMobNo
709f831dabb68f92 709f831dabb68f92 [2022-03-31 18:31:23,679], 0:0:0:0:0:0:0:1, [http-nio-7075-exec-3], patient-registration-service, INFO  PatientModificationController getPatientDetailsByMobNo | Get Patient Details By Mobile Number Request Received
709f831dabb68f92 709f831dabb68f92 [2022-03-31 18:31:23,682], 0:0:0:0:0:0:0:1, [http-nio-7075-exec-3], patient-registration-service, INFO  PatientLoggingAspect profileAllMethods | Start of PatientModificationServiceImpl.getPatientDetails
709f831dabb68f92 709f831dabb68f92 [2022-03-31 18:31:23,822], 0:0:0:0:0:0:0:1, [http-nio-7075-exec-3], patient-registration-service, INFO  PatientLoggingAspect profileAllMethods | Start of UserDTO.getRole
709f831dabb68f92 709f831dabb68f92 [2022-03-31 18:31:23,823], 0:0:0:0:0:0:0:1, [http-nio-7075-exec-3], patient-registration-service, INFO  PatientLoggingAspect profileAllMethods | END of UserDTO.getRole
709f831dabb68f92 709f831dabb68f92 [2022-03-31 18:31:23,823], 0:0:0:0:0:0:0:1, [http-nio-7075-exec-3], patient-registration-service, INFO  PatientLoggingAspect profileAllMethods | Execution time of UserDTO.getRole :: 2 ms
709f831dabb68f92 709f831dabb68f92 [2022-03-31 18:31:23,824], 0:0:0:0:0:0:0:1, [http-nio-7075-exec-3], patient-registration-service, INFO  PatientLoggingAspect profileAllMethods | Start of UserDTO.getUserName
709f831dabb68f92 709f831dabb68f92 [2022-03-31 18:31:23,825], 0:0:0:0:0:0:0:1, [http-nio-7075-exec-3], patient-registration-service, INFO  PatientLoggingAspect profileAllMethods | END of UserDTO.getUserName
709f831dabb68f92 709f831dabb68f92 [2022-03-31 18:31:23,827], 0:0:0:0:0:0:0:1, [http-nio-7075-exec-3], patient-registration-service, INFO  PatientLoggingAspect profileAllMethods | Execution time of UserDTO.getUserName :: 3 ms
709f831dabb68f92 709f831dabb68f92 [2022-03-31 18:31:23,834], 0:0:0:0:0:0:0:1, [http-nio-7075-exec-3], patient-registration-service, INFO  PatientLoggingAspect profileAllMethods | Start of PatientPersonalDetailsRepository.getPatientDetailsByMobOrName
709f831dabb68f92 709f831dabb68f92 [2022-03-31 18:31:24,304], 0:0:0:0:0:0:0:1, [http-nio-7075-exec-3], patient-registration-service, INFO  PatientLoggingAspect profileAllMethods | END of PatientPersonalDetailsRepository.getPatientDetailsByMobOrName
709f831dabb68f92 709f831dabb68f92 [2022-03-31 18:31:24,306], 0:0:0:0:0:0:0:1, [http-nio-7075-exec-3], patient-registration-service, INFO  PatientLoggingAspect profileAllMethods | Execution time of PatientPersonalDetailsRepository.getPatientDetailsByMobOrName :: 472 ms
709f831dabb68f92 709f831dabb68f92 [2022-03-31 18:31:24,310], 0:0:0:0:0:0:0:1, [http-nio-7075-exec-3], patient-registration-service, INFO  PatientModificationServiceImpl getPatientDetails | Invalid User: 777
709f831dabb68f92 709f831dabb68f92 [2022-03-31 18:31:24,313], 0:0:0:0:0:0:0:1, [http-nio-7075-exec-3], patient-registration-service, INFO  PatientLoggingAspect profileAllMethods | END of PatientModificationServiceImpl.getPatientDetails
709f831dabb68f92 709f831dabb68f92 [2022-03-31 18:31:24,317], 0:0:0:0:0:0:0:1, [http-nio-7075-exec-3], patient-registration-service, INFO  PatientLoggingAspect profileAllMethods | Execution time of PatientModificationServiceImpl.getPatientDetails :: 634 ms
709f831dabb68f92 709f831dabb68f92 [2022-03-31 18:31:24,320], 0:0:0:0:0:0:0:1, [http-nio-7075-exec-3], patient-registration-service, INFO  PatientLoggingAspect profileAllMethods | END of PatientModificationController.getPatientDetailsByMobNo
709f831dabb68f92 709f831dabb68f92 [2022-03-31 18:31:24,322], 0:0:0:0:0:0:0:1, [http-nio-7075-exec-3], patient-registration-service, INFO  PatientLoggingAspect profileAllMethods | Execution time of PatientModificationController.getPatientDetailsByMobNo :: 676 ms
709f831dabb68f92 709f831dabb68f92 [2022-03-31 18:31:24,354], 0:0:0:0:0:0:0:1, [http-nio-7075-exec-3], patient-registration-service, INFO  PatientLoggingAspect profileAllMethods | Start of CustomInterceptor.postHandle
709f831dabb68f92 709f831dabb68f92 [2022-03-31 18:31:24,358], 0:0:0:0:0:0:0:1, [http-nio-7075-exec-3], patient-registration-service, INFO  PatientLoggingAspect profileAllMethods | END of CustomInterceptor.postHandle
709f831dabb68f92 709f831dabb68f92 [2022-03-31 18:31:24,364], 0:0:0:0:0:0:0:1, [http-nio-7075-exec-3], patient-registration-service, INFO  PatientLoggingAspect profileAllMethods | Execution time of CustomInterceptor.postHandle :: 10 ms
709f831dabb68f92 709f831dabb68f92 [2022-03-31 18:31:24,379], 0:0:0:0:0:0:0:1, [http-nio-7075-exec-3], patient-registration-service, INFO  PatientLoggingAspect profileAllMethods | Start of CustomInterceptor.afterCompletion
709f831dabb68f92 709f831dabb68f92 [2022-03-31 18:31:24,382], 0:0:0:0:0:0:0:1, [http-nio-7075-exec-3], patient-registration-service, INFO  PatientLoggingAspect profileAllMethods | END of CustomInterceptor.afterCompletion
709f831dabb68f92 709f831dabb68f92 [2022-03-31 18:31:24,384], 0:0:0:0:0:0:0:1, [http-nio-7075-exec-3], patient-registration-service, INFO  PatientLoggingAspect profileAllMethods | Execution time of CustomInterceptor.afterCompletion :: 5 ms
b83953c6bc4e769a b83953c6bc4e769a [2022-03-31 18:31:36,698], , [http-nio-7075-exec-5], patient-registration-service, INFO  PatientLoggingAspect profileAllMethods | Start of CustomInterceptor.preHandle
b83953c6bc4e769a b83953c6bc4e769a [2022-03-31 18:31:36,699], , [http-nio-7075-exec-5], patient-registration-service, INFO  PatientLoggingAspect profileAllMethods | Start of TokenValidator.getUsernameFromToken
b83953c6bc4e769a b83953c6bc4e769a [2022-03-31 18:31:36,704], , [http-nio-7075-exec-5], patient-registration-service, INFO  PatientLoggingAspect profileAllMethods | END of TokenValidator.getUsernameFromToken
b83953c6bc4e769a b83953c6bc4e769a [2022-03-31 18:31:36,704], , [http-nio-7075-exec-5], patient-registration-service, INFO  PatientLoggingAspect profileAllMethods | Execution time of TokenValidator.getUsernameFromToken :: 5 ms
b83953c6bc4e769a b83953c6bc4e769a [2022-03-31 18:31:36,705], , [http-nio-7075-exec-5], patient-registration-service, INFO  PatientLoggingAspect profileAllMethods | Start of TokenValidator.getRoleFromToken
b83953c6bc4e769a b83953c6bc4e769a [2022-03-31 18:31:36,708], , [http-nio-7075-exec-5], patient-registration-service, INFO  PatientLoggingAspect profileAllMethods | END of TokenValidator.getRoleFromToken
b83953c6bc4e769a b83953c6bc4e769a [2022-03-31 18:31:36,708], , [http-nio-7075-exec-5], patient-registration-service, INFO  PatientLoggingAspect profileAllMethods | Execution time of TokenValidator.getRoleFromToken :: 3 ms
b83953c6bc4e769a b83953c6bc4e769a [2022-03-31 18:31:36,718], , [http-nio-7075-exec-5], patient-registration-service, INFO  PatientLoggingAspect profileAllMethods | Start of UserDTO.setRole
b83953c6bc4e769a b83953c6bc4e769a [2022-03-31 18:31:36,725], , [http-nio-7075-exec-5], patient-registration-service, INFO  PatientLoggingAspect profileAllMethods | END of UserDTO.setRole
b83953c6bc4e769a b83953c6bc4e769a [2022-03-31 18:31:36,727], , [http-nio-7075-exec-5], patient-registration-service, INFO  PatientLoggingAspect profileAllMethods | Execution time of UserDTO.setRole :: 9 ms
b83953c6bc4e769a b83953c6bc4e769a [2022-03-31 18:31:36,727], , [http-nio-7075-exec-5], patient-registration-service, INFO  PatientLoggingAspect profileAllMethods | Start of UserDTO.setUserName
b83953c6bc4e769a b83953c6bc4e769a [2022-03-31 18:31:36,728], , [http-nio-7075-exec-5], patient-registration-service, INFO  PatientLoggingAspect profileAllMethods | END of UserDTO.setUserName
b83953c6bc4e769a b83953c6bc4e769a [2022-03-31 18:31:36,729], , [http-nio-7075-exec-5], patient-registration-service, INFO  PatientLoggingAspect profileAllMethods | Execution time of UserDTO.setUserName :: 2 ms
b83953c6bc4e769a b83953c6bc4e769a [2022-03-31 18:31:36,729], , [http-nio-7075-exec-5], patient-registration-service, INFO  PatientLoggingAspect profileAllMethods | END of CustomInterceptor.preHandle
b83953c6bc4e769a b83953c6bc4e769a [2022-03-31 18:31:36,730], , [http-nio-7075-exec-5], patient-registration-service, INFO  PatientLoggingAspect profileAllMethods | Execution time of CustomInterceptor.preHandle :: 32 ms
b83953c6bc4e769a b83953c6bc4e769a [2022-03-31 18:31:36,731], 0:0:0:0:0:0:0:1, [http-nio-7075-exec-5], patient-registration-service, INFO  PatientLoggingAspect profileAllMethods | Start of PatientModificationController.getPatientDetailsByMobNo
b83953c6bc4e769a b83953c6bc4e769a [2022-03-31 18:31:36,732], 0:0:0:0:0:0:0:1, [http-nio-7075-exec-5], patient-registration-service, INFO  PatientModificationController getPatientDetailsByMobNo | Get Patient Details By Mobile Number Request Received
b83953c6bc4e769a b83953c6bc4e769a [2022-03-31 18:31:36,733], 0:0:0:0:0:0:0:1, [http-nio-7075-exec-5], patient-registration-service, INFO  PatientLoggingAspect profileAllMethods | Start of PatientModificationServiceImpl.getPatientDetails
b83953c6bc4e769a b83953c6bc4e769a [2022-03-31 18:31:36,733], 0:0:0:0:0:0:0:1, [http-nio-7075-exec-5], patient-registration-service, INFO  PatientLoggingAspect profileAllMethods | Start of UserDTO.getRole
b83953c6bc4e769a b83953c6bc4e769a [2022-03-31 18:31:36,734], 0:0:0:0:0:0:0:1, [http-nio-7075-exec-5], patient-registration-service, INFO  PatientLoggingAspect profileAllMethods | END of UserDTO.getRole
b83953c6bc4e769a b83953c6bc4e769a [2022-03-31 18:31:36,734], 0:0:0:0:0:0:0:1, [http-nio-7075-exec-5], patient-registration-service, INFO  PatientLoggingAspect profileAllMethods | Execution time of UserDTO.getRole :: 1 ms
b83953c6bc4e769a b83953c6bc4e769a [2022-03-31 18:31:36,735], 0:0:0:0:0:0:0:1, [http-nio-7075-exec-5], patient-registration-service, INFO  PatientLoggingAspect profileAllMethods | Start of UserDTO.getUserName
b83953c6bc4e769a b83953c6bc4e769a [2022-03-31 18:31:36,736], 0:0:0:0:0:0:0:1, [http-nio-7075-exec-5], patient-registration-service, INFO  PatientLoggingAspect profileAllMethods | END of UserDTO.getUserName
b83953c6bc4e769a b83953c6bc4e769a [2022-03-31 18:31:36,736], 0:0:0:0:0:0:0:1, [http-nio-7075-exec-5], patient-registration-service, INFO  PatientLoggingAspect profileAllMethods | Execution time of UserDTO.getUserName :: 1 ms
b83953c6bc4e769a b83953c6bc4e769a [2022-03-31 18:31:36,738], 0:0:0:0:0:0:0:1, [http-nio-7075-exec-5], patient-registration-service, INFO  PatientLoggingAspect profileAllMethods | Start of PatientPersonalDetailsRepository.getPatientDetailsByMobOrName
b83953c6bc4e769a b83953c6bc4e769a [2022-03-31 18:31:37,130], 0:0:0:0:0:0:0:1, [http-nio-7075-exec-5], patient-registration-service, INFO  PatientLoggingAspect profileAllMethods | END of PatientPersonalDetailsRepository.getPatientDetailsByMobOrName
b83953c6bc4e769a b83953c6bc4e769a [2022-03-31 18:31:37,131], 0:0:0:0:0:0:0:1, [http-nio-7075-exec-5], patient-registration-service, INFO  PatientLoggingAspect profileAllMethods | Execution time of PatientPersonalDetailsRepository.getPatientDetailsByMobOrName :: 393 ms
b83953c6bc4e769a b83953c6bc4e769a [2022-03-31 18:31:37,131], 0:0:0:0:0:0:0:1, [http-nio-7075-exec-5], patient-registration-service, INFO  PatientModificationServiceImpl getPatientDetails | Get Patient Personal Details For: 98
b83953c6bc4e769a b83953c6bc4e769a [2022-03-31 18:31:37,132], 0:0:0:0:0:0:0:1, [http-nio-7075-exec-5], patient-registration-service, INFO  PatientModificationServiceImpl getPatientDetails | Get Patient Personal Details For: 98
b83953c6bc4e769a b83953c6bc4e769a [2022-03-31 18:31:37,133], 0:0:0:0:0:0:0:1, [http-nio-7075-exec-5], patient-registration-service, INFO  PatientModificationServiceImpl getPatientDetails | Get Patient Personal Details For: 98
b83953c6bc4e769a b83953c6bc4e769a [2022-03-31 18:31:37,134], 0:0:0:0:0:0:0:1, [http-nio-7075-exec-5], patient-registration-service, INFO  PatientModificationServiceImpl getPatientDetails | Get Patient Personal Details For: 98
b83953c6bc4e769a b83953c6bc4e769a [2022-03-31 18:31:37,135], 0:0:0:0:0:0:0:1, [http-nio-7075-exec-5], patient-registration-service, INFO  PatientModificationServiceImpl getPatientDetails | Get Patient Personal Details For: 98
b83953c6bc4e769a b83953c6bc4e769a [2022-03-31 18:31:37,137], 0:0:0:0:0:0:0:1, [http-nio-7075-exec-5], patient-registration-service, INFO  PatientModificationServiceImpl getPatientDetails | Get Patient Personal Details For: 98
b83953c6bc4e769a b83953c6bc4e769a [2022-03-31 18:31:37,138], 0:0:0:0:0:0:0:1, [http-nio-7075-exec-5], patient-registration-service, INFO  PatientModificationServiceImpl getPatientDetails | Get Patient Personal Details For: 98
b83953c6bc4e769a b83953c6bc4e769a [2022-03-31 18:31:37,138], 0:0:0:0:0:0:0:1, [http-nio-7075-exec-5], patient-registration-service, INFO  PatientModificationServiceImpl getPatientDetails | Get Patient Personal Details For: 98
b83953c6bc4e769a b83953c6bc4e769a [2022-03-31 18:31:37,139], 0:0:0:0:0:0:0:1, [http-nio-7075-exec-5], patient-registration-service, INFO  PatientModificationServiceImpl getPatientDetails | Get Patient Personal Details For: 98
b83953c6bc4e769a b83953c6bc4e769a [2022-03-31 18:31:37,140], 0:0:0:0:0:0:0:1, [http-nio-7075-exec-5], patient-registration-service, INFO  PatientModificationServiceImpl getPatientDetails | Get Patient Personal Details For: 98
b83953c6bc4e769a b83953c6bc4e769a [2022-03-31 18:31:37,143], 0:0:0:0:0:0:0:1, [http-nio-7075-exec-5], patient-registration-service, INFO  PatientModificationServiceImpl getPatientDetails | Get Patient Personal Details For: 98
b83953c6bc4e769a b83953c6bc4e769a [2022-03-31 18:31:37,144], 0:0:0:0:0:0:0:1, [http-nio-7075-exec-5], patient-registration-service, INFO  PatientModificationServiceImpl getPatientDetails | Get Patient Personal Details For: 98
b83953c6bc4e769a b83953c6bc4e769a [2022-03-31 18:31:37,144], 0:0:0:0:0:0:0:1, [http-nio-7075-exec-5], patient-registration-service, INFO  PatientModificationServiceImpl getPatientDetails | Get Patient Personal Details For: 98
b83953c6bc4e769a b83953c6bc4e769a [2022-03-31 18:31:37,145], 0:0:0:0:0:0:0:1, [http-nio-7075-exec-5], patient-registration-service, INFO  PatientModificationServiceImpl getPatientDetails | Get Patient Personal Details For: 98
b83953c6bc4e769a b83953c6bc4e769a [2022-03-31 18:31:37,145], 0:0:0:0:0:0:0:1, [http-nio-7075-exec-5], patient-registration-service, INFO  PatientModificationServiceImpl getPatientDetails |  Get All Detail For:98
b83953c6bc4e769a b83953c6bc4e769a [2022-03-31 18:31:37,146], 0:0:0:0:0:0:0:1, [http-nio-7075-exec-5], patient-registration-service, INFO  PatientLoggingAspect profileAllMethods | END of PatientModificationServiceImpl.getPatientDetails
b83953c6bc4e769a b83953c6bc4e769a [2022-03-31 18:31:37,147], 0:0:0:0:0:0:0:1, [http-nio-7075-exec-5], patient-registration-service, INFO  PatientLoggingAspect profileAllMethods | Execution time of PatientModificationServiceImpl.getPatientDetails :: 414 ms
b83953c6bc4e769a b83953c6bc4e769a [2022-03-31 18:31:37,148], 0:0:0:0:0:0:0:1, [http-nio-7075-exec-5], patient-registration-service, INFO  PatientLoggingAspect profileAllMethods | END of PatientModificationController.getPatientDetailsByMobNo
b83953c6bc4e769a b83953c6bc4e769a [2022-03-31 18:31:37,148], 0:0:0:0:0:0:0:1, [http-nio-7075-exec-5], patient-registration-service, INFO  PatientLoggingAspect profileAllMethods | Execution time of PatientModificationController.getPatientDetailsByMobNo :: 417 ms
b83953c6bc4e769a b83953c6bc4e769a [2022-03-31 18:31:37,204], 0:0:0:0:0:0:0:1, [http-nio-7075-exec-5], patient-registration-service, INFO  PatientLoggingAspect profileAllMethods | Start of CustomInterceptor.postHandle
b83953c6bc4e769a b83953c6bc4e769a [2022-03-31 18:31:37,207], 0:0:0:0:0:0:0:1, [http-nio-7075-exec-5], patient-registration-service, INFO  PatientLoggingAspect profileAllMethods | END of CustomInterceptor.postHandle
b83953c6bc4e769a b83953c6bc4e769a [2022-03-31 18:31:37,207], 0:0:0:0:0:0:0:1, [http-nio-7075-exec-5], patient-registration-service, INFO  PatientLoggingAspect profileAllMethods | Execution time of CustomInterceptor.postHandle :: 3 ms
b83953c6bc4e769a b83953c6bc4e769a [2022-03-31 18:31:37,209], 0:0:0:0:0:0:0:1, [http-nio-7075-exec-5], patient-registration-service, INFO  PatientLoggingAspect profileAllMethods | Start of CustomInterceptor.afterCompletion
b83953c6bc4e769a b83953c6bc4e769a [2022-03-31 18:31:37,210], 0:0:0:0:0:0:0:1, [http-nio-7075-exec-5], patient-registration-service, INFO  PatientLoggingAspect profileAllMethods | END of CustomInterceptor.afterCompletion
b83953c6bc4e769a b83953c6bc4e769a [2022-03-31 18:31:37,210], 0:0:0:0:0:0:0:1, [http-nio-7075-exec-5], patient-registration-service, INFO  PatientLoggingAspect profileAllMethods | Execution time of CustomInterceptor.afterCompletion :: 1 ms
