  [2022-03-14 17:22:29,895], , [restartedMain], patient-registration-service, INFO  DevToolsPropertyDefaultsPostProcessor logTo | Devtools property defaults active! Set 'spring.devtools.add-properties' to 'false' to disable
  [2022-03-14 17:22:30,292], , [restartedMain], patient-registration-service, INFO  PostProcessorRegistrationDelegate$BeanPostProcessorChecker postProcessAfterInitialization | Bean 'org.springframework.cloud.autoconfigure.ConfigurationPropertiesRebinderAutoConfiguration' of type [org.springframework.cloud.autoconfigure.ConfigurationPropertiesRebinderAutoConfiguration$$EnhancerBySpringCGLIB$$8e9c663a] is not eligible for getting processed by all BeanPostProcessors (for example: not eligible for auto-proxying)
  [2022-03-14 17:22:30,637], , [restartedMain], patient-registration-service, INFO  ConfigServicePropertySourceLocator getRemoteEnvironment | Fetching config from server at : http://localhost:8888/config
  [2022-03-14 17:22:31,260], , [restartedMain], patient-registration-service, INFO  ConfigServicePropertySourceLocator log | Located environment: name=patient-registration-service, profiles=[dev], label=1.0.1, version=null, state=null
  [2022-03-14 17:22:31,260], , [restartedMain], patient-registration-service, INFO  PropertySourceBootstrapConfiguration initialize | Located property source: CompositePropertySource {name='configService', propertySources=[MapPropertySource {name='file:///D:/git-localconfig-repo/application-dev.properties'}]}
  [2022-03-14 17:22:31,309], , [restartedMain], patient-registration-service, INFO  PatientRegistrationApplication logStartupProfileInfo | The following profiles are active: dev
  [2022-03-14 17:22:32,479], , [restartedMain], patient-registration-service, INFO  RepositoryConfigurationDelegate registerRepositoriesIn | Bootstrapping Spring Data repositories in DEFAULT mode.
  [2022-03-14 17:22:32,637], , [restartedMain], patient-registration-service, INFO  RepositoryConfigurationDelegate registerRepositoriesIn | Finished Spring Data repository scanning in 148ms. Found 16 repository interfaces.
  [2022-03-14 17:22:33,066], , [restartedMain], patient-registration-service, INFO  GenericScope setSerializationId | BeanFactory id=35dd3f51-345c-3707-b5b4-6d0baa9f284d
  [2022-03-14 17:22:33,432], , [restartedMain], patient-registration-service, INFO  PostProcessorRegistrationDelegate$BeanPostProcessorChecker postProcessAfterInitialization | Bean 'org.springframework.transaction.annotation.ProxyTransactionManagementConfiguration' of type [org.springframework.transaction.annotation.ProxyTransactionManagementConfiguration$$EnhancerBySpringCGLIB$$7282633d] is not eligible for getting processed by all BeanPostProcessors (for example: not eligible for auto-proxying)
  [2022-03-14 17:22:33,498], , [restartedMain], patient-registration-service, INFO  PostProcessorRegistrationDelegate$BeanPostProcessorChecker postProcessAfterInitialization | Bean 'org.springframework.cloud.autoconfigure.ConfigurationPropertiesRebinderAutoConfiguration' of type [org.springframework.cloud.autoconfigure.ConfigurationPropertiesRebinderAutoConfiguration$$EnhancerBySpringCGLIB$$8e9c663a] is not eligible for getting processed by all BeanPostProcessors (for example: not eligible for auto-proxying)
  [2022-03-14 17:22:34,700], , [restartedMain], patient-registration-service, INFO  TomcatWebServer initialize | Tomcat initialized with port(s): 7075 (http)
  [2022-03-14 17:22:34,720], , [restartedMain], patient-registration-service, INFO  Http11NioProtocol log | Initializing ProtocolHandler ["http-nio-7075"]
  [2022-03-14 17:22:34,732], , [restartedMain], patient-registration-service, INFO  StandardService log | Starting service [Tomcat]
  [2022-03-14 17:22:34,732], , [restartedMain], patient-registration-service, INFO  StandardEngine log | Starting Servlet engine: [Apache Tomcat/9.0.16]
  [2022-03-14 17:22:34,749], , [restartedMain], patient-registration-service, INFO  AprLifecycleListener log | The APR based Apache Tomcat Native library which allows optimal performance in production environments was not found on the java.library.path: [D:\Softwares\eclipse-jee-2020-12-R-win32-x86_64\eclipse\plugins\org.eclipse.justj.openjdk.hotspot.jre.full.win32.x86_64_15.0.1.v20201027-0507\jre\bin;C:\Windows\Sun\Java\bin;C:\Windows\system32;C:\Windows;D:/Softwares/eclipse-jee-2020-12-R-win32-x86_64/eclipse//plugins/org.eclipse.justj.openjdk.hotspot.jre.full.win32.x86_64_15.0.1.v20201027-0507/jre/bin/server;D:/Softwares/eclipse-jee-2020-12-R-win32-x86_64/eclipse//plugins/org.eclipse.justj.openjdk.hotspot.jre.full.win32.x86_64_15.0.1.v20201027-0507/jre/bin;C:\Program Files (x86)\Common Files\Oracle\Java\javapath;C:\Windows\system32;C:\Windows;C:\Windows\System32\Wbem;C:\Windows\System32\WindowsPowerShell\v1.0\;C:\Windows\System32\OpenSSH\;C:\Program Files (x86)\CrSSL\bin;C:\Program Files\TortoiseSVN\bin;D:\Softwares\apache-maven-3.6.1\bin;C:\Program Files\TortoiseGit\bin;C:\Program Files\Git\cmd;C:\Program Files\Java\jdk1.8.0_201\bin;C:\Users\DELL\AppData\Local\Microsoft\WindowsApps;;D:\Softwares\eclipse-jee-2020-12-R-win32-x86_64\eclipse;;.]
  [2022-03-14 17:22:34,906], , [restartedMain], patient-registration-service, INFO  [/patient/v1] log | Initializing Spring embedded WebApplicationContext
  [2022-03-14 17:22:34,907], , [restartedMain], patient-registration-service, INFO  ContextLoader prepareWebApplicationContext | Root WebApplicationContext: initialization completed in 3576 ms
  [2022-03-14 17:22:36,895], , [restartedMain], patient-registration-service, INFO  HikariDataSource getConnection | HikariPool-1 - Starting...
  [2022-03-14 17:22:38,440], , [restartedMain], patient-registration-service, INFO  HikariDataSource getConnection | HikariPool-1 - Start completed.
  [2022-03-14 17:22:38,581], , [restartedMain], patient-registration-service, INFO  LogHelper logPersistenceUnitInformation | HHH000204: Processing PersistenceUnitInfo [
	name: default
	...]
  [2022-03-14 17:22:38,698], , [restartedMain], patient-registration-service, INFO  Version logVersion | HHH000412: Hibernate Core {5.3.7.Final}
  [2022-03-14 17:22:38,700], , [restartedMain], patient-registration-service, INFO  Environment <clinit> | HHH000206: hibernate.properties not found
  [2022-03-14 17:22:38,963], , [restartedMain], patient-registration-service, INFO  Version <clinit> | HCANN000001: Hibernate Commons Annotations {5.0.4.Final}
  [2022-03-14 17:22:39,214], , [restartedMain], patient-registration-service, INFO  Dialect <init> | HHH000400: Using dialect: org.hibernate.dialect.PostgreSQLDialect
  [2022-03-14 17:22:39,239], , [restartedMain], patient-registration-service, INFO  LobCreatorBuilderImpl makeLobCreatorBuilder | HHH000422: Disabling contextual LOB creation as connection was null
  [2022-03-14 17:22:39,249], , [restartedMain], patient-registration-service, INFO  BasicTypeRegistry register | HHH000270: Type registration [java.util.UUID] overrides previous : org.hibernate.type.UUIDBinaryType@cbfa81d
  [2022-03-14 17:22:50,375], , [restartedMain], patient-registration-service, INFO  LocalContainerEntityManagerFactoryBean buildNativeEntityManagerFactory | Initialized JPA EntityManagerFactory for persistence unit 'default'
  [2022-03-14 17:22:50,670], , [restartedMain], patient-registration-service, INFO  OptionalLiveReloadServer startServer | LiveReload server is running on port 35729
  [2022-03-14 17:22:51,694], , [restartedMain], patient-registration-service, INFO  QueryTranslatorFactoryInitiator initiateService | HHH000397: Using ASTQueryTranslatorFactory
  [2022-03-14 17:22:52,896], , [restartedMain], patient-registration-service, INFO  PatientLoggingAspect profileAllMethods | Start of CustomInterceptorAppConfig.restTemplate
  [2022-03-14 17:22:52,906], , [restartedMain], patient-registration-service, INFO  PatientLoggingAspect profileAllMethods | END of CustomInterceptorAppConfig.restTemplate
  [2022-03-14 17:22:52,907], , [restartedMain], patient-registration-service, INFO  PatientLoggingAspect profileAllMethods | Execution time of CustomInterceptorAppConfig.restTemplate :: 11 ms
  [2022-03-14 17:22:56,499], , [restartedMain], patient-registration-service, INFO  PatientLoggingAspect profileAllMethods | Start of CustomInterceptorAppConfig.corsConfigurationSource
  [2022-03-14 17:22:56,502], , [restartedMain], patient-registration-service, INFO  PatientLoggingAspect profileAllMethods | END of CustomInterceptorAppConfig.corsConfigurationSource
  [2022-03-14 17:22:56,503], , [restartedMain], patient-registration-service, INFO  PatientLoggingAspect profileAllMethods | Execution time of CustomInterceptorAppConfig.corsConfigurationSource :: 4 ms
  [2022-03-14 17:22:57,107], , [restartedMain], patient-registration-service, INFO  ThreadPoolTaskExecutor initialize | Initializing ExecutorService 'applicationTaskExecutor'
  [2022-03-14 17:22:57,240], , [restartedMain], patient-registration-service, INFO  PatientLoggingAspect profileAllMethods | Start of CustomInterceptorAppConfig.addInterceptors
  [2022-03-14 17:22:57,242], , [restartedMain], patient-registration-service, INFO  PatientLoggingAspect profileAllMethods | END of CustomInterceptorAppConfig.addInterceptors
  [2022-03-14 17:22:57,242], , [restartedMain], patient-registration-service, INFO  PatientLoggingAspect profileAllMethods | Execution time of CustomInterceptorAppConfig.addInterceptors :: 2 ms
  [2022-03-14 17:22:57,246], , [restartedMain], patient-registration-service, WARN  JpaBaseConfiguration$JpaWebConfiguration$JpaWebMvcConfiguration openEntityManagerInViewInterceptor | spring.jpa.open-in-view is enabled by default. Therefore, database queries may be performed during view rendering. Explicitly configure spring.jpa.open-in-view to disable this warning
  [2022-03-14 17:22:58,516], , [restartedMain], patient-registration-service, INFO  EndpointLinksResolver <init> | Exposing 2 endpoint(s) beneath base path '/actuator'
  [2022-03-14 17:22:58,675], , [restartedMain], patient-registration-service, INFO  Http11NioProtocol log | Starting ProtocolHandler ["http-nio-7075"]
  [2022-03-14 17:22:58,721], , [restartedMain], patient-registration-service, INFO  TomcatWebServer start | Tomcat started on port(s): 7075 (http) with context path '/patient/v1'
  [2022-03-14 17:22:58,725], , [restartedMain], patient-registration-service, INFO  PatientRegistrationApplication logStarted | Started PatientRegistrationApplication in 29.449 seconds (JVM running for 31.453)
  [2022-03-14 17:23:11,542], , [http-nio-7075-exec-2], patient-registration-service, INFO  [/patient/v1] log | Initializing Spring DispatcherServlet 'dispatcherServlet'
  [2022-03-14 17:23:11,543], , [http-nio-7075-exec-2], patient-registration-service, INFO  DispatcherServlet initServletBean | Initializing Servlet 'dispatcherServlet'
  [2022-03-14 17:23:11,591], , [http-nio-7075-exec-2], patient-registration-service, INFO  DispatcherServlet initServletBean | Completed initialization in 47 ms
fb03a4de30b19c21 fb03a4de30b19c21 [2022-03-14 17:23:11,626], , [http-nio-7075-exec-2], patient-registration-service, INFO  PatientLoggingAspect profileAllMethods | Start of CustomInterceptor.preHandle
fb03a4de30b19c21 fb03a4de30b19c21 [2022-03-14 17:23:11,632], , [http-nio-7075-exec-2], patient-registration-service, INFO  PatientLoggingAspect profileAllMethods | Start of TokenValidator.getUsernameFromToken
fb03a4de30b19c21 fb03a4de30b19c21 [2022-03-14 17:23:12,315], , [http-nio-7075-exec-2], patient-registration-service, INFO  PatientLoggingAspect profileAllMethods | END of TokenValidator.getUsernameFromToken
fb03a4de30b19c21 fb03a4de30b19c21 [2022-03-14 17:23:12,316], , [http-nio-7075-exec-2], patient-registration-service, INFO  PatientLoggingAspect profileAllMethods | Execution time of TokenValidator.getUsernameFromToken :: 684 ms
fb03a4de30b19c21 fb03a4de30b19c21 [2022-03-14 17:23:12,317], , [http-nio-7075-exec-2], patient-registration-service, INFO  PatientLoggingAspect profileAllMethods | Start of TokenValidator.getRoleFromToken
fb03a4de30b19c21 fb03a4de30b19c21 [2022-03-14 17:23:12,320], , [http-nio-7075-exec-2], patient-registration-service, INFO  PatientLoggingAspect profileAllMethods | END of TokenValidator.getRoleFromToken
fb03a4de30b19c21 fb03a4de30b19c21 [2022-03-14 17:23:12,321], , [http-nio-7075-exec-2], patient-registration-service, INFO  PatientLoggingAspect profileAllMethods | Execution time of TokenValidator.getRoleFromToken :: 4 ms
fb03a4de30b19c21 fb03a4de30b19c21 [2022-03-14 17:23:12,352], , [http-nio-7075-exec-2], patient-registration-service, INFO  PatientLoggingAspect profileAllMethods | Start of UserDTO.setRole
fb03a4de30b19c21 fb03a4de30b19c21 [2022-03-14 17:23:12,359], , [http-nio-7075-exec-2], patient-registration-service, INFO  PatientLoggingAspect profileAllMethods | END of UserDTO.setRole
fb03a4de30b19c21 fb03a4de30b19c21 [2022-03-14 17:23:12,360], , [http-nio-7075-exec-2], patient-registration-service, INFO  PatientLoggingAspect profileAllMethods | Execution time of UserDTO.setRole :: 8 ms
fb03a4de30b19c21 fb03a4de30b19c21 [2022-03-14 17:23:12,362], , [http-nio-7075-exec-2], patient-registration-service, INFO  PatientLoggingAspect profileAllMethods | Start of UserDTO.setUserName
fb03a4de30b19c21 fb03a4de30b19c21 [2022-03-14 17:23:12,362], , [http-nio-7075-exec-2], patient-registration-service, INFO  PatientLoggingAspect profileAllMethods | END of UserDTO.setUserName
fb03a4de30b19c21 fb03a4de30b19c21 [2022-03-14 17:23:12,363], , [http-nio-7075-exec-2], patient-registration-service, INFO  PatientLoggingAspect profileAllMethods | Execution time of UserDTO.setUserName :: 2 ms
fb03a4de30b19c21 fb03a4de30b19c21 [2022-03-14 17:23:12,364], , [http-nio-7075-exec-2], patient-registration-service, INFO  PatientLoggingAspect profileAllMethods | END of CustomInterceptor.preHandle
fb03a4de30b19c21 fb03a4de30b19c21 [2022-03-14 17:23:12,370], , [http-nio-7075-exec-2], patient-registration-service, INFO  PatientLoggingAspect profileAllMethods | Execution time of CustomInterceptor.preHandle :: 745 ms
fb03a4de30b19c21 fb03a4de30b19c21 [2022-03-14 17:23:12,458], 0:0:0:0:0:0:0:1, [http-nio-7075-exec-2], patient-registration-service, INFO  PatientLoggingAspect profileAllMethods | Start of PatientRegistrationController.saveRegistrationDetails
fb03a4de30b19c21 fb03a4de30b19c21 [2022-03-14 17:23:12,474], 0:0:0:0:0:0:0:1, [http-nio-7075-exec-2], patient-registration-service, INFO  PatientRegistrationController saveRegistrationDetails | Registration of Patient Request by Doctor or Scribe Received
fb03a4de30b19c21 fb03a4de30b19c21 [2022-03-14 17:23:12,657], 0:0:0:0:0:0:0:1, [http-nio-7075-exec-2], patient-registration-service, INFO  PatientLoggingAspect profileAllMethods | Start of PatientRegistrationServiceImpl.saveRegistrationDetails
fb03a4de30b19c21 fb03a4de30b19c21 [2022-03-14 17:23:12,692], 0:0:0:0:0:0:0:1, [http-nio-7075-exec-2], patient-registration-service, INFO  PatientLoggingAspect profileAllMethods | Start of PatientPersonalDetailsRepository.existsByPatientMobNo
fb03a4de30b19c21 fb03a4de30b19c21 [2022-03-14 17:23:13,036], 0:0:0:0:0:0:0:1, [http-nio-7075-exec-2], patient-registration-service, INFO  PatientLoggingAspect profileAllMethods | END of PatientPersonalDetailsRepository.existsByPatientMobNo
fb03a4de30b19c21 fb03a4de30b19c21 [2022-03-14 17:23:13,037], 0:0:0:0:0:0:0:1, [http-nio-7075-exec-2], patient-registration-service, INFO  PatientLoggingAspect profileAllMethods | Execution time of PatientPersonalDetailsRepository.existsByPatientMobNo :: 345 ms
fb03a4de30b19c21 fb03a4de30b19c21 [2022-03-14 17:23:13,041], 0:0:0:0:0:0:0:1, [http-nio-7075-exec-2], patient-registration-service, INFO  PatientRegistrationServiceImpl saveRegistrationDetails | new random passwordCs6-Ap1/De
fb03a4de30b19c21 fb03a4de30b19c21 [2022-03-14 17:23:13,049], 0:0:0:0:0:0:0:1, [http-nio-7075-exec-2], patient-registration-service, INFO  PatientLoggingAspect profileAllMethods | Start of AuthUtil.savePatientProfilePhoto
fb03a4de30b19c21 fb03a4de30b19c21 [2022-03-14 17:23:13,062], 0:0:0:0:0:0:0:1, [http-nio-7075-exec-2], patient-registration-service, INFO  AuthUtil savePatientProfilePhoto | Loading the patient profile photo to file system
fb03a4de30b19c21 fb03a4de30b19c21 [2022-03-14 17:23:13,063], 0:0:0:0:0:0:0:1, [http-nio-7075-exec-2], patient-registration-service, INFO  PatientLoggingAspect profileAllMethods | END of AuthUtil.savePatientProfilePhoto
fb03a4de30b19c21 fb03a4de30b19c21 [2022-03-14 17:23:13,063], 0:0:0:0:0:0:0:1, [http-nio-7075-exec-2], patient-registration-service, INFO  PatientLoggingAspect profileAllMethods | Execution time of AuthUtil.savePatientProfilePhoto :: 14 ms
fb03a4de30b19c21 fb03a4de30b19c21 [2022-03-14 17:23:13,064], 0:0:0:0:0:0:0:1, [http-nio-7075-exec-2], patient-registration-service, INFO  PatientLoggingAspect profileAllMethods | Start of UserDTO.getRole
fb03a4de30b19c21 fb03a4de30b19c21 [2022-03-14 17:23:13,065], 0:0:0:0:0:0:0:1, [http-nio-7075-exec-2], patient-registration-service, INFO  PatientLoggingAspect profileAllMethods | END of UserDTO.getRole
fb03a4de30b19c21 fb03a4de30b19c21 [2022-03-14 17:23:13,069], 0:0:0:0:0:0:0:1, [http-nio-7075-exec-2], patient-registration-service, INFO  PatientLoggingAspect profileAllMethods | Execution time of UserDTO.getRole :: 5 ms
fb03a4de30b19c21 fb03a4de30b19c21 [2022-03-14 17:23:13,078], 0:0:0:0:0:0:0:1, [http-nio-7075-exec-2], patient-registration-service, INFO  PatientLoggingAspect profileAllMethods | Start of CrudRepository.save
fb03a4de30b19c21 fb03a4de30b19c21 [2022-03-14 17:23:13,351], 0:0:0:0:0:0:0:1, [http-nio-7075-exec-2], patient-registration-service, INFO  PatientLoggingAspect profileAllMethods | END of CrudRepository.save
fb03a4de30b19c21 fb03a4de30b19c21 [2022-03-14 17:23:13,352], 0:0:0:0:0:0:0:1, [http-nio-7075-exec-2], patient-registration-service, INFO  PatientLoggingAspect profileAllMethods | Execution time of CrudRepository.save :: 274 ms
fb03a4de30b19c21 fb03a4de30b19c21 [2022-03-14 17:23:13,353], 0:0:0:0:0:0:0:1, [http-nio-7075-exec-2], patient-registration-service, INFO  PatientRegistrationServiceImpl saveRegistrationDetails | Saved user Data to Patient registration
fb03a4de30b19c21 fb03a4de30b19c21 [2022-03-14 17:23:13,354], 0:0:0:0:0:0:0:1, [http-nio-7075-exec-2], patient-registration-service, INFO  PatientLoggingAspect profileAllMethods | Start of AuditPatientServiceImpl.auditRegistrationServicePersonalDetail
fb03a4de30b19c21 fb03a4de30b19c21 [2022-03-14 17:23:13,371], 0:0:0:0:0:0:0:1, [http-nio-7075-exec-2], patient-registration-service, INFO  PatientLoggingAspect profileAllMethods | Start of JpaRepository.saveAndFlush
fb03a4de30b19c21 fb03a4de30b19c21 [2022-03-14 17:23:13,934], 0:0:0:0:0:0:0:1, [http-nio-7075-exec-2], patient-registration-service, INFO  PatientLoggingAspect profileAllMethods | END of JpaRepository.saveAndFlush
fb03a4de30b19c21 fb03a4de30b19c21 [2022-03-14 17:23:13,935], 0:0:0:0:0:0:0:1, [http-nio-7075-exec-2], patient-registration-service, INFO  PatientLoggingAspect profileAllMethods | Execution time of JpaRepository.saveAndFlush :: 564 ms
fb03a4de30b19c21 fb03a4de30b19c21 [2022-03-14 17:23:13,936], 0:0:0:0:0:0:0:1, [http-nio-7075-exec-2], patient-registration-service, INFO  PatientLoggingAspect profileAllMethods | END of AuditPatientServiceImpl.auditRegistrationServicePersonalDetail
fb03a4de30b19c21 fb03a4de30b19c21 [2022-03-14 17:23:13,937], 0:0:0:0:0:0:0:1, [http-nio-7075-exec-2], patient-registration-service, INFO  PatientLoggingAspect profileAllMethods | Execution time of AuditPatientServiceImpl.auditRegistrationServicePersonalDetail :: 583 ms
fb03a4de30b19c21 fb03a4de30b19c21 [2022-03-14 17:23:13,939], 0:0:0:0:0:0:0:1, [http-nio-7075-exec-2], patient-registration-service, INFO  PatientRegistrationServiceImpl saveRegistrationDetails | Inside for saving to user dtls table if data insertion successfull in pt_reg_dtls table
fb03a4de30b19c21 fb03a4de30b19c21 [2022-03-14 17:23:13,939], 0:0:0:0:0:0:0:1, [http-nio-7075-exec-2], patient-registration-service, INFO  PatientRegistrationServiceImpl createUserForPatientByScribe | USER MANAGEMENT API Called
fb03a4de30b19c21 fb03a4de30b19c21 [2022-03-14 17:23:13,945], 0:0:0:0:0:0:0:1, [http-nio-7075-exec-2], patient-registration-service, INFO  PatientRegistrationServiceImpl createUserForPatientByScribe | USER MANAGEMENT API Called with userID P7876545438And UserName PARI
fb03a4de30b19c21 fb03a4de30b19c21 [2022-03-14 17:23:14,359], 0:0:0:0:0:0:0:1, [http-nio-7075-exec-2], patient-registration-service, INFO  PatientRegistrationServiceImpl createUserForPatientByScribe | USER MANAGEMENT API Status : true
fb03a4de30b19c21 fb03a4de30b19c21 [2022-03-14 17:23:14,360], 0:0:0:0:0:0:0:1, [http-nio-7075-exec-2], patient-registration-service, INFO  PatientRegistrationServiceImpl saveRegistrationDetails | Inside for saving to map dtls  table if data insertion successfull in usr_dtls table
fb03a4de30b19c21 fb03a4de30b19c21 [2022-03-14 17:23:14,361], 0:0:0:0:0:0:0:1, [http-nio-7075-exec-2], patient-registration-service, INFO  PatientRegistrationServiceImpl saveRegistrationDetails | Saved user Data to Patient registration
fb03a4de30b19c21 fb03a4de30b19c21 [2022-03-14 17:23:14,361], 0:0:0:0:0:0:0:1, [http-nio-7075-exec-2], patient-registration-service, INFO  PatientLoggingAspect profileAllMethods | Start of UserDTO.getRole
fb03a4de30b19c21 fb03a4de30b19c21 [2022-03-14 17:23:14,362], 0:0:0:0:0:0:0:1, [http-nio-7075-exec-2], patient-registration-service, INFO  PatientLoggingAspect profileAllMethods | END of UserDTO.getRole
fb03a4de30b19c21 fb03a4de30b19c21 [2022-03-14 17:23:14,363], 0:0:0:0:0:0:0:1, [http-nio-7075-exec-2], patient-registration-service, INFO  PatientLoggingAspect profileAllMethods | Execution time of UserDTO.getRole :: 2 ms
fb03a4de30b19c21 fb03a4de30b19c21 [2022-03-14 17:23:14,365], 0:0:0:0:0:0:0:1, [http-nio-7075-exec-2], patient-registration-service, INFO  PatientLoggingAspect profileAllMethods | Start of UserDTO.getUserName
fb03a4de30b19c21 fb03a4de30b19c21 [2022-03-14 17:23:14,366], 0:0:0:0:0:0:0:1, [http-nio-7075-exec-2], patient-registration-service, INFO  PatientLoggingAspect profileAllMethods | END of UserDTO.getUserName
fb03a4de30b19c21 fb03a4de30b19c21 [2022-03-14 17:23:14,366], 0:0:0:0:0:0:0:1, [http-nio-7075-exec-2], patient-registration-service, INFO  PatientLoggingAspect profileAllMethods | Execution time of UserDTO.getUserName :: 1 ms
fb03a4de30b19c21 fb03a4de30b19c21 [2022-03-14 17:23:14,367], 0:0:0:0:0:0:0:1, [http-nio-7075-exec-2], patient-registration-service, INFO  PatientLoggingAspect profileAllMethods | Start of UserDTO.getRole
fb03a4de30b19c21 fb03a4de30b19c21 [2022-03-14 17:23:14,368], 0:0:0:0:0:0:0:1, [http-nio-7075-exec-2], patient-registration-service, INFO  PatientLoggingAspect profileAllMethods | END of UserDTO.getRole
fb03a4de30b19c21 fb03a4de30b19c21 [2022-03-14 17:23:14,369], 0:0:0:0:0:0:0:1, [http-nio-7075-exec-2], patient-registration-service, INFO  PatientLoggingAspect profileAllMethods | Execution time of UserDTO.getRole :: 2 ms
fb03a4de30b19c21 fb03a4de30b19c21 [2022-03-14 17:23:14,370], 0:0:0:0:0:0:0:1, [http-nio-7075-exec-2], patient-registration-service, INFO  PatientLoggingAspect profileAllMethods | Start of UserDTO.getUserName
fb03a4de30b19c21 fb03a4de30b19c21 [2022-03-14 17:23:14,371], 0:0:0:0:0:0:0:1, [http-nio-7075-exec-2], patient-registration-service, INFO  PatientLoggingAspect profileAllMethods | END of UserDTO.getUserName
fb03a4de30b19c21 fb03a4de30b19c21 [2022-03-14 17:23:14,372], 0:0:0:0:0:0:0:1, [http-nio-7075-exec-2], patient-registration-service, INFO  PatientLoggingAspect profileAllMethods | Execution time of UserDTO.getUserName :: 2 ms
fb03a4de30b19c21 fb03a4de30b19c21 [2022-03-14 17:23:14,373], 0:0:0:0:0:0:0:1, [http-nio-7075-exec-2], patient-registration-service, INFO  PatientLoggingAspect profileAllMethods | Start of CrudRepository.save
fb03a4de30b19c21 fb03a4de30b19c21 [2022-03-14 17:23:14,472], 0:0:0:0:0:0:0:1, [http-nio-7075-exec-2], patient-registration-service, INFO  PatientLoggingAspect profileAllMethods | END of CrudRepository.save
fb03a4de30b19c21 fb03a4de30b19c21 [2022-03-14 17:23:14,472], 0:0:0:0:0:0:0:1, [http-nio-7075-exec-2], patient-registration-service, INFO  PatientLoggingAspect profileAllMethods | Execution time of CrudRepository.save :: 99 ms
fb03a4de30b19c21 fb03a4de30b19c21 [2022-03-14 17:23:14,473], 0:0:0:0:0:0:0:1, [http-nio-7075-exec-2], patient-registration-service, INFO  PatientRegistrationServiceImpl saveRegistrationDetails | API success, insertion in all tables successfull
fb03a4de30b19c21 fb03a4de30b19c21 [2022-03-14 17:23:14,474], 0:0:0:0:0:0:0:1, [http-nio-7075-exec-2], patient-registration-service, INFO  PatientRegistrationServiceImpl saveRegistrationDetails | Request Created for calling Email and SMS notification for sending Random Password
fb03a4de30b19c21 fb03a4de30b19c21 [2022-03-14 17:23:14,474], 0:0:0:0:0:0:0:1, [http-nio-7075-exec-2], patient-registration-service, INFO  PatientRegistrationServiceImpl sendRandomPassByEmail | Request received Inside SMS Email Notification send
fb03a4de30b19c21 fb03a4de30b19c21 [2022-03-14 17:23:14,868], 0:0:0:0:0:0:0:1, [http-nio-7075-exec-2], patient-registration-service, INFO  PatientRegistrationServiceImpl saveRegistrationDetails | Random Password Email sent successfully
fb03a4de30b19c21 fb03a4de30b19c21 [2022-03-14 17:23:14,869], 0:0:0:0:0:0:0:1, [http-nio-7075-exec-2], patient-registration-service, INFO  PatientLoggingAspect profileAllMethods | END of PatientRegistrationServiceImpl.saveRegistrationDetails
fb03a4de30b19c21 fb03a4de30b19c21 [2022-03-14 17:23:14,869], 0:0:0:0:0:0:0:1, [http-nio-7075-exec-2], patient-registration-service, INFO  PatientLoggingAspect profileAllMethods | Execution time of PatientRegistrationServiceImpl.saveRegistrationDetails :: 2212 ms
fb03a4de30b19c21 fb03a4de30b19c21 [2022-03-14 17:23:15,173], 0:0:0:0:0:0:0:1, [http-nio-7075-exec-2], patient-registration-service, INFO  PatientLoggingAspect profileAllMethods | END of PatientRegistrationController.saveRegistrationDetails
fb03a4de30b19c21 fb03a4de30b19c21 [2022-03-14 17:23:15,175], 0:0:0:0:0:0:0:1, [http-nio-7075-exec-2], patient-registration-service, INFO  PatientLoggingAspect profileAllMethods | Execution time of PatientRegistrationController.saveRegistrationDetails :: 2717 ms
fb03a4de30b19c21 fb03a4de30b19c21 [2022-03-14 17:23:15,202], 0:0:0:0:0:0:0:1, [http-nio-7075-exec-2], patient-registration-service, INFO  PatientLoggingAspect profileAllMethods | Start of CustomInterceptor.postHandle
fb03a4de30b19c21 fb03a4de30b19c21 [2022-03-14 17:23:15,203], 0:0:0:0:0:0:0:1, [http-nio-7075-exec-2], patient-registration-service, INFO  PatientLoggingAspect profileAllMethods | END of CustomInterceptor.postHandle
fb03a4de30b19c21 fb03a4de30b19c21 [2022-03-14 17:23:15,204], 0:0:0:0:0:0:0:1, [http-nio-7075-exec-2], patient-registration-service, INFO  PatientLoggingAspect profileAllMethods | Execution time of CustomInterceptor.postHandle :: 2 ms
fb03a4de30b19c21 fb03a4de30b19c21 [2022-03-14 17:23:15,206], 0:0:0:0:0:0:0:1, [http-nio-7075-exec-2], patient-registration-service, INFO  PatientLoggingAspect profileAllMethods | Start of CustomInterceptor.afterCompletion
fb03a4de30b19c21 fb03a4de30b19c21 [2022-03-14 17:23:15,206], 0:0:0:0:0:0:0:1, [http-nio-7075-exec-2], patient-registration-service, INFO  PatientLoggingAspect profileAllMethods | END of CustomInterceptor.afterCompletion
fb03a4de30b19c21 fb03a4de30b19c21 [2022-03-14 17:23:15,207], 0:0:0:0:0:0:0:1, [http-nio-7075-exec-2], patient-registration-service, INFO  PatientLoggingAspect profileAllMethods | Execution time of CustomInterceptor.afterCompletion :: 2 ms
  [2022-03-14 19:41:00,999], , [RMI TCP Connection(143)-127.0.0.1], patient-registration-service, INFO  SpringApplicationAdminMXBeanRegistrar$SpringApplicationAdmin shutdown | Application shutdown requested.
  [2022-03-14 19:41:02,113], , [RMI TCP Connection(143)-127.0.0.1], patient-registration-service, INFO  ThreadPoolTaskExecutor shutdown | Shutting down ExecutorService 'applicationTaskExecutor'
  [2022-03-14 19:41:02,202], , [RMI TCP Connection(143)-127.0.0.1], patient-registration-service, INFO  LocalContainerEntityManagerFactoryBean destroy | Closing JPA EntityManagerFactory for persistence unit 'default'
  [2022-03-14 19:41:02,645], , [RMI TCP Connection(143)-127.0.0.1], patient-registration-service, INFO  HikariDataSource close | HikariPool-1 - Shutdown initiated...
  [2022-03-14 19:41:02,709], , [RMI TCP Connection(143)-127.0.0.1], patient-registration-service, INFO  HikariDataSource close | HikariPool-1 - Shutdown completed.
  [2022-03-14 19:41:02,762], , [RMI TCP Connection(143)-127.0.0.1], patient-registration-service, INFO  Http11NioProtocol log | Pausing ProtocolHandler ["http-nio-7075"]
  [2022-03-14 19:41:02,902], , [RMI TCP Connection(143)-127.0.0.1], patient-registration-service, INFO  StandardService log | Stopping service [Tomcat]
  [2022-03-14 19:41:02,948], , [RMI TCP Connection(143)-127.0.0.1], patient-registration-service, INFO  [/patient/v1] log | Destroying Spring FrameworkServlet 'dispatcherServlet'
  [2022-03-14 19:41:03,038], , [RMI TCP Connection(143)-127.0.0.1], patient-registration-service, INFO  Http11NioProtocol log | Stopping ProtocolHandler ["http-nio-7075"]
  [2022-03-14 19:41:03,068], , [RMI TCP Connection(143)-127.0.0.1], patient-registration-service, INFO  Http11NioProtocol log | Destroying ProtocolHandler ["http-nio-7075"]
