  [2022-01-28 15:36:46,801], , [restartedMain], otp-manager-service, INFO  ChangeableUrls logTo | The Class-Path manifest attribute in C:\Users\DELL\.m2\repository\org\glassfish\jaxb\jaxb-runtime\2.3.2\jaxb-runtime-2.3.2.jar referenced one or more files that do not exist: file:/C:/Users/DELL/.m2/repository/org/glassfish/jaxb/jaxb-runtime/2.3.2/jakarta.xml.bind-api-2.3.2.jar,file:/C:/Users/DELL/.m2/repository/org/glassfish/jaxb/jaxb-runtime/2.3.2/txw2-2.3.2.jar,file:/C:/Users/DELL/.m2/repository/org/glassfish/jaxb/jaxb-runtime/2.3.2/istack-commons-runtime-3.0.8.jar,file:/C:/Users/DELL/.m2/repository/org/glassfish/jaxb/jaxb-runtime/2.3.2/stax-ex-1.8.1.jar,file:/C:/Users/DELL/.m2/repository/org/glassfish/jaxb/jaxb-runtime/2.3.2/FastInfoset-1.2.16.jar,file:/C:/Users/DELL/.m2/repository/org/glassfish/jaxb/jaxb-runtime/2.3.2/jakarta.activation-api-1.2.1.jar
  [2022-01-28 15:36:46,825], , [restartedMain], otp-manager-service, INFO  DevToolsPropertyDefaultsPostProcessor logTo | Devtools property defaults active! Set 'spring.devtools.add-properties' to 'false' to disable
  [2022-01-28 15:36:47,174], , [restartedMain], otp-manager-service, INFO  PostProcessorRegistrationDelegate$BeanPostProcessorChecker postProcessAfterInitialization | Bean 'org.springframework.cloud.autoconfigure.ConfigurationPropertiesRebinderAutoConfiguration' of type [org.springframework.cloud.autoconfigure.ConfigurationPropertiesRebinderAutoConfiguration$$EnhancerBySpringCGLIB$$c4317c49] is not eligible for getting processed by all BeanPostProcessors (for example: not eligible for auto-proxying)
  [2022-01-28 15:36:47,519], , [restartedMain], otp-manager-service, INFO  ConfigServicePropertySourceLocator getRemoteEnvironment | Fetching config from server at : http://localhost:8888/config
  [2022-01-28 15:36:48,323], , [restartedMain], otp-manager-service, INFO  ConfigServicePropertySourceLocator log | Located environment: name=otp-manager-service, profiles=[dev], label=null, version=null, state=null
  [2022-01-28 15:36:48,324], , [restartedMain], otp-manager-service, INFO  PropertySourceBootstrapConfiguration initialize | Located property source: CompositePropertySource {name='configService', propertySources=[MapPropertySource {name='file:///D:/git-localconfig-repo/application-dev.properties'}]}
  [2022-01-28 15:36:48,386], , [restartedMain], otp-manager-service, INFO  OtpManagerApplication logStartupProfileInfo | The following profiles are active: dev
  [2022-01-28 15:36:49,763], , [restartedMain], otp-manager-service, INFO  RepositoryConfigurationDelegate registerRepositoriesIn | Bootstrapping Spring Data JPA repositories in DEFAULT mode.
  [2022-01-28 15:36:49,855], , [restartedMain], otp-manager-service, INFO  RepositoryConfigurationDelegate registerRepositoriesIn | Finished Spring Data repository scanning in 80ms. Found 5 JPA repository interfaces.
  [2022-01-28 15:36:50,363], , [restartedMain], otp-manager-service, INFO  GenericScope setSerializationId | BeanFactory id=9427c13f-05ea-3150-8ff5-03f3e3fb3c35
  [2022-01-28 15:36:50,961], , [restartedMain], otp-manager-service, INFO  PostProcessorRegistrationDelegate$BeanPostProcessorChecker postProcessAfterInitialization | Bean 'org.springframework.transaction.annotation.ProxyTransactionManagementConfiguration' of type [org.springframework.transaction.annotation.ProxyTransactionManagementConfiguration] is not eligible for getting processed by all BeanPostProcessors (for example: not eligible for auto-proxying)
  [2022-01-28 15:36:51,045], , [restartedMain], otp-manager-service, INFO  PostProcessorRegistrationDelegate$BeanPostProcessorChecker postProcessAfterInitialization | Bean 'org.springframework.cloud.autoconfigure.ConfigurationPropertiesRebinderAutoConfiguration' of type [org.springframework.cloud.autoconfigure.ConfigurationPropertiesRebinderAutoConfiguration$$EnhancerBySpringCGLIB$$c4317c49] is not eligible for getting processed by all BeanPostProcessors (for example: not eligible for auto-proxying)
  [2022-01-28 15:36:52,300], , [restartedMain], otp-manager-service, INFO  TomcatWebServer initialize | Tomcat initialized with port(s): 7076 (http)
  [2022-01-28 15:36:52,315], , [restartedMain], otp-manager-service, INFO  Http11NioProtocol log | Initializing ProtocolHandler ["http-nio-7076"]
  [2022-01-28 15:36:52,316], , [restartedMain], otp-manager-service, INFO  StandardService log | Starting service [Tomcat]
  [2022-01-28 15:36:52,316], , [restartedMain], otp-manager-service, INFO  StandardEngine log | Starting Servlet engine: [Apache Tomcat/9.0.29]
  [2022-01-28 15:36:52,464], , [restartedMain], otp-manager-service, INFO  [/OTPManager] log | Initializing Spring embedded WebApplicationContext
  [2022-01-28 15:36:52,465], , [restartedMain], otp-manager-service, INFO  ContextLoader prepareWebApplicationContext | Root WebApplicationContext: initialization completed in 4049 ms
  [2022-01-28 15:36:53,434], , [restartedMain], otp-manager-service, INFO  LogHelper logPersistenceUnitInformation | HHH000204: Processing PersistenceUnitInfo [name: default]
  [2022-01-28 15:36:53,610], , [restartedMain], otp-manager-service, INFO  Version logVersion | HHH000412: Hibernate Core {5.4.9.Final}
  [2022-01-28 15:36:53,913], , [restartedMain], otp-manager-service, INFO  Version <clinit> | HCANN000001: Hibernate Commons Annotations {5.1.0.Final}
  [2022-01-28 15:36:54,106], , [restartedMain], otp-manager-service, INFO  Dialect <init> | HHH000400: Using dialect: org.hibernate.dialect.PostgreSQLDialect
  [2022-01-28 15:36:55,347], , [restartedMain], otp-manager-service, INFO  HikariDataSource getConnection | HikariPool-1 - Starting...
  [2022-01-28 15:36:57,148], , [restartedMain], otp-manager-service, INFO  HikariDataSource getConnection | HikariPool-1 - Start completed.
  [2022-01-28 15:37:12,083], , [restartedMain], otp-manager-service, INFO  JtaPlatformInitiator initiateService | HHH000490: Using JtaPlatform implementation: [org.hibernate.engine.transaction.jta.platform.internal.NoJtaPlatform]
  [2022-01-28 15:37:12,121], , [restartedMain], otp-manager-service, INFO  LocalContainerEntityManagerFactoryBean buildNativeEntityManagerFactory | Initialized JPA EntityManagerFactory for persistence unit 'default'
  [2022-01-28 15:37:12,582], , [restartedMain], otp-manager-service, WARN  OptionalLiveReloadServer startServer | Unable to start LiveReload server
  [2022-01-28 15:37:13,373], , [restartedMain], otp-manager-service, INFO  LoggingAspect profileAllMethods | Start of OtpManagerConfig.getRestTemplate
  [2022-01-28 15:37:13,379], , [restartedMain], otp-manager-service, INFO  LoggingAspect profileAllMethods | END of OtpManagerConfig.getRestTemplate
  [2022-01-28 15:37:13,379], , [restartedMain], otp-manager-service, INFO  LoggingAspect profileAllMethods | Execution time of OtpManagerConfig.getRestTemplate :: 7 ms
  [2022-01-28 15:37:13,799], , [restartedMain], otp-manager-service, WARN  JpaBaseConfiguration$JpaWebConfiguration openEntityManagerInViewInterceptor | spring.jpa.open-in-view is enabled by default. Therefore, database queries may be performed during view rendering. Explicitly configure spring.jpa.open-in-view to disable this warning
  [2022-01-28 15:37:14,734], , [restartedMain], otp-manager-service, INFO  ThreadPoolTaskExecutor initialize | Initializing ExecutorService 'applicationTaskExecutor'
  [2022-01-28 15:37:16,427], , [restartedMain], otp-manager-service, INFO  Http11NioProtocol log | Starting ProtocolHandler ["http-nio-7076"]
  [2022-01-28 15:37:16,456], , [restartedMain], otp-manager-service, INFO  TomcatWebServer start | Tomcat started on port(s): 7076 (http) with context path '/OTPManager'
  [2022-01-28 15:37:16,459], , [restartedMain], otp-manager-service, INFO  OtpManagerApplication logStarted | Started OtpManagerApplication in 30.341 seconds (JVM running for 32.252)
  [2022-01-28 16:42:05,414], , [Thread-1], otp-manager-service, INFO  ThreadPoolTaskExecutor shutdown | Shutting down ExecutorService 'applicationTaskExecutor'
  [2022-01-28 16:42:05,479], , [Thread-1], otp-manager-service, INFO  LocalContainerEntityManagerFactoryBean destroy | Closing JPA EntityManagerFactory for persistence unit 'default'
  [2022-01-28 16:42:05,655], , [Thread-1], otp-manager-service, INFO  HikariDataSource close | HikariPool-1 - Shutdown initiated...
  [2022-01-28 16:42:05,709], , [Thread-1], otp-manager-service, INFO  HikariDataSource close | HikariPool-1 - Shutdown completed.
  [2022-01-28 16:42:06,612], , [restartedMain], otp-manager-service, INFO  PostProcessorRegistrationDelegate$BeanPostProcessorChecker postProcessAfterInitialization | Bean 'org.springframework.cloud.autoconfigure.ConfigurationPropertiesRebinderAutoConfiguration' of type [org.springframework.cloud.autoconfigure.ConfigurationPropertiesRebinderAutoConfiguration$$EnhancerBySpringCGLIB$$c4317c49] is not eligible for getting processed by all BeanPostProcessors (for example: not eligible for auto-proxying)
  [2022-01-28 16:42:06,832], , [restartedMain], otp-manager-service, INFO  ConfigServicePropertySourceLocator getRemoteEnvironment | Fetching config from server at : http://localhost:8888/config
  [2022-01-28 16:42:10,343], , [restartedMain], otp-manager-service, INFO  ConfigServicePropertySourceLocator log | Located environment: name=otp-manager-service, profiles=[dev], label=null, version=null, state=null
  [2022-01-28 16:42:10,344], , [restartedMain], otp-manager-service, INFO  PropertySourceBootstrapConfiguration initialize | Located property source: CompositePropertySource {name='configService', propertySources=[MapPropertySource {name='file:///D:/git-localconfig-repo/application-dev.properties'}]}
  [2022-01-28 16:42:10,385], , [restartedMain], otp-manager-service, INFO  OtpManagerApplication logStartupProfileInfo | The following profiles are active: dev
  [2022-01-28 16:42:10,984], , [restartedMain], otp-manager-service, INFO  RepositoryConfigurationDelegate registerRepositoriesIn | Bootstrapping Spring Data JPA repositories in DEFAULT mode.
  [2022-01-28 16:42:11,037], , [restartedMain], otp-manager-service, INFO  RepositoryConfigurationDelegate registerRepositoriesIn | Finished Spring Data repository scanning in 52ms. Found 5 JPA repository interfaces.
  [2022-01-28 16:42:11,270], , [restartedMain], otp-manager-service, INFO  GenericScope setSerializationId | BeanFactory id=9427c13f-05ea-3150-8ff5-03f3e3fb3c35
  [2022-01-28 16:42:11,364], , [restartedMain], otp-manager-service, INFO  PostProcessorRegistrationDelegate$BeanPostProcessorChecker postProcessAfterInitialization | Bean 'org.springframework.transaction.annotation.ProxyTransactionManagementConfiguration' of type [org.springframework.transaction.annotation.ProxyTransactionManagementConfiguration] is not eligible for getting processed by all BeanPostProcessors (for example: not eligible for auto-proxying)
  [2022-01-28 16:42:11,409], , [restartedMain], otp-manager-service, INFO  PostProcessorRegistrationDelegate$BeanPostProcessorChecker postProcessAfterInitialization | Bean 'org.springframework.cloud.autoconfigure.ConfigurationPropertiesRebinderAutoConfiguration' of type [org.springframework.cloud.autoconfigure.ConfigurationPropertiesRebinderAutoConfiguration$$EnhancerBySpringCGLIB$$c4317c49] is not eligible for getting processed by all BeanPostProcessors (for example: not eligible for auto-proxying)
  [2022-01-28 16:42:11,850], , [restartedMain], otp-manager-service, WARN  Registry log | The MBean registry cannot be disabled because it has already been initialised
  [2022-01-28 16:42:11,910], , [restartedMain], otp-manager-service, INFO  TomcatWebServer initialize | Tomcat initialized with port(s): 7076 (http)
  [2022-01-28 16:42:11,912], , [restartedMain], otp-manager-service, INFO  Http11NioProtocol log | Initializing ProtocolHandler ["http-nio-7076"]
  [2022-01-28 16:42:11,912], , [restartedMain], otp-manager-service, INFO  StandardService log | Starting service [Tomcat]
  [2022-01-28 16:42:11,913], , [restartedMain], otp-manager-service, INFO  StandardEngine log | Starting Servlet engine: [Apache Tomcat/9.0.29]
  [2022-01-28 16:42:11,966], , [restartedMain], otp-manager-service, INFO  [/OTPManager] log | Initializing Spring embedded WebApplicationContext
  [2022-01-28 16:42:11,966], , [restartedMain], otp-manager-service, INFO  ContextLoader prepareWebApplicationContext | Root WebApplicationContext: initialization completed in 1573 ms
  [2022-01-28 16:42:12,419], , [restartedMain], otp-manager-service, INFO  LogHelper logPersistenceUnitInformation | HHH000204: Processing PersistenceUnitInfo [name: default]
  [2022-01-28 16:42:12,427], , [restartedMain], otp-manager-service, INFO  Dialect <init> | HHH000400: Using dialect: org.hibernate.dialect.PostgreSQLDialect
  [2022-01-28 16:42:12,642], , [restartedMain], otp-manager-service, INFO  HikariDataSource getConnection | HikariPool-2 - Starting...
  [2022-01-28 16:42:13,578], , [restartedMain], otp-manager-service, INFO  HikariDataSource getConnection | HikariPool-2 - Start completed.
  [2022-01-28 16:42:24,365], , [restartedMain], otp-manager-service, INFO  JtaPlatformInitiator initiateService | HHH000490: Using JtaPlatform implementation: [org.hibernate.engine.transaction.jta.platform.internal.NoJtaPlatform]
  [2022-01-28 16:42:24,367], , [restartedMain], otp-manager-service, INFO  LocalContainerEntityManagerFactoryBean buildNativeEntityManagerFactory | Initialized JPA EntityManagerFactory for persistence unit 'default'
  [2022-01-28 16:42:24,600], , [restartedMain], otp-manager-service, WARN  OptionalLiveReloadServer startServer | Unable to start LiveReload server
  [2022-01-28 16:42:25,012], , [restartedMain], otp-manager-service, INFO  LoggingAspect profileAllMethods | Start of OtpManagerConfig.getRestTemplate
  [2022-01-28 16:42:25,017], , [restartedMain], otp-manager-service, INFO  LoggingAspect profileAllMethods | END of OtpManagerConfig.getRestTemplate
  [2022-01-28 16:42:25,018], , [restartedMain], otp-manager-service, INFO  LoggingAspect profileAllMethods | Execution time of OtpManagerConfig.getRestTemplate :: 6 ms
  [2022-01-28 16:42:25,444], , [restartedMain], otp-manager-service, WARN  JpaBaseConfiguration$JpaWebConfiguration openEntityManagerInViewInterceptor | spring.jpa.open-in-view is enabled by default. Therefore, database queries may be performed during view rendering. Explicitly configure spring.jpa.open-in-view to disable this warning
  [2022-01-28 16:42:26,251], , [restartedMain], otp-manager-service, INFO  ThreadPoolTaskExecutor initialize | Initializing ExecutorService 'applicationTaskExecutor'
  [2022-01-28 16:42:27,361], , [restartedMain], otp-manager-service, INFO  Http11NioProtocol log | Starting ProtocolHandler ["http-nio-7076"]
  [2022-01-28 16:42:27,366], , [restartedMain], otp-manager-service, INFO  TomcatWebServer start | Tomcat started on port(s): 7076 (http) with context path '/OTPManager'
  [2022-01-28 16:42:27,367], , [restartedMain], otp-manager-service, INFO  OtpManagerApplication logStarted | Started OtpManagerApplication in 21.093 seconds (JVM running for 3943.16)
  [2022-01-28 16:42:27,369], , [restartedMain], otp-manager-service, INFO  ConditionEvaluationDeltaLoggingListener onApplicationEvent | Condition evaluation unchanged
  [2022-01-28 16:44:56,519], , [Thread-10], otp-manager-service, INFO  ThreadPoolTaskExecutor shutdown | Shutting down ExecutorService 'applicationTaskExecutor'
  [2022-01-28 16:44:56,698], , [Thread-10], otp-manager-service, INFO  LocalContainerEntityManagerFactoryBean destroy | Closing JPA EntityManagerFactory for persistence unit 'default'
  [2022-01-28 16:44:56,913], , [Thread-10], otp-manager-service, INFO  HikariDataSource close | HikariPool-2 - Shutdown initiated...
  [2022-01-28 16:44:57,073], , [Thread-10], otp-manager-service, INFO  HikariDataSource close | HikariPool-2 - Shutdown completed.
  [2022-01-28 16:44:59,815], , [restartedMain], otp-manager-service, INFO  PostProcessorRegistrationDelegate$BeanPostProcessorChecker postProcessAfterInitialization | Bean 'org.springframework.cloud.autoconfigure.ConfigurationPropertiesRebinderAutoConfiguration' of type [org.springframework.cloud.autoconfigure.ConfigurationPropertiesRebinderAutoConfiguration$$EnhancerBySpringCGLIB$$c4317c49] is not eligible for getting processed by all BeanPostProcessors (for example: not eligible for auto-proxying)
  [2022-01-28 16:44:59,984], , [restartedMain], otp-manager-service, INFO  ConfigServicePropertySourceLocator getRemoteEnvironment | Fetching config from server at : http://localhost:8888/config
  [2022-01-28 16:45:00,987], , [restartedMain], otp-manager-service, INFO  ConfigServicePropertySourceLocator log | Located environment: name=otp-manager-service, profiles=[dev], label=null, version=null, state=null
  [2022-01-28 16:45:00,988], , [restartedMain], otp-manager-service, INFO  PropertySourceBootstrapConfiguration initialize | Located property source: CompositePropertySource {name='configService', propertySources=[MapPropertySource {name='file:///D:/git-localconfig-repo/application-dev.properties'}]}
  [2022-01-28 16:45:01,007], , [restartedMain], otp-manager-service, INFO  OtpManagerApplication logStartupProfileInfo | The following profiles are active: dev
  [2022-01-28 16:45:01,513], , [restartedMain], otp-manager-service, INFO  RepositoryConfigurationDelegate registerRepositoriesIn | Bootstrapping Spring Data JPA repositories in DEFAULT mode.
  [2022-01-28 16:45:01,555], , [restartedMain], otp-manager-service, INFO  RepositoryConfigurationDelegate registerRepositoriesIn | Finished Spring Data repository scanning in 41ms. Found 5 JPA repository interfaces.
  [2022-01-28 16:45:01,752], , [restartedMain], otp-manager-service, INFO  GenericScope setSerializationId | BeanFactory id=9427c13f-05ea-3150-8ff5-03f3e3fb3c35
  [2022-01-28 16:45:01,813], , [restartedMain], otp-manager-service, INFO  PostProcessorRegistrationDelegate$BeanPostProcessorChecker postProcessAfterInitialization | Bean 'org.springframework.transaction.annotation.ProxyTransactionManagementConfiguration' of type [org.springframework.transaction.annotation.ProxyTransactionManagementConfiguration] is not eligible for getting processed by all BeanPostProcessors (for example: not eligible for auto-proxying)
  [2022-01-28 16:45:01,830], , [restartedMain], otp-manager-service, INFO  PostProcessorRegistrationDelegate$BeanPostProcessorChecker postProcessAfterInitialization | Bean 'org.springframework.cloud.autoconfigure.ConfigurationPropertiesRebinderAutoConfiguration' of type [org.springframework.cloud.autoconfigure.ConfigurationPropertiesRebinderAutoConfiguration$$EnhancerBySpringCGLIB$$c4317c49] is not eligible for getting processed by all BeanPostProcessors (for example: not eligible for auto-proxying)
  [2022-01-28 16:45:02,174], , [restartedMain], otp-manager-service, WARN  Registry log | The MBean registry cannot be disabled because it has already been initialised
  [2022-01-28 16:45:02,287], , [restartedMain], otp-manager-service, INFO  TomcatWebServer initialize | Tomcat initialized with port(s): 7076 (http)
  [2022-01-28 16:45:02,289], , [restartedMain], otp-manager-service, INFO  Http11NioProtocol log | Initializing ProtocolHandler ["http-nio-7076"]
  [2022-01-28 16:45:02,290], , [restartedMain], otp-manager-service, INFO  StandardService log | Starting service [Tomcat]
  [2022-01-28 16:45:02,291], , [restartedMain], otp-manager-service, INFO  StandardEngine log | Starting Servlet engine: [Apache Tomcat/9.0.29]
  [2022-01-28 16:45:02,330], , [restartedMain], otp-manager-service, INFO  [/OTPManager] log | Initializing Spring embedded WebApplicationContext
  [2022-01-28 16:45:02,331], , [restartedMain], otp-manager-service, INFO  ContextLoader prepareWebApplicationContext | Root WebApplicationContext: initialization completed in 1320 ms
  [2022-01-28 16:45:02,679], , [restartedMain], otp-manager-service, INFO  LogHelper logPersistenceUnitInformation | HHH000204: Processing PersistenceUnitInfo [name: default]
  [2022-01-28 16:45:02,692], , [restartedMain], otp-manager-service, INFO  Dialect <init> | HHH000400: Using dialect: org.hibernate.dialect.PostgreSQLDialect
  [2022-01-28 16:45:02,866], , [restartedMain], otp-manager-service, INFO  HikariDataSource getConnection | HikariPool-3 - Starting...
  [2022-01-28 16:45:04,208], , [restartedMain], otp-manager-service, INFO  HikariDataSource getConnection | HikariPool-3 - Start completed.
  [2022-01-28 16:45:19,079], , [restartedMain], otp-manager-service, INFO  JtaPlatformInitiator initiateService | HHH000490: Using JtaPlatform implementation: [org.hibernate.engine.transaction.jta.platform.internal.NoJtaPlatform]
  [2022-01-28 16:45:19,083], , [restartedMain], otp-manager-service, INFO  LocalContainerEntityManagerFactoryBean buildNativeEntityManagerFactory | Initialized JPA EntityManagerFactory for persistence unit 'default'
  [2022-01-28 16:45:19,306], , [restartedMain], otp-manager-service, WARN  OptionalLiveReloadServer startServer | Unable to start LiveReload server
  [2022-01-28 16:45:19,677], , [restartedMain], otp-manager-service, INFO  LoggingAspect profileAllMethods | Start of OtpManagerConfig.getRestTemplate
  [2022-01-28 16:45:19,682], , [restartedMain], otp-manager-service, INFO  LoggingAspect profileAllMethods | END of OtpManagerConfig.getRestTemplate
  [2022-01-28 16:45:19,683], , [restartedMain], otp-manager-service, INFO  LoggingAspect profileAllMethods | Execution time of OtpManagerConfig.getRestTemplate :: 5 ms
  [2022-01-28 16:45:20,069], , [restartedMain], otp-manager-service, WARN  JpaBaseConfiguration$JpaWebConfiguration openEntityManagerInViewInterceptor | spring.jpa.open-in-view is enabled by default. Therefore, database queries may be performed during view rendering. Explicitly configure spring.jpa.open-in-view to disable this warning
  [2022-01-28 16:45:20,771], , [restartedMain], otp-manager-service, INFO  ThreadPoolTaskExecutor initialize | Initializing ExecutorService 'applicationTaskExecutor'
  [2022-01-28 16:45:21,666], , [restartedMain], otp-manager-service, INFO  Http11NioProtocol log | Starting ProtocolHandler ["http-nio-7076"]
  [2022-01-28 16:45:21,683], , [restartedMain], otp-manager-service, INFO  TomcatWebServer start | Tomcat started on port(s): 7076 (http) with context path '/OTPManager'
  [2022-01-28 16:45:21,685], , [restartedMain], otp-manager-service, INFO  OtpManagerApplication logStarted | Started OtpManagerApplication in 22.168 seconds (JVM running for 4117.478)
  [2022-01-28 16:45:21,686], , [restartedMain], otp-manager-service, INFO  ConditionEvaluationDeltaLoggingListener onApplicationEvent | Condition evaluation unchanged
  [2022-01-28 17:17:55,338], , [HikariPool-3 housekeeper], otp-manager-service, WARN  HikariPool run | HikariPool-3 - Thread starvation or clock leap detected (housekeeper delta=2m49s878ms307µs100ns).
  [2022-01-28 19:15:34,813], , [HikariPool-3 housekeeper], otp-manager-service, WARN  HikariPool run | HikariPool-3 - Thread starvation or clock leap detected (housekeeper delta=12m36s682ms245µs200ns).
  [2022-01-28 20:22:21,436], , [HikariPool-3 housekeeper], otp-manager-service, WARN  HikariPool run | HikariPool-3 - Thread starvation or clock leap detected (housekeeper delta=1h3m16s508ms60µs100ns).
  [2022-01-28 20:29:10,576], , [RMI TCP Connection(218)-127.0.0.1], otp-manager-service, INFO  SpringApplicationAdminMXBeanRegistrar$SpringApplicationAdmin shutdown | Application shutdown requested.
  [2022-01-28 20:29:11,073], , [RMI TCP Connection(218)-127.0.0.1], otp-manager-service, INFO  ThreadPoolTaskExecutor shutdown | Shutting down ExecutorService 'applicationTaskExecutor'
  [2022-01-28 20:29:11,105], , [RMI TCP Connection(218)-127.0.0.1], otp-manager-service, INFO  LocalContainerEntityManagerFactoryBean destroy | Closing JPA EntityManagerFactory for persistence unit 'default'
  [2022-01-28 20:29:11,282], , [RMI TCP Connection(218)-127.0.0.1], otp-manager-service, INFO  HikariDataSource close | HikariPool-3 - Shutdown initiated...
