  [2022-01-31 17:27:25,311], , [main], doctor-registration-service, INFO  PostProcessorRegistrationDelegate$BeanPostProcessorChecker postProcessAfterInitialization | Bean 'org.springframework.cloud.autoconfigure.ConfigurationPropertiesRebinderAutoConfiguration' of type [org.springframework.cloud.autoconfigure.ConfigurationPropertiesRebinderAutoConfiguration$$EnhancerBySpringCGLIB$$160145ce] is not eligible for getting processed by all BeanPostProcessors (for example: not eligible for auto-proxying)
  [2022-01-31 17:27:25,670], , [main], doctor-registration-service, INFO  ConfigServicePropertySourceLocator getRemoteEnvironment | Fetching config from server at : http://localhost:8888/config
  [2022-01-31 17:27:26,188], , [main], doctor-registration-service, INFO  ConfigServicePropertySourceLocator log | Located environment: name=doctor-registration-service, profiles=[dev], label=1.0.0, version=null, state=null
  [2022-01-31 17:27:26,190], , [main], doctor-registration-service, INFO  PropertySourceBootstrapConfiguration initialize | Located property source: CompositePropertySource {name='configService', propertySources=[MapPropertySource {name='file:///D:/git-localconfig-repo/application-dev.properties'}]}
  [2022-01-31 17:27:26,242], , [main], doctor-registration-service, INFO  DoctorRegistrationServiceApplication logStartupProfileInfo | The following profiles are active: dev
  [2022-01-31 17:27:27,670], , [main], doctor-registration-service, INFO  RepositoryConfigurationDelegate registerRepositoriesIn | Bootstrapping Spring Data repositories in DEFAULT mode.
  [2022-01-31 17:27:27,794], , [main], doctor-registration-service, INFO  RepositoryConfigurationDelegate registerRepositoriesIn | Finished Spring Data repository scanning in 114ms. Found 14 repository interfaces.
  [2022-01-31 17:27:28,257], , [main], doctor-registration-service, INFO  GenericScope setSerializationId | BeanFactory id=19934c12-053f-3561-8c2c-31a92d1b19f4
  [2022-01-31 17:27:28,647], , [main], doctor-registration-service, INFO  PostProcessorRegistrationDelegate$BeanPostProcessorChecker postProcessAfterInitialization | Bean 'org.springframework.transaction.annotation.ProxyTransactionManagementConfiguration' of type [org.springframework.transaction.annotation.ProxyTransactionManagementConfiguration$$EnhancerBySpringCGLIB$$f9e742d1] is not eligible for getting processed by all BeanPostProcessors (for example: not eligible for auto-proxying)
  [2022-01-31 17:27:28,714], , [main], doctor-registration-service, INFO  PostProcessorRegistrationDelegate$BeanPostProcessorChecker postProcessAfterInitialization | Bean 'org.springframework.cloud.autoconfigure.ConfigurationPropertiesRebinderAutoConfiguration' of type [org.springframework.cloud.autoconfigure.ConfigurationPropertiesRebinderAutoConfiguration$$EnhancerBySpringCGLIB$$160145ce] is not eligible for getting processed by all BeanPostProcessors (for example: not eligible for auto-proxying)
  [2022-01-31 17:27:29,381], , [main], doctor-registration-service, INFO  TomcatWebServer initialize | Tomcat initialized with port(s): 7073 (http)
  [2022-01-31 17:27:29,427], , [main], doctor-registration-service, INFO  Http11NioProtocol log | Initializing ProtocolHandler ["http-nio-7073"]
  [2022-01-31 17:27:29,449], , [main], doctor-registration-service, INFO  StandardService log | Starting service [Tomcat]
  [2022-01-31 17:27:29,450], , [main], doctor-registration-service, INFO  StandardEngine log | Starting Servlet engine: [Apache Tomcat/9.0.16]
  [2022-01-31 17:27:29,466], , [main], doctor-registration-service, INFO  AprLifecycleListener log | The APR based Apache Tomcat Native library which allows optimal performance in production environments was not found on the java.library.path: [D:\Softwares\eclipse-jee-2020-12-R-win32-x86_64\eclipse\plugins\org.eclipse.justj.openjdk.hotspot.jre.full.win32.x86_64_15.0.1.v20201027-0507\jre\bin;C:\Windows\Sun\Java\bin;C:\Windows\system32;C:\Windows;D:/Softwares/eclipse-jee-2020-12-R-win32-x86_64/eclipse//plugins/org.eclipse.justj.openjdk.hotspot.jre.full.win32.x86_64_15.0.1.v20201027-0507/jre/bin/server;D:/Softwares/eclipse-jee-2020-12-R-win32-x86_64/eclipse//plugins/org.eclipse.justj.openjdk.hotspot.jre.full.win32.x86_64_15.0.1.v20201027-0507/jre/bin;C:\Program Files (x86)\Common Files\Oracle\Java\javapath;C:\Windows\system32;C:\Windows;C:\Windows\System32\Wbem;C:\Windows\System32\WindowsPowerShell\v1.0\;C:\Windows\System32\OpenSSH\;C:\Program Files (x86)\CrSSL\bin;C:\Program Files\TortoiseSVN\bin;D:\Softwares\apache-maven-3.6.1\bin;C:\Users\DELL\AppData\Local\Microsoft\WindowsApps;;D:\Softwares\eclipse-jee-2020-12-R-win32-x86_64\eclipse;;.]
  [2022-01-31 17:27:29,670], , [main], doctor-registration-service, INFO  [/doctor-registration] log | Initializing Spring embedded WebApplicationContext
  [2022-01-31 17:27:29,670], , [main], doctor-registration-service, INFO  ContextLoader prepareWebApplicationContext | Root WebApplicationContext: initialization completed in 3415 ms
  [2022-01-31 17:27:31,094], , [main], doctor-registration-service, INFO  HikariDataSource getConnection | HikariPool-1 - Starting...
  [2022-01-31 17:27:32,300], , [main], doctor-registration-service, INFO  HikariDataSource getConnection | HikariPool-1 - Start completed.
  [2022-01-31 17:27:32,404], , [main], doctor-registration-service, INFO  LogHelper logPersistenceUnitInformation | HHH000204: Processing PersistenceUnitInfo [
	name: default
	...]
  [2022-01-31 17:27:32,521], , [main], doctor-registration-service, INFO  Version logVersion | HHH000412: Hibernate Core {5.3.7.Final}
  [2022-01-31 17:27:32,524], , [main], doctor-registration-service, INFO  Environment <clinit> | HHH000206: hibernate.properties not found
  [2022-01-31 17:27:32,777], , [main], doctor-registration-service, INFO  Version <clinit> | HCANN000001: Hibernate Commons Annotations {5.0.4.Final}
  [2022-01-31 17:27:33,009], , [main], doctor-registration-service, INFO  Dialect <init> | HHH000400: Using dialect: org.hibernate.dialect.PostgreSQLDialect
  [2022-01-31 17:27:33,027], , [main], doctor-registration-service, INFO  LobCreatorBuilderImpl makeLobCreatorBuilder | HHH000422: Disabling contextual LOB creation as connection was null
  [2022-01-31 17:27:33,034], , [main], doctor-registration-service, INFO  BasicTypeRegistry register | HHH000270: Type registration [java.util.UUID] overrides previous : org.hibernate.type.UUIDBinaryType@33efa7d4
  [2022-01-31 17:27:49,790], , [main], doctor-registration-service, INFO  QueryTranslatorFactoryInitiator initiateService | HHH000397: Using ASTQueryTranslatorFactory
  [2022-01-31 17:27:49,933], , [main], doctor-registration-service, INFO  LocalContainerEntityManagerFactoryBean buildNativeEntityManagerFactory | Initialized JPA EntityManagerFactory for persistence unit 'default'
  [2022-01-31 17:27:50,937], , [main], doctor-registration-service, INFO  DoctorLoggingAspect profileAllMethods | Start of SecurityConfig.getRestTemlate
  [2022-01-31 17:27:50,949], , [main], doctor-registration-service, INFO  DoctorLoggingAspect profileAllMethods | END of SecurityConfig.getRestTemlate
  [2022-01-31 17:27:50,949], , [main], doctor-registration-service, INFO  DoctorLoggingAspect profileAllMethods | Execution time of SecurityConfig.getRestTemlate :: 12 ms
  [2022-01-31 17:27:51,610], , [main], doctor-registration-service, INFO  DoctorLoggingAspect profileAllMethods | Start of BulkDoctorRegistrationConfig.excelFileToDatabaseStep
  [2022-01-31 17:27:51,627], , [main], doctor-registration-service, WARN  AbstractListenerFactoryBean isListener | org.springframework.batch.item.ItemWriter is an interface. The implementing class will not be queried for annotation based listener configurations. If using @StepScope on a @Bean method, be sure to return the implementing class so listener annotations can be used.
  [2022-01-31 17:27:51,628], , [main], doctor-registration-service, WARN  AbstractListenerFactoryBean isListener | org.springframework.batch.item.ItemProcessor is an interface. The implementing class will not be queried for annotation based listener configurations. If using @StepScope on a @Bean method, be sure to return the implementing class so listener annotations can be used.
  [2022-01-31 17:27:51,641], , [main], doctor-registration-service, INFO  DoctorLoggingAspect profileAllMethods | END of BulkDoctorRegistrationConfig.excelFileToDatabaseStep
  [2022-01-31 17:27:51,641], , [main], doctor-registration-service, INFO  DoctorLoggingAspect profileAllMethods | Execution time of BulkDoctorRegistrationConfig.excelFileToDatabaseStep :: 31 ms
  [2022-01-31 17:27:51,657], , [main], doctor-registration-service, INFO  DoctorLoggingAspect profileAllMethods | Start of BulkDoctorRegistrationConfig.excelFileToDatabaseJob
  [2022-01-31 17:27:51,669], , [main], doctor-registration-service, INFO  DoctorLoggingAspect profileAllMethods | END of BulkDoctorRegistrationConfig.excelFileToDatabaseJob
  [2022-01-31 17:27:51,670], , [main], doctor-registration-service, INFO  DoctorLoggingAspect profileAllMethods | Execution time of BulkDoctorRegistrationConfig.excelFileToDatabaseJob :: 13 ms
  [2022-01-31 17:27:52,331], , [main], doctor-registration-service, INFO  DoctorLoggingAspect profileAllMethods | Start of CustomInterceptorAppConfig.corsConfigurationSource
  [2022-01-31 17:27:52,340], , [main], doctor-registration-service, INFO  DoctorLoggingAspect profileAllMethods | END of CustomInterceptorAppConfig.corsConfigurationSource
  [2022-01-31 17:27:52,341], , [main], doctor-registration-service, INFO  DoctorLoggingAspect profileAllMethods | Execution time of CustomInterceptorAppConfig.corsConfigurationSource :: 10 ms
  [2022-01-31 17:27:52,819], , [main], doctor-registration-service, INFO  ThreadPoolTaskExecutor initialize | Initializing ExecutorService 'applicationTaskExecutor'
  [2022-01-31 17:27:52,963], , [main], doctor-registration-service, INFO  DoctorLoggingAspect profileAllMethods | Start of CustomInterceptorAppConfig.addInterceptors
  [2022-01-31 17:27:52,964], , [main], doctor-registration-service, INFO  DoctorLoggingAspect profileAllMethods | END of CustomInterceptorAppConfig.addInterceptors
  [2022-01-31 17:27:52,965], , [main], doctor-registration-service, INFO  DoctorLoggingAspect profileAllMethods | Execution time of CustomInterceptorAppConfig.addInterceptors :: 2 ms
  [2022-01-31 17:27:52,968], , [main], doctor-registration-service, WARN  JpaBaseConfiguration$JpaWebConfiguration$JpaWebMvcConfiguration openEntityManagerInViewInterceptor | spring.jpa.open-in-view is enabled by default. Therefore, database queries may be performed during view rendering. Explicitly configure spring.jpa.open-in-view to disable this warning
  [2022-01-31 17:27:53,448], , [main], doctor-registration-service, WARN  JpaBatchConfigurer determineIsolationLevel | JPA does not support custom isolation levels, so locks may not be taken when launching Jobs
  [2022-01-31 17:27:53,548], , [main], doctor-registration-service, INFO  JobRepositoryFactoryBean afterPropertiesSet | No database type set, using meta data indicating: POSTGRES
  [2022-01-31 17:27:53,588], , [main], doctor-registration-service, INFO  SimpleJobLauncher afterPropertiesSet | No TaskExecutor has been set, defaulting to synchronous executor.
  [2022-01-31 17:27:55,227], , [main], doctor-registration-service, INFO  EndpointLinksResolver <init> | Exposing 2 endpoint(s) beneath base path '/actuator'
  [2022-01-31 17:27:55,378], , [main], doctor-registration-service, INFO  Http11NioProtocol log | Starting ProtocolHandler ["http-nio-7073"]
  [2022-01-31 17:27:55,413], , [main], doctor-registration-service, INFO  TomcatWebServer start | Tomcat started on port(s): 7073 (http) with context path '/doctor-registration'
  [2022-01-31 17:27:55,418], , [main], doctor-registration-service, INFO  DoctorRegistrationServiceApplication logStarted | Started DoctorRegistrationServiceApplication in 31.054 seconds (JVM running for 35.643)
  [2022-01-31 17:30:29,455], , [http-nio-7073-exec-2], doctor-registration-service, INFO  [/doctor-registration] log | Initializing Spring DispatcherServlet 'dispatcherServlet'
  [2022-01-31 17:30:29,481], , [http-nio-7073-exec-2], doctor-registration-service, INFO  DispatcherServlet initServletBean | Initializing Servlet 'dispatcherServlet'
  [2022-01-31 17:30:29,899], , [http-nio-7073-exec-2], doctor-registration-service, INFO  DispatcherServlet initServletBean | Completed initialization in 414 ms
24420780ebb68214 24420780ebb68214 [2022-01-31 17:30:30,047], , [http-nio-7073-exec-2], doctor-registration-service, INFO  DoctorLoggingAspect profileAllMethods | Start of CustomInterceptor.preHandle
24420780ebb68214 24420780ebb68214 [2022-01-31 17:30:30,080], , [http-nio-7073-exec-2], doctor-registration-service, INFO  DoctorLoggingAspect profileAllMethods | Start of TokenValidator.getUsernameFromToken
24420780ebb68214 24420780ebb68214 [2022-01-31 17:30:31,292], , [http-nio-7073-exec-2], doctor-registration-service, INFO  DoctorLoggingAspect profileAllMethods | Start of ExceptionControllerAdvisor.globalExceptionHandler
24420780ebb68214 24420780ebb68214 [2022-01-31 17:30:31,314], , [http-nio-7073-exec-2], doctor-registration-service, INFO  DoctorLoggingAspect profileAllMethods | END of ExceptionControllerAdvisor.globalExceptionHandler
24420780ebb68214 24420780ebb68214 [2022-01-31 17:30:31,314], , [http-nio-7073-exec-2], doctor-registration-service, INFO  DoctorLoggingAspect profileAllMethods | Execution time of ExceptionControllerAdvisor.globalExceptionHandler :: 23 ms
9458262c6162c51a 9458262c6162c51a [2022-01-31 17:30:56,986], , [http-nio-7073-exec-4], doctor-registration-service, INFO  DoctorLoggingAspect profileAllMethods | Start of CustomInterceptor.preHandle
9458262c6162c51a 9458262c6162c51a [2022-01-31 17:30:56,987], , [http-nio-7073-exec-4], doctor-registration-service, INFO  DoctorLoggingAspect profileAllMethods | Start of TokenValidator.getUsernameFromToken
9458262c6162c51a 9458262c6162c51a [2022-01-31 17:30:56,993], , [http-nio-7073-exec-4], doctor-registration-service, INFO  DoctorLoggingAspect profileAllMethods | END of TokenValidator.getUsernameFromToken
9458262c6162c51a 9458262c6162c51a [2022-01-31 17:30:56,994], , [http-nio-7073-exec-4], doctor-registration-service, INFO  DoctorLoggingAspect profileAllMethods | Execution time of TokenValidator.getUsernameFromToken :: 7 ms
9458262c6162c51a 9458262c6162c51a [2022-01-31 17:30:56,995], , [http-nio-7073-exec-4], doctor-registration-service, INFO  DoctorLoggingAspect profileAllMethods | Start of TokenValidator.getRoleFromToken
9458262c6162c51a 9458262c6162c51a [2022-01-31 17:30:56,999], , [http-nio-7073-exec-4], doctor-registration-service, INFO  DoctorLoggingAspect profileAllMethods | END of TokenValidator.getRoleFromToken
9458262c6162c51a 9458262c6162c51a [2022-01-31 17:30:57,000], , [http-nio-7073-exec-4], doctor-registration-service, INFO  DoctorLoggingAspect profileAllMethods | Execution time of TokenValidator.getRoleFromToken :: 5 ms
9458262c6162c51a 9458262c6162c51a [2022-01-31 17:30:57,052], , [http-nio-7073-exec-4], doctor-registration-service, INFO  DoctorLoggingAspect profileAllMethods | Start of UserDTO.setRole
9458262c6162c51a 9458262c6162c51a [2022-01-31 17:30:57,060], , [http-nio-7073-exec-4], doctor-registration-service, INFO  DoctorLoggingAspect profileAllMethods | END of UserDTO.setRole
9458262c6162c51a 9458262c6162c51a [2022-01-31 17:30:57,060], , [http-nio-7073-exec-4], doctor-registration-service, INFO  DoctorLoggingAspect profileAllMethods | Execution time of UserDTO.setRole :: 8 ms
9458262c6162c51a 9458262c6162c51a [2022-01-31 17:30:57,061], , [http-nio-7073-exec-4], doctor-registration-service, INFO  DoctorLoggingAspect profileAllMethods | Start of UserDTO.setUserName
9458262c6162c51a 9458262c6162c51a [2022-01-31 17:30:57,062], , [http-nio-7073-exec-4], doctor-registration-service, INFO  DoctorLoggingAspect profileAllMethods | END of UserDTO.setUserName
9458262c6162c51a 9458262c6162c51a [2022-01-31 17:30:57,062], , [http-nio-7073-exec-4], doctor-registration-service, INFO  DoctorLoggingAspect profileAllMethods | Execution time of UserDTO.setUserName :: 2 ms
9458262c6162c51a 9458262c6162c51a [2022-01-31 17:30:57,064], , [http-nio-7073-exec-4], doctor-registration-service, INFO  DoctorLoggingAspect profileAllMethods | Start of UserDTO.setToken
9458262c6162c51a 9458262c6162c51a [2022-01-31 17:30:57,065], , [http-nio-7073-exec-4], doctor-registration-service, INFO  DoctorLoggingAspect profileAllMethods | END of UserDTO.setToken
9458262c6162c51a 9458262c6162c51a [2022-01-31 17:30:57,066], , [http-nio-7073-exec-4], doctor-registration-service, INFO  DoctorLoggingAspect profileAllMethods | Execution time of UserDTO.setToken :: 2 ms
9458262c6162c51a 9458262c6162c51a [2022-01-31 17:30:57,067], , [http-nio-7073-exec-4], doctor-registration-service, INFO  DoctorLoggingAspect profileAllMethods | END of CustomInterceptor.preHandle
9458262c6162c51a 9458262c6162c51a [2022-01-31 17:30:57,067], , [http-nio-7073-exec-4], doctor-registration-service, INFO  DoctorLoggingAspect profileAllMethods | Execution time of CustomInterceptor.preHandle :: 81 ms
9458262c6162c51a 9458262c6162c51a [2022-01-31 17:30:57,314], 0:0:0:0:0:0:0:1, [http-nio-7073-exec-4], doctor-registration-service, INFO  DoctorLoggingAspect profileAllMethods | Start of RegistrationController.doctorProfile
9458262c6162c51a 9458262c6162c51a [2022-01-31 17:30:57,327], 0:0:0:0:0:0:0:1, [http-nio-7073-exec-4], doctor-registration-service, INFO  RegistrationController doctorProfile | Request Received to view doctor profile.
9458262c6162c51a 9458262c6162c51a [2022-01-31 17:30:57,329], 0:0:0:0:0:0:0:1, [http-nio-7073-exec-4], doctor-registration-service, INFO  DoctorLoggingAspect profileAllMethods | Start of RegistrationServiceImpl.doctorProfile
9458262c6162c51a 9458262c6162c51a [2022-01-31 17:30:57,355], 0:0:0:0:0:0:0:1, [http-nio-7073-exec-4], doctor-registration-service, INFO  DoctorLoggingAspect profileAllMethods | Start of DoctorMstrRepo.findByDmdUserId
9458262c6162c51a 9458262c6162c51a [2022-01-31 17:30:57,906], 0:0:0:0:0:0:0:1, [http-nio-7073-exec-4], doctor-registration-service, INFO  DoctorLoggingAspect profileAllMethods | END of DoctorMstrRepo.findByDmdUserId
9458262c6162c51a 9458262c6162c51a [2022-01-31 17:30:57,907], 0:0:0:0:0:0:0:1, [http-nio-7073-exec-4], doctor-registration-service, INFO  DoctorLoggingAspect profileAllMethods | Execution time of DoctorMstrRepo.findByDmdUserId :: 553 ms
9458262c6162c51a 9458262c6162c51a [2022-01-31 17:30:57,927], 0:0:0:0:0:0:0:1, [http-nio-7073-exec-4], doctor-registration-service, INFO  DoctorLoggingAspect profileAllMethods | Start of DoctorDocumentRepo.findDoctorDocuments
9458262c6162c51a 9458262c6162c51a [2022-01-31 17:30:58,288], 0:0:0:0:0:0:0:1, [http-nio-7073-exec-4], doctor-registration-service, INFO  DoctorLoggingAspect profileAllMethods | END of DoctorDocumentRepo.findDoctorDocuments
9458262c6162c51a 9458262c6162c51a [2022-01-31 17:30:58,290], 0:0:0:0:0:0:0:1, [http-nio-7073-exec-4], doctor-registration-service, INFO  DoctorLoggingAspect profileAllMethods | Execution time of DoctorDocumentRepo.findDoctorDocuments :: 363 ms
9458262c6162c51a 9458262c6162c51a [2022-01-31 17:30:58,319], 0:0:0:0:0:0:0:1, [http-nio-7073-exec-4], doctor-registration-service, INFO  RegistrationServiceImpl doctorProfile |  returning response
9458262c6162c51a 9458262c6162c51a [2022-01-31 17:30:58,320], 0:0:0:0:0:0:0:1, [http-nio-7073-exec-4], doctor-registration-service, INFO  DoctorLoggingAspect profileAllMethods | END of RegistrationServiceImpl.doctorProfile
9458262c6162c51a 9458262c6162c51a [2022-01-31 17:30:58,321], 0:0:0:0:0:0:0:1, [http-nio-7073-exec-4], doctor-registration-service, INFO  DoctorLoggingAspect profileAllMethods | Execution time of RegistrationServiceImpl.doctorProfile :: 992 ms
9458262c6162c51a 9458262c6162c51a [2022-01-31 17:30:58,321], 0:0:0:0:0:0:0:1, [http-nio-7073-exec-4], doctor-registration-service, INFO  DoctorLoggingAspect profileAllMethods | END of RegistrationController.doctorProfile
9458262c6162c51a 9458262c6162c51a [2022-01-31 17:30:58,322], 0:0:0:0:0:0:0:1, [http-nio-7073-exec-4], doctor-registration-service, INFO  DoctorLoggingAspect profileAllMethods | Execution time of RegistrationController.doctorProfile :: 1008 ms
9458262c6162c51a 9458262c6162c51a [2022-01-31 17:30:58,351], 0:0:0:0:0:0:0:1, [http-nio-7073-exec-4], doctor-registration-service, INFO  DoctorLoggingAspect profileAllMethods | Start of CustomInterceptor.postHandle
9458262c6162c51a 9458262c6162c51a [2022-01-31 17:30:58,352], 0:0:0:0:0:0:0:1, [http-nio-7073-exec-4], doctor-registration-service, INFO  DoctorLoggingAspect profileAllMethods | END of CustomInterceptor.postHandle
9458262c6162c51a 9458262c6162c51a [2022-01-31 17:30:58,352], 0:0:0:0:0:0:0:1, [http-nio-7073-exec-4], doctor-registration-service, INFO  DoctorLoggingAspect profileAllMethods | Execution time of CustomInterceptor.postHandle :: 1 ms
9458262c6162c51a 9458262c6162c51a [2022-01-31 17:30:58,358], 0:0:0:0:0:0:0:1, [http-nio-7073-exec-4], doctor-registration-service, INFO  DoctorLoggingAspect profileAllMethods | Start of CustomInterceptor.afterCompletion
9458262c6162c51a 9458262c6162c51a [2022-01-31 17:30:58,359], 0:0:0:0:0:0:0:1, [http-nio-7073-exec-4], doctor-registration-service, INFO  DoctorLoggingAspect profileAllMethods | END of CustomInterceptor.afterCompletion
9458262c6162c51a 9458262c6162c51a [2022-01-31 17:30:58,361], 0:0:0:0:0:0:0:1, [http-nio-7073-exec-4], doctor-registration-service, INFO  DoctorLoggingAspect profileAllMethods | Execution time of CustomInterceptor.afterCompletion :: 2 ms
  [2022-01-31 18:49:10,491], , [HikariPool-1 housekeeper], doctor-registration-service, WARN  HikariPool run | HikariPool-1 - Thread starvation or clock leap detected (housekeeper delta=37m39s530ms795µs300ns).
  [2022-01-31 19:11:43,072], , [HikariPool-1 housekeeper], doctor-registration-service, WARN  HikariPool run | HikariPool-1 - Thread starvation or clock leap detected (housekeeper delta=21m2s144ms611µs800ns).
  [2022-01-31 22:48:17,484], , [HikariPool-1 housekeeper], doctor-registration-service, WARN  HikariPool run | HikariPool-1 - Thread starvation or clock leap detected (housekeeper delta=3h33s863ms114µs100ns).
