  [2021-12-21 14:41:44,328], , [main], doctor-registration-service, INFO  PostProcessorRegistrationDelegate$BeanPostProcessorChecker postProcessAfterInitialization | Bean 'org.springframework.cloud.autoconfigure.ConfigurationPropertiesRebinderAutoConfiguration' of type [org.springframework.cloud.autoconfigure.ConfigurationPropertiesRebinderAutoConfiguration$$EnhancerBySpringCGLIB$$9f9f535c] is not eligible for getting processed by all BeanPostProcessors (for example: not eligible for auto-proxying)
  [2021-12-21 14:41:44,689], , [main], doctor-registration-service, INFO  ConfigServicePropertySourceLocator getRemoteEnvironment | Fetching config from server at : http://localhost:8888/config
  [2021-12-21 14:41:45,583], , [main], doctor-registration-service, INFO  ConfigServicePropertySourceLocator log | Located environment: name=doctor-registration-service, profiles=[dev], label=1.0.1, version=null, state=null
  [2021-12-21 14:41:45,585], , [main], doctor-registration-service, INFO  PropertySourceBootstrapConfiguration initialize | Located property source: CompositePropertySource {name='configService', propertySources=[MapPropertySource {name='file:///D:/git-localconfig-repo/application-dev.properties'}]}
  [2021-12-21 14:41:45,759], , [main], doctor-registration-service, INFO  DoctorRegistrationServiceApplication logStartupProfileInfo | The following profiles are active: dev
  [2021-12-21 14:41:47,324], , [main], doctor-registration-service, INFO  RepositoryConfigurationDelegate registerRepositoriesIn | Bootstrapping Spring Data repositories in DEFAULT mode.
  [2021-12-21 14:41:47,511], , [main], doctor-registration-service, INFO  RepositoryConfigurationDelegate registerRepositoriesIn | Finished Spring Data repository scanning in 170ms. Found 10 repository interfaces.
  [2021-12-21 14:41:47,992], , [main], doctor-registration-service, INFO  GenericScope setSerializationId | BeanFactory id=47226004-492f-3547-b2d4-f5a7035395e6
  [2021-12-21 14:41:48,429], , [main], doctor-registration-service, INFO  PostProcessorRegistrationDelegate$BeanPostProcessorChecker postProcessAfterInitialization | Bean 'org.springframework.transaction.annotation.ProxyTransactionManagementConfiguration' of type [org.springframework.transaction.annotation.ProxyTransactionManagementConfiguration$$EnhancerBySpringCGLIB$$8385505f] is not eligible for getting processed by all BeanPostProcessors (for example: not eligible for auto-proxying)
  [2021-12-21 14:41:48,510], , [main], doctor-registration-service, INFO  PostProcessorRegistrationDelegate$BeanPostProcessorChecker postProcessAfterInitialization | Bean 'org.springframework.cloud.autoconfigure.ConfigurationPropertiesRebinderAutoConfiguration' of type [org.springframework.cloud.autoconfigure.ConfigurationPropertiesRebinderAutoConfiguration$$EnhancerBySpringCGLIB$$9f9f535c] is not eligible for getting processed by all BeanPostProcessors (for example: not eligible for auto-proxying)
  [2021-12-21 14:41:49,265], , [main], doctor-registration-service, INFO  TomcatWebServer initialize | Tomcat initialized with port(s): 7073 (http)
  [2021-12-21 14:41:49,288], , [main], doctor-registration-service, INFO  Http11NioProtocol log | Initializing ProtocolHandler ["http-nio-7073"]
  [2021-12-21 14:41:49,299], , [main], doctor-registration-service, INFO  StandardService log | Starting service [Tomcat]
  [2021-12-21 14:41:49,300], , [main], doctor-registration-service, INFO  StandardEngine log | Starting Servlet engine: [Apache Tomcat/9.0.16]
  [2021-12-21 14:41:49,313], , [main], doctor-registration-service, INFO  AprLifecycleListener log | The APR based Apache Tomcat Native library which allows optimal performance in production environments was not found on the java.library.path: [D:\Softwares\eclipse-jee-2020-12-R-win32-x86_64\eclipse\plugins\org.eclipse.justj.openjdk.hotspot.jre.full.win32.x86_64_15.0.1.v20201027-0507\jre\bin;C:\Windows\Sun\Java\bin;C:\Windows\system32;C:\Windows;D:\Softwares\eclipse-jee-2020-12-R-win32-x86_64\eclipse\plugins\org.eclipse.justj.openjdk.hotspot.jre.full.win32.x86_64_15.0.1.v20201027-0507\jre\bin;D:/Softwares/eclipse-jee-2020-12-R-win32-x86_64/eclipse//plugins/org.eclipse.justj.openjdk.hotspot.jre.full.win32.x86_64_15.0.1.v20201027-0507/jre/bin/server;D:/Softwares/eclipse-jee-2020-12-R-win32-x86_64/eclipse//plugins/org.eclipse.justj.openjdk.hotspot.jre.full.win32.x86_64_15.0.1.v20201027-0507/jre/bin;C:\Program Files (x86)\Common Files\Oracle\Java\javapath;C:\Windows\system32;C:\Windows;C:\Windows\System32\Wbem;C:\Windows\System32\WindowsPowerShell\v1.0\;C:\Windows\System32\OpenSSH\;C:\Program Files (x86)\CrSSL\bin;C:\Program Files\TortoiseSVN\bin;C:\Users\DELL\AppData\Local\Microsoft\WindowsApps;;D:\Softwares\eclipse-jee-2020-12-R-win32-x86_64\eclipse;;.]
  [2021-12-21 14:41:49,532], , [main], doctor-registration-service, INFO  [/doctor-registration] log | Initializing Spring embedded WebApplicationContext
  [2021-12-21 14:41:49,533], , [main], doctor-registration-service, INFO  ContextLoader prepareWebApplicationContext | Root WebApplicationContext: initialization completed in 3739 ms
  [2021-12-21 14:41:51,302], , [main], doctor-registration-service, INFO  HikariDataSource getConnection | HikariPool-1 - Starting...
  [2021-12-21 14:41:53,274], , [main], doctor-registration-service, INFO  HikariDataSource getConnection | HikariPool-1 - Start completed.
  [2021-12-21 14:41:53,445], , [main], doctor-registration-service, INFO  LogHelper logPersistenceUnitInformation | HHH000204: Processing PersistenceUnitInfo [
	name: default
	...]
  [2021-12-21 14:41:53,663], , [main], doctor-registration-service, INFO  Version logVersion | HHH000412: Hibernate Core {5.3.7.Final}
  [2021-12-21 14:41:53,666], , [main], doctor-registration-service, INFO  Environment <clinit> | HHH000206: hibernate.properties not found
  [2021-12-21 14:41:53,958], , [main], doctor-registration-service, INFO  Version <clinit> | HCANN000001: Hibernate Commons Annotations {5.0.4.Final}
  [2021-12-21 14:41:54,232], , [main], doctor-registration-service, INFO  Dialect <init> | HHH000400: Using dialect: org.hibernate.dialect.PostgreSQLDialect
  [2021-12-21 14:41:54,260], , [main], doctor-registration-service, INFO  LobCreatorBuilderImpl makeLobCreatorBuilder | HHH000422: Disabling contextual LOB creation as connection was null
  [2021-12-21 14:41:54,272], , [main], doctor-registration-service, INFO  BasicTypeRegistry register | HHH000270: Type registration [java.util.UUID] overrides previous : org.hibernate.type.UUIDBinaryType@55a29589
  [2021-12-21 14:42:11,147], , [main], doctor-registration-service, INFO  QueryTranslatorFactoryInitiator initiateService | HHH000397: Using ASTQueryTranslatorFactory
  [2021-12-21 14:42:11,388], , [main], doctor-registration-service, INFO  LocalContainerEntityManagerFactoryBean buildNativeEntityManagerFactory | Initialized JPA EntityManagerFactory for persistence unit 'default'
  [2021-12-21 14:42:12,469], , [main], doctor-registration-service, INFO  DoctorLoggingAspect profileAllMethods | Start of SecurityConfig.getRestTemlate
  [2021-12-21 14:42:12,478], , [main], doctor-registration-service, INFO  DoctorLoggingAspect profileAllMethods | END of SecurityConfig.getRestTemlate
  [2021-12-21 14:42:12,478], , [main], doctor-registration-service, INFO  DoctorLoggingAspect profileAllMethods | Execution time of SecurityConfig.getRestTemlate :: 10 ms
  [2021-12-21 14:42:14,022], , [main], doctor-registration-service, INFO  DoctorLoggingAspect profileAllMethods | Start of CustomInterceptorAppConfig.corsConfigurationSource
  [2021-12-21 14:42:14,041], , [main], doctor-registration-service, INFO  DoctorLoggingAspect profileAllMethods | END of CustomInterceptorAppConfig.corsConfigurationSource
  [2021-12-21 14:42:14,041], , [main], doctor-registration-service, INFO  DoctorLoggingAspect profileAllMethods | Execution time of CustomInterceptorAppConfig.corsConfigurationSource :: 19 ms
  [2021-12-21 14:42:14,476], , [main], doctor-registration-service, INFO  ThreadPoolTaskExecutor initialize | Initializing ExecutorService 'applicationTaskExecutor'
  [2021-12-21 14:42:14,625], , [main], doctor-registration-service, INFO  DoctorLoggingAspect profileAllMethods | Start of CustomInterceptorAppConfig.addInterceptors
  [2021-12-21 14:42:14,627], , [main], doctor-registration-service, INFO  DoctorLoggingAspect profileAllMethods | END of CustomInterceptorAppConfig.addInterceptors
  [2021-12-21 14:42:14,627], , [main], doctor-registration-service, INFO  DoctorLoggingAspect profileAllMethods | Execution time of CustomInterceptorAppConfig.addInterceptors :: 2 ms
  [2021-12-21 14:42:14,631], , [main], doctor-registration-service, WARN  JpaBaseConfiguration$JpaWebConfiguration$JpaWebMvcConfiguration openEntityManagerInViewInterceptor | spring.jpa.open-in-view is enabled by default. Therefore, database queries may be performed during view rendering. Explicitly configure spring.jpa.open-in-view to disable this warning
  [2021-12-21 14:42:15,814], , [main], doctor-registration-service, INFO  EndpointLinksResolver <init> | Exposing 2 endpoint(s) beneath base path '/actuator'
  [2021-12-21 14:42:16,003], , [main], doctor-registration-service, INFO  Http11NioProtocol log | Starting ProtocolHandler ["http-nio-7073"]
  [2021-12-21 14:42:16,069], , [main], doctor-registration-service, INFO  TomcatWebServer start | Tomcat started on port(s): 7073 (http) with context path '/doctor-registration'
  [2021-12-21 14:42:16,074], , [main], doctor-registration-service, INFO  DoctorRegistrationServiceApplication logStarted | Started DoctorRegistrationServiceApplication in 32.91 seconds (JVM running for 34.994)
  [2021-12-21 14:43:18,092], , [http-nio-7073-exec-1], doctor-registration-service, INFO  [/doctor-registration] log | Initializing Spring DispatcherServlet 'dispatcherServlet'
  [2021-12-21 14:43:18,093], , [http-nio-7073-exec-1], doctor-registration-service, INFO  DispatcherServlet initServletBean | Initializing Servlet 'dispatcherServlet'
  [2021-12-21 14:43:18,138], , [http-nio-7073-exec-1], doctor-registration-service, INFO  DispatcherServlet initServletBean | Completed initialization in 45 ms
d0779719226604f7 d0779719226604f7 [2021-12-21 14:43:18,180], , [http-nio-7073-exec-1], doctor-registration-service, INFO  DoctorLoggingAspect profileAllMethods | Start of CustomInterceptor.preHandle
d0779719226604f7 d0779719226604f7 [2021-12-21 14:43:18,190], , [http-nio-7073-exec-1], doctor-registration-service, INFO  DoctorLoggingAspect profileAllMethods | END of CustomInterceptor.preHandle
d0779719226604f7 d0779719226604f7 [2021-12-21 14:43:18,191], , [http-nio-7073-exec-1], doctor-registration-service, INFO  DoctorLoggingAspect profileAllMethods | Execution time of CustomInterceptor.preHandle :: 11 ms
d0779719226604f7 d0779719226604f7 [2021-12-21 14:43:18,294], 0:0:0:0:0:0:0:1, [http-nio-7073-exec-1], doctor-registration-service, INFO  DoctorLoggingAspect profileAllMethods | Start of RegistrationController.saveDoctorRegistrationDetails
d0779719226604f7 d0779719226604f7 [2021-12-21 14:43:18,306], 0:0:0:0:0:0:0:1, [http-nio-7073-exec-1], doctor-registration-service, INFO  RegistrationController saveDoctorRegistrationDetails | Request Receive for doctor registartion,Inside save doctor details method
d0779719226604f7 d0779719226604f7 [2021-12-21 14:43:24,427], 0:0:0:0:0:0:0:1, [http-nio-7073-exec-1], doctor-registration-service, INFO  DoctorLoggingAspect profileAllMethods | Start of RegistrationServiceImpl.saveDoctorRegistrationDetails
d0779719226604f7 d0779719226604f7 [2021-12-21 14:43:27,441], 0:0:0:0:0:0:0:1, [http-nio-7073-exec-1], doctor-registration-service, INFO  RegistrationServiceImpl verifyCaptcha | Captcha Varification Api called
d0779719226604f7 d0779719226604f7 [2021-12-21 14:43:28,503], 0:0:0:0:0:0:0:1, [http-nio-7073-exec-1], doctor-registration-service, INFO  RegistrationServiceImpl verifyCaptcha | Captcha Api status : 
d0779719226604f7 d0779719226604f7 [2021-12-21 14:43:28,540], 0:0:0:0:0:0:0:1, [http-nio-7073-exec-1], doctor-registration-service, INFO  DoctorLoggingAspect profileAllMethods | Start of CommonValidationUtil.validateMobileNo
d0779719226604f7 d0779719226604f7 [2021-12-21 14:43:29,966], 0:0:0:0:0:0:0:1, [http-nio-7073-exec-1], doctor-registration-service, INFO  DoctorLoggingAspect profileAllMethods | END of CommonValidationUtil.validateMobileNo
d0779719226604f7 d0779719226604f7 [2021-12-21 14:43:29,984], 0:0:0:0:0:0:0:1, [http-nio-7073-exec-1], doctor-registration-service, INFO  DoctorLoggingAspect profileAllMethods | Execution time of CommonValidationUtil.validateMobileNo :: 1445 ms
d0779719226604f7 d0779719226604f7 [2021-12-21 14:43:30,004], 0:0:0:0:0:0:0:1, [http-nio-7073-exec-1], doctor-registration-service, INFO  DoctorLoggingAspect profileAllMethods | Start of CommonValidationUtil.validateEmail
d0779719226604f7 d0779719226604f7 [2021-12-21 14:43:30,028], 0:0:0:0:0:0:0:1, [http-nio-7073-exec-1], doctor-registration-service, INFO  DoctorLoggingAspect profileAllMethods | END of CommonValidationUtil.validateEmail
d0779719226604f7 d0779719226604f7 [2021-12-21 14:43:30,049], 0:0:0:0:0:0:0:1, [http-nio-7073-exec-1], doctor-registration-service, INFO  DoctorLoggingAspect profileAllMethods | Execution time of CommonValidationUtil.validateEmail :: 45 ms
d0779719226604f7 d0779719226604f7 [2021-12-21 14:43:37,687], 0:0:0:0:0:0:0:1, [http-nio-7073-exec-1], doctor-registration-service, INFO  DoctorLoggingAspect profileAllMethods | Start of CommonValidationUtil.validatePassword
83bf50cf9fde4b39 83bf50cf9fde4b39 [2021-12-21 14:43:57,397], , [http-nio-7073-exec-4], doctor-registration-service, INFO  DoctorLoggingAspect profileAllMethods | Start of CustomInterceptor.preHandle
83bf50cf9fde4b39 83bf50cf9fde4b39 [2021-12-21 14:43:57,398], , [http-nio-7073-exec-4], doctor-registration-service, INFO  DoctorLoggingAspect profileAllMethods | END of CustomInterceptor.preHandle
83bf50cf9fde4b39 83bf50cf9fde4b39 [2021-12-21 14:43:57,399], , [http-nio-7073-exec-4], doctor-registration-service, INFO  DoctorLoggingAspect profileAllMethods | Execution time of CustomInterceptor.preHandle :: 2 ms
83bf50cf9fde4b39 83bf50cf9fde4b39 [2021-12-21 14:43:57,408], 0:0:0:0:0:0:0:1, [http-nio-7073-exec-4], doctor-registration-service, INFO  DoctorLoggingAspect profileAllMethods | Start of RegistrationController.saveDoctorRegistrationDetails
83bf50cf9fde4b39 83bf50cf9fde4b39 [2021-12-21 14:43:57,408], 0:0:0:0:0:0:0:1, [http-nio-7073-exec-4], doctor-registration-service, INFO  RegistrationController saveDoctorRegistrationDetails | Request Receive for doctor registartion,Inside save doctor details method
d0779719226604f7 d0779719226604f7 [2021-12-21 14:44:01,075], 0:0:0:0:0:0:0:1, [http-nio-7073-exec-1], doctor-registration-service, INFO  DoctorLoggingAspect profileAllMethods | END of CommonValidationUtil.validatePassword
d0779719226604f7 d0779719226604f7 [2021-12-21 14:44:01,083], 0:0:0:0:0:0:0:1, [http-nio-7073-exec-1], doctor-registration-service, INFO  DoctorLoggingAspect profileAllMethods | Execution time of CommonValidationUtil.validatePassword :: 23397 ms
83bf50cf9fde4b39 83bf50cf9fde4b39 [2021-12-21 14:44:02,365], 0:0:0:0:0:0:0:1, [http-nio-7073-exec-4], doctor-registration-service, INFO  DoctorLoggingAspect profileAllMethods | Start of RegistrationServiceImpl.saveDoctorRegistrationDetails
83bf50cf9fde4b39 83bf50cf9fde4b39 [2021-12-21 14:44:02,366], 0:0:0:0:0:0:0:1, [http-nio-7073-exec-4], doctor-registration-service, INFO  RegistrationServiceImpl verifyCaptcha | Captcha Varification Api called
83bf50cf9fde4b39 83bf50cf9fde4b39 [2021-12-21 14:44:02,777], 0:0:0:0:0:0:0:1, [http-nio-7073-exec-4], doctor-registration-service, INFO  RegistrationServiceImpl verifyCaptcha | Captcha Api status : 
83bf50cf9fde4b39 83bf50cf9fde4b39 [2021-12-21 14:44:02,780], 0:0:0:0:0:0:0:1, [http-nio-7073-exec-4], doctor-registration-service, INFO  DoctorLoggingAspect profileAllMethods | Start of CommonValidationUtil.validateMobileNo
83bf50cf9fde4b39 83bf50cf9fde4b39 [2021-12-21 14:44:02,782], 0:0:0:0:0:0:0:1, [http-nio-7073-exec-4], doctor-registration-service, INFO  DoctorLoggingAspect profileAllMethods | END of CommonValidationUtil.validateMobileNo
83bf50cf9fde4b39 83bf50cf9fde4b39 [2021-12-21 14:44:02,785], 0:0:0:0:0:0:0:1, [http-nio-7073-exec-4], doctor-registration-service, INFO  DoctorLoggingAspect profileAllMethods | Execution time of CommonValidationUtil.validateMobileNo :: 5 ms
83bf50cf9fde4b39 83bf50cf9fde4b39 [2021-12-21 14:44:02,788], 0:0:0:0:0:0:0:1, [http-nio-7073-exec-4], doctor-registration-service, INFO  DoctorLoggingAspect profileAllMethods | Start of CommonValidationUtil.validateEmail
83bf50cf9fde4b39 83bf50cf9fde4b39 [2021-12-21 14:44:02,793], 0:0:0:0:0:0:0:1, [http-nio-7073-exec-4], doctor-registration-service, INFO  DoctorLoggingAspect profileAllMethods | END of CommonValidationUtil.validateEmail
83bf50cf9fde4b39 83bf50cf9fde4b39 [2021-12-21 14:44:02,795], 0:0:0:0:0:0:0:1, [http-nio-7073-exec-4], doctor-registration-service, INFO  DoctorLoggingAspect profileAllMethods | Execution time of CommonValidationUtil.validateEmail :: 7 ms
d0779719226604f7 d0779719226604f7 [2021-12-21 14:44:03,360], 0:0:0:0:0:0:0:1, [http-nio-7073-exec-1], doctor-registration-service, INFO  DoctorLoggingAspect profileAllMethods | Start of CommonValidationUtil.validateFullName
d0779719226604f7 d0779719226604f7 [2021-12-21 14:44:03,370], 0:0:0:0:0:0:0:1, [http-nio-7073-exec-1], doctor-registration-service, INFO  DoctorLoggingAspect profileAllMethods | END of CommonValidationUtil.validateFullName
d0779719226604f7 d0779719226604f7 [2021-12-21 14:44:03,376], 0:0:0:0:0:0:0:1, [http-nio-7073-exec-1], doctor-registration-service, INFO  DoctorLoggingAspect profileAllMethods | Execution time of CommonValidationUtil.validateFullName :: 16 ms
d0779719226604f7 d0779719226604f7 [2021-12-21 14:44:03,390], 0:0:0:0:0:0:0:1, [http-nio-7073-exec-1], doctor-registration-service, INFO  DoctorLoggingAspect profileAllMethods | Start of CommonValidationUtil.validateUserID
d0779719226604f7 d0779719226604f7 [2021-12-21 14:44:03,396], 0:0:0:0:0:0:0:1, [http-nio-7073-exec-1], doctor-registration-service, INFO  DoctorLoggingAspect profileAllMethods | END of CommonValidationUtil.validateUserID
d0779719226604f7 d0779719226604f7 [2021-12-21 14:44:03,402], 0:0:0:0:0:0:0:1, [http-nio-7073-exec-1], doctor-registration-service, INFO  DoctorLoggingAspect profileAllMethods | Execution time of CommonValidationUtil.validateUserID :: 12 ms
d0779719226604f7 d0779719226604f7 [2021-12-21 14:44:03,424], 0:0:0:0:0:0:0:1, [http-nio-7073-exec-1], doctor-registration-service, INFO  DoctorLoggingAspect profileAllMethods | Start of RegistrationRepo.findByDocUserID
d0779719226604f7 d0779719226604f7 [2021-12-21 14:44:04,485], 0:0:0:0:0:0:0:1, [http-nio-7073-exec-1], doctor-registration-service, INFO  DoctorLoggingAspect profileAllMethods | END of RegistrationRepo.findByDocUserID
d0779719226604f7 d0779719226604f7 [2021-12-21 14:44:04,488], 0:0:0:0:0:0:0:1, [http-nio-7073-exec-1], doctor-registration-service, INFO  DoctorLoggingAspect profileAllMethods | Execution time of RegistrationRepo.findByDocUserID :: 1064 ms
d0779719226604f7 d0779719226604f7 [2021-12-21 14:44:04,502], 0:0:0:0:0:0:0:1, [http-nio-7073-exec-1], doctor-registration-service, INFO  DoctorLoggingAspect profileAllMethods | END of RegistrationServiceImpl.saveDoctorRegistrationDetails
d0779719226604f7 d0779719226604f7 [2021-12-21 14:44:04,506], 0:0:0:0:0:0:0:1, [http-nio-7073-exec-1], doctor-registration-service, INFO  DoctorLoggingAspect profileAllMethods | Execution time of RegistrationServiceImpl.saveDoctorRegistrationDetails :: 40080 ms
d0779719226604f7 d0779719226604f7 [2021-12-21 14:44:04,926], 0:0:0:0:0:0:0:1, [http-nio-7073-exec-1], doctor-registration-service, INFO  DoctorLoggingAspect profileAllMethods | END of RegistrationController.saveDoctorRegistrationDetails
d0779719226604f7 d0779719226604f7 [2021-12-21 14:44:04,928], 0:0:0:0:0:0:0:1, [http-nio-7073-exec-1], doctor-registration-service, INFO  DoctorLoggingAspect profileAllMethods | Execution time of RegistrationController.saveDoctorRegistrationDetails :: 46634 ms
d0779719226604f7 d0779719226604f7 [2021-12-21 14:44:05,044], 0:0:0:0:0:0:0:1, [http-nio-7073-exec-1], doctor-registration-service, INFO  DoctorLoggingAspect profileAllMethods | Start of CustomInterceptor.postHandle
d0779719226604f7 d0779719226604f7 [2021-12-21 14:44:05,045], 0:0:0:0:0:0:0:1, [http-nio-7073-exec-1], doctor-registration-service, INFO  DoctorLoggingAspect profileAllMethods | END of CustomInterceptor.postHandle
d0779719226604f7 d0779719226604f7 [2021-12-21 14:44:05,047], 0:0:0:0:0:0:0:1, [http-nio-7073-exec-1], doctor-registration-service, INFO  DoctorLoggingAspect profileAllMethods | Execution time of CustomInterceptor.postHandle :: 3 ms
d0779719226604f7 d0779719226604f7 [2021-12-21 14:44:05,049], 0:0:0:0:0:0:0:1, [http-nio-7073-exec-1], doctor-registration-service, INFO  DoctorLoggingAspect profileAllMethods | Start of CustomInterceptor.afterCompletion
d0779719226604f7 d0779719226604f7 [2021-12-21 14:44:05,057], 0:0:0:0:0:0:0:1, [http-nio-7073-exec-1], doctor-registration-service, INFO  DoctorLoggingAspect profileAllMethods | END of CustomInterceptor.afterCompletion
d0779719226604f7 d0779719226604f7 [2021-12-21 14:44:05,058], 0:0:0:0:0:0:0:1, [http-nio-7073-exec-1], doctor-registration-service, INFO  DoctorLoggingAspect profileAllMethods | Execution time of CustomInterceptor.afterCompletion :: 9 ms
83bf50cf9fde4b39 83bf50cf9fde4b39 [2021-12-21 14:44:09,159], 0:0:0:0:0:0:0:1, [http-nio-7073-exec-4], doctor-registration-service, INFO  DoctorLoggingAspect profileAllMethods | Start of CommonValidationUtil.validatePassword
211e0d57baf5e334 211e0d57baf5e334 [2021-12-21 14:44:28,640], , [http-nio-7073-exec-6], doctor-registration-service, INFO  DoctorLoggingAspect profileAllMethods | Start of CustomInterceptor.preHandle
211e0d57baf5e334 211e0d57baf5e334 [2021-12-21 14:44:28,642], , [http-nio-7073-exec-6], doctor-registration-service, INFO  DoctorLoggingAspect profileAllMethods | END of CustomInterceptor.preHandle
211e0d57baf5e334 211e0d57baf5e334 [2021-12-21 14:44:28,644], , [http-nio-7073-exec-6], doctor-registration-service, INFO  DoctorLoggingAspect profileAllMethods | Execution time of CustomInterceptor.preHandle :: 3 ms
211e0d57baf5e334 211e0d57baf5e334 [2021-12-21 14:44:28,662], 0:0:0:0:0:0:0:1, [http-nio-7073-exec-6], doctor-registration-service, INFO  DoctorLoggingAspect profileAllMethods | Start of RegistrationController.saveDoctorRegistrationDetails
211e0d57baf5e334 211e0d57baf5e334 [2021-12-21 14:44:28,664], 0:0:0:0:0:0:0:1, [http-nio-7073-exec-6], doctor-registration-service, INFO  RegistrationController saveDoctorRegistrationDetails | Request Receive for doctor registartion,Inside save doctor details method
83bf50cf9fde4b39 83bf50cf9fde4b39 [2021-12-21 14:44:31,448], 0:0:0:0:0:0:0:1, [http-nio-7073-exec-4], doctor-registration-service, INFO  DoctorLoggingAspect profileAllMethods | END of CommonValidationUtil.validatePassword
83bf50cf9fde4b39 83bf50cf9fde4b39 [2021-12-21 14:44:31,450], 0:0:0:0:0:0:0:1, [http-nio-7073-exec-4], doctor-registration-service, INFO  DoctorLoggingAspect profileAllMethods | Execution time of CommonValidationUtil.validatePassword :: 22291 ms
83bf50cf9fde4b39 83bf50cf9fde4b39 [2021-12-21 14:44:31,454], 0:0:0:0:0:0:0:1, [http-nio-7073-exec-4], doctor-registration-service, INFO  DoctorLoggingAspect profileAllMethods | END of RegistrationServiceImpl.saveDoctorRegistrationDetails
83bf50cf9fde4b39 83bf50cf9fde4b39 [2021-12-21 14:44:31,457], 0:0:0:0:0:0:0:1, [http-nio-7073-exec-4], doctor-registration-service, INFO  DoctorLoggingAspect profileAllMethods | Execution time of RegistrationServiceImpl.saveDoctorRegistrationDetails :: 29092 ms
83bf50cf9fde4b39 83bf50cf9fde4b39 [2021-12-21 14:44:31,460], 0:0:0:0:0:0:0:1, [http-nio-7073-exec-4], doctor-registration-service, INFO  DoctorLoggingAspect profileAllMethods | END of RegistrationController.saveDoctorRegistrationDetails
83bf50cf9fde4b39 83bf50cf9fde4b39 [2021-12-21 14:44:31,461], 0:0:0:0:0:0:0:1, [http-nio-7073-exec-4], doctor-registration-service, INFO  DoctorLoggingAspect profileAllMethods | Execution time of RegistrationController.saveDoctorRegistrationDetails :: 34053 ms
83bf50cf9fde4b39 83bf50cf9fde4b39 [2021-12-21 14:44:31,466], 0:0:0:0:0:0:0:1, [http-nio-7073-exec-4], doctor-registration-service, INFO  DoctorLoggingAspect profileAllMethods | Start of CustomInterceptor.postHandle
83bf50cf9fde4b39 83bf50cf9fde4b39 [2021-12-21 14:44:31,467], 0:0:0:0:0:0:0:1, [http-nio-7073-exec-4], doctor-registration-service, INFO  DoctorLoggingAspect profileAllMethods | END of CustomInterceptor.postHandle
83bf50cf9fde4b39 83bf50cf9fde4b39 [2021-12-21 14:44:31,468], 0:0:0:0:0:0:0:1, [http-nio-7073-exec-4], doctor-registration-service, INFO  DoctorLoggingAspect profileAllMethods | Execution time of CustomInterceptor.postHandle :: 2 ms
83bf50cf9fde4b39 83bf50cf9fde4b39 [2021-12-21 14:44:31,469], 0:0:0:0:0:0:0:1, [http-nio-7073-exec-4], doctor-registration-service, INFO  DoctorLoggingAspect profileAllMethods | Start of CustomInterceptor.afterCompletion
83bf50cf9fde4b39 83bf50cf9fde4b39 [2021-12-21 14:44:31,471], 0:0:0:0:0:0:0:1, [http-nio-7073-exec-4], doctor-registration-service, INFO  DoctorLoggingAspect profileAllMethods | END of CustomInterceptor.afterCompletion
83bf50cf9fde4b39 83bf50cf9fde4b39 [2021-12-21 14:44:31,472], 0:0:0:0:0:0:0:1, [http-nio-7073-exec-4], doctor-registration-service, INFO  DoctorLoggingAspect profileAllMethods | Execution time of CustomInterceptor.afterCompletion :: 3 ms
211e0d57baf5e334 211e0d57baf5e334 [2021-12-21 14:44:32,881], 0:0:0:0:0:0:0:1, [http-nio-7073-exec-6], doctor-registration-service, INFO  DoctorLoggingAspect profileAllMethods | Start of RegistrationServiceImpl.saveDoctorRegistrationDetails
211e0d57baf5e334 211e0d57baf5e334 [2021-12-21 14:44:32,885], 0:0:0:0:0:0:0:1, [http-nio-7073-exec-6], doctor-registration-service, INFO  RegistrationServiceImpl verifyCaptcha | Captcha Varification Api called
211e0d57baf5e334 211e0d57baf5e334 [2021-12-21 14:44:33,193], 0:0:0:0:0:0:0:1, [http-nio-7073-exec-6], doctor-registration-service, INFO  RegistrationServiceImpl verifyCaptcha | Captcha Api status : 
211e0d57baf5e334 211e0d57baf5e334 [2021-12-21 14:44:33,196], 0:0:0:0:0:0:0:1, [http-nio-7073-exec-6], doctor-registration-service, INFO  DoctorLoggingAspect profileAllMethods | Start of CommonValidationUtil.validateMobileNo
211e0d57baf5e334 211e0d57baf5e334 [2021-12-21 14:44:33,200], 0:0:0:0:0:0:0:1, [http-nio-7073-exec-6], doctor-registration-service, INFO  DoctorLoggingAspect profileAllMethods | END of CommonValidationUtil.validateMobileNo
211e0d57baf5e334 211e0d57baf5e334 [2021-12-21 14:44:33,202], 0:0:0:0:0:0:0:1, [http-nio-7073-exec-6], doctor-registration-service, INFO  DoctorLoggingAspect profileAllMethods | Execution time of CommonValidationUtil.validateMobileNo :: 6 ms
211e0d57baf5e334 211e0d57baf5e334 [2021-12-21 14:44:33,205], 0:0:0:0:0:0:0:1, [http-nio-7073-exec-6], doctor-registration-service, INFO  DoctorLoggingAspect profileAllMethods | Start of CommonValidationUtil.validateEmail
211e0d57baf5e334 211e0d57baf5e334 [2021-12-21 14:44:33,208], 0:0:0:0:0:0:0:1, [http-nio-7073-exec-6], doctor-registration-service, INFO  DoctorLoggingAspect profileAllMethods | END of CommonValidationUtil.validateEmail
211e0d57baf5e334 211e0d57baf5e334 [2021-12-21 14:44:33,211], 0:0:0:0:0:0:0:1, [http-nio-7073-exec-6], doctor-registration-service, INFO  DoctorLoggingAspect profileAllMethods | Execution time of CommonValidationUtil.validateEmail :: 6 ms
211e0d57baf5e334 211e0d57baf5e334 [2021-12-21 14:44:34,477], 0:0:0:0:0:0:0:1, [http-nio-7073-exec-6], doctor-registration-service, INFO  DoctorLoggingAspect profileAllMethods | Start of CommonValidationUtil.validatePassword
211e0d57baf5e334 211e0d57baf5e334 [2021-12-21 14:44:52,062], 0:0:0:0:0:0:0:1, [http-nio-7073-exec-6], doctor-registration-service, INFO  DoctorLoggingAspect profileAllMethods | END of CommonValidationUtil.validatePassword
211e0d57baf5e334 211e0d57baf5e334 [2021-12-21 14:44:52,064], 0:0:0:0:0:0:0:1, [http-nio-7073-exec-6], doctor-registration-service, INFO  DoctorLoggingAspect profileAllMethods | Execution time of CommonValidationUtil.validatePassword :: 17587 ms
211e0d57baf5e334 211e0d57baf5e334 [2021-12-21 14:44:52,066], 0:0:0:0:0:0:0:1, [http-nio-7073-exec-6], doctor-registration-service, INFO  DoctorLoggingAspect profileAllMethods | END of RegistrationServiceImpl.saveDoctorRegistrationDetails
211e0d57baf5e334 211e0d57baf5e334 [2021-12-21 14:44:52,069], 0:0:0:0:0:0:0:1, [http-nio-7073-exec-6], doctor-registration-service, INFO  DoctorLoggingAspect profileAllMethods | Execution time of RegistrationServiceImpl.saveDoctorRegistrationDetails :: 19188 ms
211e0d57baf5e334 211e0d57baf5e334 [2021-12-21 14:44:52,070], 0:0:0:0:0:0:0:1, [http-nio-7073-exec-6], doctor-registration-service, INFO  DoctorLoggingAspect profileAllMethods | END of RegistrationController.saveDoctorRegistrationDetails
211e0d57baf5e334 211e0d57baf5e334 [2021-12-21 14:44:52,072], 0:0:0:0:0:0:0:1, [http-nio-7073-exec-6], doctor-registration-service, INFO  DoctorLoggingAspect profileAllMethods | Execution time of RegistrationController.saveDoctorRegistrationDetails :: 23410 ms
211e0d57baf5e334 211e0d57baf5e334 [2021-12-21 14:44:52,078], 0:0:0:0:0:0:0:1, [http-nio-7073-exec-6], doctor-registration-service, INFO  DoctorLoggingAspect profileAllMethods | Start of CustomInterceptor.postHandle
211e0d57baf5e334 211e0d57baf5e334 [2021-12-21 14:44:52,081], 0:0:0:0:0:0:0:1, [http-nio-7073-exec-6], doctor-registration-service, INFO  DoctorLoggingAspect profileAllMethods | END of CustomInterceptor.postHandle
211e0d57baf5e334 211e0d57baf5e334 [2021-12-21 14:44:52,083], 0:0:0:0:0:0:0:1, [http-nio-7073-exec-6], doctor-registration-service, INFO  DoctorLoggingAspect profileAllMethods | Execution time of CustomInterceptor.postHandle :: 5 ms
211e0d57baf5e334 211e0d57baf5e334 [2021-12-21 14:44:52,086], 0:0:0:0:0:0:0:1, [http-nio-7073-exec-6], doctor-registration-service, INFO  DoctorLoggingAspect profileAllMethods | Start of CustomInterceptor.afterCompletion
211e0d57baf5e334 211e0d57baf5e334 [2021-12-21 14:44:52,087], 0:0:0:0:0:0:0:1, [http-nio-7073-exec-6], doctor-registration-service, INFO  DoctorLoggingAspect profileAllMethods | END of CustomInterceptor.afterCompletion
211e0d57baf5e334 211e0d57baf5e334 [2021-12-21 14:44:52,088], 0:0:0:0:0:0:0:1, [http-nio-7073-exec-6], doctor-registration-service, INFO  DoctorLoggingAspect profileAllMethods | Execution time of CustomInterceptor.afterCompletion :: 2 ms
9c6b3e2b2e6fd153 9c6b3e2b2e6fd153 [2021-12-21 14:45:08,334], , [http-nio-7073-exec-7], doctor-registration-service, INFO  DoctorLoggingAspect profileAllMethods | Start of CustomInterceptor.preHandle
9c6b3e2b2e6fd153 9c6b3e2b2e6fd153 [2021-12-21 14:45:08,335], , [http-nio-7073-exec-7], doctor-registration-service, INFO  DoctorLoggingAspect profileAllMethods | END of CustomInterceptor.preHandle
9c6b3e2b2e6fd153 9c6b3e2b2e6fd153 [2021-12-21 14:45:08,336], , [http-nio-7073-exec-7], doctor-registration-service, INFO  DoctorLoggingAspect profileAllMethods | Execution time of CustomInterceptor.preHandle :: 2 ms
9c6b3e2b2e6fd153 9c6b3e2b2e6fd153 [2021-12-21 14:45:08,349], 0:0:0:0:0:0:0:1, [http-nio-7073-exec-7], doctor-registration-service, INFO  DoctorLoggingAspect profileAllMethods | Start of RegistrationController.saveDoctorRegistrationDetails
9c6b3e2b2e6fd153 9c6b3e2b2e6fd153 [2021-12-21 14:45:08,350], 0:0:0:0:0:0:0:1, [http-nio-7073-exec-7], doctor-registration-service, INFO  RegistrationController saveDoctorRegistrationDetails | Request Receive for doctor registartion,Inside save doctor details method
9c6b3e2b2e6fd153 9c6b3e2b2e6fd153 [2021-12-21 14:45:11,588], 0:0:0:0:0:0:0:1, [http-nio-7073-exec-7], doctor-registration-service, INFO  DoctorLoggingAspect profileAllMethods | Start of RegistrationServiceImpl.saveDoctorRegistrationDetails
9c6b3e2b2e6fd153 9c6b3e2b2e6fd153 [2021-12-21 14:45:11,589], 0:0:0:0:0:0:0:1, [http-nio-7073-exec-7], doctor-registration-service, INFO  RegistrationServiceImpl verifyCaptcha | Captcha Varification Api called
9c6b3e2b2e6fd153 9c6b3e2b2e6fd153 [2021-12-21 14:45:11,896], 0:0:0:0:0:0:0:1, [http-nio-7073-exec-7], doctor-registration-service, INFO  RegistrationServiceImpl verifyCaptcha | Captcha Api status : 
9c6b3e2b2e6fd153 9c6b3e2b2e6fd153 [2021-12-21 14:45:11,897], 0:0:0:0:0:0:0:1, [http-nio-7073-exec-7], doctor-registration-service, INFO  DoctorLoggingAspect profileAllMethods | Start of CommonValidationUtil.validateMobileNo
9c6b3e2b2e6fd153 9c6b3e2b2e6fd153 [2021-12-21 14:45:11,898], 0:0:0:0:0:0:0:1, [http-nio-7073-exec-7], doctor-registration-service, INFO  DoctorLoggingAspect profileAllMethods | END of CommonValidationUtil.validateMobileNo
9c6b3e2b2e6fd153 9c6b3e2b2e6fd153 [2021-12-21 14:45:11,900], 0:0:0:0:0:0:0:1, [http-nio-7073-exec-7], doctor-registration-service, INFO  DoctorLoggingAspect profileAllMethods | Execution time of CommonValidationUtil.validateMobileNo :: 3 ms
9c6b3e2b2e6fd153 9c6b3e2b2e6fd153 [2021-12-21 14:45:11,901], 0:0:0:0:0:0:0:1, [http-nio-7073-exec-7], doctor-registration-service, INFO  DoctorLoggingAspect profileAllMethods | Start of CommonValidationUtil.validateEmail
9c6b3e2b2e6fd153 9c6b3e2b2e6fd153 [2021-12-21 14:45:11,902], 0:0:0:0:0:0:0:1, [http-nio-7073-exec-7], doctor-registration-service, INFO  DoctorLoggingAspect profileAllMethods | END of CommonValidationUtil.validateEmail
9c6b3e2b2e6fd153 9c6b3e2b2e6fd153 [2021-12-21 14:45:11,903], 0:0:0:0:0:0:0:1, [http-nio-7073-exec-7], doctor-registration-service, INFO  DoctorLoggingAspect profileAllMethods | Execution time of CommonValidationUtil.validateEmail :: 2 ms
9c6b3e2b2e6fd153 9c6b3e2b2e6fd153 [2021-12-21 14:45:11,904], 0:0:0:0:0:0:0:1, [http-nio-7073-exec-7], doctor-registration-service, INFO  DoctorLoggingAspect profileAllMethods | Start of CommonValidationUtil.validatePassword
9c6b3e2b2e6fd153 9c6b3e2b2e6fd153 [2021-12-21 14:45:11,906], 0:0:0:0:0:0:0:1, [http-nio-7073-exec-7], doctor-registration-service, INFO  DoctorLoggingAspect profileAllMethods | END of CommonValidationUtil.validatePassword
9c6b3e2b2e6fd153 9c6b3e2b2e6fd153 [2021-12-21 14:45:11,907], 0:0:0:0:0:0:0:1, [http-nio-7073-exec-7], doctor-registration-service, INFO  DoctorLoggingAspect profileAllMethods | Execution time of CommonValidationUtil.validatePassword :: 3 ms
9c6b3e2b2e6fd153 9c6b3e2b2e6fd153 [2021-12-21 14:45:11,908], 0:0:0:0:0:0:0:1, [http-nio-7073-exec-7], doctor-registration-service, INFO  DoctorLoggingAspect profileAllMethods | END of RegistrationServiceImpl.saveDoctorRegistrationDetails
9c6b3e2b2e6fd153 9c6b3e2b2e6fd153 [2021-12-21 14:45:11,909], 0:0:0:0:0:0:0:1, [http-nio-7073-exec-7], doctor-registration-service, INFO  DoctorLoggingAspect profileAllMethods | Execution time of RegistrationServiceImpl.saveDoctorRegistrationDetails :: 321 ms
9c6b3e2b2e6fd153 9c6b3e2b2e6fd153 [2021-12-21 14:45:11,910], 0:0:0:0:0:0:0:1, [http-nio-7073-exec-7], doctor-registration-service, INFO  DoctorLoggingAspect profileAllMethods | END of RegistrationController.saveDoctorRegistrationDetails
9c6b3e2b2e6fd153 9c6b3e2b2e6fd153 [2021-12-21 14:45:11,912], 0:0:0:0:0:0:0:1, [http-nio-7073-exec-7], doctor-registration-service, INFO  DoctorLoggingAspect profileAllMethods | Execution time of RegistrationController.saveDoctorRegistrationDetails :: 3562 ms
9c6b3e2b2e6fd153 9c6b3e2b2e6fd153 [2021-12-21 14:45:11,916], 0:0:0:0:0:0:0:1, [http-nio-7073-exec-7], doctor-registration-service, INFO  DoctorLoggingAspect profileAllMethods | Start of CustomInterceptor.postHandle
9c6b3e2b2e6fd153 9c6b3e2b2e6fd153 [2021-12-21 14:45:11,917], 0:0:0:0:0:0:0:1, [http-nio-7073-exec-7], doctor-registration-service, INFO  DoctorLoggingAspect profileAllMethods | END of CustomInterceptor.postHandle
9c6b3e2b2e6fd153 9c6b3e2b2e6fd153 [2021-12-21 14:45:11,918], 0:0:0:0:0:0:0:1, [http-nio-7073-exec-7], doctor-registration-service, INFO  DoctorLoggingAspect profileAllMethods | Execution time of CustomInterceptor.postHandle :: 3 ms
9c6b3e2b2e6fd153 9c6b3e2b2e6fd153 [2021-12-21 14:45:11,920], 0:0:0:0:0:0:0:1, [http-nio-7073-exec-7], doctor-registration-service, INFO  DoctorLoggingAspect profileAllMethods | Start of CustomInterceptor.afterCompletion
9c6b3e2b2e6fd153 9c6b3e2b2e6fd153 [2021-12-21 14:45:11,922], 0:0:0:0:0:0:0:1, [http-nio-7073-exec-7], doctor-registration-service, INFO  DoctorLoggingAspect profileAllMethods | END of CustomInterceptor.afterCompletion
9c6b3e2b2e6fd153 9c6b3e2b2e6fd153 [2021-12-21 14:45:11,923], 0:0:0:0:0:0:0:1, [http-nio-7073-exec-7], doctor-registration-service, INFO  DoctorLoggingAspect profileAllMethods | Execution time of CustomInterceptor.afterCompletion :: 3 ms
7c5c147258553ee1 7c5c147258553ee1 [2021-12-21 14:45:19,748], , [http-nio-7073-exec-8], doctor-registration-service, INFO  DoctorLoggingAspect profileAllMethods | Start of CustomInterceptor.preHandle
7c5c147258553ee1 7c5c147258553ee1 [2021-12-21 14:45:19,749], , [http-nio-7073-exec-8], doctor-registration-service, INFO  DoctorLoggingAspect profileAllMethods | END of CustomInterceptor.preHandle
7c5c147258553ee1 7c5c147258553ee1 [2021-12-21 14:45:19,750], , [http-nio-7073-exec-8], doctor-registration-service, INFO  DoctorLoggingAspect profileAllMethods | Execution time of CustomInterceptor.preHandle :: 2 ms
7c5c147258553ee1 7c5c147258553ee1 [2021-12-21 14:45:19,763], 0:0:0:0:0:0:0:1, [http-nio-7073-exec-8], doctor-registration-service, INFO  DoctorLoggingAspect profileAllMethods | Start of RegistrationController.saveDoctorRegistrationDetails
7c5c147258553ee1 7c5c147258553ee1 [2021-12-21 14:45:19,764], 0:0:0:0:0:0:0:1, [http-nio-7073-exec-8], doctor-registration-service, INFO  RegistrationController saveDoctorRegistrationDetails | Request Receive for doctor registartion,Inside save doctor details method
7c5c147258553ee1 7c5c147258553ee1 [2021-12-21 14:45:19,899], 0:0:0:0:0:0:0:1, [http-nio-7073-exec-8], doctor-registration-service, INFO  DoctorLoggingAspect profileAllMethods | Start of RegistrationServiceImpl.saveDoctorRegistrationDetails
7c5c147258553ee1 7c5c147258553ee1 [2021-12-21 14:45:19,899], 0:0:0:0:0:0:0:1, [http-nio-7073-exec-8], doctor-registration-service, INFO  RegistrationServiceImpl verifyCaptcha | Captcha Varification Api called
7c5c147258553ee1 7c5c147258553ee1 [2021-12-21 14:45:21,098], 0:0:0:0:0:0:0:1, [http-nio-7073-exec-8], doctor-registration-service, INFO  RegistrationServiceImpl verifyCaptcha | Captcha Api status : 
7c5c147258553ee1 7c5c147258553ee1 [2021-12-21 14:45:21,099], 0:0:0:0:0:0:0:1, [http-nio-7073-exec-8], doctor-registration-service, INFO  DoctorLoggingAspect profileAllMethods | Start of CommonValidationUtil.validateMobileNo
7c5c147258553ee1 7c5c147258553ee1 [2021-12-21 14:45:21,101], 0:0:0:0:0:0:0:1, [http-nio-7073-exec-8], doctor-registration-service, INFO  DoctorLoggingAspect profileAllMethods | END of CommonValidationUtil.validateMobileNo
7c5c147258553ee1 7c5c147258553ee1 [2021-12-21 14:45:21,103], 0:0:0:0:0:0:0:1, [http-nio-7073-exec-8], doctor-registration-service, INFO  DoctorLoggingAspect profileAllMethods | Execution time of CommonValidationUtil.validateMobileNo :: 3 ms
7c5c147258553ee1 7c5c147258553ee1 [2021-12-21 14:45:21,104], 0:0:0:0:0:0:0:1, [http-nio-7073-exec-8], doctor-registration-service, INFO  DoctorLoggingAspect profileAllMethods | Start of CommonValidationUtil.validateEmail
7c5c147258553ee1 7c5c147258553ee1 [2021-12-21 14:45:21,107], 0:0:0:0:0:0:0:1, [http-nio-7073-exec-8], doctor-registration-service, INFO  DoctorLoggingAspect profileAllMethods | END of CommonValidationUtil.validateEmail
7c5c147258553ee1 7c5c147258553ee1 [2021-12-21 14:45:21,108], 0:0:0:0:0:0:0:1, [http-nio-7073-exec-8], doctor-registration-service, INFO  DoctorLoggingAspect profileAllMethods | Execution time of CommonValidationUtil.validateEmail :: 4 ms
7c5c147258553ee1 7c5c147258553ee1 [2021-12-21 14:45:21,110], 0:0:0:0:0:0:0:1, [http-nio-7073-exec-8], doctor-registration-service, INFO  DoctorLoggingAspect profileAllMethods | Start of CommonValidationUtil.validatePassword
7c5c147258553ee1 7c5c147258553ee1 [2021-12-21 14:45:21,112], 0:0:0:0:0:0:0:1, [http-nio-7073-exec-8], doctor-registration-service, INFO  DoctorLoggingAspect profileAllMethods | END of CommonValidationUtil.validatePassword
7c5c147258553ee1 7c5c147258553ee1 [2021-12-21 14:45:21,113], 0:0:0:0:0:0:0:1, [http-nio-7073-exec-8], doctor-registration-service, INFO  DoctorLoggingAspect profileAllMethods | Execution time of CommonValidationUtil.validatePassword :: 3 ms
7c5c147258553ee1 7c5c147258553ee1 [2021-12-21 14:45:21,116], 0:0:0:0:0:0:0:1, [http-nio-7073-exec-8], doctor-registration-service, INFO  DoctorLoggingAspect profileAllMethods | Start of CommonValidationUtil.validateFullName
7c5c147258553ee1 7c5c147258553ee1 [2021-12-21 14:45:21,117], 0:0:0:0:0:0:0:1, [http-nio-7073-exec-8], doctor-registration-service, INFO  DoctorLoggingAspect profileAllMethods | END of CommonValidationUtil.validateFullName
7c5c147258553ee1 7c5c147258553ee1 [2021-12-21 14:45:21,121], 0:0:0:0:0:0:0:1, [http-nio-7073-exec-8], doctor-registration-service, INFO  DoctorLoggingAspect profileAllMethods | Execution time of CommonValidationUtil.validateFullName :: 5 ms
7c5c147258553ee1 7c5c147258553ee1 [2021-12-21 14:45:21,123], 0:0:0:0:0:0:0:1, [http-nio-7073-exec-8], doctor-registration-service, INFO  DoctorLoggingAspect profileAllMethods | Start of CommonValidationUtil.validateUserID
7c5c147258553ee1 7c5c147258553ee1 [2021-12-21 14:45:21,125], 0:0:0:0:0:0:0:1, [http-nio-7073-exec-8], doctor-registration-service, INFO  DoctorLoggingAspect profileAllMethods | END of CommonValidationUtil.validateUserID
7c5c147258553ee1 7c5c147258553ee1 [2021-12-21 14:45:21,126], 0:0:0:0:0:0:0:1, [http-nio-7073-exec-8], doctor-registration-service, INFO  DoctorLoggingAspect profileAllMethods | Execution time of CommonValidationUtil.validateUserID :: 3 ms
7c5c147258553ee1 7c5c147258553ee1 [2021-12-21 14:45:21,127], 0:0:0:0:0:0:0:1, [http-nio-7073-exec-8], doctor-registration-service, INFO  DoctorLoggingAspect profileAllMethods | Start of RegistrationRepo.findByDocUserID
7c5c147258553ee1 7c5c147258553ee1 [2021-12-21 14:45:21,546], 0:0:0:0:0:0:0:1, [http-nio-7073-exec-8], doctor-registration-service, INFO  DoctorLoggingAspect profileAllMethods | END of RegistrationRepo.findByDocUserID
7c5c147258553ee1 7c5c147258553ee1 [2021-12-21 14:45:21,548], 0:0:0:0:0:0:0:1, [http-nio-7073-exec-8], doctor-registration-service, INFO  DoctorLoggingAspect profileAllMethods | Execution time of RegistrationRepo.findByDocUserID :: 421 ms
7c5c147258553ee1 7c5c147258553ee1 [2021-12-21 14:45:21,549], 0:0:0:0:0:0:0:1, [http-nio-7073-exec-8], doctor-registration-service, INFO  DoctorLoggingAspect profileAllMethods | END of RegistrationServiceImpl.saveDoctorRegistrationDetails
7c5c147258553ee1 7c5c147258553ee1 [2021-12-21 14:45:21,552], 0:0:0:0:0:0:0:1, [http-nio-7073-exec-8], doctor-registration-service, INFO  DoctorLoggingAspect profileAllMethods | Execution time of RegistrationServiceImpl.saveDoctorRegistrationDetails :: 1653 ms
7c5c147258553ee1 7c5c147258553ee1 [2021-12-21 14:45:21,986], 0:0:0:0:0:0:0:1, [http-nio-7073-exec-8], doctor-registration-service, INFO  DoctorLoggingAspect profileAllMethods | END of RegistrationController.saveDoctorRegistrationDetails
7c5c147258553ee1 7c5c147258553ee1 [2021-12-21 14:45:21,990], 0:0:0:0:0:0:0:1, [http-nio-7073-exec-8], doctor-registration-service, INFO  DoctorLoggingAspect profileAllMethods | Execution time of RegistrationController.saveDoctorRegistrationDetails :: 2227 ms
7c5c147258553ee1 7c5c147258553ee1 [2021-12-21 14:45:21,997], 0:0:0:0:0:0:0:1, [http-nio-7073-exec-8], doctor-registration-service, INFO  DoctorLoggingAspect profileAllMethods | Start of CustomInterceptor.postHandle
7c5c147258553ee1 7c5c147258553ee1 [2021-12-21 14:45:22,000], 0:0:0:0:0:0:0:1, [http-nio-7073-exec-8], doctor-registration-service, INFO  DoctorLoggingAspect profileAllMethods | END of CustomInterceptor.postHandle
7c5c147258553ee1 7c5c147258553ee1 [2021-12-21 14:45:22,002], 0:0:0:0:0:0:0:1, [http-nio-7073-exec-8], doctor-registration-service, INFO  DoctorLoggingAspect profileAllMethods | Execution time of CustomInterceptor.postHandle :: 5 ms
7c5c147258553ee1 7c5c147258553ee1 [2021-12-21 14:45:22,005], 0:0:0:0:0:0:0:1, [http-nio-7073-exec-8], doctor-registration-service, INFO  DoctorLoggingAspect profileAllMethods | Start of CustomInterceptor.afterCompletion
7c5c147258553ee1 7c5c147258553ee1 [2021-12-21 14:45:22,006], 0:0:0:0:0:0:0:1, [http-nio-7073-exec-8], doctor-registration-service, INFO  DoctorLoggingAspect profileAllMethods | END of CustomInterceptor.afterCompletion
7c5c147258553ee1 7c5c147258553ee1 [2021-12-21 14:45:22,008], 0:0:0:0:0:0:0:1, [http-nio-7073-exec-8], doctor-registration-service, INFO  DoctorLoggingAspect profileAllMethods | Execution time of CustomInterceptor.afterCompletion :: 3 ms
  [2021-12-21 15:49:21,130], , [HikariPool-1 housekeeper], doctor-registration-service, WARN  HikariPool run | HikariPool-1 - Thread starvation or clock leap detected (housekeeper delta=35m27s306ms899µs800ns).
  [2021-12-21 16:49:50,935], , [HikariPool-1 housekeeper], doctor-registration-service, WARN  HikariPool run | HikariPool-1 - Thread starvation or clock leap detected (housekeeper delta=31m59s268ms882µs800ns).
