  [2021-12-15 19:39:20,089], , [main], doctor-registration-service, INFO  PostProcessorRegistrationDelegate$BeanPostProcessorChecker postProcessAfterInitialization | Bean 'org.springframework.cloud.autoconfigure.ConfigurationPropertiesRebinderAutoConfiguration' of type [org.springframework.cloud.autoconfigure.ConfigurationPropertiesRebinderAutoConfiguration$$EnhancerBySpringCGLIB$$8d115778] is not eligible for getting processed by all BeanPostProcessors (for example: not eligible for auto-proxying)
  [2021-12-15 19:39:20,402], , [main], doctor-registration-service, INFO  ConfigServicePropertySourceLocator getRemoteEnvironment | Fetching config from server at : http://localhost:8888/config
  [2021-12-15 19:39:22,364], , [main], doctor-registration-service, INFO  ConfigServicePropertySourceLocator log | Located environment: name=doctor-registration-service, profiles=[dev], label=1.0.1, version=null, state=null
  [2021-12-15 19:39:22,366], , [main], doctor-registration-service, INFO  PropertySourceBootstrapConfiguration initialize | Located property source: CompositePropertySource {name='configService', propertySources=[MapPropertySource {name='file:///D:/git-localconfig-repo/application-dev.properties'}]}
  [2021-12-15 19:39:22,460], , [main], doctor-registration-service, INFO  DoctorRegistrationServiceApplication logStartupProfileInfo | The following profiles are active: dev
  [2021-12-15 19:39:23,485], , [main], doctor-registration-service, INFO  RepositoryConfigurationDelegate registerRepositoriesIn | Bootstrapping Spring Data repositories in DEFAULT mode.
  [2021-12-15 19:39:23,602], , [main], doctor-registration-service, INFO  RepositoryConfigurationDelegate registerRepositoriesIn | Finished Spring Data repository scanning in 106ms. Found 10 repository interfaces.
  [2021-12-15 19:39:24,057], , [main], doctor-registration-service, INFO  GenericScope setSerializationId | BeanFactory id=47226004-492f-3547-b2d4-f5a7035395e6
  [2021-12-15 19:39:24,451], , [main], doctor-registration-service, INFO  PostProcessorRegistrationDelegate$BeanPostProcessorChecker postProcessAfterInitialization | Bean 'org.springframework.transaction.annotation.ProxyTransactionManagementConfiguration' of type [org.springframework.transaction.annotation.ProxyTransactionManagementConfiguration$$EnhancerBySpringCGLIB$$70f7547b] is not eligible for getting processed by all BeanPostProcessors (for example: not eligible for auto-proxying)
  [2021-12-15 19:39:24,508], , [main], doctor-registration-service, INFO  PostProcessorRegistrationDelegate$BeanPostProcessorChecker postProcessAfterInitialization | Bean 'org.springframework.cloud.autoconfigure.ConfigurationPropertiesRebinderAutoConfiguration' of type [org.springframework.cloud.autoconfigure.ConfigurationPropertiesRebinderAutoConfiguration$$EnhancerBySpringCGLIB$$8d115778] is not eligible for getting processed by all BeanPostProcessors (for example: not eligible for auto-proxying)
  [2021-12-15 19:39:25,307], , [main], doctor-registration-service, INFO  TomcatWebServer initialize | Tomcat initialized with port(s): 7073 (http)
  [2021-12-15 19:39:25,325], , [main], doctor-registration-service, INFO  Http11NioProtocol log | Initializing ProtocolHandler ["http-nio-7073"]
  [2021-12-15 19:39:25,336], , [main], doctor-registration-service, INFO  StandardService log | Starting service [Tomcat]
  [2021-12-15 19:39:25,336], , [main], doctor-registration-service, INFO  StandardEngine log | Starting Servlet engine: [Apache Tomcat/9.0.16]
  [2021-12-15 19:39:25,348], , [main], doctor-registration-service, INFO  AprLifecycleListener log | The APR based Apache Tomcat Native library which allows optimal performance in production environments was not found on the java.library.path: [D:\Softwares\eclipse-jee-2020-12-R-win32-x86_64\eclipse\plugins\org.eclipse.justj.openjdk.hotspot.jre.full.win32.x86_64_15.0.1.v20201027-0507\jre\bin;C:\Windows\Sun\Java\bin;C:\Windows\system32;C:\Windows;D:/Softwares/eclipse-jee-2020-12-R-win32-x86_64/eclipse//plugins/org.eclipse.justj.openjdk.hotspot.jre.full.win32.x86_64_15.0.1.v20201027-0507/jre/bin/server;D:/Softwares/eclipse-jee-2020-12-R-win32-x86_64/eclipse//plugins/org.eclipse.justj.openjdk.hotspot.jre.full.win32.x86_64_15.0.1.v20201027-0507/jre/bin;C:\Program Files (x86)\Common Files\Oracle\Java\javapath;C:\Windows\system32;C:\Windows;C:\Windows\System32\Wbem;C:\Windows\System32\WindowsPowerShell\v1.0\;C:\Windows\System32\OpenSSH\;C:\Program Files (x86)\CrSSL\bin;C:\Program Files\TortoiseSVN\bin;C:\Users\DELL\AppData\Local\Microsoft\WindowsApps;;D:\Softwares\eclipse-jee-2020-12-R-win32-x86_64\eclipse;;.]
  [2021-12-15 19:39:25,518], , [main], doctor-registration-service, INFO  [/doctor-registration] log | Initializing Spring embedded WebApplicationContext
  [2021-12-15 19:39:25,519], , [main], doctor-registration-service, INFO  ContextLoader prepareWebApplicationContext | Root WebApplicationContext: initialization completed in 3039 ms
  [2021-12-15 19:39:27,135], , [main], doctor-registration-service, INFO  HikariDataSource getConnection | HikariPool-1 - Starting...
  [2021-12-15 19:39:28,196], , [main], doctor-registration-service, INFO  HikariDataSource getConnection | HikariPool-1 - Start completed.
  [2021-12-15 19:39:28,314], , [main], doctor-registration-service, INFO  LogHelper logPersistenceUnitInformation | HHH000204: Processing PersistenceUnitInfo [
	name: default
	...]
  [2021-12-15 19:39:28,454], , [main], doctor-registration-service, INFO  Version logVersion | HHH000412: Hibernate Core {5.3.7.Final}
  [2021-12-15 19:39:28,457], , [main], doctor-registration-service, INFO  Environment <clinit> | HHH000206: hibernate.properties not found
  [2021-12-15 19:39:28,918], , [main], doctor-registration-service, INFO  Version <clinit> | HCANN000001: Hibernate Commons Annotations {5.0.4.Final}
  [2021-12-15 19:39:29,211], , [main], doctor-registration-service, INFO  Dialect <init> | HHH000400: Using dialect: org.hibernate.dialect.PostgreSQLDialect
  [2021-12-15 19:39:29,238], , [main], doctor-registration-service, INFO  LobCreatorBuilderImpl makeLobCreatorBuilder | HHH000422: Disabling contextual LOB creation as connection was null
  [2021-12-15 19:39:29,248], , [main], doctor-registration-service, INFO  BasicTypeRegistry register | HHH000270: Type registration [java.util.UUID] overrides previous : org.hibernate.type.UUIDBinaryType@2eb91767
  [2021-12-15 19:39:42,573], , [main], doctor-registration-service, INFO  QueryTranslatorFactoryInitiator initiateService | HHH000397: Using ASTQueryTranslatorFactory
  [2021-12-15 19:39:42,901], , [main], doctor-registration-service, INFO  LocalContainerEntityManagerFactoryBean buildNativeEntityManagerFactory | Initialized JPA EntityManagerFactory for persistence unit 'default'
  [2021-12-15 19:39:44,081], , [main], doctor-registration-service, INFO  DoctorLoggingAspect profileAllMethods | Start of SecurityConfig.getRestTemlate
  [2021-12-15 19:39:44,089], , [main], doctor-registration-service, INFO  DoctorLoggingAspect profileAllMethods | END of SecurityConfig.getRestTemlate
  [2021-12-15 19:39:44,089], , [main], doctor-registration-service, INFO  DoctorLoggingAspect profileAllMethods | Execution time of SecurityConfig.getRestTemlate :: 8 ms
  [2021-12-15 19:39:45,362], , [main], doctor-registration-service, INFO  DoctorLoggingAspect profileAllMethods | Start of CustomInterceptorAppConfig.corsConfigurationSource
  [2021-12-15 19:39:45,370], , [main], doctor-registration-service, INFO  DoctorLoggingAspect profileAllMethods | END of CustomInterceptorAppConfig.corsConfigurationSource
  [2021-12-15 19:39:45,371], , [main], doctor-registration-service, INFO  DoctorLoggingAspect profileAllMethods | Execution time of CustomInterceptorAppConfig.corsConfigurationSource :: 9 ms
  [2021-12-15 19:39:45,829], , [main], doctor-registration-service, INFO  ThreadPoolTaskExecutor initialize | Initializing ExecutorService 'applicationTaskExecutor'
  [2021-12-15 19:39:46,106], , [main], doctor-registration-service, INFO  DoctorLoggingAspect profileAllMethods | Start of CustomInterceptorAppConfig.addInterceptors
  [2021-12-15 19:39:46,108], , [main], doctor-registration-service, INFO  DoctorLoggingAspect profileAllMethods | END of CustomInterceptorAppConfig.addInterceptors
  [2021-12-15 19:39:46,109], , [main], doctor-registration-service, INFO  DoctorLoggingAspect profileAllMethods | Execution time of CustomInterceptorAppConfig.addInterceptors :: 3 ms
  [2021-12-15 19:39:46,114], , [main], doctor-registration-service, WARN  JpaBaseConfiguration$JpaWebConfiguration$JpaWebMvcConfiguration openEntityManagerInViewInterceptor | spring.jpa.open-in-view is enabled by default. Therefore, database queries may be performed during view rendering. Explicitly configure spring.jpa.open-in-view to disable this warning
  [2021-12-15 19:39:47,412], , [main], doctor-registration-service, INFO  EndpointLinksResolver <init> | Exposing 2 endpoint(s) beneath base path '/actuator'
  [2021-12-15 19:39:47,589], , [main], doctor-registration-service, INFO  Http11NioProtocol log | Starting ProtocolHandler ["http-nio-7073"]
  [2021-12-15 19:39:47,639], , [main], doctor-registration-service, INFO  TomcatWebServer start | Tomcat started on port(s): 7073 (http) with context path '/doctor-registration'
  [2021-12-15 19:39:47,644], , [main], doctor-registration-service, INFO  DoctorRegistrationServiceApplication logStarted | Started DoctorRegistrationServiceApplication in 28.468 seconds (JVM running for 29.879)
  [2021-12-15 19:39:52,051], , [RMI TCP Connection(2)-127.0.0.1], doctor-registration-service, INFO  SpringApplicationAdminMXBeanRegistrar$SpringApplicationAdmin shutdown | Application shutdown requested.
  [2021-12-15 19:39:52,056], , [RMI TCP Connection(2)-127.0.0.1], doctor-registration-service, INFO  ThreadPoolTaskExecutor shutdown | Shutting down ExecutorService 'applicationTaskExecutor'
  [2021-12-15 19:39:52,061], , [RMI TCP Connection(2)-127.0.0.1], doctor-registration-service, INFO  LocalContainerEntityManagerFactoryBean destroy | Closing JPA EntityManagerFactory for persistence unit 'default'
  [2021-12-15 19:39:52,067], , [RMI TCP Connection(2)-127.0.0.1], doctor-registration-service, INFO  HikariDataSource close | HikariPool-1 - Shutdown initiated...
  [2021-12-15 19:39:52,075], , [RMI TCP Connection(2)-127.0.0.1], doctor-registration-service, INFO  HikariDataSource close | HikariPool-1 - Shutdown completed.
  [2021-12-15 19:39:52,077], , [RMI TCP Connection(2)-127.0.0.1], doctor-registration-service, INFO  Http11NioProtocol log | Pausing ProtocolHandler ["http-nio-7073"]
  [2021-12-15 19:39:52,165], , [RMI TCP Connection(2)-127.0.0.1], doctor-registration-service, INFO  StandardService log | Stopping service [Tomcat]
  [2021-12-15 19:39:52,194], , [RMI TCP Connection(2)-127.0.0.1], doctor-registration-service, INFO  Http11NioProtocol log | Stopping ProtocolHandler ["http-nio-7073"]
  [2021-12-15 19:39:52,200], , [RMI TCP Connection(2)-127.0.0.1], doctor-registration-service, INFO  Http11NioProtocol log | Destroying ProtocolHandler ["http-nio-7073"]
  [2021-12-15 19:56:38,291], , [main], doctor-registration-service, INFO  PostProcessorRegistrationDelegate$BeanPostProcessorChecker postProcessAfterInitialization | Bean 'org.springframework.cloud.autoconfigure.ConfigurationPropertiesRebinderAutoConfiguration' of type [org.springframework.cloud.autoconfigure.ConfigurationPropertiesRebinderAutoConfiguration$$EnhancerBySpringCGLIB$$e06471cc] is not eligible for getting processed by all BeanPostProcessors (for example: not eligible for auto-proxying)
  [2021-12-15 19:56:38,728], , [main], doctor-registration-service, INFO  ConfigServicePropertySourceLocator getRemoteEnvironment | Fetching config from server at : http://localhost:8888/config
  [2021-12-15 19:56:40,152], , [main], doctor-registration-service, INFO  ConfigServicePropertySourceLocator log | Located environment: name=doctor-registration-service, profiles=[dev], label=1.0.1, version=null, state=null
  [2021-12-15 19:56:40,157], , [main], doctor-registration-service, INFO  PropertySourceBootstrapConfiguration initialize | Located property source: CompositePropertySource {name='configService', propertySources=[MapPropertySource {name='file:///D:/git-localconfig-repo/application-dev.properties'}]}
  [2021-12-15 19:56:40,238], , [main], doctor-registration-service, INFO  DoctorRegistrationServiceApplication logStartupProfileInfo | The following profiles are active: dev
  [2021-12-15 19:56:41,431], , [main], doctor-registration-service, INFO  RepositoryConfigurationDelegate registerRepositoriesIn | Bootstrapping Spring Data repositories in DEFAULT mode.
  [2021-12-15 19:56:41,720], , [main], doctor-registration-service, INFO  RepositoryConfigurationDelegate registerRepositoriesIn | Finished Spring Data repository scanning in 274ms. Found 10 repository interfaces.
  [2021-12-15 19:56:42,274], , [main], doctor-registration-service, INFO  GenericScope setSerializationId | BeanFactory id=47226004-492f-3547-b2d4-f5a7035395e6
  [2021-12-15 19:56:42,720], , [main], doctor-registration-service, INFO  PostProcessorRegistrationDelegate$BeanPostProcessorChecker postProcessAfterInitialization | Bean 'org.springframework.transaction.annotation.ProxyTransactionManagementConfiguration' of type [org.springframework.transaction.annotation.ProxyTransactionManagementConfiguration$$EnhancerBySpringCGLIB$$c44a6ecf] is not eligible for getting processed by all BeanPostProcessors (for example: not eligible for auto-proxying)
  [2021-12-15 19:56:42,816], , [main], doctor-registration-service, INFO  PostProcessorRegistrationDelegate$BeanPostProcessorChecker postProcessAfterInitialization | Bean 'org.springframework.cloud.autoconfigure.ConfigurationPropertiesRebinderAutoConfiguration' of type [org.springframework.cloud.autoconfigure.ConfigurationPropertiesRebinderAutoConfiguration$$EnhancerBySpringCGLIB$$e06471cc] is not eligible for getting processed by all BeanPostProcessors (for example: not eligible for auto-proxying)
  [2021-12-15 19:56:44,126], , [main], doctor-registration-service, INFO  TomcatWebServer initialize | Tomcat initialized with port(s): 7073 (http)
  [2021-12-15 19:56:44,157], , [main], doctor-registration-service, INFO  Http11NioProtocol log | Initializing ProtocolHandler ["http-nio-7073"]
  [2021-12-15 19:56:44,180], , [main], doctor-registration-service, INFO  StandardService log | Starting service [Tomcat]
  [2021-12-15 19:56:44,182], , [main], doctor-registration-service, INFO  StandardEngine log | Starting Servlet engine: [Apache Tomcat/9.0.16]
  [2021-12-15 19:56:44,214], , [main], doctor-registration-service, INFO  AprLifecycleListener log | The APR based Apache Tomcat Native library which allows optimal performance in production environments was not found on the java.library.path: [D:\Softwares\eclipse-jee-2020-12-R-win32-x86_64\eclipse\plugins\org.eclipse.justj.openjdk.hotspot.jre.full.win32.x86_64_15.0.1.v20201027-0507\jre\bin;C:\Windows\Sun\Java\bin;C:\Windows\system32;C:\Windows;D:\Softwares\eclipse-jee-2020-12-R-win32-x86_64\eclipse\plugins\org.eclipse.justj.openjdk.hotspot.jre.full.win32.x86_64_15.0.1.v20201027-0507\jre\bin;D:/Softwares/eclipse-jee-2020-12-R-win32-x86_64/eclipse//plugins/org.eclipse.justj.openjdk.hotspot.jre.full.win32.x86_64_15.0.1.v20201027-0507/jre/bin/server;D:/Softwares/eclipse-jee-2020-12-R-win32-x86_64/eclipse//plugins/org.eclipse.justj.openjdk.hotspot.jre.full.win32.x86_64_15.0.1.v20201027-0507/jre/bin;C:\Program Files (x86)\Common Files\Oracle\Java\javapath;C:\Windows\system32;C:\Windows;C:\Windows\System32\Wbem;C:\Windows\System32\WindowsPowerShell\v1.0\;C:\Windows\System32\OpenSSH\;C:\Program Files (x86)\CrSSL\bin;C:\Program Files\TortoiseSVN\bin;C:\Users\DELL\AppData\Local\Microsoft\WindowsApps;;D:\Softwares\eclipse-jee-2020-12-R-win32-x86_64\eclipse;;.]
  [2021-12-15 19:56:44,736], , [main], doctor-registration-service, INFO  [/doctor-registration] log | Initializing Spring embedded WebApplicationContext
  [2021-12-15 19:56:44,737], , [main], doctor-registration-service, INFO  ContextLoader prepareWebApplicationContext | Root WebApplicationContext: initialization completed in 4475 ms
  [2021-12-15 19:56:47,858], , [main], doctor-registration-service, INFO  HikariDataSource getConnection | HikariPool-1 - Starting...
  [2021-12-15 19:56:49,938], , [main], doctor-registration-service, INFO  HikariDataSource getConnection | HikariPool-1 - Start completed.
  [2021-12-15 19:56:50,086], , [main], doctor-registration-service, INFO  LogHelper logPersistenceUnitInformation | HHH000204: Processing PersistenceUnitInfo [
	name: default
	...]
  [2021-12-15 19:56:50,307], , [main], doctor-registration-service, INFO  Version logVersion | HHH000412: Hibernate Core {5.3.7.Final}
  [2021-12-15 19:56:50,311], , [main], doctor-registration-service, INFO  Environment <clinit> | HHH000206: hibernate.properties not found
  [2021-12-15 19:56:50,760], , [main], doctor-registration-service, INFO  Version <clinit> | HCANN000001: Hibernate Commons Annotations {5.0.4.Final}
  [2021-12-15 19:56:51,190], , [main], doctor-registration-service, INFO  Dialect <init> | HHH000400: Using dialect: org.hibernate.dialect.PostgreSQLDialect
  [2021-12-15 19:56:51,229], , [main], doctor-registration-service, INFO  LobCreatorBuilderImpl makeLobCreatorBuilder | HHH000422: Disabling contextual LOB creation as connection was null
  [2021-12-15 19:56:51,244], , [main], doctor-registration-service, INFO  BasicTypeRegistry register | HHH000270: Type registration [java.util.UUID] overrides previous : org.hibernate.type.UUIDBinaryType@662b199
  [2021-12-15 19:57:10,633], , [main], doctor-registration-service, INFO  QueryTranslatorFactoryInitiator initiateService | HHH000397: Using ASTQueryTranslatorFactory
  [2021-12-15 19:57:10,939], , [main], doctor-registration-service, INFO  LocalContainerEntityManagerFactoryBean buildNativeEntityManagerFactory | Initialized JPA EntityManagerFactory for persistence unit 'default'
  [2021-12-15 19:57:12,916], , [main], doctor-registration-service, INFO  DoctorLoggingAspect profileAllMethods | Start of SecurityConfig.getRestTemlate
  [2021-12-15 19:57:12,932], , [main], doctor-registration-service, INFO  DoctorLoggingAspect profileAllMethods | END of SecurityConfig.getRestTemlate
  [2021-12-15 19:57:12,933], , [main], doctor-registration-service, INFO  DoctorLoggingAspect profileAllMethods | Execution time of SecurityConfig.getRestTemlate :: 18 ms
  [2021-12-15 19:57:15,838], , [main], doctor-registration-service, INFO  DoctorLoggingAspect profileAllMethods | Start of CustomInterceptorAppConfig.corsConfigurationSource
  [2021-12-15 19:57:15,852], , [main], doctor-registration-service, INFO  DoctorLoggingAspect profileAllMethods | END of CustomInterceptorAppConfig.corsConfigurationSource
  [2021-12-15 19:57:15,852], , [main], doctor-registration-service, INFO  DoctorLoggingAspect profileAllMethods | Execution time of CustomInterceptorAppConfig.corsConfigurationSource :: 14 ms
  [2021-12-15 19:57:16,863], , [main], doctor-registration-service, INFO  ThreadPoolTaskExecutor initialize | Initializing ExecutorService 'applicationTaskExecutor'
  [2021-12-15 19:57:17,120], , [main], doctor-registration-service, INFO  DoctorLoggingAspect profileAllMethods | Start of CustomInterceptorAppConfig.addInterceptors
  [2021-12-15 19:57:17,121], , [main], doctor-registration-service, INFO  DoctorLoggingAspect profileAllMethods | END of CustomInterceptorAppConfig.addInterceptors
  [2021-12-15 19:57:17,122], , [main], doctor-registration-service, INFO  DoctorLoggingAspect profileAllMethods | Execution time of CustomInterceptorAppConfig.addInterceptors :: 2 ms
  [2021-12-15 19:57:17,130], , [main], doctor-registration-service, WARN  JpaBaseConfiguration$JpaWebConfiguration$JpaWebMvcConfiguration openEntityManagerInViewInterceptor | spring.jpa.open-in-view is enabled by default. Therefore, database queries may be performed during view rendering. Explicitly configure spring.jpa.open-in-view to disable this warning
  [2021-12-15 19:57:19,144], , [main], doctor-registration-service, INFO  EndpointLinksResolver <init> | Exposing 2 endpoint(s) beneath base path '/actuator'
  [2021-12-15 19:57:19,592], , [main], doctor-registration-service, INFO  Http11NioProtocol log | Starting ProtocolHandler ["http-nio-7073"]
  [2021-12-15 19:57:19,659], , [main], doctor-registration-service, INFO  TomcatWebServer start | Tomcat started on port(s): 7073 (http) with context path '/doctor-registration'
  [2021-12-15 19:57:19,666], , [main], doctor-registration-service, INFO  DoctorRegistrationServiceApplication logStarted | Started DoctorRegistrationServiceApplication in 42.454 seconds (JVM running for 44.39)
  [2021-12-15 19:57:44,926], , [http-nio-7073-exec-2], doctor-registration-service, INFO  Http11Processor log | Error parsing HTTP request header
 Note: further occurrences of HTTP request parsing errors will be logged at DEBUG level.
java.lang.IllegalArgumentException: Invalid character found in method name. HTTP method names must be tokens
	at org.apache.coyote.http11.Http11InputBuffer.parseRequestLine(Http11InputBuffer.java:414)
	at org.apache.coyote.http11.Http11Processor.service(Http11Processor.java:294)
	at org.apache.coyote.AbstractProcessorLight.process(AbstractProcessorLight.java:66)
	at org.apache.coyote.AbstractProtocol$ConnectionHandler.process(AbstractProtocol.java:834)
	at org.apache.tomcat.util.net.NioEndpoint$SocketProcessor.doRun(NioEndpoint.java:1415)
	at org.apache.tomcat.util.net.SocketProcessorBase.run(SocketProcessorBase.java:49)
	at java.base/java.util.concurrent.ThreadPoolExecutor.runWorker(ThreadPoolExecutor.java:1130)
	at java.base/java.util.concurrent.ThreadPoolExecutor$Worker.run(ThreadPoolExecutor.java:630)
	at org.apache.tomcat.util.threads.TaskThread$WrappingRunnable.run(TaskThread.java:61)
	at java.base/java.lang.Thread.run(Thread.java:832)
  [2021-12-15 20:10:19,077], , [HikariPool-1 housekeeper], doctor-registration-service, WARN  HikariPool run | HikariPool-1 - Thread starvation or clock leap detected (housekeeper delta=2m58s824ms267µs).
  [2021-12-15 20:12:54,191], , [main], doctor-registration-service, INFO  PostProcessorRegistrationDelegate$BeanPostProcessorChecker postProcessAfterInitialization | Bean 'org.springframework.cloud.autoconfigure.ConfigurationPropertiesRebinderAutoConfiguration' of type [org.springframework.cloud.autoconfigure.ConfigurationPropertiesRebinderAutoConfiguration$$EnhancerBySpringCGLIB$$859ebebe] is not eligible for getting processed by all BeanPostProcessors (for example: not eligible for auto-proxying)
  [2021-12-15 20:12:54,533], , [main], doctor-registration-service, INFO  ConfigServicePropertySourceLocator getRemoteEnvironment | Fetching config from server at : http://localhost:8888/config
  [2021-12-15 20:12:56,434], , [main], doctor-registration-service, INFO  ConfigServicePropertySourceLocator log | Located environment: name=doctor-registration-service, profiles=[dev], label=1.0.1, version=null, state=null
  [2021-12-15 20:12:56,435], , [main], doctor-registration-service, INFO  PropertySourceBootstrapConfiguration initialize | Located property source: CompositePropertySource {name='configService', propertySources=[MapPropertySource {name='file:///D:/git-localconfig-repo/application-dev.properties'}]}
  [2021-12-15 20:12:56,505], , [main], doctor-registration-service, INFO  DoctorRegistrationServiceApplication logStartupProfileInfo | The following profiles are active: dev
  [2021-12-15 20:12:57,571], , [main], doctor-registration-service, INFO  RepositoryConfigurationDelegate registerRepositoriesIn | Bootstrapping Spring Data repositories in DEFAULT mode.
  [2021-12-15 20:12:57,695], , [main], doctor-registration-service, INFO  RepositoryConfigurationDelegate registerRepositoriesIn | Finished Spring Data repository scanning in 111ms. Found 10 repository interfaces.
  [2021-12-15 20:12:58,114], , [main], doctor-registration-service, INFO  GenericScope setSerializationId | BeanFactory id=47226004-492f-3547-b2d4-f5a7035395e6
  [2021-12-15 20:12:58,547], , [main], doctor-registration-service, INFO  PostProcessorRegistrationDelegate$BeanPostProcessorChecker postProcessAfterInitialization | Bean 'org.springframework.transaction.annotation.ProxyTransactionManagementConfiguration' of type [org.springframework.transaction.annotation.ProxyTransactionManagementConfiguration$$EnhancerBySpringCGLIB$$6984bbc1] is not eligible for getting processed by all BeanPostProcessors (for example: not eligible for auto-proxying)
  [2021-12-15 20:12:58,611], , [main], doctor-registration-service, INFO  PostProcessorRegistrationDelegate$BeanPostProcessorChecker postProcessAfterInitialization | Bean 'org.springframework.cloud.autoconfigure.ConfigurationPropertiesRebinderAutoConfiguration' of type [org.springframework.cloud.autoconfigure.ConfigurationPropertiesRebinderAutoConfiguration$$EnhancerBySpringCGLIB$$859ebebe] is not eligible for getting processed by all BeanPostProcessors (for example: not eligible for auto-proxying)
  [2021-12-15 20:12:59,410], , [main], doctor-registration-service, INFO  TomcatWebServer initialize | Tomcat initialized with port(s): 7073 (http)
  [2021-12-15 20:12:59,431], , [main], doctor-registration-service, INFO  Http11NioProtocol log | Initializing ProtocolHandler ["http-nio-7073"]
  [2021-12-15 20:12:59,442], , [main], doctor-registration-service, INFO  StandardService log | Starting service [Tomcat]
  [2021-12-15 20:12:59,443], , [main], doctor-registration-service, INFO  StandardEngine log | Starting Servlet engine: [Apache Tomcat/9.0.16]
  [2021-12-15 20:12:59,457], , [main], doctor-registration-service, INFO  AprLifecycleListener log | The APR based Apache Tomcat Native library which allows optimal performance in production environments was not found on the java.library.path: [D:\Softwares\eclipse-jee-2020-12-R-win32-x86_64\eclipse\plugins\org.eclipse.justj.openjdk.hotspot.jre.full.win32.x86_64_15.0.1.v20201027-0507\jre\bin;C:\Windows\Sun\Java\bin;C:\Windows\system32;C:\Windows;D:\Softwares\eclipse-jee-2020-12-R-win32-x86_64\eclipse\plugins\org.eclipse.justj.openjdk.hotspot.jre.full.win32.x86_64_15.0.1.v20201027-0507\jre\bin;D:/Softwares/eclipse-jee-2020-12-R-win32-x86_64/eclipse//plugins/org.eclipse.justj.openjdk.hotspot.jre.full.win32.x86_64_15.0.1.v20201027-0507/jre/bin/server;D:/Softwares/eclipse-jee-2020-12-R-win32-x86_64/eclipse//plugins/org.eclipse.justj.openjdk.hotspot.jre.full.win32.x86_64_15.0.1.v20201027-0507/jre/bin;C:\Program Files (x86)\Common Files\Oracle\Java\javapath;C:\Windows\system32;C:\Windows;C:\Windows\System32\Wbem;C:\Windows\System32\WindowsPowerShell\v1.0\;C:\Windows\System32\OpenSSH\;C:\Program Files (x86)\CrSSL\bin;C:\Program Files\TortoiseSVN\bin;C:\Users\DELL\AppData\Local\Microsoft\WindowsApps;;D:\Softwares\eclipse-jee-2020-12-R-win32-x86_64\eclipse;;.]
  [2021-12-15 20:12:59,635], , [main], doctor-registration-service, INFO  [/doctor-registration] log | Initializing Spring embedded WebApplicationContext
  [2021-12-15 20:12:59,636], , [main], doctor-registration-service, INFO  ContextLoader prepareWebApplicationContext | Root WebApplicationContext: initialization completed in 3114 ms
  [2021-12-15 20:13:01,743], , [main], doctor-registration-service, INFO  HikariDataSource getConnection | HikariPool-1 - Starting...
  [2021-12-15 20:13:03,920], , [main], doctor-registration-service, INFO  HikariDataSource getConnection | HikariPool-1 - Start completed.
  [2021-12-15 20:13:04,064], , [main], doctor-registration-service, INFO  LogHelper logPersistenceUnitInformation | HHH000204: Processing PersistenceUnitInfo [
	name: default
	...]
  [2021-12-15 20:13:04,352], , [main], doctor-registration-service, INFO  Version logVersion | HHH000412: Hibernate Core {5.3.7.Final}
  [2021-12-15 20:13:04,356], , [main], doctor-registration-service, INFO  Environment <clinit> | HHH000206: hibernate.properties not found
  [2021-12-15 20:13:04,787], , [main], doctor-registration-service, INFO  Version <clinit> | HCANN000001: Hibernate Commons Annotations {5.0.4.Final}
  [2021-12-15 20:13:05,114], , [main], doctor-registration-service, INFO  Dialect <init> | HHH000400: Using dialect: org.hibernate.dialect.PostgreSQLDialect
  [2021-12-15 20:13:05,138], , [main], doctor-registration-service, INFO  LobCreatorBuilderImpl makeLobCreatorBuilder | HHH000422: Disabling contextual LOB creation as connection was null
  [2021-12-15 20:13:05,147], , [main], doctor-registration-service, INFO  BasicTypeRegistry register | HHH000270: Type registration [java.util.UUID] overrides previous : org.hibernate.type.UUIDBinaryType@7137cd14
  [2021-12-15 20:13:23,423], , [main], doctor-registration-service, INFO  QueryTranslatorFactoryInitiator initiateService | HHH000397: Using ASTQueryTranslatorFactory
  [2021-12-15 20:13:23,638], , [main], doctor-registration-service, INFO  LocalContainerEntityManagerFactoryBean buildNativeEntityManagerFactory | Initialized JPA EntityManagerFactory for persistence unit 'default'
  [2021-12-15 20:13:24,613], , [main], doctor-registration-service, INFO  DoctorLoggingAspect profileAllMethods | Start of SecurityConfig.getRestTemlate
  [2021-12-15 20:13:24,621], , [main], doctor-registration-service, INFO  DoctorLoggingAspect profileAllMethods | END of SecurityConfig.getRestTemlate
  [2021-12-15 20:13:24,621], , [main], doctor-registration-service, INFO  DoctorLoggingAspect profileAllMethods | Execution time of SecurityConfig.getRestTemlate :: 9 ms
  [2021-12-15 20:13:25,889], , [main], doctor-registration-service, INFO  DoctorLoggingAspect profileAllMethods | Start of CustomInterceptorAppConfig.corsConfigurationSource
  [2021-12-15 20:13:25,903], , [main], doctor-registration-service, INFO  DoctorLoggingAspect profileAllMethods | END of CustomInterceptorAppConfig.corsConfigurationSource
  [2021-12-15 20:13:25,903], , [main], doctor-registration-service, INFO  DoctorLoggingAspect profileAllMethods | Execution time of CustomInterceptorAppConfig.corsConfigurationSource :: 14 ms
  [2021-12-15 20:13:26,400], , [main], doctor-registration-service, INFO  ThreadPoolTaskExecutor initialize | Initializing ExecutorService 'applicationTaskExecutor'
  [2021-12-15 20:13:26,553], , [main], doctor-registration-service, INFO  DoctorLoggingAspect profileAllMethods | Start of CustomInterceptorAppConfig.addInterceptors
  [2021-12-15 20:13:26,554], , [main], doctor-registration-service, INFO  DoctorLoggingAspect profileAllMethods | END of CustomInterceptorAppConfig.addInterceptors
  [2021-12-15 20:13:26,555], , [main], doctor-registration-service, INFO  DoctorLoggingAspect profileAllMethods | Execution time of CustomInterceptorAppConfig.addInterceptors :: 2 ms
  [2021-12-15 20:13:26,558], , [main], doctor-registration-service, WARN  JpaBaseConfiguration$JpaWebConfiguration$JpaWebMvcConfiguration openEntityManagerInViewInterceptor | spring.jpa.open-in-view is enabled by default. Therefore, database queries may be performed during view rendering. Explicitly configure spring.jpa.open-in-view to disable this warning
  [2021-12-15 20:13:27,834], , [main], doctor-registration-service, INFO  EndpointLinksResolver <init> | Exposing 2 endpoint(s) beneath base path '/actuator'
  [2021-12-15 20:13:27,985], , [main], doctor-registration-service, INFO  Http11NioProtocol log | Starting ProtocolHandler ["http-nio-7073"]
  [2021-12-15 20:13:28,032], , [main], doctor-registration-service, INFO  TomcatWebServer start | Tomcat started on port(s): 7073 (http) with context path '/doctor-registration'
  [2021-12-15 20:13:28,038], , [main], doctor-registration-service, INFO  DoctorRegistrationServiceApplication logStarted | Started DoctorRegistrationServiceApplication in 34.855 seconds (JVM running for 36.564)
  [2021-12-15 20:13:55,189], , [http-nio-7073-exec-3], doctor-registration-service, INFO  [/doctor-registration] log | Initializing Spring DispatcherServlet 'dispatcherServlet'
  [2021-12-15 20:13:55,189], , [http-nio-7073-exec-3], doctor-registration-service, INFO  DispatcherServlet initServletBean | Initializing Servlet 'dispatcherServlet'
  [2021-12-15 20:13:55,266], , [http-nio-7073-exec-3], doctor-registration-service, INFO  DispatcherServlet initServletBean | Completed initialization in 76 ms
8892341c05cd94f8 8892341c05cd94f8 [2021-12-15 20:13:55,331], , [http-nio-7073-exec-3], doctor-registration-service, INFO  DoctorLoggingAspect profileAllMethods | Start of CustomInterceptor.preHandle
8892341c05cd94f8 8892341c05cd94f8 [2021-12-15 20:13:55,346], , [http-nio-7073-exec-3], doctor-registration-service, INFO  DoctorLoggingAspect profileAllMethods | END of CustomInterceptor.preHandle
8892341c05cd94f8 8892341c05cd94f8 [2021-12-15 20:13:55,350], , [http-nio-7073-exec-3], doctor-registration-service, INFO  DoctorLoggingAspect profileAllMethods | Execution time of CustomInterceptor.preHandle :: 18 ms
8892341c05cd94f8 8892341c05cd94f8 [2021-12-15 20:13:55,368], , [http-nio-7073-exec-3], doctor-registration-service, INFO  DoctorLoggingAspect profileAllMethods | Start of CustomInterceptor.postHandle
8892341c05cd94f8 8892341c05cd94f8 [2021-12-15 20:13:55,369], , [http-nio-7073-exec-3], doctor-registration-service, INFO  DoctorLoggingAspect profileAllMethods | END of CustomInterceptor.postHandle
8892341c05cd94f8 8892341c05cd94f8 [2021-12-15 20:13:55,370], , [http-nio-7073-exec-3], doctor-registration-service, INFO  DoctorLoggingAspect profileAllMethods | Execution time of CustomInterceptor.postHandle :: 2 ms
8892341c05cd94f8 8892341c05cd94f8 [2021-12-15 20:13:55,374], , [http-nio-7073-exec-3], doctor-registration-service, INFO  DoctorLoggingAspect profileAllMethods | Start of CustomInterceptor.afterCompletion
8892341c05cd94f8 8892341c05cd94f8 [2021-12-15 20:13:55,375], , [http-nio-7073-exec-3], doctor-registration-service, INFO  DoctorLoggingAspect profileAllMethods | END of CustomInterceptor.afterCompletion
8892341c05cd94f8 8892341c05cd94f8 [2021-12-15 20:13:55,375], , [http-nio-7073-exec-3], doctor-registration-service, INFO  DoctorLoggingAspect profileAllMethods | Execution time of CustomInterceptor.afterCompletion :: 2 ms
8892341c05cd94f8 8892341c05cd94f8 [2021-12-15 20:13:55,430], , [http-nio-7073-exec-3], doctor-registration-service, INFO  DoctorLoggingAspect profileAllMethods | Start of CustomInterceptor.preHandle
8892341c05cd94f8 8892341c05cd94f8 [2021-12-15 20:13:55,430], , [http-nio-7073-exec-3], doctor-registration-service, INFO  DoctorLoggingAspect profileAllMethods | END of CustomInterceptor.preHandle
8892341c05cd94f8 8892341c05cd94f8 [2021-12-15 20:13:55,431], , [http-nio-7073-exec-3], doctor-registration-service, INFO  DoctorLoggingAspect profileAllMethods | Execution time of CustomInterceptor.preHandle :: 1 ms
8892341c05cd94f8 8892341c05cd94f8 [2021-12-15 20:13:55,509], , [http-nio-7073-exec-3], doctor-registration-service, INFO  DoctorLoggingAspect profileAllMethods | Start of CustomInterceptor.postHandle
8892341c05cd94f8 8892341c05cd94f8 [2021-12-15 20:13:55,511], , [http-nio-7073-exec-3], doctor-registration-service, INFO  DoctorLoggingAspect profileAllMethods | END of CustomInterceptor.postHandle
8892341c05cd94f8 8892341c05cd94f8 [2021-12-15 20:13:55,512], , [http-nio-7073-exec-3], doctor-registration-service, INFO  DoctorLoggingAspect profileAllMethods | Execution time of CustomInterceptor.postHandle :: 3 ms
8892341c05cd94f8 8892341c05cd94f8 [2021-12-15 20:13:55,513], , [http-nio-7073-exec-3], doctor-registration-service, INFO  DoctorLoggingAspect profileAllMethods | Start of CustomInterceptor.afterCompletion
8892341c05cd94f8 8892341c05cd94f8 [2021-12-15 20:13:55,513], , [http-nio-7073-exec-3], doctor-registration-service, INFO  DoctorLoggingAspect profileAllMethods | END of CustomInterceptor.afterCompletion
8892341c05cd94f8 8892341c05cd94f8 [2021-12-15 20:13:55,515], , [http-nio-7073-exec-3], doctor-registration-service, INFO  DoctorLoggingAspect profileAllMethods | Execution time of CustomInterceptor.afterCompletion :: 2 ms
  [2021-12-15 20:14:29,730], , [main], doctor-registration-service, INFO  PostProcessorRegistrationDelegate$BeanPostProcessorChecker postProcessAfterInitialization | Bean 'org.springframework.cloud.autoconfigure.ConfigurationPropertiesRebinderAutoConfiguration' of type [org.springframework.cloud.autoconfigure.ConfigurationPropertiesRebinderAutoConfiguration$$EnhancerBySpringCGLIB$$304bc579] is not eligible for getting processed by all BeanPostProcessors (for example: not eligible for auto-proxying)
  [2021-12-15 20:14:31,523], , [main], doctor-registration-service, INFO  ConfigServicePropertySourceLocator getRemoteEnvironment | Fetching config from server at : http://localhost:8888/config
  [2021-12-15 20:14:32,965], , [main], doctor-registration-service, INFO  ConfigServicePropertySourceLocator log | Located environment: name=doctor-registration-service, profiles=[dev], label=1.0.1, version=null, state=null
  [2021-12-15 20:14:32,966], , [main], doctor-registration-service, INFO  PropertySourceBootstrapConfiguration initialize | Located property source: CompositePropertySource {name='configService', propertySources=[MapPropertySource {name='file:///D:/git-localconfig-repo/application-dev.properties'}]}
  [2021-12-15 20:14:33,019], , [main], doctor-registration-service, INFO  DoctorRegistrationServiceApplication logStartupProfileInfo | The following profiles are active: dev
  [2021-12-15 20:14:33,933], , [main], doctor-registration-service, INFO  RepositoryConfigurationDelegate registerRepositoriesIn | Bootstrapping Spring Data repositories in DEFAULT mode.
  [2021-12-15 20:14:34,115], , [main], doctor-registration-service, INFO  RepositoryConfigurationDelegate registerRepositoriesIn | Finished Spring Data repository scanning in 171ms. Found 10 repository interfaces.
  [2021-12-15 20:14:34,588], , [main], doctor-registration-service, INFO  GenericScope setSerializationId | BeanFactory id=47226004-492f-3547-b2d4-f5a7035395e6
  [2021-12-15 20:14:35,106], , [main], doctor-registration-service, INFO  PostProcessorRegistrationDelegate$BeanPostProcessorChecker postProcessAfterInitialization | Bean 'org.springframework.transaction.annotation.ProxyTransactionManagementConfiguration' of type [org.springframework.transaction.annotation.ProxyTransactionManagementConfiguration$$EnhancerBySpringCGLIB$$1431c27c] is not eligible for getting processed by all BeanPostProcessors (for example: not eligible for auto-proxying)
  [2021-12-15 20:14:35,182], , [main], doctor-registration-service, INFO  PostProcessorRegistrationDelegate$BeanPostProcessorChecker postProcessAfterInitialization | Bean 'org.springframework.cloud.autoconfigure.ConfigurationPropertiesRebinderAutoConfiguration' of type [org.springframework.cloud.autoconfigure.ConfigurationPropertiesRebinderAutoConfiguration$$EnhancerBySpringCGLIB$$304bc579] is not eligible for getting processed by all BeanPostProcessors (for example: not eligible for auto-proxying)
  [2021-12-15 20:14:36,136], , [main], doctor-registration-service, INFO  TomcatWebServer initialize | Tomcat initialized with port(s): 7073 (http)
  [2021-12-15 20:14:36,165], , [main], doctor-registration-service, INFO  Http11NioProtocol log | Initializing ProtocolHandler ["http-nio-7073"]
  [2021-12-15 20:14:36,181], , [main], doctor-registration-service, INFO  StandardService log | Starting service [Tomcat]
  [2021-12-15 20:14:36,182], , [main], doctor-registration-service, INFO  StandardEngine log | Starting Servlet engine: [Apache Tomcat/9.0.16]
  [2021-12-15 20:14:36,200], , [main], doctor-registration-service, INFO  AprLifecycleListener log | The APR based Apache Tomcat Native library which allows optimal performance in production environments was not found on the java.library.path: [D:\Softwares\eclipse-jee-2020-12-R-win32-x86_64\eclipse\plugins\org.eclipse.justj.openjdk.hotspot.jre.full.win32.x86_64_15.0.1.v20201027-0507\jre\bin;C:\Windows\Sun\Java\bin;C:\Windows\system32;C:\Windows;D:\Softwares\eclipse-jee-2020-12-R-win32-x86_64\eclipse\plugins\org.eclipse.justj.openjdk.hotspot.jre.full.win32.x86_64_15.0.1.v20201027-0507\jre\bin;D:/Softwares/eclipse-jee-2020-12-R-win32-x86_64/eclipse//plugins/org.eclipse.justj.openjdk.hotspot.jre.full.win32.x86_64_15.0.1.v20201027-0507/jre/bin/server;D:/Softwares/eclipse-jee-2020-12-R-win32-x86_64/eclipse//plugins/org.eclipse.justj.openjdk.hotspot.jre.full.win32.x86_64_15.0.1.v20201027-0507/jre/bin;C:\Program Files (x86)\Common Files\Oracle\Java\javapath;C:\Windows\system32;C:\Windows;C:\Windows\System32\Wbem;C:\Windows\System32\WindowsPowerShell\v1.0\;C:\Windows\System32\OpenSSH\;C:\Program Files (x86)\CrSSL\bin;C:\Program Files\TortoiseSVN\bin;C:\Users\DELL\AppData\Local\Microsoft\WindowsApps;;D:\Softwares\eclipse-jee-2020-12-R-win32-x86_64\eclipse;;.]
  [2021-12-15 20:14:36,415], , [main], doctor-registration-service, INFO  [/doctor-registration] log | Initializing Spring embedded WebApplicationContext
  [2021-12-15 20:14:36,423], , [main], doctor-registration-service, INFO  ContextLoader prepareWebApplicationContext | Root WebApplicationContext: initialization completed in 3388 ms
  [2021-12-15 20:14:38,050], , [main], doctor-registration-service, INFO  HikariDataSource getConnection | HikariPool-1 - Starting...
  [2021-12-15 20:14:39,453], , [main], doctor-registration-service, INFO  HikariDataSource getConnection | HikariPool-1 - Start completed.
  [2021-12-15 20:14:39,667], , [main], doctor-registration-service, INFO  LogHelper logPersistenceUnitInformation | HHH000204: Processing PersistenceUnitInfo [
	name: default
	...]
  [2021-12-15 20:14:39,869], , [main], doctor-registration-service, INFO  Version logVersion | HHH000412: Hibernate Core {5.3.7.Final}
  [2021-12-15 20:14:39,873], , [main], doctor-registration-service, INFO  Environment <clinit> | HHH000206: hibernate.properties not found
  [2021-12-15 20:14:40,246], , [main], doctor-registration-service, INFO  Version <clinit> | HCANN000001: Hibernate Commons Annotations {5.0.4.Final}
  [2021-12-15 20:14:40,514], , [main], doctor-registration-service, INFO  Dialect <init> | HHH000400: Using dialect: org.hibernate.dialect.PostgreSQLDialect
  [2021-12-15 20:14:40,538], , [main], doctor-registration-service, INFO  LobCreatorBuilderImpl makeLobCreatorBuilder | HHH000422: Disabling contextual LOB creation as connection was null
  [2021-12-15 20:14:40,547], , [main], doctor-registration-service, INFO  BasicTypeRegistry register | HHH000270: Type registration [java.util.UUID] overrides previous : org.hibernate.type.UUIDBinaryType@68303aad
  [2021-12-15 20:14:54,509], , [main], doctor-registration-service, INFO  QueryTranslatorFactoryInitiator initiateService | HHH000397: Using ASTQueryTranslatorFactory
  [2021-12-15 20:14:54,739], , [main], doctor-registration-service, INFO  LocalContainerEntityManagerFactoryBean buildNativeEntityManagerFactory | Initialized JPA EntityManagerFactory for persistence unit 'default'
  [2021-12-15 20:14:55,836], , [main], doctor-registration-service, INFO  DoctorLoggingAspect profileAllMethods | Start of SecurityConfig.getRestTemlate
  [2021-12-15 20:14:55,844], , [main], doctor-registration-service, INFO  DoctorLoggingAspect profileAllMethods | END of SecurityConfig.getRestTemlate
  [2021-12-15 20:14:55,845], , [main], doctor-registration-service, INFO  DoctorLoggingAspect profileAllMethods | Execution time of SecurityConfig.getRestTemlate :: 9 ms
  [2021-12-15 20:14:57,444], , [main], doctor-registration-service, INFO  DoctorLoggingAspect profileAllMethods | Start of CustomInterceptorAppConfig.corsConfigurationSource
  [2021-12-15 20:14:57,453], , [main], doctor-registration-service, INFO  DoctorLoggingAspect profileAllMethods | END of CustomInterceptorAppConfig.corsConfigurationSource
  [2021-12-15 20:14:57,454], , [main], doctor-registration-service, INFO  DoctorLoggingAspect profileAllMethods | Execution time of CustomInterceptorAppConfig.corsConfigurationSource :: 10 ms
  [2021-12-15 20:14:57,898], , [main], doctor-registration-service, INFO  ThreadPoolTaskExecutor initialize | Initializing ExecutorService 'applicationTaskExecutor'
  [2021-12-15 20:14:58,032], , [main], doctor-registration-service, INFO  DoctorLoggingAspect profileAllMethods | Start of CustomInterceptorAppConfig.addInterceptors
  [2021-12-15 20:14:58,033], , [main], doctor-registration-service, INFO  DoctorLoggingAspect profileAllMethods | END of CustomInterceptorAppConfig.addInterceptors
  [2021-12-15 20:14:58,034], , [main], doctor-registration-service, INFO  DoctorLoggingAspect profileAllMethods | Execution time of CustomInterceptorAppConfig.addInterceptors :: 2 ms
  [2021-12-15 20:14:58,039], , [main], doctor-registration-service, WARN  JpaBaseConfiguration$JpaWebConfiguration$JpaWebMvcConfiguration openEntityManagerInViewInterceptor | spring.jpa.open-in-view is enabled by default. Therefore, database queries may be performed during view rendering. Explicitly configure spring.jpa.open-in-view to disable this warning
  [2021-12-15 20:14:59,287], , [main], doctor-registration-service, INFO  EndpointLinksResolver <init> | Exposing 2 endpoint(s) beneath base path '/actuator'
  [2021-12-15 20:14:59,434], , [main], doctor-registration-service, INFO  Http11NioProtocol log | Starting ProtocolHandler ["http-nio-7073"]
  [2021-12-15 20:14:59,480], , [main], doctor-registration-service, INFO  TomcatWebServer start | Tomcat started on port(s): 7073 (http) with context path '/doctor-registration'
  [2021-12-15 20:14:59,484], , [main], doctor-registration-service, INFO  DoctorRegistrationServiceApplication logStarted | Started DoctorRegistrationServiceApplication in 31.95 seconds (JVM running for 33.586)
  [2021-12-15 20:15:06,099], , [http-nio-7073-exec-2], doctor-registration-service, INFO  [/doctor-registration] log | Initializing Spring DispatcherServlet 'dispatcherServlet'
  [2021-12-15 20:15:06,100], , [http-nio-7073-exec-2], doctor-registration-service, INFO  DispatcherServlet initServletBean | Initializing Servlet 'dispatcherServlet'
  [2021-12-15 20:15:06,133], , [http-nio-7073-exec-2], doctor-registration-service, INFO  DispatcherServlet initServletBean | Completed initialization in 33 ms
841aaf6d08b2ef5a 841aaf6d08b2ef5a [2021-12-15 20:15:06,167], , [http-nio-7073-exec-2], doctor-registration-service, INFO  DoctorLoggingAspect profileAllMethods | Start of CustomInterceptor.preHandle
841aaf6d08b2ef5a 841aaf6d08b2ef5a [2021-12-15 20:15:06,174], , [http-nio-7073-exec-2], doctor-registration-service, INFO  DoctorLoggingAspect profileAllMethods | END of CustomInterceptor.preHandle
841aaf6d08b2ef5a 841aaf6d08b2ef5a [2021-12-15 20:15:06,175], , [http-nio-7073-exec-2], doctor-registration-service, INFO  DoctorLoggingAspect profileAllMethods | Execution time of CustomInterceptor.preHandle :: 8 ms
841aaf6d08b2ef5a 841aaf6d08b2ef5a [2021-12-15 20:15:06,252], 0:0:0:0:0:0:0:1, [http-nio-7073-exec-2], doctor-registration-service, INFO  DoctorLoggingAspect profileAllMethods | Start of RegistrationController.saveDoctorRegistrationDetails
841aaf6d08b2ef5a 841aaf6d08b2ef5a [2021-12-15 20:15:06,263], 0:0:0:0:0:0:0:1, [http-nio-7073-exec-2], doctor-registration-service, INFO  RegistrationController saveDoctorRegistrationDetails | Request Receive for doctor registartion,Inside save doctor details method
841aaf6d08b2ef5a 841aaf6d08b2ef5a [2021-12-15 20:15:07,611], 0:0:0:0:0:0:0:1, [http-nio-7073-exec-2], doctor-registration-service, INFO  DoctorLoggingAspect profileAllMethods | Start of RegistrationServiceImpl.saveDoctorRegistrationDetails
841aaf6d08b2ef5a 841aaf6d08b2ef5a [2021-12-15 20:15:07,661], 0:0:0:0:0:0:0:1, [http-nio-7073-exec-2], doctor-registration-service, INFO  RegistrationServiceImpl verifyCaptcha | Captcha Varification Api called
841aaf6d08b2ef5a 841aaf6d08b2ef5a [2021-12-15 20:15:08,004], 0:0:0:0:0:0:0:1, [http-nio-7073-exec-2], doctor-registration-service, INFO  RegistrationServiceImpl verifyCaptcha | Captcha Api status : 
841aaf6d08b2ef5a 841aaf6d08b2ef5a [2021-12-15 20:15:08,009], 0:0:0:0:0:0:0:1, [http-nio-7073-exec-2], doctor-registration-service, INFO  DoctorLoggingAspect profileAllMethods | Start of CommonValidationUtil.validateMobileNo
841aaf6d08b2ef5a 841aaf6d08b2ef5a [2021-12-15 20:15:08,050], 0:0:0:0:0:0:0:1, [http-nio-7073-exec-2], doctor-registration-service, INFO  DoctorLoggingAspect profileAllMethods | END of CommonValidationUtil.validateMobileNo
841aaf6d08b2ef5a 841aaf6d08b2ef5a [2021-12-15 20:15:08,051], 0:0:0:0:0:0:0:1, [http-nio-7073-exec-2], doctor-registration-service, INFO  DoctorLoggingAspect profileAllMethods | Execution time of CommonValidationUtil.validateMobileNo :: 42 ms
841aaf6d08b2ef5a 841aaf6d08b2ef5a [2021-12-15 20:15:08,053], 0:0:0:0:0:0:0:1, [http-nio-7073-exec-2], doctor-registration-service, INFO  DoctorLoggingAspect profileAllMethods | Start of CommonValidationUtil.validateEmail
841aaf6d08b2ef5a 841aaf6d08b2ef5a [2021-12-15 20:15:08,057], 0:0:0:0:0:0:0:1, [http-nio-7073-exec-2], doctor-registration-service, INFO  DoctorLoggingAspect profileAllMethods | END of CommonValidationUtil.validateEmail
841aaf6d08b2ef5a 841aaf6d08b2ef5a [2021-12-15 20:15:08,060], 0:0:0:0:0:0:0:1, [http-nio-7073-exec-2], doctor-registration-service, INFO  DoctorLoggingAspect profileAllMethods | Execution time of CommonValidationUtil.validateEmail :: 6 ms
841aaf6d08b2ef5a 841aaf6d08b2ef5a [2021-12-15 20:15:08,061], 0:0:0:0:0:0:0:1, [http-nio-7073-exec-2], doctor-registration-service, INFO  DoctorLoggingAspect profileAllMethods | Start of CommonValidationUtil.validatePassword
841aaf6d08b2ef5a 841aaf6d08b2ef5a [2021-12-15 20:15:08,064], 0:0:0:0:0:0:0:1, [http-nio-7073-exec-2], doctor-registration-service, INFO  DoctorLoggingAspect profileAllMethods | END of CommonValidationUtil.validatePassword
841aaf6d08b2ef5a 841aaf6d08b2ef5a [2021-12-15 20:15:08,066], 0:0:0:0:0:0:0:1, [http-nio-7073-exec-2], doctor-registration-service, INFO  DoctorLoggingAspect profileAllMethods | Execution time of CommonValidationUtil.validatePassword :: 5 ms
841aaf6d08b2ef5a 841aaf6d08b2ef5a [2021-12-15 20:15:08,073], 0:0:0:0:0:0:0:1, [http-nio-7073-exec-2], doctor-registration-service, INFO  DoctorLoggingAspect profileAllMethods | END of RegistrationServiceImpl.saveDoctorRegistrationDetails
841aaf6d08b2ef5a 841aaf6d08b2ef5a [2021-12-15 20:15:08,075], 0:0:0:0:0:0:0:1, [http-nio-7073-exec-2], doctor-registration-service, INFO  DoctorLoggingAspect profileAllMethods | Execution time of RegistrationServiceImpl.saveDoctorRegistrationDetails :: 464 ms
841aaf6d08b2ef5a 841aaf6d08b2ef5a [2021-12-15 20:15:08,080], 0:0:0:0:0:0:0:1, [http-nio-7073-exec-2], doctor-registration-service, INFO  DoctorLoggingAspect profileAllMethods | END of RegistrationController.saveDoctorRegistrationDetails
841aaf6d08b2ef5a 841aaf6d08b2ef5a [2021-12-15 20:15:08,082], 0:0:0:0:0:0:0:1, [http-nio-7073-exec-2], doctor-registration-service, INFO  DoctorLoggingAspect profileAllMethods | Execution time of RegistrationController.saveDoctorRegistrationDetails :: 1830 ms
841aaf6d08b2ef5a 841aaf6d08b2ef5a [2021-12-15 20:15:08,184], 0:0:0:0:0:0:0:1, [http-nio-7073-exec-2], doctor-registration-service, INFO  DoctorLoggingAspect profileAllMethods | Start of CustomInterceptor.postHandle
841aaf6d08b2ef5a 841aaf6d08b2ef5a [2021-12-15 20:15:08,185], 0:0:0:0:0:0:0:1, [http-nio-7073-exec-2], doctor-registration-service, INFO  DoctorLoggingAspect profileAllMethods | END of CustomInterceptor.postHandle
841aaf6d08b2ef5a 841aaf6d08b2ef5a [2021-12-15 20:15:08,186], 0:0:0:0:0:0:0:1, [http-nio-7073-exec-2], doctor-registration-service, INFO  DoctorLoggingAspect profileAllMethods | Execution time of CustomInterceptor.postHandle :: 2 ms
841aaf6d08b2ef5a 841aaf6d08b2ef5a [2021-12-15 20:15:08,192], 0:0:0:0:0:0:0:1, [http-nio-7073-exec-2], doctor-registration-service, INFO  DoctorLoggingAspect profileAllMethods | Start of CustomInterceptor.afterCompletion
841aaf6d08b2ef5a 841aaf6d08b2ef5a [2021-12-15 20:15:08,194], 0:0:0:0:0:0:0:1, [http-nio-7073-exec-2], doctor-registration-service, INFO  DoctorLoggingAspect profileAllMethods | END of CustomInterceptor.afterCompletion
841aaf6d08b2ef5a 841aaf6d08b2ef5a [2021-12-15 20:15:08,195], 0:0:0:0:0:0:0:1, [http-nio-7073-exec-2], doctor-registration-service, INFO  DoctorLoggingAspect profileAllMethods | Execution time of CustomInterceptor.afterCompletion :: 3 ms
2e13836837483542 2e13836837483542 [2021-12-15 20:15:52,903], , [http-nio-7073-exec-4], doctor-registration-service, INFO  DoctorLoggingAspect profileAllMethods | Start of CustomInterceptor.preHandle
2e13836837483542 2e13836837483542 [2021-12-15 20:15:52,905], , [http-nio-7073-exec-4], doctor-registration-service, INFO  DoctorLoggingAspect profileAllMethods | END of CustomInterceptor.preHandle
2e13836837483542 2e13836837483542 [2021-12-15 20:15:52,905], , [http-nio-7073-exec-4], doctor-registration-service, INFO  DoctorLoggingAspect profileAllMethods | Execution time of CustomInterceptor.preHandle :: 2 ms
2e13836837483542 2e13836837483542 [2021-12-15 20:15:52,912], 0:0:0:0:0:0:0:1, [http-nio-7073-exec-4], doctor-registration-service, INFO  DoctorLoggingAspect profileAllMethods | Start of RegistrationController.saveDoctorRegistrationDetails
2e13836837483542 2e13836837483542 [2021-12-15 20:15:52,913], 0:0:0:0:0:0:0:1, [http-nio-7073-exec-4], doctor-registration-service, INFO  RegistrationController saveDoctorRegistrationDetails | Request Receive for doctor registartion,Inside save doctor details method
2e13836837483542 2e13836837483542 [2021-12-15 20:15:53,086], 0:0:0:0:0:0:0:1, [http-nio-7073-exec-4], doctor-registration-service, INFO  DoctorLoggingAspect profileAllMethods | Start of RegistrationServiceImpl.saveDoctorRegistrationDetails
2e13836837483542 2e13836837483542 [2021-12-15 20:15:53,088], 0:0:0:0:0:0:0:1, [http-nio-7073-exec-4], doctor-registration-service, INFO  RegistrationServiceImpl verifyCaptcha | Captcha Varification Api called
2e13836837483542 2e13836837483542 [2021-12-15 20:15:55,125], 0:0:0:0:0:0:0:1, [http-nio-7073-exec-4], doctor-registration-service, INFO  RegistrationServiceImpl verifyCaptcha | Captcha Api status : 
2e13836837483542 2e13836837483542 [2021-12-15 20:15:55,129], 0:0:0:0:0:0:0:1, [http-nio-7073-exec-4], doctor-registration-service, INFO  DoctorLoggingAspect profileAllMethods | Start of CommonValidationUtil.validateMobileNo
2e13836837483542 2e13836837483542 [2021-12-15 20:15:55,133], 0:0:0:0:0:0:0:1, [http-nio-7073-exec-4], doctor-registration-service, INFO  DoctorLoggingAspect profileAllMethods | END of CommonValidationUtil.validateMobileNo
2e13836837483542 2e13836837483542 [2021-12-15 20:15:55,136], 0:0:0:0:0:0:0:1, [http-nio-7073-exec-4], doctor-registration-service, INFO  DoctorLoggingAspect profileAllMethods | Execution time of CommonValidationUtil.validateMobileNo :: 7 ms
2e13836837483542 2e13836837483542 [2021-12-15 20:15:55,141], 0:0:0:0:0:0:0:1, [http-nio-7073-exec-4], doctor-registration-service, INFO  DoctorLoggingAspect profileAllMethods | Start of CommonValidationUtil.validateEmail
2e13836837483542 2e13836837483542 [2021-12-15 20:15:55,146], 0:0:0:0:0:0:0:1, [http-nio-7073-exec-4], doctor-registration-service, INFO  DoctorLoggingAspect profileAllMethods | END of CommonValidationUtil.validateEmail
2e13836837483542 2e13836837483542 [2021-12-15 20:15:55,149], 0:0:0:0:0:0:0:1, [http-nio-7073-exec-4], doctor-registration-service, INFO  DoctorLoggingAspect profileAllMethods | Execution time of CommonValidationUtil.validateEmail :: 8 ms
2e13836837483542 2e13836837483542 [2021-12-15 20:15:55,152], 0:0:0:0:0:0:0:1, [http-nio-7073-exec-4], doctor-registration-service, INFO  DoctorLoggingAspect profileAllMethods | Start of CommonValidationUtil.validatePassword
2e13836837483542 2e13836837483542 [2021-12-15 20:15:55,155], 0:0:0:0:0:0:0:1, [http-nio-7073-exec-4], doctor-registration-service, INFO  DoctorLoggingAspect profileAllMethods | END of CommonValidationUtil.validatePassword
2e13836837483542 2e13836837483542 [2021-12-15 20:15:55,156], 0:0:0:0:0:0:0:1, [http-nio-7073-exec-4], doctor-registration-service, INFO  DoctorLoggingAspect profileAllMethods | Execution time of CommonValidationUtil.validatePassword :: 5 ms
2e13836837483542 2e13836837483542 [2021-12-15 20:15:55,158], 0:0:0:0:0:0:0:1, [http-nio-7073-exec-4], doctor-registration-service, INFO  DoctorLoggingAspect profileAllMethods | END of RegistrationServiceImpl.saveDoctorRegistrationDetails
2e13836837483542 2e13836837483542 [2021-12-15 20:15:55,160], 0:0:0:0:0:0:0:1, [http-nio-7073-exec-4], doctor-registration-service, INFO  DoctorLoggingAspect profileAllMethods | Execution time of RegistrationServiceImpl.saveDoctorRegistrationDetails :: 2074 ms
2e13836837483542 2e13836837483542 [2021-12-15 20:15:55,163], 0:0:0:0:0:0:0:1, [http-nio-7073-exec-4], doctor-registration-service, INFO  DoctorLoggingAspect profileAllMethods | END of RegistrationController.saveDoctorRegistrationDetails
2e13836837483542 2e13836837483542 [2021-12-15 20:15:55,165], 0:0:0:0:0:0:0:1, [http-nio-7073-exec-4], doctor-registration-service, INFO  DoctorLoggingAspect profileAllMethods | Execution time of RegistrationController.saveDoctorRegistrationDetails :: 2253 ms
2e13836837483542 2e13836837483542 [2021-12-15 20:15:55,171], 0:0:0:0:0:0:0:1, [http-nio-7073-exec-4], doctor-registration-service, INFO  DoctorLoggingAspect profileAllMethods | Start of CustomInterceptor.postHandle
2e13836837483542 2e13836837483542 [2021-12-15 20:15:55,173], 0:0:0:0:0:0:0:1, [http-nio-7073-exec-4], doctor-registration-service, INFO  DoctorLoggingAspect profileAllMethods | END of CustomInterceptor.postHandle
2e13836837483542 2e13836837483542 [2021-12-15 20:15:55,174], 0:0:0:0:0:0:0:1, [http-nio-7073-exec-4], doctor-registration-service, INFO  DoctorLoggingAspect profileAllMethods | Execution time of CustomInterceptor.postHandle :: 3 ms
2e13836837483542 2e13836837483542 [2021-12-15 20:15:55,176], 0:0:0:0:0:0:0:1, [http-nio-7073-exec-4], doctor-registration-service, INFO  DoctorLoggingAspect profileAllMethods | Start of CustomInterceptor.afterCompletion
2e13836837483542 2e13836837483542 [2021-12-15 20:15:55,178], 0:0:0:0:0:0:0:1, [http-nio-7073-exec-4], doctor-registration-service, INFO  DoctorLoggingAspect profileAllMethods | END of CustomInterceptor.afterCompletion
2e13836837483542 2e13836837483542 [2021-12-15 20:15:55,180], 0:0:0:0:0:0:0:1, [http-nio-7073-exec-4], doctor-registration-service, INFO  DoctorLoggingAspect profileAllMethods | Execution time of CustomInterceptor.afterCompletion :: 4 ms
e0ea359cca8ebfb6 e0ea359cca8ebfb6 [2021-12-15 20:18:32,651], , [http-nio-7073-exec-7], doctor-registration-service, INFO  DoctorLoggingAspect profileAllMethods | Start of CustomInterceptor.preHandle
e0ea359cca8ebfb6 e0ea359cca8ebfb6 [2021-12-15 20:18:32,652], , [http-nio-7073-exec-7], doctor-registration-service, INFO  DoctorLoggingAspect profileAllMethods | END of CustomInterceptor.preHandle
e0ea359cca8ebfb6 e0ea359cca8ebfb6 [2021-12-15 20:18:32,653], , [http-nio-7073-exec-7], doctor-registration-service, INFO  DoctorLoggingAspect profileAllMethods | Execution time of CustomInterceptor.preHandle :: 2 ms
e0ea359cca8ebfb6 e0ea359cca8ebfb6 [2021-12-15 20:18:32,657], 0:0:0:0:0:0:0:1, [http-nio-7073-exec-7], doctor-registration-service, INFO  DoctorLoggingAspect profileAllMethods | Start of RegistrationController.saveDoctorRegistrationDetails
e0ea359cca8ebfb6 e0ea359cca8ebfb6 [2021-12-15 20:18:32,658], 0:0:0:0:0:0:0:1, [http-nio-7073-exec-7], doctor-registration-service, INFO  RegistrationController saveDoctorRegistrationDetails | Request Receive for doctor registartion,Inside save doctor details method
e0ea359cca8ebfb6 e0ea359cca8ebfb6 [2021-12-15 20:18:32,736], 0:0:0:0:0:0:0:1, [http-nio-7073-exec-7], doctor-registration-service, INFO  DoctorLoggingAspect profileAllMethods | Start of RegistrationServiceImpl.saveDoctorRegistrationDetails
e0ea359cca8ebfb6 e0ea359cca8ebfb6 [2021-12-15 20:18:32,737], 0:0:0:0:0:0:0:1, [http-nio-7073-exec-7], doctor-registration-service, INFO  RegistrationServiceImpl verifyCaptcha | Captcha Varification Api called
e0ea359cca8ebfb6 e0ea359cca8ebfb6 [2021-12-15 20:18:32,920], 0:0:0:0:0:0:0:1, [http-nio-7073-exec-7], doctor-registration-service, INFO  RegistrationServiceImpl verifyCaptcha | Captcha Api status : 
e0ea359cca8ebfb6 e0ea359cca8ebfb6 [2021-12-15 20:18:32,922], 0:0:0:0:0:0:0:1, [http-nio-7073-exec-7], doctor-registration-service, INFO  DoctorLoggingAspect profileAllMethods | Start of CommonValidationUtil.validateMobileNo
e0ea359cca8ebfb6 e0ea359cca8ebfb6 [2021-12-15 20:18:32,924], 0:0:0:0:0:0:0:1, [http-nio-7073-exec-7], doctor-registration-service, INFO  DoctorLoggingAspect profileAllMethods | END of CommonValidationUtil.validateMobileNo
e0ea359cca8ebfb6 e0ea359cca8ebfb6 [2021-12-15 20:18:32,926], 0:0:0:0:0:0:0:1, [http-nio-7073-exec-7], doctor-registration-service, INFO  DoctorLoggingAspect profileAllMethods | Execution time of CommonValidationUtil.validateMobileNo :: 3 ms
e0ea359cca8ebfb6 e0ea359cca8ebfb6 [2021-12-15 20:18:32,927], 0:0:0:0:0:0:0:1, [http-nio-7073-exec-7], doctor-registration-service, INFO  DoctorLoggingAspect profileAllMethods | Start of CommonValidationUtil.validateEmail
e0ea359cca8ebfb6 e0ea359cca8ebfb6 [2021-12-15 20:18:32,931], 0:0:0:0:0:0:0:1, [http-nio-7073-exec-7], doctor-registration-service, INFO  DoctorLoggingAspect profileAllMethods | END of CommonValidationUtil.validateEmail
e0ea359cca8ebfb6 e0ea359cca8ebfb6 [2021-12-15 20:18:32,933], 0:0:0:0:0:0:0:1, [http-nio-7073-exec-7], doctor-registration-service, INFO  DoctorLoggingAspect profileAllMethods | Execution time of CommonValidationUtil.validateEmail :: 6 ms
e0ea359cca8ebfb6 e0ea359cca8ebfb6 [2021-12-15 20:18:32,935], 0:0:0:0:0:0:0:1, [http-nio-7073-exec-7], doctor-registration-service, INFO  DoctorLoggingAspect profileAllMethods | Start of CommonValidationUtil.validatePassword
e0ea359cca8ebfb6 e0ea359cca8ebfb6 [2021-12-15 20:18:32,937], 0:0:0:0:0:0:0:1, [http-nio-7073-exec-7], doctor-registration-service, INFO  DoctorLoggingAspect profileAllMethods | END of CommonValidationUtil.validatePassword
e0ea359cca8ebfb6 e0ea359cca8ebfb6 [2021-12-15 20:18:32,939], 0:0:0:0:0:0:0:1, [http-nio-7073-exec-7], doctor-registration-service, INFO  DoctorLoggingAspect profileAllMethods | Execution time of CommonValidationUtil.validatePassword :: 4 ms
e0ea359cca8ebfb6 e0ea359cca8ebfb6 [2021-12-15 20:18:32,940], 0:0:0:0:0:0:0:1, [http-nio-7073-exec-7], doctor-registration-service, INFO  DoctorLoggingAspect profileAllMethods | Start of CommonValidationUtil.validateFullName
e0ea359cca8ebfb6 e0ea359cca8ebfb6 [2021-12-15 20:18:32,942], 0:0:0:0:0:0:0:1, [http-nio-7073-exec-7], doctor-registration-service, INFO  DoctorLoggingAspect profileAllMethods | END of CommonValidationUtil.validateFullName
e0ea359cca8ebfb6 e0ea359cca8ebfb6 [2021-12-15 20:18:32,944], 0:0:0:0:0:0:0:1, [http-nio-7073-exec-7], doctor-registration-service, INFO  DoctorLoggingAspect profileAllMethods | Execution time of CommonValidationUtil.validateFullName :: 3 ms
e0ea359cca8ebfb6 e0ea359cca8ebfb6 [2021-12-15 20:18:32,946], 0:0:0:0:0:0:0:1, [http-nio-7073-exec-7], doctor-registration-service, INFO  DoctorLoggingAspect profileAllMethods | Start of CommonValidationUtil.validateUserID
e0ea359cca8ebfb6 e0ea359cca8ebfb6 [2021-12-15 20:18:32,948], 0:0:0:0:0:0:0:1, [http-nio-7073-exec-7], doctor-registration-service, INFO  DoctorLoggingAspect profileAllMethods | END of CommonValidationUtil.validateUserID
e0ea359cca8ebfb6 e0ea359cca8ebfb6 [2021-12-15 20:18:32,950], 0:0:0:0:0:0:0:1, [http-nio-7073-exec-7], doctor-registration-service, INFO  DoctorLoggingAspect profileAllMethods | Execution time of CommonValidationUtil.validateUserID :: 4 ms
e0ea359cca8ebfb6 e0ea359cca8ebfb6 [2021-12-15 20:18:32,953], 0:0:0:0:0:0:0:1, [http-nio-7073-exec-7], doctor-registration-service, INFO  DoctorLoggingAspect profileAllMethods | Start of RegistrationRepo.findByDocUserID
e0ea359cca8ebfb6 e0ea359cca8ebfb6 [2021-12-15 20:18:33,249], 0:0:0:0:0:0:0:1, [http-nio-7073-exec-7], doctor-registration-service, INFO  DoctorLoggingAspect profileAllMethods | END of RegistrationRepo.findByDocUserID
e0ea359cca8ebfb6 e0ea359cca8ebfb6 [2021-12-15 20:18:33,252], 0:0:0:0:0:0:0:1, [http-nio-7073-exec-7], doctor-registration-service, INFO  DoctorLoggingAspect profileAllMethods | Execution time of RegistrationRepo.findByDocUserID :: 299 ms
e0ea359cca8ebfb6 e0ea359cca8ebfb6 [2021-12-15 20:18:33,258], 0:0:0:0:0:0:0:1, [http-nio-7073-exec-7], doctor-registration-service, INFO  DoctorLoggingAspect profileAllMethods | Start of RegistrationRepo.findByDocMobNo
e0ea359cca8ebfb6 e0ea359cca8ebfb6 [2021-12-15 20:18:33,371], 0:0:0:0:0:0:0:1, [http-nio-7073-exec-7], doctor-registration-service, INFO  DoctorLoggingAspect profileAllMethods | END of RegistrationRepo.findByDocMobNo
e0ea359cca8ebfb6 e0ea359cca8ebfb6 [2021-12-15 20:18:33,374], 0:0:0:0:0:0:0:1, [http-nio-7073-exec-7], doctor-registration-service, INFO  DoctorLoggingAspect profileAllMethods | Execution time of RegistrationRepo.findByDocMobNo :: 116 ms
e0ea359cca8ebfb6 e0ea359cca8ebfb6 [2021-12-15 20:18:33,378], 0:0:0:0:0:0:0:1, [http-nio-7073-exec-7], doctor-registration-service, INFO  DoctorLoggingAspect profileAllMethods | Start of RegistrationRepo.findByDocEmail
e0ea359cca8ebfb6 e0ea359cca8ebfb6 [2021-12-15 20:18:33,651], 0:0:0:0:0:0:0:1, [http-nio-7073-exec-7], doctor-registration-service, INFO  DoctorLoggingAspect profileAllMethods | END of RegistrationRepo.findByDocEmail
e0ea359cca8ebfb6 e0ea359cca8ebfb6 [2021-12-15 20:18:33,652], 0:0:0:0:0:0:0:1, [http-nio-7073-exec-7], doctor-registration-service, INFO  DoctorLoggingAspect profileAllMethods | Execution time of RegistrationRepo.findByDocEmail :: 274 ms
e0ea359cca8ebfb6 e0ea359cca8ebfb6 [2021-12-15 20:18:33,653], 0:0:0:0:0:0:0:1, [http-nio-7073-exec-7], doctor-registration-service, INFO  DoctorLoggingAspect profileAllMethods | END of RegistrationServiceImpl.saveDoctorRegistrationDetails
e0ea359cca8ebfb6 e0ea359cca8ebfb6 [2021-12-15 20:18:33,654], 0:0:0:0:0:0:0:1, [http-nio-7073-exec-7], doctor-registration-service, INFO  DoctorLoggingAspect profileAllMethods | Execution time of RegistrationServiceImpl.saveDoctorRegistrationDetails :: 918 ms
e0ea359cca8ebfb6 e0ea359cca8ebfb6 [2021-12-15 20:18:33,758], 0:0:0:0:0:0:0:1, [http-nio-7073-exec-7], doctor-registration-service, INFO  DoctorLoggingAspect profileAllMethods | END of RegistrationController.saveDoctorRegistrationDetails
e0ea359cca8ebfb6 e0ea359cca8ebfb6 [2021-12-15 20:18:33,760], 0:0:0:0:0:0:0:1, [http-nio-7073-exec-7], doctor-registration-service, INFO  DoctorLoggingAspect profileAllMethods | Execution time of RegistrationController.saveDoctorRegistrationDetails :: 1103 ms
e0ea359cca8ebfb6 e0ea359cca8ebfb6 [2021-12-15 20:18:33,767], 0:0:0:0:0:0:0:1, [http-nio-7073-exec-7], doctor-registration-service, INFO  DoctorLoggingAspect profileAllMethods | Start of CustomInterceptor.postHandle
e0ea359cca8ebfb6 e0ea359cca8ebfb6 [2021-12-15 20:18:33,768], 0:0:0:0:0:0:0:1, [http-nio-7073-exec-7], doctor-registration-service, INFO  DoctorLoggingAspect profileAllMethods | END of CustomInterceptor.postHandle
e0ea359cca8ebfb6 e0ea359cca8ebfb6 [2021-12-15 20:18:33,770], 0:0:0:0:0:0:0:1, [http-nio-7073-exec-7], doctor-registration-service, INFO  DoctorLoggingAspect profileAllMethods | Execution time of CustomInterceptor.postHandle :: 3 ms
e0ea359cca8ebfb6 e0ea359cca8ebfb6 [2021-12-15 20:18:33,774], 0:0:0:0:0:0:0:1, [http-nio-7073-exec-7], doctor-registration-service, INFO  DoctorLoggingAspect profileAllMethods | Start of CustomInterceptor.afterCompletion
e0ea359cca8ebfb6 e0ea359cca8ebfb6 [2021-12-15 20:18:33,775], 0:0:0:0:0:0:0:1, [http-nio-7073-exec-7], doctor-registration-service, INFO  DoctorLoggingAspect profileAllMethods | END of CustomInterceptor.afterCompletion
e0ea359cca8ebfb6 e0ea359cca8ebfb6 [2021-12-15 20:18:33,776], 0:0:0:0:0:0:0:1, [http-nio-7073-exec-7], doctor-registration-service, INFO  DoctorLoggingAspect profileAllMethods | Execution time of CustomInterceptor.afterCompletion :: 3 ms
fde0d958c51851ab fde0d958c51851ab [2021-12-15 20:18:56,839], , [http-nio-7073-exec-8], doctor-registration-service, INFO  DoctorLoggingAspect profileAllMethods | Start of CustomInterceptor.preHandle
fde0d958c51851ab fde0d958c51851ab [2021-12-15 20:18:56,839], , [http-nio-7073-exec-8], doctor-registration-service, INFO  DoctorLoggingAspect profileAllMethods | END of CustomInterceptor.preHandle
fde0d958c51851ab fde0d958c51851ab [2021-12-15 20:18:56,840], , [http-nio-7073-exec-8], doctor-registration-service, INFO  DoctorLoggingAspect profileAllMethods | Execution time of CustomInterceptor.preHandle :: 2 ms
fde0d958c51851ab fde0d958c51851ab [2021-12-15 20:18:56,849], 0:0:0:0:0:0:0:1, [http-nio-7073-exec-8], doctor-registration-service, INFO  DoctorLoggingAspect profileAllMethods | Start of RegistrationController.saveDoctorRegistrationDetails
fde0d958c51851ab fde0d958c51851ab [2021-12-15 20:18:56,850], 0:0:0:0:0:0:0:1, [http-nio-7073-exec-8], doctor-registration-service, INFO  RegistrationController saveDoctorRegistrationDetails | Request Receive for doctor registartion,Inside save doctor details method
fde0d958c51851ab fde0d958c51851ab [2021-12-15 20:18:56,961], 0:0:0:0:0:0:0:1, [http-nio-7073-exec-8], doctor-registration-service, INFO  DoctorLoggingAspect profileAllMethods | Start of RegistrationServiceImpl.saveDoctorRegistrationDetails
fde0d958c51851ab fde0d958c51851ab [2021-12-15 20:18:56,962], 0:0:0:0:0:0:0:1, [http-nio-7073-exec-8], doctor-registration-service, INFO  RegistrationServiceImpl verifyCaptcha | Captcha Varification Api called
fde0d958c51851ab fde0d958c51851ab [2021-12-15 20:18:57,140], 0:0:0:0:0:0:0:1, [http-nio-7073-exec-8], doctor-registration-service, INFO  RegistrationServiceImpl verifyCaptcha | Captcha Api status : 
fde0d958c51851ab fde0d958c51851ab [2021-12-15 20:18:57,140], 0:0:0:0:0:0:0:1, [http-nio-7073-exec-8], doctor-registration-service, INFO  DoctorLoggingAspect profileAllMethods | Start of CommonValidationUtil.validateMobileNo
fde0d958c51851ab fde0d958c51851ab [2021-12-15 20:18:57,141], 0:0:0:0:0:0:0:1, [http-nio-7073-exec-8], doctor-registration-service, INFO  DoctorLoggingAspect profileAllMethods | END of CommonValidationUtil.validateMobileNo
fde0d958c51851ab fde0d958c51851ab [2021-12-15 20:18:57,142], 0:0:0:0:0:0:0:1, [http-nio-7073-exec-8], doctor-registration-service, INFO  DoctorLoggingAspect profileAllMethods | Execution time of CommonValidationUtil.validateMobileNo :: 2 ms
fde0d958c51851ab fde0d958c51851ab [2021-12-15 20:18:57,143], 0:0:0:0:0:0:0:1, [http-nio-7073-exec-8], doctor-registration-service, INFO  DoctorLoggingAspect profileAllMethods | Start of CommonValidationUtil.validateEmail
fde0d958c51851ab fde0d958c51851ab [2021-12-15 20:18:57,145], 0:0:0:0:0:0:0:1, [http-nio-7073-exec-8], doctor-registration-service, INFO  DoctorLoggingAspect profileAllMethods | END of CommonValidationUtil.validateEmail
fde0d958c51851ab fde0d958c51851ab [2021-12-15 20:18:57,146], 0:0:0:0:0:0:0:1, [http-nio-7073-exec-8], doctor-registration-service, INFO  DoctorLoggingAspect profileAllMethods | Execution time of CommonValidationUtil.validateEmail :: 2 ms
fde0d958c51851ab fde0d958c51851ab [2021-12-15 20:18:57,146], 0:0:0:0:0:0:0:1, [http-nio-7073-exec-8], doctor-registration-service, INFO  DoctorLoggingAspect profileAllMethods | Start of CommonValidationUtil.validatePassword
fde0d958c51851ab fde0d958c51851ab [2021-12-15 20:18:57,147], 0:0:0:0:0:0:0:1, [http-nio-7073-exec-8], doctor-registration-service, INFO  DoctorLoggingAspect profileAllMethods | END of CommonValidationUtil.validatePassword
fde0d958c51851ab fde0d958c51851ab [2021-12-15 20:18:57,148], 0:0:0:0:0:0:0:1, [http-nio-7073-exec-8], doctor-registration-service, INFO  DoctorLoggingAspect profileAllMethods | Execution time of CommonValidationUtil.validatePassword :: 2 ms
fde0d958c51851ab fde0d958c51851ab [2021-12-15 20:18:57,149], 0:0:0:0:0:0:0:1, [http-nio-7073-exec-8], doctor-registration-service, INFO  DoctorLoggingAspect profileAllMethods | Start of CommonValidationUtil.validateFullName
fde0d958c51851ab fde0d958c51851ab [2021-12-15 20:18:57,150], 0:0:0:0:0:0:0:1, [http-nio-7073-exec-8], doctor-registration-service, INFO  DoctorLoggingAspect profileAllMethods | END of CommonValidationUtil.validateFullName
fde0d958c51851ab fde0d958c51851ab [2021-12-15 20:18:57,150], 0:0:0:0:0:0:0:1, [http-nio-7073-exec-8], doctor-registration-service, INFO  DoctorLoggingAspect profileAllMethods | Execution time of CommonValidationUtil.validateFullName :: 1 ms
fde0d958c51851ab fde0d958c51851ab [2021-12-15 20:18:57,151], 0:0:0:0:0:0:0:1, [http-nio-7073-exec-8], doctor-registration-service, INFO  DoctorLoggingAspect profileAllMethods | Start of CommonValidationUtil.validateUserID
fde0d958c51851ab fde0d958c51851ab [2021-12-15 20:18:57,152], 0:0:0:0:0:0:0:1, [http-nio-7073-exec-8], doctor-registration-service, INFO  DoctorLoggingAspect profileAllMethods | END of CommonValidationUtil.validateUserID
fde0d958c51851ab fde0d958c51851ab [2021-12-15 20:18:57,153], 0:0:0:0:0:0:0:1, [http-nio-7073-exec-8], doctor-registration-service, INFO  DoctorLoggingAspect profileAllMethods | Execution time of CommonValidationUtil.validateUserID :: 2 ms
fde0d958c51851ab fde0d958c51851ab [2021-12-15 20:18:57,153], 0:0:0:0:0:0:0:1, [http-nio-7073-exec-8], doctor-registration-service, INFO  DoctorLoggingAspect profileAllMethods | Start of RegistrationRepo.findByDocUserID
fde0d958c51851ab fde0d958c51851ab [2021-12-15 20:18:57,241], 0:0:0:0:0:0:0:1, [http-nio-7073-exec-8], doctor-registration-service, INFO  DoctorLoggingAspect profileAllMethods | END of RegistrationRepo.findByDocUserID
fde0d958c51851ab fde0d958c51851ab [2021-12-15 20:18:57,244], 0:0:0:0:0:0:0:1, [http-nio-7073-exec-8], doctor-registration-service, INFO  DoctorLoggingAspect profileAllMethods | Execution time of RegistrationRepo.findByDocUserID :: 91 ms
fde0d958c51851ab fde0d958c51851ab [2021-12-15 20:18:57,247], 0:0:0:0:0:0:0:1, [http-nio-7073-exec-8], doctor-registration-service, INFO  DoctorLoggingAspect profileAllMethods | Start of RegistrationRepo.findByDocMobNo
fde0d958c51851ab fde0d958c51851ab [2021-12-15 20:18:57,349], 0:0:0:0:0:0:0:1, [http-nio-7073-exec-8], doctor-registration-service, INFO  DoctorLoggingAspect profileAllMethods | END of RegistrationRepo.findByDocMobNo
fde0d958c51851ab fde0d958c51851ab [2021-12-15 20:18:57,353], 0:0:0:0:0:0:0:1, [http-nio-7073-exec-8], doctor-registration-service, INFO  DoctorLoggingAspect profileAllMethods | Execution time of RegistrationRepo.findByDocMobNo :: 106 ms
fde0d958c51851ab fde0d958c51851ab [2021-12-15 20:18:57,356], 0:0:0:0:0:0:0:1, [http-nio-7073-exec-8], doctor-registration-service, INFO  DoctorLoggingAspect profileAllMethods | Start of RegistrationRepo.findByDocEmail
fde0d958c51851ab fde0d958c51851ab [2021-12-15 20:18:57,457], 0:0:0:0:0:0:0:1, [http-nio-7073-exec-8], doctor-registration-service, INFO  DoctorLoggingAspect profileAllMethods | END of RegistrationRepo.findByDocEmail
fde0d958c51851ab fde0d958c51851ab [2021-12-15 20:18:57,457], 0:0:0:0:0:0:0:1, [http-nio-7073-exec-8], doctor-registration-service, INFO  DoctorLoggingAspect profileAllMethods | Execution time of RegistrationRepo.findByDocEmail :: 101 ms
fde0d958c51851ab fde0d958c51851ab [2021-12-15 20:18:57,458], 0:0:0:0:0:0:0:1, [http-nio-7073-exec-8], doctor-registration-service, INFO  RegistrationServiceImpl saveDoctorProfilePhoto | Loading the scribe profile photo to file system
fde0d958c51851ab fde0d958c51851ab [2021-12-15 20:18:57,493], 0:0:0:0:0:0:0:1, [http-nio-7073-exec-8], doctor-registration-service, INFO  RegistrationServiceImpl saveDoctorProfilePhoto | loaded scribe profile photo successfully to file system
fde0d958c51851ab fde0d958c51851ab [2021-12-15 20:18:57,493], 0:0:0:0:0:0:0:1, [http-nio-7073-exec-8], doctor-registration-service, INFO  RegistrationServiceImpl saveuploadedDocuments | Inside file save method
909599a064677f73 909599a064677f73 [2021-12-15 20:19:47,460], , [http-nio-7073-exec-10], doctor-registration-service, INFO  DoctorLoggingAspect profileAllMethods | Start of CustomInterceptor.preHandle
909599a064677f73 909599a064677f73 [2021-12-15 20:19:47,461], , [http-nio-7073-exec-10], doctor-registration-service, INFO  DoctorLoggingAspect profileAllMethods | END of CustomInterceptor.preHandle
909599a064677f73 909599a064677f73 [2021-12-15 20:19:47,461], , [http-nio-7073-exec-10], doctor-registration-service, INFO  DoctorLoggingAspect profileAllMethods | Execution time of CustomInterceptor.preHandle :: 1 ms
909599a064677f73 909599a064677f73 [2021-12-15 20:19:47,466], 0:0:0:0:0:0:0:1, [http-nio-7073-exec-10], doctor-registration-service, INFO  DoctorLoggingAspect profileAllMethods | Start of RegistrationController.saveDoctorRegistrationDetails
909599a064677f73 909599a064677f73 [2021-12-15 20:19:47,467], 0:0:0:0:0:0:0:1, [http-nio-7073-exec-10], doctor-registration-service, INFO  RegistrationController saveDoctorRegistrationDetails | Request Receive for doctor registartion,Inside save doctor details method
909599a064677f73 909599a064677f73 [2021-12-15 20:19:47,579], 0:0:0:0:0:0:0:1, [http-nio-7073-exec-10], doctor-registration-service, INFO  DoctorLoggingAspect profileAllMethods | Start of RegistrationServiceImpl.saveDoctorRegistrationDetails
909599a064677f73 909599a064677f73 [2021-12-15 20:19:47,580], 0:0:0:0:0:0:0:1, [http-nio-7073-exec-10], doctor-registration-service, INFO  RegistrationServiceImpl verifyCaptcha | Captcha Varification Api called
909599a064677f73 909599a064677f73 [2021-12-15 20:19:47,759], 0:0:0:0:0:0:0:1, [http-nio-7073-exec-10], doctor-registration-service, INFO  RegistrationServiceImpl verifyCaptcha | Captcha Api status : 
909599a064677f73 909599a064677f73 [2021-12-15 20:19:47,759], 0:0:0:0:0:0:0:1, [http-nio-7073-exec-10], doctor-registration-service, INFO  DoctorLoggingAspect profileAllMethods | Start of CommonValidationUtil.validateMobileNo
909599a064677f73 909599a064677f73 [2021-12-15 20:19:47,760], 0:0:0:0:0:0:0:1, [http-nio-7073-exec-10], doctor-registration-service, INFO  DoctorLoggingAspect profileAllMethods | END of CommonValidationUtil.validateMobileNo
909599a064677f73 909599a064677f73 [2021-12-15 20:19:47,760], 0:0:0:0:0:0:0:1, [http-nio-7073-exec-10], doctor-registration-service, INFO  DoctorLoggingAspect profileAllMethods | Execution time of CommonValidationUtil.validateMobileNo :: 1 ms
909599a064677f73 909599a064677f73 [2021-12-15 20:19:47,761], 0:0:0:0:0:0:0:1, [http-nio-7073-exec-10], doctor-registration-service, INFO  DoctorLoggingAspect profileAllMethods | Start of CommonValidationUtil.validateEmail
909599a064677f73 909599a064677f73 [2021-12-15 20:19:47,761], 0:0:0:0:0:0:0:1, [http-nio-7073-exec-10], doctor-registration-service, INFO  DoctorLoggingAspect profileAllMethods | END of CommonValidationUtil.validateEmail
909599a064677f73 909599a064677f73 [2021-12-15 20:19:47,761], 0:0:0:0:0:0:0:1, [http-nio-7073-exec-10], doctor-registration-service, INFO  DoctorLoggingAspect profileAllMethods | Execution time of CommonValidationUtil.validateEmail :: 0 ms
909599a064677f73 909599a064677f73 [2021-12-15 20:19:47,762], 0:0:0:0:0:0:0:1, [http-nio-7073-exec-10], doctor-registration-service, INFO  DoctorLoggingAspect profileAllMethods | Start of CommonValidationUtil.validatePassword
909599a064677f73 909599a064677f73 [2021-12-15 20:19:47,762], 0:0:0:0:0:0:0:1, [http-nio-7073-exec-10], doctor-registration-service, INFO  DoctorLoggingAspect profileAllMethods | END of CommonValidationUtil.validatePassword
909599a064677f73 909599a064677f73 [2021-12-15 20:19:47,763], 0:0:0:0:0:0:0:1, [http-nio-7073-exec-10], doctor-registration-service, INFO  DoctorLoggingAspect profileAllMethods | Execution time of CommonValidationUtil.validatePassword :: 1 ms
909599a064677f73 909599a064677f73 [2021-12-15 20:19:47,763], 0:0:0:0:0:0:0:1, [http-nio-7073-exec-10], doctor-registration-service, INFO  DoctorLoggingAspect profileAllMethods | Start of CommonValidationUtil.validateFullName
909599a064677f73 909599a064677f73 [2021-12-15 20:19:47,764], 0:0:0:0:0:0:0:1, [http-nio-7073-exec-10], doctor-registration-service, INFO  DoctorLoggingAspect profileAllMethods | END of CommonValidationUtil.validateFullName
909599a064677f73 909599a064677f73 [2021-12-15 20:19:47,764], 0:0:0:0:0:0:0:1, [http-nio-7073-exec-10], doctor-registration-service, INFO  DoctorLoggingAspect profileAllMethods | Execution time of CommonValidationUtil.validateFullName :: 1 ms
909599a064677f73 909599a064677f73 [2021-12-15 20:19:47,765], 0:0:0:0:0:0:0:1, [http-nio-7073-exec-10], doctor-registration-service, INFO  DoctorLoggingAspect profileAllMethods | Start of CommonValidationUtil.validateUserID
909599a064677f73 909599a064677f73 [2021-12-15 20:19:47,765], 0:0:0:0:0:0:0:1, [http-nio-7073-exec-10], doctor-registration-service, INFO  DoctorLoggingAspect profileAllMethods | END of CommonValidationUtil.validateUserID
909599a064677f73 909599a064677f73 [2021-12-15 20:19:47,766], 0:0:0:0:0:0:0:1, [http-nio-7073-exec-10], doctor-registration-service, INFO  DoctorLoggingAspect profileAllMethods | Execution time of CommonValidationUtil.validateUserID :: 0 ms
909599a064677f73 909599a064677f73 [2021-12-15 20:19:47,766], 0:0:0:0:0:0:0:1, [http-nio-7073-exec-10], doctor-registration-service, INFO  DoctorLoggingAspect profileAllMethods | Start of RegistrationRepo.findByDocUserID
909599a064677f73 909599a064677f73 [2021-12-15 20:19:47,958], 0:0:0:0:0:0:0:1, [http-nio-7073-exec-10], doctor-registration-service, INFO  DoctorLoggingAspect profileAllMethods | END of RegistrationRepo.findByDocUserID
909599a064677f73 909599a064677f73 [2021-12-15 20:19:47,958], 0:0:0:0:0:0:0:1, [http-nio-7073-exec-10], doctor-registration-service, INFO  DoctorLoggingAspect profileAllMethods | Execution time of RegistrationRepo.findByDocUserID :: 192 ms
909599a064677f73 909599a064677f73 [2021-12-15 20:19:47,959], 0:0:0:0:0:0:0:1, [http-nio-7073-exec-10], doctor-registration-service, INFO  DoctorLoggingAspect profileAllMethods | Start of RegistrationRepo.findByDocMobNo
909599a064677f73 909599a064677f73 [2021-12-15 20:19:48,059], 0:0:0:0:0:0:0:1, [http-nio-7073-exec-10], doctor-registration-service, INFO  DoctorLoggingAspect profileAllMethods | END of RegistrationRepo.findByDocMobNo
909599a064677f73 909599a064677f73 [2021-12-15 20:19:48,061], 0:0:0:0:0:0:0:1, [http-nio-7073-exec-10], doctor-registration-service, INFO  DoctorLoggingAspect profileAllMethods | Execution time of RegistrationRepo.findByDocMobNo :: 102 ms
909599a064677f73 909599a064677f73 [2021-12-15 20:19:48,065], 0:0:0:0:0:0:0:1, [http-nio-7073-exec-10], doctor-registration-service, INFO  DoctorLoggingAspect profileAllMethods | Start of RegistrationRepo.findByDocEmail
909599a064677f73 909599a064677f73 [2021-12-15 20:19:48,160], 0:0:0:0:0:0:0:1, [http-nio-7073-exec-10], doctor-registration-service, INFO  DoctorLoggingAspect profileAllMethods | END of RegistrationRepo.findByDocEmail
909599a064677f73 909599a064677f73 [2021-12-15 20:19:48,161], 0:0:0:0:0:0:0:1, [http-nio-7073-exec-10], doctor-registration-service, INFO  DoctorLoggingAspect profileAllMethods | Execution time of RegistrationRepo.findByDocEmail :: 96 ms
909599a064677f73 909599a064677f73 [2021-12-15 20:19:48,163], 0:0:0:0:0:0:0:1, [http-nio-7073-exec-10], doctor-registration-service, INFO  RegistrationServiceImpl saveDoctorProfilePhoto | Loading the scribe profile photo to file system
909599a064677f73 909599a064677f73 [2021-12-15 20:19:48,181], 0:0:0:0:0:0:0:1, [http-nio-7073-exec-10], doctor-registration-service, INFO  RegistrationServiceImpl saveDoctorProfilePhoto | loaded scribe profile photo successfully to file system
909599a064677f73 909599a064677f73 [2021-12-15 20:19:48,182], 0:0:0:0:0:0:0:1, [http-nio-7073-exec-10], doctor-registration-service, INFO  RegistrationServiceImpl saveuploadedDocuments | Inside file save method
909599a064677f73 909599a064677f73 [2021-12-15 20:20:06,221], 0:0:0:0:0:0:0:1, [http-nio-7073-exec-10], doctor-registration-service, INFO  RegistrationServiceImpl saveuploadedDocuments | split the byte array request and conver with base 64 converter
909599a064677f73 909599a064677f73 [2021-12-15 20:21:26,398], 0:0:0:0:0:0:0:1, [http-nio-7073-exec-10], doctor-registration-service, INFO  RegistrationServiceImpl saveuploadedDocuments | get path of file and save file to particular path
909599a064677f73 909599a064677f73 [2021-12-15 20:24:50,370], 0:0:0:0:0:0:0:1, [http-nio-7073-exec-10], doctor-registration-service, INFO  RegistrationServiceImpl saveuploadedDocuments | Inside file save method
909599a064677f73 909599a064677f73 [2021-12-15 20:25:20,328], 0:0:0:0:0:0:0:1, [http-nio-7073-exec-10], doctor-registration-service, INFO  RegistrationServiceImpl saveuploadedDocuments | split the byte array request and conver with base 64 converter
909599a064677f73 909599a064677f73 [2021-12-15 20:26:32,600], 0:0:0:0:0:0:0:1, [http-nio-7073-exec-10], doctor-registration-service, INFO  RegistrationServiceImpl saveuploadedDocuments | get path of file and save file to particular path
