  [2022-01-19 18:29:05,428], , [main], doctor-registration-service, INFO  PostProcessorRegistrationDelegate$BeanPostProcessorChecker postProcessAfterInitialization | Bean 'org.springframework.cloud.autoconfigure.ConfigurationPropertiesRebinderAutoConfiguration' of type [org.springframework.cloud.autoconfigure.ConfigurationPropertiesRebinderAutoConfiguration$$EnhancerBySpringCGLIB$$a18e02fd] is not eligible for getting processed by all BeanPostProcessors (for example: not eligible for auto-proxying)
  [2022-01-19 18:29:05,947], , [main], doctor-registration-service, INFO  ConfigServicePropertySourceLocator getRemoteEnvironment | Fetching config from server at : http://172.30.151.100:51000/config
  [2022-01-19 18:29:27,123], , [main], doctor-registration-service, INFO  ConfigServicePropertySourceLocator getRemoteEnvironment | Connect Timeout Exception on Url - http://172.30.151.100:51000/config. Will be trying the next url if available
  [2022-01-19 18:29:27,124], , [main], doctor-registration-service, WARN  ConfigServicePropertySourceLocator locate | Could not locate PropertySource: I/O error on GET request for "http://172.30.151.100:51000/config/doctor-registration-service/dev/1.0.1": Connection timed out: connect; nested exception is java.net.ConnectException: Connection timed out: connect
  [2022-01-19 18:29:27,128], , [main], doctor-registration-service, INFO  DoctorRegistrationServiceApplication logStartupProfileInfo | The following profiles are active: dev
  [2022-01-19 18:29:42,599], , [main], doctor-registration-service, INFO  PostProcessorRegistrationDelegate$BeanPostProcessorChecker postProcessAfterInitialization | Bean 'org.springframework.cloud.autoconfigure.ConfigurationPropertiesRebinderAutoConfiguration' of type [org.springframework.cloud.autoconfigure.ConfigurationPropertiesRebinderAutoConfiguration$$EnhancerBySpringCGLIB$$fd016672] is not eligible for getting processed by all BeanPostProcessors (for example: not eligible for auto-proxying)
  [2022-01-19 18:29:43,242], , [main], doctor-registration-service, INFO  ConfigServicePropertySourceLocator getRemoteEnvironment | Fetching config from server at : http://172.30.151.100:51000/config
  [2022-01-19 18:29:44,637], , [main], doctor-registration-service, WARN  ConfigServicePropertySourceLocator locate | Could not locate PropertySource: label not found
  [2022-01-19 18:29:44,646], , [main], doctor-registration-service, INFO  DoctorRegistrationServiceApplication logStartupProfileInfo | The following profiles are active: dev
  [2022-01-19 18:29:46,091], , [main], doctor-registration-service, INFO  RepositoryConfigurationDelegate registerRepositoriesIn | Bootstrapping Spring Data repositories in DEFAULT mode.
  [2022-01-19 18:29:46,253], , [main], doctor-registration-service, INFO  RepositoryConfigurationDelegate registerRepositoriesIn | Finished Spring Data repository scanning in 153ms. Found 11 repository interfaces.
  [2022-01-19 18:29:46,862], , [main], doctor-registration-service, INFO  GenericScope setSerializationId | BeanFactory id=5bd685ba-1b0e-3889-9c9e-2e5cb72ee565
  [2022-01-19 18:29:47,273], , [main], doctor-registration-service, INFO  PostProcessorRegistrationDelegate$BeanPostProcessorChecker postProcessAfterInitialization | Bean 'org.springframework.transaction.annotation.ProxyTransactionManagementConfiguration' of type [org.springframework.transaction.annotation.ProxyTransactionManagementConfiguration$$EnhancerBySpringCGLIB$$e0e76375] is not eligible for getting processed by all BeanPostProcessors (for example: not eligible for auto-proxying)
  [2022-01-19 18:29:47,336], , [main], doctor-registration-service, INFO  PostProcessorRegistrationDelegate$BeanPostProcessorChecker postProcessAfterInitialization | Bean 'org.springframework.cloud.autoconfigure.ConfigurationPropertiesRebinderAutoConfiguration' of type [org.springframework.cloud.autoconfigure.ConfigurationPropertiesRebinderAutoConfiguration$$EnhancerBySpringCGLIB$$fd016672] is not eligible for getting processed by all BeanPostProcessors (for example: not eligible for auto-proxying)
  [2022-01-19 18:29:48,261], , [main], doctor-registration-service, INFO  TomcatWebServer initialize | Tomcat initialized with port(s): 7073 (http)
  [2022-01-19 18:29:48,284], , [main], doctor-registration-service, INFO  Http11NioProtocol log | Initializing ProtocolHandler ["http-nio-7073"]
  [2022-01-19 18:29:48,296], , [main], doctor-registration-service, INFO  StandardService log | Starting service [Tomcat]
  [2022-01-19 18:29:48,297], , [main], doctor-registration-service, INFO  StandardEngine log | Starting Servlet engine: [Apache Tomcat/9.0.16]
  [2022-01-19 18:29:48,312], , [main], doctor-registration-service, INFO  AprLifecycleListener log | The APR based Apache Tomcat Native library which allows optimal performance in production environments was not found on the java.library.path: [D:\Softwares\eclipse-jee-2020-12-R-win32-x86_64\eclipse\plugins\org.eclipse.justj.openjdk.hotspot.jre.full.win32.x86_64_15.0.1.v20201027-0507\jre\bin;C:\Windows\Sun\Java\bin;C:\Windows\system32;C:\Windows;D:/Softwares/eclipse-jee-2020-12-R-win32-x86_64/eclipse//plugins/org.eclipse.justj.openjdk.hotspot.jre.full.win32.x86_64_15.0.1.v20201027-0507/jre/bin/server;D:/Softwares/eclipse-jee-2020-12-R-win32-x86_64/eclipse//plugins/org.eclipse.justj.openjdk.hotspot.jre.full.win32.x86_64_15.0.1.v20201027-0507/jre/bin;C:\Program Files (x86)\Common Files\Oracle\Java\javapath;C:\Windows\system32;C:\Windows;C:\Windows\System32\Wbem;C:\Windows\System32\WindowsPowerShell\v1.0\;C:\Windows\System32\OpenSSH\;C:\Program Files (x86)\CrSSL\bin;C:\Program Files\TortoiseSVN\bin;D:\Softwares\apache-maven-3.6.1\bin;C:\Users\DELL\AppData\Local\Microsoft\WindowsApps;;D:\Softwares\eclipse-jee-2020-12-R-win32-x86_64\eclipse;;.]
  [2022-01-19 18:29:48,873], , [main], doctor-registration-service, INFO  [/doctor-registration] log | Initializing Spring embedded WebApplicationContext
  [2022-01-19 18:29:48,874], , [main], doctor-registration-service, INFO  ContextLoader prepareWebApplicationContext | Root WebApplicationContext: initialization completed in 4183 ms
  [2022-01-19 18:29:52,665], , [main], doctor-registration-service, ERROR TomcatStarter onStartup | Error starting Tomcat context. Exception: org.springframework.beans.factory.BeanCreationException. Message: Error creating bean with name 'servletEndpointRegistrar' defined in class path resource [org/springframework/boot/actuate/autoconfigure/endpoint/web/ServletEndpointManagementContextConfiguration$WebMvcServletEndpointManagementContextConfiguration.class]: Bean instantiation via factory method failed; nested exception is org.springframework.beans.BeanInstantiationException: Failed to instantiate [org.springframework.boot.actuate.endpoint.web.ServletEndpointRegistrar]: Factory method 'servletEndpointRegistrar' threw exception; nested exception is org.springframework.beans.factory.UnsatisfiedDependencyException: Error creating bean with name 'healthEndpoint' defined in class path resource [org/springframework/boot/actuate/autoconfigure/health/HealthEndpointConfiguration.class]: Unsatisfied dependency expressed through method 'healthEndpoint' parameter 1; nested exception is org.springframework.beans.factory.BeanCreationException: Error creating bean with name 'healthIndicatorRegistry' defined in class path resource [org/springframework/boot/actuate/autoconfigure/health/HealthIndicatorAutoConfiguration.class]: Bean instantiation via factory method failed; nested exception is org.springframework.beans.BeanInstantiationException: Failed to instantiate [org.springframework.boot.actuate.health.HealthIndicatorRegistry]: Factory method 'healthIndicatorRegistry' threw exception; nested exception is org.springframework.beans.factory.BeanCreationException: Error creating bean with name 'dbHealthIndicator' defined in class path resource [org/springframework/boot/actuate/autoconfigure/jdbc/DataSourceHealthIndicatorAutoConfiguration.class]: Bean instantiation via factory method failed; nested exception is org.springframework.beans.BeanInstantiationException: Failed to instantiate [org.springframework.boot.actuate.health.HealthIndicator]: Factory method 'dbHealthIndicator' threw exception; nested exception is org.springframework.beans.factory.BeanCreationException: Error creating bean with name 'scopedTarget.dataSource' defined in class path resource [org/springframework/boot/autoconfigure/jdbc/DataSourceConfiguration$Hikari.class]: Bean instantiation via factory method failed; nested exception is org.springframework.beans.BeanInstantiationException: Failed to instantiate [com.zaxxer.hikari.HikariDataSource]: Factory method 'dataSource' threw exception; nested exception is org.springframework.boot.autoconfigure.jdbc.DataSourceProperties$DataSourceBeanCreationException: Failed to determine a suitable driver class
  [2022-01-19 18:29:52,705], , [main], doctor-registration-service, INFO  StandardService log | Stopping service [Tomcat]
  [2022-01-19 18:29:52,722], , [main], doctor-registration-service, WARN  AnnotationConfigServletWebServerApplicationContext refresh | Exception encountered during context initialization - cancelling refresh attempt: org.springframework.context.ApplicationContextException: Unable to start web server; nested exception is org.springframework.boot.web.server.WebServerException: Unable to start embedded Tomcat
  [2022-01-19 18:29:52,746], , [main], doctor-registration-service, INFO  ConditionEvaluationReportLoggingListener logMessage | 

Error starting ApplicationContext. To display the conditions report re-run your application with 'debug' enabled.
  [2022-01-19 18:29:52,750], , [main], doctor-registration-service, ERROR LoggingFailureAnalysisReporter report | 

***************************
APPLICATION FAILED TO START
***************************

Description:

Failed to configure a DataSource: 'url' attribute is not specified and no embedded datasource could be configured.

Reason: Failed to determine a suitable driver class


Action:

Consider the following:
	If you want an embedded database (H2, HSQL or Derby), please put it on the classpath.
	If you have database settings to be loaded from a particular profile you may need to activate it (no profiles are currently active).

  [2022-01-19 18:54:49,105], , [main], doctor-registration-service, INFO  PostProcessorRegistrationDelegate$BeanPostProcessorChecker postProcessAfterInitialization | Bean 'org.springframework.cloud.autoconfigure.ConfigurationPropertiesRebinderAutoConfiguration' of type [org.springframework.cloud.autoconfigure.ConfigurationPropertiesRebinderAutoConfiguration$$EnhancerBySpringCGLIB$$13f7dbc9] is not eligible for getting processed by all BeanPostProcessors (for example: not eligible for auto-proxying)
  [2022-01-19 18:54:49,513], , [main], doctor-registration-service, INFO  ConfigServicePropertySourceLocator getRemoteEnvironment | Fetching config from server at : http://172.30.151.100:51000/config
  [2022-01-19 18:54:50,767], , [main], doctor-registration-service, INFO  ConfigServicePropertySourceLocator log | Located environment: name=doctor-registration-service, profiles=[dev], label=1.0.0, version=152, state=null
  [2022-01-19 18:54:50,769], , [main], doctor-registration-service, INFO  PropertySourceBootstrapConfiguration initialize | Located property source: CompositePropertySource {name='configService', propertySources=[MapPropertySource {name='configClient'}, MapPropertySource {name='http://172.16.11.166/telemed-ivv/branches/1.0.0/application-dev.properties'}]}
  [2022-01-19 18:54:50,826], , [main], doctor-registration-service, INFO  DoctorRegistrationServiceApplication logStartupProfileInfo | The following profiles are active: dev
  [2022-01-19 18:54:51,918], , [main], doctor-registration-service, INFO  RepositoryConfigurationDelegate registerRepositoriesIn | Bootstrapping Spring Data repositories in DEFAULT mode.
  [2022-01-19 18:54:52,060], , [main], doctor-registration-service, INFO  RepositoryConfigurationDelegate registerRepositoriesIn | Finished Spring Data repository scanning in 129ms. Found 11 repository interfaces.
  [2022-01-19 18:54:52,424], , [main], doctor-registration-service, INFO  GenericScope setSerializationId | BeanFactory id=5bd685ba-1b0e-3889-9c9e-2e5cb72ee565
  [2022-01-19 18:54:53,067], , [main], doctor-registration-service, INFO  PostProcessorRegistrationDelegate$BeanPostProcessorChecker postProcessAfterInitialization | Bean 'org.springframework.transaction.annotation.ProxyTransactionManagementConfiguration' of type [org.springframework.transaction.annotation.ProxyTransactionManagementConfiguration$$EnhancerBySpringCGLIB$$f7ddd8cc] is not eligible for getting processed by all BeanPostProcessors (for example: not eligible for auto-proxying)
  [2022-01-19 18:54:53,126], , [main], doctor-registration-service, INFO  PostProcessorRegistrationDelegate$BeanPostProcessorChecker postProcessAfterInitialization | Bean 'org.springframework.cloud.autoconfigure.ConfigurationPropertiesRebinderAutoConfiguration' of type [org.springframework.cloud.autoconfigure.ConfigurationPropertiesRebinderAutoConfiguration$$EnhancerBySpringCGLIB$$13f7dbc9] is not eligible for getting processed by all BeanPostProcessors (for example: not eligible for auto-proxying)
  [2022-01-19 18:54:53,909], , [main], doctor-registration-service, INFO  TomcatWebServer initialize | Tomcat initialized with port(s): 7073 (http)
  [2022-01-19 18:54:53,933], , [main], doctor-registration-service, INFO  Http11NioProtocol log | Initializing ProtocolHandler ["http-nio-7073"]
  [2022-01-19 18:54:53,945], , [main], doctor-registration-service, INFO  StandardService log | Starting service [Tomcat]
  [2022-01-19 18:54:53,945], , [main], doctor-registration-service, INFO  StandardEngine log | Starting Servlet engine: [Apache Tomcat/9.0.16]
  [2022-01-19 18:54:53,961], , [main], doctor-registration-service, INFO  AprLifecycleListener log | The APR based Apache Tomcat Native library which allows optimal performance in production environments was not found on the java.library.path: [D:\Softwares\eclipse-jee-2020-12-R-win32-x86_64\eclipse\plugins\org.eclipse.justj.openjdk.hotspot.jre.full.win32.x86_64_15.0.1.v20201027-0507\jre\bin;C:\Windows\Sun\Java\bin;C:\Windows\system32;C:\Windows;D:/Softwares/eclipse-jee-2020-12-R-win32-x86_64/eclipse//plugins/org.eclipse.justj.openjdk.hotspot.jre.full.win32.x86_64_15.0.1.v20201027-0507/jre/bin/server;D:/Softwares/eclipse-jee-2020-12-R-win32-x86_64/eclipse//plugins/org.eclipse.justj.openjdk.hotspot.jre.full.win32.x86_64_15.0.1.v20201027-0507/jre/bin;C:\Program Files (x86)\Common Files\Oracle\Java\javapath;C:\Windows\system32;C:\Windows;C:\Windows\System32\Wbem;C:\Windows\System32\WindowsPowerShell\v1.0\;C:\Windows\System32\OpenSSH\;C:\Program Files (x86)\CrSSL\bin;C:\Program Files\TortoiseSVN\bin;D:\Softwares\apache-maven-3.6.1\bin;C:\Users\DELL\AppData\Local\Microsoft\WindowsApps;;D:\Softwares\eclipse-jee-2020-12-R-win32-x86_64\eclipse;;.]
  [2022-01-19 18:54:54,179], , [main], doctor-registration-service, INFO  [/doctor-registration] log | Initializing Spring embedded WebApplicationContext
  [2022-01-19 18:54:54,180], , [main], doctor-registration-service, INFO  ContextLoader prepareWebApplicationContext | Root WebApplicationContext: initialization completed in 3339 ms
  [2022-01-19 18:54:55,677], , [main], doctor-registration-service, INFO  HikariDataSource getConnection | HikariPool-1 - Starting...
  [2022-01-19 18:54:56,654], , [main], doctor-registration-service, INFO  HikariDataSource getConnection | HikariPool-1 - Start completed.
  [2022-01-19 18:54:56,770], , [main], doctor-registration-service, INFO  LogHelper logPersistenceUnitInformation | HHH000204: Processing PersistenceUnitInfo [
	name: default
	...]
  [2022-01-19 18:54:56,921], , [main], doctor-registration-service, INFO  Version logVersion | HHH000412: Hibernate Core {5.3.7.Final}
  [2022-01-19 18:54:56,923], , [main], doctor-registration-service, INFO  Environment <clinit> | HHH000206: hibernate.properties not found
  [2022-01-19 18:54:57,228], , [main], doctor-registration-service, INFO  Version <clinit> | HCANN000001: Hibernate Commons Annotations {5.0.4.Final}
  [2022-01-19 18:54:57,476], , [main], doctor-registration-service, INFO  Dialect <init> | HHH000400: Using dialect: org.hibernate.dialect.PostgreSQLDialect
  [2022-01-19 18:54:57,499], , [main], doctor-registration-service, INFO  LobCreatorBuilderImpl makeLobCreatorBuilder | HHH000422: Disabling contextual LOB creation as connection was null
  [2022-01-19 18:54:57,509], , [main], doctor-registration-service, INFO  BasicTypeRegistry register | HHH000270: Type registration [java.util.UUID] overrides previous : org.hibernate.type.UUIDBinaryType@10b7b5f0
  [2022-01-19 18:55:12,380], , [main], doctor-registration-service, INFO  QueryTranslatorFactoryInitiator initiateService | HHH000397: Using ASTQueryTranslatorFactory
  [2022-01-19 18:55:12,517], , [main], doctor-registration-service, INFO  LocalContainerEntityManagerFactoryBean buildNativeEntityManagerFactory | Initialized JPA EntityManagerFactory for persistence unit 'default'
  [2022-01-19 18:55:13,427], , [main], doctor-registration-service, INFO  DoctorLoggingAspect profileAllMethods | Start of SecurityConfig.getRestTemlate
  [2022-01-19 18:55:13,434], , [main], doctor-registration-service, INFO  DoctorLoggingAspect profileAllMethods | END of SecurityConfig.getRestTemlate
  [2022-01-19 18:55:13,434], , [main], doctor-registration-service, INFO  DoctorLoggingAspect profileAllMethods | Execution time of SecurityConfig.getRestTemlate :: 8 ms
  [2022-01-19 18:55:13,571], , [main], doctor-registration-service, INFO  DoctorLoggingAspect profileAllMethods | Start of AssociationRepository.findAssociationNamesByActiveFlag
  [2022-01-19 18:55:14,204], , [main], doctor-registration-service, INFO  DoctorLoggingAspect profileAllMethods | END of AssociationRepository.findAssociationNamesByActiveFlag
  [2022-01-19 18:55:14,206], , [main], doctor-registration-service, INFO  DoctorLoggingAspect profileAllMethods | Execution time of AssociationRepository.findAssociationNamesByActiveFlag :: 635 ms
  [2022-01-19 18:55:14,603], , [main], doctor-registration-service, INFO  DoctorLoggingAspect profileAllMethods | Start of CommonValidationUtil.validatePassword
  [2022-01-19 18:55:14,609], , [main], doctor-registration-service, INFO  DoctorLoggingAspect profileAllMethods | END of CommonValidationUtil.validatePassword
  [2022-01-19 18:55:14,609], , [main], doctor-registration-service, INFO  DoctorLoggingAspect profileAllMethods | Execution time of CommonValidationUtil.validatePassword :: 6 ms
  [2022-01-19 18:55:15,185], , [main], doctor-registration-service, INFO  DoctorLoggingAspect profileAllMethods | Start of CustomInterceptorAppConfig.corsConfigurationSource
  [2022-01-19 18:55:15,193], , [main], doctor-registration-service, INFO  DoctorLoggingAspect profileAllMethods | END of CustomInterceptorAppConfig.corsConfigurationSource
  [2022-01-19 18:55:15,193], , [main], doctor-registration-service, INFO  DoctorLoggingAspect profileAllMethods | Execution time of CustomInterceptorAppConfig.corsConfigurationSource :: 8 ms
  [2022-01-19 18:55:15,577], , [main], doctor-registration-service, INFO  ThreadPoolTaskExecutor initialize | Initializing ExecutorService 'applicationTaskExecutor'
  [2022-01-19 18:55:15,707], , [main], doctor-registration-service, INFO  DoctorLoggingAspect profileAllMethods | Start of CustomInterceptorAppConfig.addInterceptors
  [2022-01-19 18:55:15,708], , [main], doctor-registration-service, INFO  DoctorLoggingAspect profileAllMethods | END of CustomInterceptorAppConfig.addInterceptors
  [2022-01-19 18:55:15,708], , [main], doctor-registration-service, INFO  DoctorLoggingAspect profileAllMethods | Execution time of CustomInterceptorAppConfig.addInterceptors :: 1 ms
  [2022-01-19 18:55:15,711], , [main], doctor-registration-service, WARN  JpaBaseConfiguration$JpaWebConfiguration$JpaWebMvcConfiguration openEntityManagerInViewInterceptor | spring.jpa.open-in-view is enabled by default. Therefore, database queries may be performed during view rendering. Explicitly configure spring.jpa.open-in-view to disable this warning
  [2022-01-19 18:55:16,727], , [main], doctor-registration-service, INFO  EndpointLinksResolver <init> | Exposing 2 endpoint(s) beneath base path '/actuator'
  [2022-01-19 18:55:16,849], , [main], doctor-registration-service, INFO  Http11NioProtocol log | Starting ProtocolHandler ["http-nio-7073"]
  [2022-01-19 18:55:16,883], , [main], doctor-registration-service, INFO  TomcatWebServer start | Tomcat started on port(s): 7073 (http) with context path '/doctor-registration'
  [2022-01-19 18:55:16,887], , [main], doctor-registration-service, INFO  DoctorRegistrationServiceApplication logStarted | Started DoctorRegistrationServiceApplication in 29.403 seconds (JVM running for 31.422)
  [2022-01-19 19:05:05,321], , [RMI TCP Connection(14)-127.0.0.1], doctor-registration-service, INFO  SpringApplicationAdminMXBeanRegistrar$SpringApplicationAdmin shutdown | Application shutdown requested.
  [2022-01-19 19:05:05,339], , [RMI TCP Connection(14)-127.0.0.1], doctor-registration-service, INFO  ThreadPoolTaskExecutor shutdown | Shutting down ExecutorService 'applicationTaskExecutor'
  [2022-01-19 19:05:05,342], , [RMI TCP Connection(14)-127.0.0.1], doctor-registration-service, INFO  LocalContainerEntityManagerFactoryBean destroy | Closing JPA EntityManagerFactory for persistence unit 'default'
  [2022-01-19 19:05:05,352], , [RMI TCP Connection(14)-127.0.0.1], doctor-registration-service, INFO  HikariDataSource close | HikariPool-1 - Shutdown initiated...
  [2022-01-19 19:05:05,358], , [RMI TCP Connection(14)-127.0.0.1], doctor-registration-service, INFO  HikariDataSource close | HikariPool-1 - Shutdown completed.
  [2022-01-19 19:05:05,360], , [RMI TCP Connection(14)-127.0.0.1], doctor-registration-service, INFO  Http11NioProtocol log | Pausing ProtocolHandler ["http-nio-7073"]
  [2022-01-19 19:05:05,382], , [RMI TCP Connection(14)-127.0.0.1], doctor-registration-service, INFO  StandardService log | Stopping service [Tomcat]
  [2022-01-19 19:05:05,392], , [RMI TCP Connection(14)-127.0.0.1], doctor-registration-service, INFO  Http11NioProtocol log | Stopping ProtocolHandler ["http-nio-7073"]
  [2022-01-19 19:05:05,395], , [RMI TCP Connection(14)-127.0.0.1], doctor-registration-service, INFO  Http11NioProtocol log | Destroying ProtocolHandler ["http-nio-7073"]
