  [2022-01-18 12:46:52,520], , [main], doctor-registration-service, INFO  PostProcessorRegistrationDelegate$BeanPostProcessorChecker postProcessAfterInitialization | Bean 'org.springframework.cloud.autoconfigure.ConfigurationPropertiesRebinderAutoConfiguration' of type [org.springframework.cloud.autoconfigure.ConfigurationPropertiesRebinderAutoConfiguration$$EnhancerBySpringCGLIB$$71fdad8c] is not eligible for getting processed by all BeanPostProcessors (for example: not eligible for auto-proxying)
  [2022-01-18 12:46:52,889], , [main], doctor-registration-service, INFO  ConfigServicePropertySourceLocator getRemoteEnvironment | Fetching config from server at : http://localhost:8888/config
  [2022-01-18 12:46:53,530], , [main], doctor-registration-service, INFO  ConfigServicePropertySourceLocator log | Located environment: name=doctor-registration-service, profiles=[dev], label=1.0.1, version=null, state=null
  [2022-01-18 12:46:53,531], , [main], doctor-registration-service, INFO  PropertySourceBootstrapConfiguration initialize | Located property source: CompositePropertySource {name='configService', propertySources=[MapPropertySource {name='file:///D:/git-localconfig-repo/application-dev.properties'}]}
  [2022-01-18 12:46:53,591], , [main], doctor-registration-service, INFO  DoctorRegistrationServiceApplication logStartupProfileInfo | The following profiles are active: dev
  [2022-01-18 12:46:54,806], , [main], doctor-registration-service, INFO  RepositoryConfigurationDelegate registerRepositoriesIn | Bootstrapping Spring Data repositories in DEFAULT mode.
  [2022-01-18 12:46:54,911], , [main], doctor-registration-service, INFO  RepositoryConfigurationDelegate registerRepositoriesIn | Finished Spring Data repository scanning in 98ms. Found 11 repository interfaces.
  [2022-01-18 12:46:55,354], , [main], doctor-registration-service, INFO  GenericScope setSerializationId | BeanFactory id=5bd685ba-1b0e-3889-9c9e-2e5cb72ee565
  [2022-01-18 12:46:55,700], , [main], doctor-registration-service, INFO  PostProcessorRegistrationDelegate$BeanPostProcessorChecker postProcessAfterInitialization | Bean 'org.springframework.transaction.annotation.ProxyTransactionManagementConfiguration' of type [org.springframework.transaction.annotation.ProxyTransactionManagementConfiguration$$EnhancerBySpringCGLIB$$55e3aa8f] is not eligible for getting processed by all BeanPostProcessors (for example: not eligible for auto-proxying)
  [2022-01-18 12:46:55,758], , [main], doctor-registration-service, INFO  PostProcessorRegistrationDelegate$BeanPostProcessorChecker postProcessAfterInitialization | Bean 'org.springframework.cloud.autoconfigure.ConfigurationPropertiesRebinderAutoConfiguration' of type [org.springframework.cloud.autoconfigure.ConfigurationPropertiesRebinderAutoConfiguration$$EnhancerBySpringCGLIB$$71fdad8c] is not eligible for getting processed by all BeanPostProcessors (for example: not eligible for auto-proxying)
  [2022-01-18 12:46:56,453], , [main], doctor-registration-service, INFO  TomcatWebServer initialize | Tomcat initialized with port(s): 7073 (http)
  [2022-01-18 12:46:56,473], , [main], doctor-registration-service, INFO  Http11NioProtocol log | Initializing ProtocolHandler ["http-nio-7073"]
  [2022-01-18 12:46:56,484], , [main], doctor-registration-service, INFO  StandardService log | Starting service [Tomcat]
  [2022-01-18 12:46:56,484], , [main], doctor-registration-service, INFO  StandardEngine log | Starting Servlet engine: [Apache Tomcat/9.0.16]
  [2022-01-18 12:46:56,499], , [main], doctor-registration-service, INFO  AprLifecycleListener log | The APR based Apache Tomcat Native library which allows optimal performance in production environments was not found on the java.library.path: [D:\Softwares\eclipse-jee-2020-12-R-win32-x86_64\eclipse\plugins\org.eclipse.justj.openjdk.hotspot.jre.full.win32.x86_64_15.0.1.v20201027-0507\jre\bin;C:\Windows\Sun\Java\bin;C:\Windows\system32;C:\Windows;D:/Softwares/eclipse-jee-2020-12-R-win32-x86_64/eclipse//plugins/org.eclipse.justj.openjdk.hotspot.jre.full.win32.x86_64_15.0.1.v20201027-0507/jre/bin/server;D:/Softwares/eclipse-jee-2020-12-R-win32-x86_64/eclipse//plugins/org.eclipse.justj.openjdk.hotspot.jre.full.win32.x86_64_15.0.1.v20201027-0507/jre/bin;C:\Program Files (x86)\Common Files\Oracle\Java\javapath;C:\Windows\system32;C:\Windows;C:\Windows\System32\Wbem;C:\Windows\System32\WindowsPowerShell\v1.0\;C:\Windows\System32\OpenSSH\;C:\Program Files (x86)\CrSSL\bin;C:\Program Files\TortoiseSVN\bin;D:\Softwares\apache-maven-3.6.1\bin;C:\Users\DELL\AppData\Local\Microsoft\WindowsApps;;D:\Softwares\eclipse-jee-2020-12-R-win32-x86_64\eclipse;;.]
  [2022-01-18 12:46:56,681], , [main], doctor-registration-service, INFO  [/doctor-registration] log | Initializing Spring embedded WebApplicationContext
  [2022-01-18 12:46:56,682], , [main], doctor-registration-service, INFO  ContextLoader prepareWebApplicationContext | Root WebApplicationContext: initialization completed in 3073 ms
  [2022-01-18 12:46:58,145], , [main], doctor-registration-service, INFO  HikariDataSource getConnection | HikariPool-1 - Starting...
  [2022-01-18 12:46:59,660], , [main], doctor-registration-service, INFO  HikariDataSource getConnection | HikariPool-1 - Start completed.
  [2022-01-18 12:46:59,843], , [main], doctor-registration-service, INFO  LogHelper logPersistenceUnitInformation | HHH000204: Processing PersistenceUnitInfo [
	name: default
	...]
  [2022-01-18 12:47:00,057], , [main], doctor-registration-service, INFO  Version logVersion | HHH000412: Hibernate Core {5.3.7.Final}
  [2022-01-18 12:47:00,060], , [main], doctor-registration-service, INFO  Environment <clinit> | HHH000206: hibernate.properties not found
  [2022-01-18 12:47:00,453], , [main], doctor-registration-service, INFO  Version <clinit> | HCANN000001: Hibernate Commons Annotations {5.0.4.Final}
  [2022-01-18 12:47:00,732], , [main], doctor-registration-service, INFO  Dialect <init> | HHH000400: Using dialect: org.hibernate.dialect.PostgreSQLDialect
  [2022-01-18 12:47:00,762], , [main], doctor-registration-service, INFO  LobCreatorBuilderImpl makeLobCreatorBuilder | HHH000422: Disabling contextual LOB creation as connection was null
  [2022-01-18 12:47:00,774], , [main], doctor-registration-service, INFO  BasicTypeRegistry register | HHH000270: Type registration [java.util.UUID] overrides previous : org.hibernate.type.UUIDBinaryType@40ed4674
  [2022-01-18 12:47:28,128], , [main], doctor-registration-service, INFO  QueryTranslatorFactoryInitiator initiateService | HHH000397: Using ASTQueryTranslatorFactory
  [2022-01-18 12:47:28,484], , [main], doctor-registration-service, INFO  LocalContainerEntityManagerFactoryBean buildNativeEntityManagerFactory | Initialized JPA EntityManagerFactory for persistence unit 'default'
  [2022-01-18 12:47:29,450], , [main], doctor-registration-service, INFO  DoctorLoggingAspect profileAllMethods | Start of SecurityConfig.getRestTemlate
  [2022-01-18 12:47:29,457], , [main], doctor-registration-service, INFO  DoctorLoggingAspect profileAllMethods | END of SecurityConfig.getRestTemlate
  [2022-01-18 12:47:29,457], , [main], doctor-registration-service, INFO  DoctorLoggingAspect profileAllMethods | Execution time of SecurityConfig.getRestTemlate :: 8 ms
  [2022-01-18 12:47:30,375], , [main], doctor-registration-service, INFO  DoctorLoggingAspect profileAllMethods | Start of CommonValidationUtil.validatePassword
  [2022-01-18 12:47:30,385], , [main], doctor-registration-service, INFO  DoctorLoggingAspect profileAllMethods | END of CommonValidationUtil.validatePassword
  [2022-01-18 12:47:30,386], , [main], doctor-registration-service, INFO  DoctorLoggingAspect profileAllMethods | Execution time of CommonValidationUtil.validatePassword :: 11 ms
  [2022-01-18 12:47:31,207], , [main], doctor-registration-service, INFO  DoctorLoggingAspect profileAllMethods | Start of CustomInterceptorAppConfig.corsConfigurationSource
  [2022-01-18 12:47:31,228], , [main], doctor-registration-service, INFO  DoctorLoggingAspect profileAllMethods | END of CustomInterceptorAppConfig.corsConfigurationSource
  [2022-01-18 12:47:31,228], , [main], doctor-registration-service, INFO  DoctorLoggingAspect profileAllMethods | Execution time of CustomInterceptorAppConfig.corsConfigurationSource :: 21 ms
  [2022-01-18 12:47:31,662], , [main], doctor-registration-service, INFO  ThreadPoolTaskExecutor initialize | Initializing ExecutorService 'applicationTaskExecutor'
  [2022-01-18 12:47:31,790], , [main], doctor-registration-service, INFO  DoctorLoggingAspect profileAllMethods | Start of CustomInterceptorAppConfig.addInterceptors
  [2022-01-18 12:47:31,791], , [main], doctor-registration-service, INFO  DoctorLoggingAspect profileAllMethods | END of CustomInterceptorAppConfig.addInterceptors
  [2022-01-18 12:47:31,792], , [main], doctor-registration-service, INFO  DoctorLoggingAspect profileAllMethods | Execution time of CustomInterceptorAppConfig.addInterceptors :: 2 ms
  [2022-01-18 12:47:31,795], , [main], doctor-registration-service, WARN  JpaBaseConfiguration$JpaWebConfiguration$JpaWebMvcConfiguration openEntityManagerInViewInterceptor | spring.jpa.open-in-view is enabled by default. Therefore, database queries may be performed during view rendering. Explicitly configure spring.jpa.open-in-view to disable this warning
  [2022-01-18 12:47:32,997], , [main], doctor-registration-service, INFO  EndpointLinksResolver <init> | Exposing 2 endpoint(s) beneath base path '/actuator'
  [2022-01-18 12:47:33,130], , [main], doctor-registration-service, INFO  Http11NioProtocol log | Starting ProtocolHandler ["http-nio-7073"]
  [2022-01-18 12:47:33,180], , [main], doctor-registration-service, INFO  TomcatWebServer start | Tomcat started on port(s): 7073 (http) with context path '/doctor-registration'
  [2022-01-18 12:47:33,187], , [main], doctor-registration-service, INFO  DoctorRegistrationServiceApplication logStarted | Started DoctorRegistrationServiceApplication in 41.689 seconds (JVM running for 43.031)
  [2022-01-18 12:53:10,786], , [http-nio-7073-exec-2], doctor-registration-service, INFO  [/doctor-registration] log | Initializing Spring DispatcherServlet 'dispatcherServlet'
  [2022-01-18 12:53:10,798], , [http-nio-7073-exec-2], doctor-registration-service, INFO  DispatcherServlet initServletBean | Initializing Servlet 'dispatcherServlet'
  [2022-01-18 12:53:10,909], , [http-nio-7073-exec-2], doctor-registration-service, INFO  DispatcherServlet initServletBean | Completed initialization in 110 ms
1fa99b0278dd2de0 1fa99b0278dd2de0 [2022-01-18 12:53:10,980], , [http-nio-7073-exec-2], doctor-registration-service, INFO  DoctorLoggingAspect profileAllMethods | Start of CustomInterceptor.preHandle
1fa99b0278dd2de0 1fa99b0278dd2de0 [2022-01-18 12:53:11,000], , [http-nio-7073-exec-2], doctor-registration-service, INFO  DoctorLoggingAspect profileAllMethods | Start of TokenValidator.getUsernameFromToken
1fa99b0278dd2de0 1fa99b0278dd2de0 [2022-01-18 12:53:12,821], , [http-nio-7073-exec-2], doctor-registration-service, INFO  DoctorLoggingAspect profileAllMethods | END of TokenValidator.getUsernameFromToken
1fa99b0278dd2de0 1fa99b0278dd2de0 [2022-01-18 12:53:12,822], , [http-nio-7073-exec-2], doctor-registration-service, INFO  DoctorLoggingAspect profileAllMethods | Execution time of TokenValidator.getUsernameFromToken :: 1822 ms
1fa99b0278dd2de0 1fa99b0278dd2de0 [2022-01-18 12:53:12,824], , [http-nio-7073-exec-2], doctor-registration-service, INFO  DoctorLoggingAspect profileAllMethods | Start of TokenValidator.getRoleFromToken
1fa99b0278dd2de0 1fa99b0278dd2de0 [2022-01-18 12:53:12,829], , [http-nio-7073-exec-2], doctor-registration-service, INFO  DoctorLoggingAspect profileAllMethods | END of TokenValidator.getRoleFromToken
1fa99b0278dd2de0 1fa99b0278dd2de0 [2022-01-18 12:53:12,830], , [http-nio-7073-exec-2], doctor-registration-service, INFO  DoctorLoggingAspect profileAllMethods | Execution time of TokenValidator.getRoleFromToken :: 6 ms
1fa99b0278dd2de0 1fa99b0278dd2de0 [2022-01-18 12:53:12,920], , [http-nio-7073-exec-2], doctor-registration-service, INFO  DoctorLoggingAspect profileAllMethods | Start of UserDTO.setRole
1fa99b0278dd2de0 1fa99b0278dd2de0 [2022-01-18 12:53:12,928], , [http-nio-7073-exec-2], doctor-registration-service, INFO  DoctorLoggingAspect profileAllMethods | END of UserDTO.setRole
1fa99b0278dd2de0 1fa99b0278dd2de0 [2022-01-18 12:53:12,930], , [http-nio-7073-exec-2], doctor-registration-service, INFO  DoctorLoggingAspect profileAllMethods | Execution time of UserDTO.setRole :: 10 ms
1fa99b0278dd2de0 1fa99b0278dd2de0 [2022-01-18 12:53:12,931], , [http-nio-7073-exec-2], doctor-registration-service, INFO  DoctorLoggingAspect profileAllMethods | Start of UserDTO.setUserName
1fa99b0278dd2de0 1fa99b0278dd2de0 [2022-01-18 12:53:12,932], , [http-nio-7073-exec-2], doctor-registration-service, INFO  DoctorLoggingAspect profileAllMethods | END of UserDTO.setUserName
1fa99b0278dd2de0 1fa99b0278dd2de0 [2022-01-18 12:53:12,932], , [http-nio-7073-exec-2], doctor-registration-service, INFO  DoctorLoggingAspect profileAllMethods | Execution time of UserDTO.setUserName :: 1 ms
1fa99b0278dd2de0 1fa99b0278dd2de0 [2022-01-18 12:53:12,934], , [http-nio-7073-exec-2], doctor-registration-service, INFO  DoctorLoggingAspect profileAllMethods | Start of UserDTO.setToken
1fa99b0278dd2de0 1fa99b0278dd2de0 [2022-01-18 12:53:12,935], , [http-nio-7073-exec-2], doctor-registration-service, INFO  DoctorLoggingAspect profileAllMethods | END of UserDTO.setToken
1fa99b0278dd2de0 1fa99b0278dd2de0 [2022-01-18 12:53:12,935], , [http-nio-7073-exec-2], doctor-registration-service, INFO  DoctorLoggingAspect profileAllMethods | Execution time of UserDTO.setToken :: 1 ms
1fa99b0278dd2de0 1fa99b0278dd2de0 [2022-01-18 12:53:12,936], , [http-nio-7073-exec-2], doctor-registration-service, INFO  DoctorLoggingAspect profileAllMethods | END of CustomInterceptor.preHandle
1fa99b0278dd2de0 1fa99b0278dd2de0 [2022-01-18 12:53:12,937], , [http-nio-7073-exec-2], doctor-registration-service, INFO  DoctorLoggingAspect profileAllMethods | Execution time of CustomInterceptor.preHandle :: 1960 ms
1fa99b0278dd2de0 1fa99b0278dd2de0 [2022-01-18 12:53:13,020], 0:0:0:0:0:0:0:1, [http-nio-7073-exec-2], doctor-registration-service, INFO  DoctorLoggingAspect profileAllMethods | Start of RegistrationController.doctorProfile
1fa99b0278dd2de0 1fa99b0278dd2de0 [2022-01-18 12:53:13,038], 0:0:0:0:0:0:0:1, [http-nio-7073-exec-2], doctor-registration-service, INFO  RegistrationController doctorProfile | Request Received to view doctor profile.
1fa99b0278dd2de0 1fa99b0278dd2de0 [2022-01-18 12:53:13,040], 0:0:0:0:0:0:0:1, [http-nio-7073-exec-2], doctor-registration-service, INFO  DoctorLoggingAspect profileAllMethods | Start of RegistrationServiceImpl.doctorProfile
1fa99b0278dd2de0 1fa99b0278dd2de0 [2022-01-18 12:53:13,060], 0:0:0:0:0:0:0:1, [http-nio-7073-exec-2], doctor-registration-service, INFO  DoctorLoggingAspect profileAllMethods | Start of DoctorMstrRepo.findByDmdUserId
1fa99b0278dd2de0 1fa99b0278dd2de0 [2022-01-18 12:53:14,113], 0:0:0:0:0:0:0:1, [http-nio-7073-exec-2], doctor-registration-service, INFO  DoctorLoggingAspect profileAllMethods | END of DoctorMstrRepo.findByDmdUserId
1fa99b0278dd2de0 1fa99b0278dd2de0 [2022-01-18 12:53:14,116], 0:0:0:0:0:0:0:1, [http-nio-7073-exec-2], doctor-registration-service, INFO  DoctorLoggingAspect profileAllMethods | Execution time of DoctorMstrRepo.findByDmdUserId :: 1056 ms
1fa99b0278dd2de0 1fa99b0278dd2de0 [2022-01-18 12:53:14,204], 0:0:0:0:0:0:0:1, [http-nio-7073-exec-2], doctor-registration-service, INFO  DoctorLoggingAspect profileAllMethods | Start of DoctorDocumentRepo.findDoctorDocuments
1fa99b0278dd2de0 1fa99b0278dd2de0 [2022-01-18 12:53:14,851], 0:0:0:0:0:0:0:1, [http-nio-7073-exec-2], doctor-registration-service, INFO  DoctorLoggingAspect profileAllMethods | END of DoctorDocumentRepo.findDoctorDocuments
1fa99b0278dd2de0 1fa99b0278dd2de0 [2022-01-18 12:53:14,853], 0:0:0:0:0:0:0:1, [http-nio-7073-exec-2], doctor-registration-service, INFO  DoctorLoggingAspect profileAllMethods | Execution time of DoctorDocumentRepo.findDoctorDocuments :: 649 ms
1fa99b0278dd2de0 1fa99b0278dd2de0 [2022-01-18 12:53:14,945], 0:0:0:0:0:0:0:1, [http-nio-7073-exec-2], doctor-registration-service, INFO  RegistrationServiceImpl doctorProfile |  returning response
1fa99b0278dd2de0 1fa99b0278dd2de0 [2022-01-18 12:53:14,948], 0:0:0:0:0:0:0:1, [http-nio-7073-exec-2], doctor-registration-service, INFO  DoctorLoggingAspect profileAllMethods | END of RegistrationServiceImpl.doctorProfile
1fa99b0278dd2de0 1fa99b0278dd2de0 [2022-01-18 12:53:14,951], 0:0:0:0:0:0:0:1, [http-nio-7073-exec-2], doctor-registration-service, INFO  DoctorLoggingAspect profileAllMethods | Execution time of RegistrationServiceImpl.doctorProfile :: 1911 ms
1fa99b0278dd2de0 1fa99b0278dd2de0 [2022-01-18 12:53:14,955], 0:0:0:0:0:0:0:1, [http-nio-7073-exec-2], doctor-registration-service, INFO  DoctorLoggingAspect profileAllMethods | END of RegistrationController.doctorProfile
1fa99b0278dd2de0 1fa99b0278dd2de0 [2022-01-18 12:53:14,957], 0:0:0:0:0:0:0:1, [http-nio-7073-exec-2], doctor-registration-service, INFO  DoctorLoggingAspect profileAllMethods | Execution time of RegistrationController.doctorProfile :: 1937 ms
1fa99b0278dd2de0 1fa99b0278dd2de0 [2022-01-18 12:53:15,104], 0:0:0:0:0:0:0:1, [http-nio-7073-exec-2], doctor-registration-service, INFO  DoctorLoggingAspect profileAllMethods | Start of CustomInterceptor.postHandle
1fa99b0278dd2de0 1fa99b0278dd2de0 [2022-01-18 12:53:15,105], 0:0:0:0:0:0:0:1, [http-nio-7073-exec-2], doctor-registration-service, INFO  DoctorLoggingAspect profileAllMethods | END of CustomInterceptor.postHandle
1fa99b0278dd2de0 1fa99b0278dd2de0 [2022-01-18 12:53:15,106], 0:0:0:0:0:0:0:1, [http-nio-7073-exec-2], doctor-registration-service, INFO  DoctorLoggingAspect profileAllMethods | Execution time of CustomInterceptor.postHandle :: 3 ms
1fa99b0278dd2de0 1fa99b0278dd2de0 [2022-01-18 12:53:15,111], 0:0:0:0:0:0:0:1, [http-nio-7073-exec-2], doctor-registration-service, INFO  DoctorLoggingAspect profileAllMethods | Start of CustomInterceptor.afterCompletion
1fa99b0278dd2de0 1fa99b0278dd2de0 [2022-01-18 12:53:15,112], 0:0:0:0:0:0:0:1, [http-nio-7073-exec-2], doctor-registration-service, INFO  DoctorLoggingAspect profileAllMethods | END of CustomInterceptor.afterCompletion
1fa99b0278dd2de0 1fa99b0278dd2de0 [2022-01-18 12:53:15,114], 0:0:0:0:0:0:0:1, [http-nio-7073-exec-2], doctor-registration-service, INFO  DoctorLoggingAspect profileAllMethods | Execution time of CustomInterceptor.afterCompletion :: 3 ms
  [2022-01-18 13:09:55,274], , [RMI TCP Connection(25)-127.0.0.1], doctor-registration-service, INFO  SpringApplicationAdminMXBeanRegistrar$SpringApplicationAdmin shutdown | Application shutdown requested.
  [2022-01-18 13:09:55,584], , [RMI TCP Connection(25)-127.0.0.1], doctor-registration-service, INFO  ThreadPoolTaskExecutor shutdown | Shutting down ExecutorService 'applicationTaskExecutor'
  [2022-01-18 13:09:55,615], , [RMI TCP Connection(25)-127.0.0.1], doctor-registration-service, INFO  LocalContainerEntityManagerFactoryBean destroy | Closing JPA EntityManagerFactory for persistence unit 'default'
  [2022-01-18 13:09:55,787], , [RMI TCP Connection(25)-127.0.0.1], doctor-registration-service, INFO  HikariDataSource close | HikariPool-1 - Shutdown initiated...
  [2022-01-18 13:09:55,838], , [RMI TCP Connection(25)-127.0.0.1], doctor-registration-service, INFO  HikariDataSource close | HikariPool-1 - Shutdown completed.
  [2022-01-18 13:09:55,858], , [RMI TCP Connection(25)-127.0.0.1], doctor-registration-service, INFO  Http11NioProtocol log | Pausing ProtocolHandler ["http-nio-7073"]
  [2022-01-18 13:09:55,915], , [RMI TCP Connection(25)-127.0.0.1], doctor-registration-service, INFO  StandardService log | Stopping service [Tomcat]
  [2022-01-18 13:09:55,952], , [RMI TCP Connection(25)-127.0.0.1], doctor-registration-service, INFO  [/doctor-registration] log | Destroying Spring FrameworkServlet 'dispatcherServlet'
  [2022-01-18 13:09:56,063], , [RMI TCP Connection(25)-127.0.0.1], doctor-registration-service, INFO  Http11NioProtocol log | Stopping ProtocolHandler ["http-nio-7073"]
  [2022-01-18 13:09:56,080], , [RMI TCP Connection(25)-127.0.0.1], doctor-registration-service, INFO  Http11NioProtocol log | Destroying ProtocolHandler ["http-nio-7073"]
  [2022-01-18 13:10:14,975], , [main], doctor-registration-service, INFO  PostProcessorRegistrationDelegate$BeanPostProcessorChecker postProcessAfterInitialization | Bean 'org.springframework.cloud.autoconfigure.ConfigurationPropertiesRebinderAutoConfiguration' of type [org.springframework.cloud.autoconfigure.ConfigurationPropertiesRebinderAutoConfiguration$$EnhancerBySpringCGLIB$$b440b18b] is not eligible for getting processed by all BeanPostProcessors (for example: not eligible for auto-proxying)
  [2022-01-18 13:10:15,318], , [main], doctor-registration-service, INFO  ConfigServicePropertySourceLocator getRemoteEnvironment | Fetching config from server at : http://localhost:8888/config
  [2022-01-18 13:10:16,339], , [main], doctor-registration-service, INFO  ConfigServicePropertySourceLocator log | Located environment: name=doctor-registration-service, profiles=[dev], label=1.0.1, version=null, state=null
  [2022-01-18 13:10:16,340], , [main], doctor-registration-service, INFO  PropertySourceBootstrapConfiguration initialize | Located property source: CompositePropertySource {name='configService', propertySources=[MapPropertySource {name='file:///D:/git-localconfig-repo/application-dev.properties'}]}
  [2022-01-18 13:10:16,404], , [main], doctor-registration-service, INFO  DoctorRegistrationServiceApplication logStartupProfileInfo | The following profiles are active: dev
  [2022-01-18 13:10:17,616], , [main], doctor-registration-service, INFO  RepositoryConfigurationDelegate registerRepositoriesIn | Bootstrapping Spring Data repositories in DEFAULT mode.
  [2022-01-18 13:10:17,786], , [main], doctor-registration-service, INFO  RepositoryConfigurationDelegate registerRepositoriesIn | Finished Spring Data repository scanning in 157ms. Found 11 repository interfaces.
  [2022-01-18 13:10:18,265], , [main], doctor-registration-service, INFO  GenericScope setSerializationId | BeanFactory id=5bd685ba-1b0e-3889-9c9e-2e5cb72ee565
  [2022-01-18 13:10:18,749], , [main], doctor-registration-service, INFO  PostProcessorRegistrationDelegate$BeanPostProcessorChecker postProcessAfterInitialization | Bean 'org.springframework.transaction.annotation.ProxyTransactionManagementConfiguration' of type [org.springframework.transaction.annotation.ProxyTransactionManagementConfiguration$$EnhancerBySpringCGLIB$$9826ae8e] is not eligible for getting processed by all BeanPostProcessors (for example: not eligible for auto-proxying)
  [2022-01-18 13:10:18,904], , [main], doctor-registration-service, INFO  PostProcessorRegistrationDelegate$BeanPostProcessorChecker postProcessAfterInitialization | Bean 'org.springframework.cloud.autoconfigure.ConfigurationPropertiesRebinderAutoConfiguration' of type [org.springframework.cloud.autoconfigure.ConfigurationPropertiesRebinderAutoConfiguration$$EnhancerBySpringCGLIB$$b440b18b] is not eligible for getting processed by all BeanPostProcessors (for example: not eligible for auto-proxying)
  [2022-01-18 13:10:19,760], , [main], doctor-registration-service, INFO  TomcatWebServer initialize | Tomcat initialized with port(s): 7073 (http)
  [2022-01-18 13:10:19,782], , [main], doctor-registration-service, INFO  Http11NioProtocol log | Initializing ProtocolHandler ["http-nio-7073"]
  [2022-01-18 13:10:19,794], , [main], doctor-registration-service, INFO  StandardService log | Starting service [Tomcat]
  [2022-01-18 13:10:19,795], , [main], doctor-registration-service, INFO  StandardEngine log | Starting Servlet engine: [Apache Tomcat/9.0.16]
  [2022-01-18 13:10:19,819], , [main], doctor-registration-service, INFO  AprLifecycleListener log | The APR based Apache Tomcat Native library which allows optimal performance in production environments was not found on the java.library.path: [D:\Softwares\eclipse-jee-2020-12-R-win32-x86_64\eclipse\plugins\org.eclipse.justj.openjdk.hotspot.jre.full.win32.x86_64_15.0.1.v20201027-0507\jre\bin;C:\Windows\Sun\Java\bin;C:\Windows\system32;C:\Windows;D:\Softwares\eclipse-jee-2020-12-R-win32-x86_64\eclipse\plugins\org.eclipse.justj.openjdk.hotspot.jre.full.win32.x86_64_15.0.1.v20201027-0507\jre\bin;D:/Softwares/eclipse-jee-2020-12-R-win32-x86_64/eclipse//plugins/org.eclipse.justj.openjdk.hotspot.jre.full.win32.x86_64_15.0.1.v20201027-0507/jre/bin/server;D:/Softwares/eclipse-jee-2020-12-R-win32-x86_64/eclipse//plugins/org.eclipse.justj.openjdk.hotspot.jre.full.win32.x86_64_15.0.1.v20201027-0507/jre/bin;C:\Program Files (x86)\Common Files\Oracle\Java\javapath;C:\Windows\system32;C:\Windows;C:\Windows\System32\Wbem;C:\Windows\System32\WindowsPowerShell\v1.0\;C:\Windows\System32\OpenSSH\;C:\Program Files (x86)\CrSSL\bin;C:\Program Files\TortoiseSVN\bin;D:\Softwares\apache-maven-3.6.1\bin;C:\Users\DELL\AppData\Local\Microsoft\WindowsApps;;D:\Softwares\eclipse-jee-2020-12-R-win32-x86_64\eclipse;;.]
  [2022-01-18 13:10:20,030], , [main], doctor-registration-service, INFO  [/doctor-registration] log | Initializing Spring embedded WebApplicationContext
  [2022-01-18 13:10:20,031], , [main], doctor-registration-service, INFO  ContextLoader prepareWebApplicationContext | Root WebApplicationContext: initialization completed in 3601 ms
  [2022-01-18 13:10:21,659], , [main], doctor-registration-service, INFO  HikariDataSource getConnection | HikariPool-1 - Starting...
  [2022-01-18 13:10:22,644], , [main], doctor-registration-service, INFO  HikariDataSource getConnection | HikariPool-1 - Start completed.
  [2022-01-18 13:10:22,764], , [main], doctor-registration-service, INFO  LogHelper logPersistenceUnitInformation | HHH000204: Processing PersistenceUnitInfo [
	name: default
	...]
  [2022-01-18 13:10:22,933], , [main], doctor-registration-service, INFO  Version logVersion | HHH000412: Hibernate Core {5.3.7.Final}
  [2022-01-18 13:10:22,935], , [main], doctor-registration-service, INFO  Environment <clinit> | HHH000206: hibernate.properties not found
  [2022-01-18 13:10:23,444], , [main], doctor-registration-service, INFO  Version <clinit> | HCANN000001: Hibernate Commons Annotations {5.0.4.Final}
  [2022-01-18 13:10:23,915], , [main], doctor-registration-service, INFO  Dialect <init> | HHH000400: Using dialect: org.hibernate.dialect.PostgreSQLDialect
  [2022-01-18 13:10:23,950], , [main], doctor-registration-service, INFO  LobCreatorBuilderImpl makeLobCreatorBuilder | HHH000422: Disabling contextual LOB creation as connection was null
  [2022-01-18 13:10:23,962], , [main], doctor-registration-service, INFO  BasicTypeRegistry register | HHH000270: Type registration [java.util.UUID] overrides previous : org.hibernate.type.UUIDBinaryType@6e70861
  [2022-01-18 13:10:39,715], , [main], doctor-registration-service, INFO  QueryTranslatorFactoryInitiator initiateService | HHH000397: Using ASTQueryTranslatorFactory
  [2022-01-18 13:10:39,885], , [main], doctor-registration-service, INFO  LocalContainerEntityManagerFactoryBean buildNativeEntityManagerFactory | Initialized JPA EntityManagerFactory for persistence unit 'default'
  [2022-01-18 13:10:40,889], , [main], doctor-registration-service, INFO  DoctorLoggingAspect profileAllMethods | Start of SecurityConfig.getRestTemlate
  [2022-01-18 13:10:40,897], , [main], doctor-registration-service, INFO  DoctorLoggingAspect profileAllMethods | END of SecurityConfig.getRestTemlate
  [2022-01-18 13:10:40,898], , [main], doctor-registration-service, INFO  DoctorLoggingAspect profileAllMethods | Execution time of SecurityConfig.getRestTemlate :: 10 ms
  [2022-01-18 13:10:41,691], , [main], doctor-registration-service, INFO  DoctorLoggingAspect profileAllMethods | Start of CommonValidationUtil.validatePassword
  [2022-01-18 13:10:41,703], , [main], doctor-registration-service, INFO  DoctorLoggingAspect profileAllMethods | END of CommonValidationUtil.validatePassword
  [2022-01-18 13:10:41,703], , [main], doctor-registration-service, INFO  DoctorLoggingAspect profileAllMethods | Execution time of CommonValidationUtil.validatePassword :: 12 ms
  [2022-01-18 13:10:42,323], , [main], doctor-registration-service, INFO  DoctorLoggingAspect profileAllMethods | Start of CustomInterceptorAppConfig.corsConfigurationSource
  [2022-01-18 13:10:42,331], , [main], doctor-registration-service, INFO  DoctorLoggingAspect profileAllMethods | END of CustomInterceptorAppConfig.corsConfigurationSource
  [2022-01-18 13:10:42,332], , [main], doctor-registration-service, INFO  DoctorLoggingAspect profileAllMethods | Execution time of CustomInterceptorAppConfig.corsConfigurationSource :: 9 ms
  [2022-01-18 13:10:42,777], , [main], doctor-registration-service, INFO  ThreadPoolTaskExecutor initialize | Initializing ExecutorService 'applicationTaskExecutor'
  [2022-01-18 13:10:42,911], , [main], doctor-registration-service, INFO  DoctorLoggingAspect profileAllMethods | Start of CustomInterceptorAppConfig.addInterceptors
  [2022-01-18 13:10:42,912], , [main], doctor-registration-service, INFO  DoctorLoggingAspect profileAllMethods | END of CustomInterceptorAppConfig.addInterceptors
  [2022-01-18 13:10:42,913], , [main], doctor-registration-service, INFO  DoctorLoggingAspect profileAllMethods | Execution time of CustomInterceptorAppConfig.addInterceptors :: 2 ms
  [2022-01-18 13:10:42,917], , [main], doctor-registration-service, WARN  JpaBaseConfiguration$JpaWebConfiguration$JpaWebMvcConfiguration openEntityManagerInViewInterceptor | spring.jpa.open-in-view is enabled by default. Therefore, database queries may be performed during view rendering. Explicitly configure spring.jpa.open-in-view to disable this warning
  [2022-01-18 13:10:43,961], , [main], doctor-registration-service, INFO  EndpointLinksResolver <init> | Exposing 2 endpoint(s) beneath base path '/actuator'
  [2022-01-18 13:10:44,103], , [main], doctor-registration-service, INFO  Http11NioProtocol log | Starting ProtocolHandler ["http-nio-7073"]
  [2022-01-18 13:10:44,152], , [main], doctor-registration-service, INFO  TomcatWebServer start | Tomcat started on port(s): 7073 (http) with context path '/doctor-registration'
  [2022-01-18 13:10:44,158], , [main], doctor-registration-service, INFO  DoctorRegistrationServiceApplication logStarted | Started DoctorRegistrationServiceApplication in 30.443 seconds (JVM running for 33.312)
  [2022-01-18 13:48:13,680], , [http-nio-7073-exec-2], doctor-registration-service, INFO  [/doctor-registration] log | Initializing Spring DispatcherServlet 'dispatcherServlet'
  [2022-01-18 13:48:13,751], , [http-nio-7073-exec-2], doctor-registration-service, INFO  DispatcherServlet initServletBean | Initializing Servlet 'dispatcherServlet'
  [2022-01-18 13:48:14,248], , [http-nio-7073-exec-2], doctor-registration-service, INFO  DispatcherServlet initServletBean | Completed initialization in 492 ms
1526fbbd6ca24ffb 1526fbbd6ca24ffb [2022-01-18 13:48:14,517], , [http-nio-7073-exec-2], doctor-registration-service, INFO  DoctorLoggingAspect profileAllMethods | Start of CustomInterceptor.preHandle
1526fbbd6ca24ffb 1526fbbd6ca24ffb [2022-01-18 13:48:14,558], , [http-nio-7073-exec-2], doctor-registration-service, INFO  DoctorLoggingAspect profileAllMethods | Start of TokenValidator.getUsernameFromToken
1526fbbd6ca24ffb 1526fbbd6ca24ffb [2022-01-18 13:48:15,610], , [http-nio-7073-exec-2], doctor-registration-service, INFO  DoctorLoggingAspect profileAllMethods | END of TokenValidator.getUsernameFromToken
1526fbbd6ca24ffb 1526fbbd6ca24ffb [2022-01-18 13:48:15,611], , [http-nio-7073-exec-2], doctor-registration-service, INFO  DoctorLoggingAspect profileAllMethods | Execution time of TokenValidator.getUsernameFromToken :: 1053 ms
1526fbbd6ca24ffb 1526fbbd6ca24ffb [2022-01-18 13:48:15,612], , [http-nio-7073-exec-2], doctor-registration-service, INFO  DoctorLoggingAspect profileAllMethods | Start of TokenValidator.getRoleFromToken
1526fbbd6ca24ffb 1526fbbd6ca24ffb [2022-01-18 13:48:15,616], , [http-nio-7073-exec-2], doctor-registration-service, INFO  DoctorLoggingAspect profileAllMethods | END of TokenValidator.getRoleFromToken
1526fbbd6ca24ffb 1526fbbd6ca24ffb [2022-01-18 13:48:15,616], , [http-nio-7073-exec-2], doctor-registration-service, INFO  DoctorLoggingAspect profileAllMethods | Execution time of TokenValidator.getRoleFromToken :: 4 ms
1526fbbd6ca24ffb 1526fbbd6ca24ffb [2022-01-18 13:48:15,668], , [http-nio-7073-exec-2], doctor-registration-service, INFO  DoctorLoggingAspect profileAllMethods | Start of UserDTO.setRole
1526fbbd6ca24ffb 1526fbbd6ca24ffb [2022-01-18 13:48:15,676], , [http-nio-7073-exec-2], doctor-registration-service, INFO  DoctorLoggingAspect profileAllMethods | END of UserDTO.setRole
1526fbbd6ca24ffb 1526fbbd6ca24ffb [2022-01-18 13:48:15,677], , [http-nio-7073-exec-2], doctor-registration-service, INFO  DoctorLoggingAspect profileAllMethods | Execution time of UserDTO.setRole :: 9 ms
1526fbbd6ca24ffb 1526fbbd6ca24ffb [2022-01-18 13:48:15,677], , [http-nio-7073-exec-2], doctor-registration-service, INFO  DoctorLoggingAspect profileAllMethods | Start of UserDTO.setUserName
1526fbbd6ca24ffb 1526fbbd6ca24ffb [2022-01-18 13:48:15,678], , [http-nio-7073-exec-2], doctor-registration-service, INFO  DoctorLoggingAspect profileAllMethods | END of UserDTO.setUserName
1526fbbd6ca24ffb 1526fbbd6ca24ffb [2022-01-18 13:48:15,679], , [http-nio-7073-exec-2], doctor-registration-service, INFO  DoctorLoggingAspect profileAllMethods | Execution time of UserDTO.setUserName :: 2 ms
1526fbbd6ca24ffb 1526fbbd6ca24ffb [2022-01-18 13:48:15,680], , [http-nio-7073-exec-2], doctor-registration-service, INFO  DoctorLoggingAspect profileAllMethods | Start of UserDTO.setToken
1526fbbd6ca24ffb 1526fbbd6ca24ffb [2022-01-18 13:48:15,680], , [http-nio-7073-exec-2], doctor-registration-service, INFO  DoctorLoggingAspect profileAllMethods | END of UserDTO.setToken
1526fbbd6ca24ffb 1526fbbd6ca24ffb [2022-01-18 13:48:15,681], , [http-nio-7073-exec-2], doctor-registration-service, INFO  DoctorLoggingAspect profileAllMethods | Execution time of UserDTO.setToken :: 1 ms
1526fbbd6ca24ffb 1526fbbd6ca24ffb [2022-01-18 13:48:15,682], , [http-nio-7073-exec-2], doctor-registration-service, INFO  DoctorLoggingAspect profileAllMethods | END of CustomInterceptor.preHandle
1526fbbd6ca24ffb 1526fbbd6ca24ffb [2022-01-18 13:48:15,683], , [http-nio-7073-exec-2], doctor-registration-service, INFO  DoctorLoggingAspect profileAllMethods | Execution time of CustomInterceptor.preHandle :: 1173 ms
1526fbbd6ca24ffb 1526fbbd6ca24ffb [2022-01-18 13:48:15,842], 0:0:0:0:0:0:0:1, [http-nio-7073-exec-2], doctor-registration-service, INFO  DoctorLoggingAspect profileAllMethods | Start of RegistrationController.doctorProfile
1526fbbd6ca24ffb 1526fbbd6ca24ffb [2022-01-18 13:48:15,880], 0:0:0:0:0:0:0:1, [http-nio-7073-exec-2], doctor-registration-service, INFO  RegistrationController doctorProfile | Request Received to view doctor profile.
1526fbbd6ca24ffb 1526fbbd6ca24ffb [2022-01-18 13:48:20,487], 0:0:0:0:0:0:0:1, [http-nio-7073-exec-2], doctor-registration-service, INFO  DoctorLoggingAspect profileAllMethods | Start of RegistrationServiceImpl.doctorProfile
1526fbbd6ca24ffb 1526fbbd6ca24ffb [2022-01-18 13:48:29,402], 0:0:0:0:0:0:0:1, [http-nio-7073-exec-2], doctor-registration-service, INFO  DoctorLoggingAspect profileAllMethods | Start of DoctorMstrRepo.findByDmdUserId
1526fbbd6ca24ffb 1526fbbd6ca24ffb [2022-01-18 13:48:36,096], 0:0:0:0:0:0:0:1, [http-nio-7073-exec-2], doctor-registration-service, INFO  DoctorLoggingAspect profileAllMethods | END of DoctorMstrRepo.findByDmdUserId
1526fbbd6ca24ffb 1526fbbd6ca24ffb [2022-01-18 13:48:36,122], 0:0:0:0:0:0:0:1, [http-nio-7073-exec-2], doctor-registration-service, INFO  DoctorLoggingAspect profileAllMethods | Execution time of DoctorMstrRepo.findByDmdUserId :: 6721 ms
1526fbbd6ca24ffb 1526fbbd6ca24ffb [2022-01-18 13:48:41,056], 0:0:0:0:0:0:0:1, [http-nio-7073-exec-2], doctor-registration-service, WARN  SqlExceptionHelper logExceptions | SQL Error: 0, SQLState: 42883
1526fbbd6ca24ffb 1526fbbd6ca24ffb [2022-01-18 13:48:41,062], 0:0:0:0:0:0:0:1, [http-nio-7073-exec-2], doctor-registration-service, ERROR SqlExceptionHelper logExceptions | ERROR: operator does not exist: character varying = integer
  Hint: No operator matches the given name and argument type(s). You might need to add explicit type casts.
  Position: 1068
1526fbbd6ca24ffb 1526fbbd6ca24ffb [2022-01-18 13:48:46,827], 0:0:0:0:0:0:0:1, [http-nio-7073-exec-2], doctor-registration-service, WARN  SqlExceptionHelper logExceptions | SQL Error: 0, SQLState: 42883
1526fbbd6ca24ffb 1526fbbd6ca24ffb [2022-01-18 13:48:46,830], 0:0:0:0:0:0:0:1, [http-nio-7073-exec-2], doctor-registration-service, ERROR SqlExceptionHelper logExceptions | ERROR: operator does not exist: character varying = integer
  Hint: No operator matches the given name and argument type(s). You might need to add explicit type casts.
  Position: 1068
1526fbbd6ca24ffb 1526fbbd6ca24ffb [2022-01-18 13:48:55,690], 0:0:0:0:0:0:0:1, [http-nio-7073-exec-2], doctor-registration-service, WARN  SqlExceptionHelper logExceptions | SQL Error: 0, SQLState: 42883
1526fbbd6ca24ffb 1526fbbd6ca24ffb [2022-01-18 13:48:55,697], 0:0:0:0:0:0:0:1, [http-nio-7073-exec-2], doctor-registration-service, ERROR SqlExceptionHelper logExceptions | ERROR: operator does not exist: character varying = integer
  Hint: No operator matches the given name and argument type(s). You might need to add explicit type casts.
  Position: 1068
1526fbbd6ca24ffb 1526fbbd6ca24ffb [2022-01-18 13:48:57,101], 0:0:0:0:0:0:0:1, [http-nio-7073-exec-2], doctor-registration-service, WARN  SqlExceptionHelper logExceptions | SQL Error: 0, SQLState: 42883
1526fbbd6ca24ffb 1526fbbd6ca24ffb [2022-01-18 13:48:57,104], 0:0:0:0:0:0:0:1, [http-nio-7073-exec-2], doctor-registration-service, ERROR SqlExceptionHelper logExceptions | ERROR: operator does not exist: character varying = integer
  Hint: No operator matches the given name and argument type(s). You might need to add explicit type casts.
  Position: 1068
1526fbbd6ca24ffb 1526fbbd6ca24ffb [2022-01-18 13:49:16,835], 0:0:0:0:0:0:0:1, [http-nio-7073-exec-2], doctor-registration-service, WARN  SqlExceptionHelper logExceptions | SQL Error: 0, SQLState: 42883
1526fbbd6ca24ffb 1526fbbd6ca24ffb [2022-01-18 13:49:16,840], 0:0:0:0:0:0:0:1, [http-nio-7073-exec-2], doctor-registration-service, ERROR SqlExceptionHelper logExceptions | ERROR: operator does not exist: character varying = integer
  Hint: No operator matches the given name and argument type(s). You might need to add explicit type casts.
  Position: 1068
1526fbbd6ca24ffb 1526fbbd6ca24ffb [2022-01-18 13:49:22,808], 0:0:0:0:0:0:0:1, [http-nio-7073-exec-2], doctor-registration-service, WARN  SqlExceptionHelper logExceptions | SQL Error: 0, SQLState: 42883
1526fbbd6ca24ffb 1526fbbd6ca24ffb [2022-01-18 13:49:22,812], 0:0:0:0:0:0:0:1, [http-nio-7073-exec-2], doctor-registration-service, ERROR SqlExceptionHelper logExceptions | ERROR: operator does not exist: character varying = integer
  Hint: No operator matches the given name and argument type(s). You might need to add explicit type casts.
  Position: 1068
1526fbbd6ca24ffb 1526fbbd6ca24ffb [2022-01-18 13:50:08,690], 0:0:0:0:0:0:0:1, [http-nio-7073-exec-2], doctor-registration-service, WARN  SqlExceptionHelper logExceptions | SQL Error: 0, SQLState: 42883
1526fbbd6ca24ffb 1526fbbd6ca24ffb [2022-01-18 13:50:08,694], 0:0:0:0:0:0:0:1, [http-nio-7073-exec-2], doctor-registration-service, ERROR SqlExceptionHelper logExceptions | ERROR: operator does not exist: character varying = integer
  Hint: No operator matches the given name and argument type(s). You might need to add explicit type casts.
  Position: 1068
a66f1fb20c7f080c a66f1fb20c7f080c [2022-01-18 13:50:36,175], , [http-nio-7073-exec-4], doctor-registration-service, INFO  DoctorLoggingAspect profileAllMethods | Start of CustomInterceptor.preHandle
a66f1fb20c7f080c a66f1fb20c7f080c [2022-01-18 13:50:36,196], , [http-nio-7073-exec-4], doctor-registration-service, INFO  DoctorLoggingAspect profileAllMethods | Start of TokenValidator.getUsernameFromToken
a66f1fb20c7f080c a66f1fb20c7f080c [2022-01-18 13:50:36,290], , [http-nio-7073-exec-4], doctor-registration-service, INFO  DoctorLoggingAspect profileAllMethods | END of TokenValidator.getUsernameFromToken
a66f1fb20c7f080c a66f1fb20c7f080c [2022-01-18 13:50:36,292], , [http-nio-7073-exec-4], doctor-registration-service, INFO  DoctorLoggingAspect profileAllMethods | Execution time of TokenValidator.getUsernameFromToken :: 96 ms
a66f1fb20c7f080c a66f1fb20c7f080c [2022-01-18 13:50:36,313], , [http-nio-7073-exec-4], doctor-registration-service, INFO  DoctorLoggingAspect profileAllMethods | Start of TokenValidator.getRoleFromToken
a66f1fb20c7f080c a66f1fb20c7f080c [2022-01-18 13:50:36,316], , [http-nio-7073-exec-4], doctor-registration-service, INFO  DoctorLoggingAspect profileAllMethods | END of TokenValidator.getRoleFromToken
a66f1fb20c7f080c a66f1fb20c7f080c [2022-01-18 13:50:36,317], , [http-nio-7073-exec-4], doctor-registration-service, INFO  DoctorLoggingAspect profileAllMethods | Execution time of TokenValidator.getRoleFromToken :: 4 ms
a66f1fb20c7f080c a66f1fb20c7f080c [2022-01-18 13:50:36,457], , [http-nio-7073-exec-4], doctor-registration-service, INFO  DoctorLoggingAspect profileAllMethods | Start of UserDTO.setRole
a66f1fb20c7f080c a66f1fb20c7f080c [2022-01-18 13:50:36,459], , [http-nio-7073-exec-4], doctor-registration-service, INFO  DoctorLoggingAspect profileAllMethods | END of UserDTO.setRole
a66f1fb20c7f080c a66f1fb20c7f080c [2022-01-18 13:50:36,461], , [http-nio-7073-exec-4], doctor-registration-service, INFO  DoctorLoggingAspect profileAllMethods | Execution time of UserDTO.setRole :: 4 ms
a66f1fb20c7f080c a66f1fb20c7f080c [2022-01-18 13:50:36,462], , [http-nio-7073-exec-4], doctor-registration-service, INFO  DoctorLoggingAspect profileAllMethods | Start of UserDTO.setUserName
a66f1fb20c7f080c a66f1fb20c7f080c [2022-01-18 13:50:36,464], , [http-nio-7073-exec-4], doctor-registration-service, INFO  DoctorLoggingAspect profileAllMethods | END of UserDTO.setUserName
a66f1fb20c7f080c a66f1fb20c7f080c [2022-01-18 13:50:36,465], , [http-nio-7073-exec-4], doctor-registration-service, INFO  DoctorLoggingAspect profileAllMethods | Execution time of UserDTO.setUserName :: 3 ms
a66f1fb20c7f080c a66f1fb20c7f080c [2022-01-18 13:50:36,466], , [http-nio-7073-exec-4], doctor-registration-service, INFO  DoctorLoggingAspect profileAllMethods | Start of UserDTO.setToken
a66f1fb20c7f080c a66f1fb20c7f080c [2022-01-18 13:50:36,468], , [http-nio-7073-exec-4], doctor-registration-service, INFO  DoctorLoggingAspect profileAllMethods | END of UserDTO.setToken
a66f1fb20c7f080c a66f1fb20c7f080c [2022-01-18 13:50:36,468], , [http-nio-7073-exec-4], doctor-registration-service, INFO  DoctorLoggingAspect profileAllMethods | Execution time of UserDTO.setToken :: 2 ms
a66f1fb20c7f080c a66f1fb20c7f080c [2022-01-18 13:50:36,468], , [http-nio-7073-exec-4], doctor-registration-service, INFO  DoctorLoggingAspect profileAllMethods | END of CustomInterceptor.preHandle
a66f1fb20c7f080c a66f1fb20c7f080c [2022-01-18 13:50:36,469], , [http-nio-7073-exec-4], doctor-registration-service, INFO  DoctorLoggingAspect profileAllMethods | Execution time of CustomInterceptor.preHandle :: 296 ms
a66f1fb20c7f080c a66f1fb20c7f080c [2022-01-18 13:50:36,540], 0:0:0:0:0:0:0:1, [http-nio-7073-exec-4], doctor-registration-service, INFO  DoctorLoggingAspect profileAllMethods | Start of RegistrationController.doctorProfile
a66f1fb20c7f080c a66f1fb20c7f080c [2022-01-18 13:50:36,542], 0:0:0:0:0:0:0:1, [http-nio-7073-exec-4], doctor-registration-service, INFO  RegistrationController doctorProfile | Request Received to view doctor profile.
1526fbbd6ca24ffb 1526fbbd6ca24ffb [2022-01-18 13:50:39,388], 0:0:0:0:0:0:0:1, [http-nio-7073-exec-2], doctor-registration-service, INFO  DoctorLoggingAspect profileAllMethods | Start of DoctorDocumentRepo.findDoctorDocuments
1526fbbd6ca24ffb 1526fbbd6ca24ffb [2022-01-18 13:50:40,379], 0:0:0:0:0:0:0:1, [http-nio-7073-exec-2], doctor-registration-service, INFO  DoctorLoggingAspect profileAllMethods | END of DoctorDocumentRepo.findDoctorDocuments
1526fbbd6ca24ffb 1526fbbd6ca24ffb [2022-01-18 13:50:40,385], 0:0:0:0:0:0:0:1, [http-nio-7073-exec-2], doctor-registration-service, INFO  DoctorLoggingAspect profileAllMethods | Execution time of DoctorDocumentRepo.findDoctorDocuments :: 997 ms
1526fbbd6ca24ffb 1526fbbd6ca24ffb [2022-01-18 13:50:40,849], 0:0:0:0:0:0:0:1, [http-nio-7073-exec-2], doctor-registration-service, INFO  RegistrationServiceImpl doctorProfile |  returning response
1526fbbd6ca24ffb 1526fbbd6ca24ffb [2022-01-18 13:50:40,852], 0:0:0:0:0:0:0:1, [http-nio-7073-exec-2], doctor-registration-service, INFO  DoctorLoggingAspect profileAllMethods | END of RegistrationServiceImpl.doctorProfile
1526fbbd6ca24ffb 1526fbbd6ca24ffb [2022-01-18 13:50:40,856], 0:0:0:0:0:0:0:1, [http-nio-7073-exec-2], doctor-registration-service, INFO  DoctorLoggingAspect profileAllMethods | Execution time of RegistrationServiceImpl.doctorProfile :: 140374 ms
1526fbbd6ca24ffb 1526fbbd6ca24ffb [2022-01-18 13:50:40,863], 0:0:0:0:0:0:0:1, [http-nio-7073-exec-2], doctor-registration-service, INFO  DoctorLoggingAspect profileAllMethods | END of RegistrationController.doctorProfile
1526fbbd6ca24ffb 1526fbbd6ca24ffb [2022-01-18 13:50:40,864], 0:0:0:0:0:0:0:1, [http-nio-7073-exec-2], doctor-registration-service, INFO  DoctorLoggingAspect profileAllMethods | Execution time of RegistrationController.doctorProfile :: 145023 ms
1526fbbd6ca24ffb 1526fbbd6ca24ffb [2022-01-18 13:50:41,226], 0:0:0:0:0:0:0:1, [http-nio-7073-exec-2], doctor-registration-service, INFO  DoctorLoggingAspect profileAllMethods | Start of CustomInterceptor.postHandle
1526fbbd6ca24ffb 1526fbbd6ca24ffb [2022-01-18 13:50:41,228], 0:0:0:0:0:0:0:1, [http-nio-7073-exec-2], doctor-registration-service, INFO  DoctorLoggingAspect profileAllMethods | END of CustomInterceptor.postHandle
1526fbbd6ca24ffb 1526fbbd6ca24ffb [2022-01-18 13:50:41,229], 0:0:0:0:0:0:0:1, [http-nio-7073-exec-2], doctor-registration-service, INFO  DoctorLoggingAspect profileAllMethods | Execution time of CustomInterceptor.postHandle :: 3 ms
1526fbbd6ca24ffb 1526fbbd6ca24ffb [2022-01-18 13:50:41,239], 0:0:0:0:0:0:0:1, [http-nio-7073-exec-2], doctor-registration-service, INFO  DoctorLoggingAspect profileAllMethods | Start of CustomInterceptor.afterCompletion
1526fbbd6ca24ffb 1526fbbd6ca24ffb [2022-01-18 13:50:41,239], 0:0:0:0:0:0:0:1, [http-nio-7073-exec-2], doctor-registration-service, INFO  DoctorLoggingAspect profileAllMethods | END of CustomInterceptor.afterCompletion
1526fbbd6ca24ffb 1526fbbd6ca24ffb [2022-01-18 13:50:41,240], 0:0:0:0:0:0:0:1, [http-nio-7073-exec-2], doctor-registration-service, INFO  DoctorLoggingAspect profileAllMethods | Execution time of CustomInterceptor.afterCompletion :: 1 ms
a66f1fb20c7f080c a66f1fb20c7f080c [2022-01-18 13:50:45,253], 0:0:0:0:0:0:0:1, [http-nio-7073-exec-4], doctor-registration-service, INFO  DoctorLoggingAspect profileAllMethods | Start of RegistrationServiceImpl.doctorProfile
a66f1fb20c7f080c a66f1fb20c7f080c [2022-01-18 13:50:51,790], 0:0:0:0:0:0:0:1, [http-nio-7073-exec-4], doctor-registration-service, INFO  DoctorLoggingAspect profileAllMethods | Start of DoctorMstrRepo.findByDmdUserId
a66f1fb20c7f080c a66f1fb20c7f080c [2022-01-18 13:50:52,297], 0:0:0:0:0:0:0:1, [http-nio-7073-exec-4], doctor-registration-service, INFO  DoctorLoggingAspect profileAllMethods | END of DoctorMstrRepo.findByDmdUserId
a66f1fb20c7f080c a66f1fb20c7f080c [2022-01-18 13:50:52,327], 0:0:0:0:0:0:0:1, [http-nio-7073-exec-4], doctor-registration-service, INFO  DoctorLoggingAspect profileAllMethods | Execution time of DoctorMstrRepo.findByDmdUserId :: 537 ms
a66f1fb20c7f080c a66f1fb20c7f080c [2022-01-18 13:50:54,999], 0:0:0:0:0:0:0:1, [http-nio-7073-exec-4], doctor-registration-service, WARN  SqlExceptionHelper logExceptions | SQL Error: 0, SQLState: 42883
a66f1fb20c7f080c a66f1fb20c7f080c [2022-01-18 13:50:55,003], 0:0:0:0:0:0:0:1, [http-nio-7073-exec-4], doctor-registration-service, ERROR SqlExceptionHelper logExceptions | ERROR: operator does not exist: character varying = integer
  Hint: No operator matches the given name and argument type(s). You might need to add explicit type casts.
  Position: 1068
a66f1fb20c7f080c a66f1fb20c7f080c [2022-01-18 13:50:56,660], 0:0:0:0:0:0:0:1, [http-nio-7073-exec-4], doctor-registration-service, WARN  SqlExceptionHelper logExceptions | SQL Error: 0, SQLState: 42883
a66f1fb20c7f080c a66f1fb20c7f080c [2022-01-18 13:50:56,792], 0:0:0:0:0:0:0:1, [http-nio-7073-exec-4], doctor-registration-service, ERROR SqlExceptionHelper logExceptions | ERROR: operator does not exist: character varying = integer
  Hint: No operator matches the given name and argument type(s). You might need to add explicit type casts.
  Position: 1068
a66f1fb20c7f080c a66f1fb20c7f080c [2022-01-18 13:51:02,837], 0:0:0:0:0:0:0:1, [http-nio-7073-exec-4], doctor-registration-service, INFO  DoctorLoggingAspect profileAllMethods | Start of DoctorDocumentRepo.findDoctorDocuments
a66f1fb20c7f080c a66f1fb20c7f080c [2022-01-18 13:51:03,338], 0:0:0:0:0:0:0:1, [http-nio-7073-exec-4], doctor-registration-service, INFO  DoctorLoggingAspect profileAllMethods | END of DoctorDocumentRepo.findDoctorDocuments
a66f1fb20c7f080c a66f1fb20c7f080c [2022-01-18 13:51:03,373], 0:0:0:0:0:0:0:1, [http-nio-7073-exec-4], doctor-registration-service, INFO  DoctorLoggingAspect profileAllMethods | Execution time of DoctorDocumentRepo.findDoctorDocuments :: 535 ms
a66f1fb20c7f080c a66f1fb20c7f080c [2022-01-18 13:51:11,304], 0:0:0:0:0:0:0:1, [http-nio-7073-exec-4], doctor-registration-service, INFO  RegistrationServiceImpl doctorProfile |  returning response
a66f1fb20c7f080c a66f1fb20c7f080c [2022-01-18 13:51:18,394], 0:0:0:0:0:0:0:1, [http-nio-7073-exec-4], doctor-registration-service, INFO  DoctorLoggingAspect profileAllMethods | END of RegistrationServiceImpl.doctorProfile
a66f1fb20c7f080c a66f1fb20c7f080c [2022-01-18 13:51:18,397], 0:0:0:0:0:0:0:1, [http-nio-7073-exec-4], doctor-registration-service, INFO  DoctorLoggingAspect profileAllMethods | Execution time of RegistrationServiceImpl.doctorProfile :: 33144 ms
a66f1fb20c7f080c a66f1fb20c7f080c [2022-01-18 13:51:18,400], 0:0:0:0:0:0:0:1, [http-nio-7073-exec-4], doctor-registration-service, INFO  DoctorLoggingAspect profileAllMethods | END of RegistrationController.doctorProfile
a66f1fb20c7f080c a66f1fb20c7f080c [2022-01-18 13:51:18,402], 0:0:0:0:0:0:0:1, [http-nio-7073-exec-4], doctor-registration-service, INFO  DoctorLoggingAspect profileAllMethods | Execution time of RegistrationController.doctorProfile :: 41862 ms
a66f1fb20c7f080c a66f1fb20c7f080c [2022-01-18 13:51:18,413], 0:0:0:0:0:0:0:1, [http-nio-7073-exec-4], doctor-registration-service, INFO  DoctorLoggingAspect profileAllMethods | Start of CustomInterceptor.postHandle
a66f1fb20c7f080c a66f1fb20c7f080c [2022-01-18 13:51:18,423], 0:0:0:0:0:0:0:1, [http-nio-7073-exec-4], doctor-registration-service, INFO  DoctorLoggingAspect profileAllMethods | END of CustomInterceptor.postHandle
a66f1fb20c7f080c a66f1fb20c7f080c [2022-01-18 13:51:18,425], 0:0:0:0:0:0:0:1, [http-nio-7073-exec-4], doctor-registration-service, INFO  DoctorLoggingAspect profileAllMethods | Execution time of CustomInterceptor.postHandle :: 13 ms
a66f1fb20c7f080c a66f1fb20c7f080c [2022-01-18 13:51:18,426], 0:0:0:0:0:0:0:1, [http-nio-7073-exec-4], doctor-registration-service, INFO  DoctorLoggingAspect profileAllMethods | Start of CustomInterceptor.afterCompletion
a66f1fb20c7f080c a66f1fb20c7f080c [2022-01-18 13:51:18,427], 0:0:0:0:0:0:0:1, [http-nio-7073-exec-4], doctor-registration-service, INFO  DoctorLoggingAspect profileAllMethods | END of CustomInterceptor.afterCompletion
a66f1fb20c7f080c a66f1fb20c7f080c [2022-01-18 13:51:18,428], 0:0:0:0:0:0:0:1, [http-nio-7073-exec-4], doctor-registration-service, INFO  DoctorLoggingAspect profileAllMethods | Execution time of CustomInterceptor.afterCompletion :: 1 ms
0f87ab8c1a19f54b 0f87ab8c1a19f54b [2022-01-18 14:02:40,438], , [http-nio-7073-exec-8], doctor-registration-service, INFO  DoctorLoggingAspect profileAllMethods | Start of CustomInterceptor.preHandle
0f87ab8c1a19f54b 0f87ab8c1a19f54b [2022-01-18 14:02:40,457], , [http-nio-7073-exec-8], doctor-registration-service, INFO  DoctorLoggingAspect profileAllMethods | Start of TokenValidator.getUsernameFromToken
0f87ab8c1a19f54b 0f87ab8c1a19f54b [2022-01-18 14:02:40,474], , [http-nio-7073-exec-8], doctor-registration-service, INFO  DoctorLoggingAspect profileAllMethods | END of TokenValidator.getUsernameFromToken
0f87ab8c1a19f54b 0f87ab8c1a19f54b [2022-01-18 14:02:40,475], , [http-nio-7073-exec-8], doctor-registration-service, INFO  DoctorLoggingAspect profileAllMethods | Execution time of TokenValidator.getUsernameFromToken :: 18 ms
0f87ab8c1a19f54b 0f87ab8c1a19f54b [2022-01-18 14:02:40,476], , [http-nio-7073-exec-8], doctor-registration-service, INFO  DoctorLoggingAspect profileAllMethods | Start of TokenValidator.getRoleFromToken
0f87ab8c1a19f54b 0f87ab8c1a19f54b [2022-01-18 14:02:40,478], , [http-nio-7073-exec-8], doctor-registration-service, INFO  DoctorLoggingAspect profileAllMethods | END of TokenValidator.getRoleFromToken
0f87ab8c1a19f54b 0f87ab8c1a19f54b [2022-01-18 14:02:40,479], , [http-nio-7073-exec-8], doctor-registration-service, INFO  DoctorLoggingAspect profileAllMethods | Execution time of TokenValidator.getRoleFromToken :: 3 ms
0f87ab8c1a19f54b 0f87ab8c1a19f54b [2022-01-18 14:02:40,522], , [http-nio-7073-exec-8], doctor-registration-service, INFO  DoctorLoggingAspect profileAllMethods | Start of UserDTO.setRole
0f87ab8c1a19f54b 0f87ab8c1a19f54b [2022-01-18 14:02:40,523], , [http-nio-7073-exec-8], doctor-registration-service, INFO  DoctorLoggingAspect profileAllMethods | END of UserDTO.setRole
0f87ab8c1a19f54b 0f87ab8c1a19f54b [2022-01-18 14:02:40,525], , [http-nio-7073-exec-8], doctor-registration-service, INFO  DoctorLoggingAspect profileAllMethods | Execution time of UserDTO.setRole :: 2 ms
0f87ab8c1a19f54b 0f87ab8c1a19f54b [2022-01-18 14:02:40,526], , [http-nio-7073-exec-8], doctor-registration-service, INFO  DoctorLoggingAspect profileAllMethods | Start of UserDTO.setUserName
0f87ab8c1a19f54b 0f87ab8c1a19f54b [2022-01-18 14:02:40,529], , [http-nio-7073-exec-8], doctor-registration-service, INFO  DoctorLoggingAspect profileAllMethods | END of UserDTO.setUserName
0f87ab8c1a19f54b 0f87ab8c1a19f54b [2022-01-18 14:02:40,530], , [http-nio-7073-exec-8], doctor-registration-service, INFO  DoctorLoggingAspect profileAllMethods | Execution time of UserDTO.setUserName :: 4 ms
0f87ab8c1a19f54b 0f87ab8c1a19f54b [2022-01-18 14:02:40,531], , [http-nio-7073-exec-8], doctor-registration-service, INFO  DoctorLoggingAspect profileAllMethods | Start of UserDTO.setToken
0f87ab8c1a19f54b 0f87ab8c1a19f54b [2022-01-18 14:02:40,532], , [http-nio-7073-exec-8], doctor-registration-service, INFO  DoctorLoggingAspect profileAllMethods | END of UserDTO.setToken
0f87ab8c1a19f54b 0f87ab8c1a19f54b [2022-01-18 14:02:40,532], , [http-nio-7073-exec-8], doctor-registration-service, INFO  DoctorLoggingAspect profileAllMethods | Execution time of UserDTO.setToken :: 1 ms
0f87ab8c1a19f54b 0f87ab8c1a19f54b [2022-01-18 14:02:40,532], , [http-nio-7073-exec-8], doctor-registration-service, INFO  DoctorLoggingAspect profileAllMethods | END of CustomInterceptor.preHandle
0f87ab8c1a19f54b 0f87ab8c1a19f54b [2022-01-18 14:02:40,533], , [http-nio-7073-exec-8], doctor-registration-service, INFO  DoctorLoggingAspect profileAllMethods | Execution time of CustomInterceptor.preHandle :: 97 ms
0f87ab8c1a19f54b 0f87ab8c1a19f54b [2022-01-18 14:02:40,615], 0:0:0:0:0:0:0:1, [http-nio-7073-exec-8], doctor-registration-service, INFO  DoctorLoggingAspect profileAllMethods | Start of RegistrationController.updateDoctorProfile
0f87ab8c1a19f54b 0f87ab8c1a19f54b [2022-01-18 14:02:40,621], 0:0:0:0:0:0:0:1, [http-nio-7073-exec-8], doctor-registration-service, INFO  RegistrationController updateDoctorProfile | Request Received to update doctor profile.
0f87ab8c1a19f54b 0f87ab8c1a19f54b [2022-01-18 14:02:40,784], 0:0:0:0:0:0:0:1, [http-nio-7073-exec-8], doctor-registration-service, INFO  DoctorLoggingAspect profileAllMethods | Start of RegistrationServiceImpl.updateDoctorProfile
0f87ab8c1a19f54b 0f87ab8c1a19f54b [2022-01-18 14:02:40,791], 0:0:0:0:0:0:0:1, [http-nio-7073-exec-8], doctor-registration-service, INFO  DoctorLoggingAspect profileAllMethods | Start of DoctorMstrRepo.findByDmdUserId
0f87ab8c1a19f54b 0f87ab8c1a19f54b [2022-01-18 14:02:40,930], 0:0:0:0:0:0:0:1, [http-nio-7073-exec-8], doctor-registration-service, INFO  DoctorLoggingAspect profileAllMethods | END of DoctorMstrRepo.findByDmdUserId
0f87ab8c1a19f54b 0f87ab8c1a19f54b [2022-01-18 14:02:40,930], 0:0:0:0:0:0:0:1, [http-nio-7073-exec-8], doctor-registration-service, INFO  DoctorLoggingAspect profileAllMethods | Execution time of DoctorMstrRepo.findByDmdUserId :: 139 ms
0f87ab8c1a19f54b 0f87ab8c1a19f54b [2022-01-18 14:02:40,935], 0:0:0:0:0:0:0:1, [http-nio-7073-exec-8], doctor-registration-service, INFO  DoctorLoggingAspect profileAllMethods | Start of UserDTO.getUserName
0f87ab8c1a19f54b 0f87ab8c1a19f54b [2022-01-18 14:02:40,937], 0:0:0:0:0:0:0:1, [http-nio-7073-exec-8], doctor-registration-service, INFO  DoctorLoggingAspect profileAllMethods | END of UserDTO.getUserName
0f87ab8c1a19f54b 0f87ab8c1a19f54b [2022-01-18 14:02:40,937], 0:0:0:0:0:0:0:1, [http-nio-7073-exec-8], doctor-registration-service, INFO  DoctorLoggingAspect profileAllMethods | Execution time of UserDTO.getUserName :: 2 ms
0f87ab8c1a19f54b 0f87ab8c1a19f54b [2022-01-18 14:02:40,965], 0:0:0:0:0:0:0:1, [http-nio-7073-exec-8], doctor-registration-service, INFO  DoctorLoggingAspect profileAllMethods | Start of CrudRepository.save
0f87ab8c1a19f54b 0f87ab8c1a19f54b [2022-01-18 14:02:41,165], 0:0:0:0:0:0:0:1, [http-nio-7073-exec-8], doctor-registration-service, INFO  DoctorLoggingAspect profileAllMethods | END of CrudRepository.save
0f87ab8c1a19f54b 0f87ab8c1a19f54b [2022-01-18 14:02:41,166], 0:0:0:0:0:0:0:1, [http-nio-7073-exec-8], doctor-registration-service, INFO  DoctorLoggingAspect profileAllMethods | Execution time of CrudRepository.save :: 201 ms
0f87ab8c1a19f54b 0f87ab8c1a19f54b [2022-01-18 14:02:41,167], 0:0:0:0:0:0:0:1, [http-nio-7073-exec-8], doctor-registration-service, INFO  RegistrationServiceImpl updateDoctorProfile | Calling  API of update user details of user-management calling from doctor-registartion
0f87ab8c1a19f54b 0f87ab8c1a19f54b [2022-01-18 14:02:41,168], 0:0:0:0:0:0:0:1, [http-nio-7073-exec-8], doctor-registration-service, INFO  RegistrationServiceImpl UpdateUserDetails | Inside  API of update user details of user-management calling from doctor-registartion
0f87ab8c1a19f54b 0f87ab8c1a19f54b [2022-01-18 14:02:41,669], 0:0:0:0:0:0:0:1, [http-nio-7073-exec-8], doctor-registration-service, INFO  RegistrationServiceImpl updateDoctorProfile |  returning response
0f87ab8c1a19f54b 0f87ab8c1a19f54b [2022-01-18 14:02:41,671], 0:0:0:0:0:0:0:1, [http-nio-7073-exec-8], doctor-registration-service, INFO  DoctorLoggingAspect profileAllMethods | END of RegistrationServiceImpl.updateDoctorProfile
0f87ab8c1a19f54b 0f87ab8c1a19f54b [2022-01-18 14:02:41,675], 0:0:0:0:0:0:0:1, [http-nio-7073-exec-8], doctor-registration-service, INFO  DoctorLoggingAspect profileAllMethods | Execution time of RegistrationServiceImpl.updateDoctorProfile :: 891 ms
0f87ab8c1a19f54b 0f87ab8c1a19f54b [2022-01-18 14:02:42,080], 0:0:0:0:0:0:0:1, [http-nio-7073-exec-8], doctor-registration-service, INFO  DoctorLoggingAspect profileAllMethods | END of RegistrationController.updateDoctorProfile
0f87ab8c1a19f54b 0f87ab8c1a19f54b [2022-01-18 14:02:42,081], 0:0:0:0:0:0:0:1, [http-nio-7073-exec-8], doctor-registration-service, INFO  DoctorLoggingAspect profileAllMethods | Execution time of RegistrationController.updateDoctorProfile :: 1466 ms
0f87ab8c1a19f54b 0f87ab8c1a19f54b [2022-01-18 14:02:42,088], 0:0:0:0:0:0:0:1, [http-nio-7073-exec-8], doctor-registration-service, INFO  DoctorLoggingAspect profileAllMethods | Start of CustomInterceptor.postHandle
0f87ab8c1a19f54b 0f87ab8c1a19f54b [2022-01-18 14:02:42,088], 0:0:0:0:0:0:0:1, [http-nio-7073-exec-8], doctor-registration-service, INFO  DoctorLoggingAspect profileAllMethods | END of CustomInterceptor.postHandle
0f87ab8c1a19f54b 0f87ab8c1a19f54b [2022-01-18 14:02:42,089], 0:0:0:0:0:0:0:1, [http-nio-7073-exec-8], doctor-registration-service, INFO  DoctorLoggingAspect profileAllMethods | Execution time of CustomInterceptor.postHandle :: 1 ms
0f87ab8c1a19f54b 0f87ab8c1a19f54b [2022-01-18 14:02:42,093], 0:0:0:0:0:0:0:1, [http-nio-7073-exec-8], doctor-registration-service, INFO  DoctorLoggingAspect profileAllMethods | Start of CustomInterceptor.afterCompletion
0f87ab8c1a19f54b 0f87ab8c1a19f54b [2022-01-18 14:02:42,094], 0:0:0:0:0:0:0:1, [http-nio-7073-exec-8], doctor-registration-service, INFO  DoctorLoggingAspect profileAllMethods | END of CustomInterceptor.afterCompletion
0f87ab8c1a19f54b 0f87ab8c1a19f54b [2022-01-18 14:02:42,094], 0:0:0:0:0:0:0:1, [http-nio-7073-exec-8], doctor-registration-service, INFO  DoctorLoggingAspect profileAllMethods | Execution time of CustomInterceptor.afterCompletion :: 1 ms
a5ad7013c1c18b68 a5ad7013c1c18b68 [2022-01-18 14:04:04,078], , [http-nio-7073-exec-9], doctor-registration-service, INFO  DoctorLoggingAspect profileAllMethods | Start of CustomInterceptor.preHandle
a5ad7013c1c18b68 a5ad7013c1c18b68 [2022-01-18 14:04:04,080], , [http-nio-7073-exec-9], doctor-registration-service, INFO  DoctorLoggingAspect profileAllMethods | Start of TokenValidator.getUsernameFromToken
a5ad7013c1c18b68 a5ad7013c1c18b68 [2022-01-18 14:04:04,083], , [http-nio-7073-exec-9], doctor-registration-service, INFO  DoctorLoggingAspect profileAllMethods | END of TokenValidator.getUsernameFromToken
a5ad7013c1c18b68 a5ad7013c1c18b68 [2022-01-18 14:04:04,085], , [http-nio-7073-exec-9], doctor-registration-service, INFO  DoctorLoggingAspect profileAllMethods | Execution time of TokenValidator.getUsernameFromToken :: 5 ms
a5ad7013c1c18b68 a5ad7013c1c18b68 [2022-01-18 14:04:04,085], , [http-nio-7073-exec-9], doctor-registration-service, INFO  DoctorLoggingAspect profileAllMethods | Start of TokenValidator.getRoleFromToken
a5ad7013c1c18b68 a5ad7013c1c18b68 [2022-01-18 14:04:04,087], , [http-nio-7073-exec-9], doctor-registration-service, INFO  DoctorLoggingAspect profileAllMethods | END of TokenValidator.getRoleFromToken
a5ad7013c1c18b68 a5ad7013c1c18b68 [2022-01-18 14:04:04,088], , [http-nio-7073-exec-9], doctor-registration-service, INFO  DoctorLoggingAspect profileAllMethods | Execution time of TokenValidator.getRoleFromToken :: 3 ms
a5ad7013c1c18b68 a5ad7013c1c18b68 [2022-01-18 14:04:04,090], , [http-nio-7073-exec-9], doctor-registration-service, INFO  DoctorLoggingAspect profileAllMethods | Start of UserDTO.setRole
a5ad7013c1c18b68 a5ad7013c1c18b68 [2022-01-18 14:04:04,091], , [http-nio-7073-exec-9], doctor-registration-service, INFO  DoctorLoggingAspect profileAllMethods | END of UserDTO.setRole
a5ad7013c1c18b68 a5ad7013c1c18b68 [2022-01-18 14:04:04,091], , [http-nio-7073-exec-9], doctor-registration-service, INFO  DoctorLoggingAspect profileAllMethods | Execution time of UserDTO.setRole :: 1 ms
a5ad7013c1c18b68 a5ad7013c1c18b68 [2022-01-18 14:04:04,092], , [http-nio-7073-exec-9], doctor-registration-service, INFO  DoctorLoggingAspect profileAllMethods | Start of UserDTO.setUserName
a5ad7013c1c18b68 a5ad7013c1c18b68 [2022-01-18 14:04:04,094], , [http-nio-7073-exec-9], doctor-registration-service, INFO  DoctorLoggingAspect profileAllMethods | END of UserDTO.setUserName
a5ad7013c1c18b68 a5ad7013c1c18b68 [2022-01-18 14:04:04,094], , [http-nio-7073-exec-9], doctor-registration-service, INFO  DoctorLoggingAspect profileAllMethods | Execution time of UserDTO.setUserName :: 2 ms
a5ad7013c1c18b68 a5ad7013c1c18b68 [2022-01-18 14:04:04,095], , [http-nio-7073-exec-9], doctor-registration-service, INFO  DoctorLoggingAspect profileAllMethods | Start of UserDTO.setToken
a5ad7013c1c18b68 a5ad7013c1c18b68 [2022-01-18 14:04:04,096], , [http-nio-7073-exec-9], doctor-registration-service, INFO  DoctorLoggingAspect profileAllMethods | END of UserDTO.setToken
a5ad7013c1c18b68 a5ad7013c1c18b68 [2022-01-18 14:04:04,096], , [http-nio-7073-exec-9], doctor-registration-service, INFO  DoctorLoggingAspect profileAllMethods | Execution time of UserDTO.setToken :: 1 ms
a5ad7013c1c18b68 a5ad7013c1c18b68 [2022-01-18 14:04:04,097], , [http-nio-7073-exec-9], doctor-registration-service, INFO  DoctorLoggingAspect profileAllMethods | END of CustomInterceptor.preHandle
a5ad7013c1c18b68 a5ad7013c1c18b68 [2022-01-18 14:04:04,100], , [http-nio-7073-exec-9], doctor-registration-service, INFO  DoctorLoggingAspect profileAllMethods | Execution time of CustomInterceptor.preHandle :: 22 ms
a5ad7013c1c18b68 a5ad7013c1c18b68 [2022-01-18 14:04:04,105], 0:0:0:0:0:0:0:1, [http-nio-7073-exec-9], doctor-registration-service, INFO  DoctorLoggingAspect profileAllMethods | Start of RegistrationController.updateDoctorProfile
a5ad7013c1c18b68 a5ad7013c1c18b68 [2022-01-18 14:04:04,105], 0:0:0:0:0:0:0:1, [http-nio-7073-exec-9], doctor-registration-service, INFO  RegistrationController updateDoctorProfile | Request Received to update doctor profile.
a5ad7013c1c18b68 a5ad7013c1c18b68 [2022-01-18 14:04:04,235], 0:0:0:0:0:0:0:1, [http-nio-7073-exec-9], doctor-registration-service, INFO  DoctorLoggingAspect profileAllMethods | Start of RegistrationServiceImpl.updateDoctorProfile
a5ad7013c1c18b68 a5ad7013c1c18b68 [2022-01-18 14:04:04,236], 0:0:0:0:0:0:0:1, [http-nio-7073-exec-9], doctor-registration-service, INFO  DoctorLoggingAspect profileAllMethods | Start of DoctorMstrRepo.findByDmdUserId
a5ad7013c1c18b68 a5ad7013c1c18b68 [2022-01-18 14:04:04,356], 0:0:0:0:0:0:0:1, [http-nio-7073-exec-9], doctor-registration-service, INFO  DoctorLoggingAspect profileAllMethods | END of DoctorMstrRepo.findByDmdUserId
a5ad7013c1c18b68 a5ad7013c1c18b68 [2022-01-18 14:04:04,360], 0:0:0:0:0:0:0:1, [http-nio-7073-exec-9], doctor-registration-service, INFO  DoctorLoggingAspect profileAllMethods | Execution time of DoctorMstrRepo.findByDmdUserId :: 124 ms
a5ad7013c1c18b68 a5ad7013c1c18b68 [2022-01-18 14:04:04,363], 0:0:0:0:0:0:0:1, [http-nio-7073-exec-9], doctor-registration-service, INFO  DoctorLoggingAspect profileAllMethods | Start of UserDTO.getUserName
a5ad7013c1c18b68 a5ad7013c1c18b68 [2022-01-18 14:04:04,365], 0:0:0:0:0:0:0:1, [http-nio-7073-exec-9], doctor-registration-service, INFO  DoctorLoggingAspect profileAllMethods | END of UserDTO.getUserName
a5ad7013c1c18b68 a5ad7013c1c18b68 [2022-01-18 14:04:04,368], 0:0:0:0:0:0:0:1, [http-nio-7073-exec-9], doctor-registration-service, INFO  DoctorLoggingAspect profileAllMethods | Execution time of UserDTO.getUserName :: 5 ms
a5ad7013c1c18b68 a5ad7013c1c18b68 [2022-01-18 14:04:04,370], 0:0:0:0:0:0:0:1, [http-nio-7073-exec-9], doctor-registration-service, INFO  DoctorLoggingAspect profileAllMethods | Start of CrudRepository.save
a5ad7013c1c18b68 a5ad7013c1c18b68 [2022-01-18 14:04:04,374], 0:0:0:0:0:0:0:1, [http-nio-7073-exec-9], doctor-registration-service, INFO  DoctorLoggingAspect profileAllMethods | END of CrudRepository.save
a5ad7013c1c18b68 a5ad7013c1c18b68 [2022-01-18 14:04:04,375], 0:0:0:0:0:0:0:1, [http-nio-7073-exec-9], doctor-registration-service, INFO  DoctorLoggingAspect profileAllMethods | Execution time of CrudRepository.save :: 5 ms
a5ad7013c1c18b68 a5ad7013c1c18b68 [2022-01-18 14:04:04,377], 0:0:0:0:0:0:0:1, [http-nio-7073-exec-9], doctor-registration-service, INFO  RegistrationServiceImpl updateDoctorProfile | Calling  API of update user details of user-management calling from doctor-registartion
a5ad7013c1c18b68 a5ad7013c1c18b68 [2022-01-18 14:04:04,379], 0:0:0:0:0:0:0:1, [http-nio-7073-exec-9], doctor-registration-service, INFO  RegistrationServiceImpl UpdateUserDetails | Inside  API of update user details of user-management calling from doctor-registartion
a5ad7013c1c18b68 a5ad7013c1c18b68 [2022-01-18 14:04:04,640], 0:0:0:0:0:0:0:1, [http-nio-7073-exec-9], doctor-registration-service, INFO  RegistrationServiceImpl updateDoctorProfile |  returning response
a5ad7013c1c18b68 a5ad7013c1c18b68 [2022-01-18 14:04:04,643], 0:0:0:0:0:0:0:1, [http-nio-7073-exec-9], doctor-registration-service, INFO  DoctorLoggingAspect profileAllMethods | END of RegistrationServiceImpl.updateDoctorProfile
a5ad7013c1c18b68 a5ad7013c1c18b68 [2022-01-18 14:04:04,644], 0:0:0:0:0:0:0:1, [http-nio-7073-exec-9], doctor-registration-service, INFO  DoctorLoggingAspect profileAllMethods | Execution time of RegistrationServiceImpl.updateDoctorProfile :: 409 ms
a5ad7013c1c18b68 a5ad7013c1c18b68 [2022-01-18 14:04:04,869], 0:0:0:0:0:0:0:1, [http-nio-7073-exec-9], doctor-registration-service, INFO  DoctorLoggingAspect profileAllMethods | END of RegistrationController.updateDoctorProfile
a5ad7013c1c18b68 a5ad7013c1c18b68 [2022-01-18 14:04:04,869], 0:0:0:0:0:0:0:1, [http-nio-7073-exec-9], doctor-registration-service, INFO  DoctorLoggingAspect profileAllMethods | Execution time of RegistrationController.updateDoctorProfile :: 764 ms
a5ad7013c1c18b68 a5ad7013c1c18b68 [2022-01-18 14:04:04,872], 0:0:0:0:0:0:0:1, [http-nio-7073-exec-9], doctor-registration-service, INFO  DoctorLoggingAspect profileAllMethods | Start of CustomInterceptor.postHandle
a5ad7013c1c18b68 a5ad7013c1c18b68 [2022-01-18 14:04:04,872], 0:0:0:0:0:0:0:1, [http-nio-7073-exec-9], doctor-registration-service, INFO  DoctorLoggingAspect profileAllMethods | END of CustomInterceptor.postHandle
a5ad7013c1c18b68 a5ad7013c1c18b68 [2022-01-18 14:04:04,873], 0:0:0:0:0:0:0:1, [http-nio-7073-exec-9], doctor-registration-service, INFO  DoctorLoggingAspect profileAllMethods | Execution time of CustomInterceptor.postHandle :: 1 ms
a5ad7013c1c18b68 a5ad7013c1c18b68 [2022-01-18 14:04:04,874], 0:0:0:0:0:0:0:1, [http-nio-7073-exec-9], doctor-registration-service, INFO  DoctorLoggingAspect profileAllMethods | Start of CustomInterceptor.afterCompletion
a5ad7013c1c18b68 a5ad7013c1c18b68 [2022-01-18 14:04:04,874], 0:0:0:0:0:0:0:1, [http-nio-7073-exec-9], doctor-registration-service, INFO  DoctorLoggingAspect profileAllMethods | END of CustomInterceptor.afterCompletion
a5ad7013c1c18b68 a5ad7013c1c18b68 [2022-01-18 14:04:04,875], 0:0:0:0:0:0:0:1, [http-nio-7073-exec-9], doctor-registration-service, INFO  DoctorLoggingAspect profileAllMethods | Execution time of CustomInterceptor.afterCompletion :: 1 ms
e42ad9c361765696 e42ad9c361765696 [2022-01-18 14:05:34,586], 0:0:0:0:0:0:0:1, [http-nio-7073-exec-2], doctor-registration-service, INFO  DoctorLoggingAspect profileAllMethods | Start of CustomInterceptor.preHandle
e42ad9c361765696 e42ad9c361765696 [2022-01-18 14:05:34,722], 0:0:0:0:0:0:0:1, [http-nio-7073-exec-2], doctor-registration-service, INFO  DoctorLoggingAspect profileAllMethods | Start of TokenValidator.getUsernameFromToken
e42ad9c361765696 e42ad9c361765696 [2022-01-18 14:05:35,094], 0:0:0:0:0:0:0:1, [http-nio-7073-exec-2], doctor-registration-service, INFO  DoctorLoggingAspect profileAllMethods | END of TokenValidator.getUsernameFromToken
e42ad9c361765696 e42ad9c361765696 [2022-01-18 14:05:35,102], 0:0:0:0:0:0:0:1, [http-nio-7073-exec-2], doctor-registration-service, INFO  DoctorLoggingAspect profileAllMethods | Execution time of TokenValidator.getUsernameFromToken :: 376 ms
e42ad9c361765696 e42ad9c361765696 [2022-01-18 14:05:35,185], 0:0:0:0:0:0:0:1, [http-nio-7073-exec-2], doctor-registration-service, INFO  DoctorLoggingAspect profileAllMethods | Start of TokenValidator.getRoleFromToken
e42ad9c361765696 e42ad9c361765696 [2022-01-18 14:05:35,199], 0:0:0:0:0:0:0:1, [http-nio-7073-exec-2], doctor-registration-service, INFO  DoctorLoggingAspect profileAllMethods | END of TokenValidator.getRoleFromToken
e42ad9c361765696 e42ad9c361765696 [2022-01-18 14:05:35,214], 0:0:0:0:0:0:0:1, [http-nio-7073-exec-2], doctor-registration-service, INFO  DoctorLoggingAspect profileAllMethods | Execution time of TokenValidator.getRoleFromToken :: 29 ms
e42ad9c361765696 e42ad9c361765696 [2022-01-18 14:05:35,669], 0:0:0:0:0:0:0:1, [http-nio-7073-exec-2], doctor-registration-service, INFO  DoctorLoggingAspect profileAllMethods | Start of UserDTO.setRole
e42ad9c361765696 e42ad9c361765696 [2022-01-18 14:05:35,681], 0:0:0:0:0:0:0:1, [http-nio-7073-exec-2], doctor-registration-service, INFO  DoctorLoggingAspect profileAllMethods | END of UserDTO.setRole
e42ad9c361765696 e42ad9c361765696 [2022-01-18 14:05:35,681], 0:0:0:0:0:0:0:1, [http-nio-7073-exec-2], doctor-registration-service, INFO  DoctorLoggingAspect profileAllMethods | Execution time of UserDTO.setRole :: 12 ms
e42ad9c361765696 e42ad9c361765696 [2022-01-18 14:05:35,682], 0:0:0:0:0:0:0:1, [http-nio-7073-exec-2], doctor-registration-service, INFO  DoctorLoggingAspect profileAllMethods | Start of UserDTO.setUserName
e42ad9c361765696 e42ad9c361765696 [2022-01-18 14:05:35,688], 0:0:0:0:0:0:0:1, [http-nio-7073-exec-2], doctor-registration-service, INFO  DoctorLoggingAspect profileAllMethods | END of UserDTO.setUserName
e42ad9c361765696 e42ad9c361765696 [2022-01-18 14:05:35,689], 0:0:0:0:0:0:0:1, [http-nio-7073-exec-2], doctor-registration-service, INFO  DoctorLoggingAspect profileAllMethods | Execution time of UserDTO.setUserName :: 7 ms
e42ad9c361765696 e42ad9c361765696 [2022-01-18 14:05:35,696], 0:0:0:0:0:0:0:1, [http-nio-7073-exec-2], doctor-registration-service, INFO  DoctorLoggingAspect profileAllMethods | Start of UserDTO.setToken
e42ad9c361765696 e42ad9c361765696 [2022-01-18 14:05:35,696], 0:0:0:0:0:0:0:1, [http-nio-7073-exec-2], doctor-registration-service, INFO  DoctorLoggingAspect profileAllMethods | END of UserDTO.setToken
e42ad9c361765696 e42ad9c361765696 [2022-01-18 14:05:35,697], 0:0:0:0:0:0:0:1, [http-nio-7073-exec-2], doctor-registration-service, INFO  DoctorLoggingAspect profileAllMethods | Execution time of UserDTO.setToken :: 2 ms
e42ad9c361765696 e42ad9c361765696 [2022-01-18 14:05:35,697], 0:0:0:0:0:0:0:1, [http-nio-7073-exec-2], doctor-registration-service, INFO  DoctorLoggingAspect profileAllMethods | END of CustomInterceptor.preHandle
e42ad9c361765696 e42ad9c361765696 [2022-01-18 14:05:35,702], 0:0:0:0:0:0:0:1, [http-nio-7073-exec-2], doctor-registration-service, INFO  DoctorLoggingAspect profileAllMethods | Execution time of CustomInterceptor.preHandle :: 1127 ms
e42ad9c361765696 e42ad9c361765696 [2022-01-18 14:05:35,897], 0:0:0:0:0:0:0:1, [http-nio-7073-exec-2], doctor-registration-service, INFO  DoctorLoggingAspect profileAllMethods | Start of RegistrationController.updateDoctorProfile
e42ad9c361765696 e42ad9c361765696 [2022-01-18 14:05:35,911], 0:0:0:0:0:0:0:1, [http-nio-7073-exec-2], doctor-registration-service, INFO  RegistrationController updateDoctorProfile | Request Received to update doctor profile.
e42ad9c361765696 e42ad9c361765696 [2022-01-18 14:05:39,397], 0:0:0:0:0:0:0:1, [http-nio-7073-exec-2], doctor-registration-service, INFO  DoctorLoggingAspect profileAllMethods | Start of RegistrationServiceImpl.updateDoctorProfile
e42ad9c361765696 e42ad9c361765696 [2022-01-18 14:05:39,401], 0:0:0:0:0:0:0:1, [http-nio-7073-exec-2], doctor-registration-service, INFO  DoctorLoggingAspect profileAllMethods | Start of DoctorMstrRepo.findByDmdUserId
e42ad9c361765696 e42ad9c361765696 [2022-01-18 14:05:39,584], 0:0:0:0:0:0:0:1, [http-nio-7073-exec-2], doctor-registration-service, INFO  DoctorLoggingAspect profileAllMethods | END of DoctorMstrRepo.findByDmdUserId
e42ad9c361765696 e42ad9c361765696 [2022-01-18 14:05:39,584], 0:0:0:0:0:0:0:1, [http-nio-7073-exec-2], doctor-registration-service, INFO  DoctorLoggingAspect profileAllMethods | Execution time of DoctorMstrRepo.findByDmdUserId :: 183 ms
e42ad9c361765696 e42ad9c361765696 [2022-01-18 14:06:19,066], 0:0:0:0:0:0:0:1, [http-nio-7073-exec-2], doctor-registration-service, WARN  SqlExceptionHelper logExceptions | SQL Error: 0, SQLState: 42883
e42ad9c361765696 e42ad9c361765696 [2022-01-18 14:06:19,096], 0:0:0:0:0:0:0:1, [http-nio-7073-exec-2], doctor-registration-service, ERROR SqlExceptionHelper logExceptions | ERROR: operator does not exist: character varying = integer
  Hint: No operator matches the given name and argument type(s). You might need to add explicit type casts.
  Position: 1068
e42ad9c361765696 e42ad9c361765696 [2022-01-18 14:06:27,645], 0:0:0:0:0:0:0:1, [http-nio-7073-exec-2], doctor-registration-service, INFO  DoctorLoggingAspect profileAllMethods | Start of UserDTO.getUserName
e42ad9c361765696 e42ad9c361765696 [2022-01-18 14:06:27,668], 0:0:0:0:0:0:0:1, [http-nio-7073-exec-2], doctor-registration-service, INFO  DoctorLoggingAspect profileAllMethods | END of UserDTO.getUserName
e42ad9c361765696 e42ad9c361765696 [2022-01-18 14:06:27,687], 0:0:0:0:0:0:0:1, [http-nio-7073-exec-2], doctor-registration-service, INFO  DoctorLoggingAspect profileAllMethods | Execution time of UserDTO.getUserName :: 43 ms
e42ad9c361765696 e42ad9c361765696 [2022-01-18 14:06:28,755], 0:0:0:0:0:0:0:1, [http-nio-7073-exec-2], doctor-registration-service, INFO  DoctorLoggingAspect profileAllMethods | Start of CrudRepository.save
e42ad9c361765696 e42ad9c361765696 [2022-01-18 14:06:28,839], 0:0:0:0:0:0:0:1, [http-nio-7073-exec-2], doctor-registration-service, INFO  DoctorLoggingAspect profileAllMethods | END of CrudRepository.save
e42ad9c361765696 e42ad9c361765696 [2022-01-18 14:06:28,860], 0:0:0:0:0:0:0:1, [http-nio-7073-exec-2], doctor-registration-service, INFO  DoctorLoggingAspect profileAllMethods | Execution time of CrudRepository.save :: 106 ms
e42ad9c361765696 e42ad9c361765696 [2022-01-18 14:06:29,401], 0:0:0:0:0:0:0:1, [http-nio-7073-exec-2], doctor-registration-service, INFO  RegistrationServiceImpl updateDoctorProfile | Calling  API of update user details of user-management calling from doctor-registartion
e42ad9c361765696 e42ad9c361765696 [2022-01-18 14:06:30,067], 0:0:0:0:0:0:0:1, [http-nio-7073-exec-2], doctor-registration-service, INFO  RegistrationServiceImpl UpdateUserDetails | Inside  API of update user details of user-management calling from doctor-registartion
e42ad9c361765696 e42ad9c361765696 [2022-01-18 14:06:34,787], 0:0:0:0:0:0:0:1, [http-nio-7073-exec-2], doctor-registration-service, INFO  RegistrationServiceImpl updateDoctorProfile |  returning response
e42ad9c361765696 e42ad9c361765696 [2022-01-18 14:06:44,950], 0:0:0:0:0:0:0:1, [http-nio-7073-exec-2], doctor-registration-service, WARN  SqlExceptionHelper logExceptions | SQL Error: 0, SQLState: 25P02
e42ad9c361765696 e42ad9c361765696 [2022-01-18 14:06:44,954], 0:0:0:0:0:0:0:1, [http-nio-7073-exec-2], doctor-registration-service, ERROR SqlExceptionHelper logExceptions | ERROR: current transaction is aborted, commands ignored until end of transaction block
  [2022-01-18 14:36:54,572], , [main], doctor-registration-service, INFO  PostProcessorRegistrationDelegate$BeanPostProcessorChecker postProcessAfterInitialization | Bean 'org.springframework.cloud.autoconfigure.ConfigurationPropertiesRebinderAutoConfiguration' of type [org.springframework.cloud.autoconfigure.ConfigurationPropertiesRebinderAutoConfiguration$$EnhancerBySpringCGLIB$$a9ebcb57] is not eligible for getting processed by all BeanPostProcessors (for example: not eligible for auto-proxying)
  [2022-01-18 14:36:54,982], , [main], doctor-registration-service, INFO  ConfigServicePropertySourceLocator getRemoteEnvironment | Fetching config from server at : http://localhost:8888/config
  [2022-01-18 14:36:56,684], , [main], doctor-registration-service, INFO  ConfigServicePropertySourceLocator log | Located environment: name=doctor-registration-service, profiles=[dev], label=1.0.1, version=null, state=null
  [2022-01-18 14:36:56,688], , [main], doctor-registration-service, INFO  PropertySourceBootstrapConfiguration initialize | Located property source: CompositePropertySource {name='configService', propertySources=[MapPropertySource {name='file:///D:/git-localconfig-repo/application-dev.properties'}]}
  [2022-01-18 14:36:56,752], , [main], doctor-registration-service, INFO  DoctorRegistrationServiceApplication logStartupProfileInfo | The following profiles are active: dev
  [2022-01-18 14:36:58,066], , [main], doctor-registration-service, INFO  RepositoryConfigurationDelegate registerRepositoriesIn | Bootstrapping Spring Data repositories in DEFAULT mode.
  [2022-01-18 14:36:58,225], , [main], doctor-registration-service, INFO  RepositoryConfigurationDelegate registerRepositoriesIn | Finished Spring Data repository scanning in 143ms. Found 11 repository interfaces.
  [2022-01-18 14:36:58,755], , [main], doctor-registration-service, INFO  GenericScope setSerializationId | BeanFactory id=5bd685ba-1b0e-3889-9c9e-2e5cb72ee565
  [2022-01-18 14:36:59,247], , [main], doctor-registration-service, INFO  PostProcessorRegistrationDelegate$BeanPostProcessorChecker postProcessAfterInitialization | Bean 'org.springframework.transaction.annotation.ProxyTransactionManagementConfiguration' of type [org.springframework.transaction.annotation.ProxyTransactionManagementConfiguration$$EnhancerBySpringCGLIB$$8dd1c85a] is not eligible for getting processed by all BeanPostProcessors (for example: not eligible for auto-proxying)
  [2022-01-18 14:36:59,315], , [main], doctor-registration-service, INFO  PostProcessorRegistrationDelegate$BeanPostProcessorChecker postProcessAfterInitialization | Bean 'org.springframework.cloud.autoconfigure.ConfigurationPropertiesRebinderAutoConfiguration' of type [org.springframework.cloud.autoconfigure.ConfigurationPropertiesRebinderAutoConfiguration$$EnhancerBySpringCGLIB$$a9ebcb57] is not eligible for getting processed by all BeanPostProcessors (for example: not eligible for auto-proxying)
  [2022-01-18 14:37:00,703], , [main], doctor-registration-service, INFO  TomcatWebServer initialize | Tomcat initialized with port(s): 7073 (http)
  [2022-01-18 14:37:00,732], , [main], doctor-registration-service, INFO  Http11NioProtocol log | Initializing ProtocolHandler ["http-nio-7073"]
  [2022-01-18 14:37:00,747], , [main], doctor-registration-service, INFO  StandardService log | Starting service [Tomcat]
  [2022-01-18 14:37:00,748], , [main], doctor-registration-service, INFO  StandardEngine log | Starting Servlet engine: [Apache Tomcat/9.0.16]
  [2022-01-18 14:37:00,765], , [main], doctor-registration-service, INFO  AprLifecycleListener log | The APR based Apache Tomcat Native library which allows optimal performance in production environments was not found on the java.library.path: [D:\Softwares\eclipse-jee-2020-12-R-win32-x86_64\eclipse\plugins\org.eclipse.justj.openjdk.hotspot.jre.full.win32.x86_64_15.0.1.v20201027-0507\jre\bin;C:\Windows\Sun\Java\bin;C:\Windows\system32;C:\Windows;D:\Softwares\eclipse-jee-2020-12-R-win32-x86_64\eclipse\plugins\org.eclipse.justj.openjdk.hotspot.jre.full.win32.x86_64_15.0.1.v20201027-0507\jre\bin;D:/Softwares/eclipse-jee-2020-12-R-win32-x86_64/eclipse//plugins/org.eclipse.justj.openjdk.hotspot.jre.full.win32.x86_64_15.0.1.v20201027-0507/jre/bin/server;D:/Softwares/eclipse-jee-2020-12-R-win32-x86_64/eclipse//plugins/org.eclipse.justj.openjdk.hotspot.jre.full.win32.x86_64_15.0.1.v20201027-0507/jre/bin;C:\Program Files (x86)\Common Files\Oracle\Java\javapath;C:\Windows\system32;C:\Windows;C:\Windows\System32\Wbem;C:\Windows\System32\WindowsPowerShell\v1.0\;C:\Windows\System32\OpenSSH\;C:\Program Files (x86)\CrSSL\bin;C:\Program Files\TortoiseSVN\bin;D:\Softwares\apache-maven-3.6.1\bin;C:\Users\DELL\AppData\Local\Microsoft\WindowsApps;;D:\Softwares\eclipse-jee-2020-12-R-win32-x86_64\eclipse;;.]
  [2022-01-18 14:37:00,990], , [main], doctor-registration-service, INFO  [/doctor-registration] log | Initializing Spring embedded WebApplicationContext
  [2022-01-18 14:37:00,990], , [main], doctor-registration-service, INFO  ContextLoader prepareWebApplicationContext | Root WebApplicationContext: initialization completed in 4215 ms
  [2022-01-18 14:37:02,909], , [main], doctor-registration-service, INFO  HikariDataSource getConnection | HikariPool-1 - Starting...
  [2022-01-18 14:37:03,780], , [main], doctor-registration-service, INFO  HikariDataSource getConnection | HikariPool-1 - Start completed.
  [2022-01-18 14:37:03,902], , [main], doctor-registration-service, INFO  LogHelper logPersistenceUnitInformation | HHH000204: Processing PersistenceUnitInfo [
	name: default
	...]
  [2022-01-18 14:37:04,108], , [main], doctor-registration-service, INFO  Version logVersion | HHH000412: Hibernate Core {5.3.7.Final}
  [2022-01-18 14:37:04,111], , [main], doctor-registration-service, INFO  Environment <clinit> | HHH000206: hibernate.properties not found
  [2022-01-18 14:37:04,528], , [main], doctor-registration-service, INFO  Version <clinit> | HCANN000001: Hibernate Commons Annotations {5.0.4.Final}
  [2022-01-18 14:37:04,871], , [main], doctor-registration-service, INFO  Dialect <init> | HHH000400: Using dialect: org.hibernate.dialect.PostgreSQLDialect
  [2022-01-18 14:37:04,898], , [main], doctor-registration-service, INFO  LobCreatorBuilderImpl makeLobCreatorBuilder | HHH000422: Disabling contextual LOB creation as connection was null
  [2022-01-18 14:37:04,907], , [main], doctor-registration-service, INFO  BasicTypeRegistry register | HHH000270: Type registration [java.util.UUID] overrides previous : org.hibernate.type.UUIDBinaryType@4d73d3d1
  [2022-01-18 14:37:21,433], , [main], doctor-registration-service, INFO  QueryTranslatorFactoryInitiator initiateService | HHH000397: Using ASTQueryTranslatorFactory
  [2022-01-18 14:37:21,881], , [main], doctor-registration-service, INFO  LocalContainerEntityManagerFactoryBean buildNativeEntityManagerFactory | Initialized JPA EntityManagerFactory for persistence unit 'default'
  [2022-01-18 14:37:23,214], , [main], doctor-registration-service, INFO  DoctorLoggingAspect profileAllMethods | Start of SecurityConfig.getRestTemlate
  [2022-01-18 14:37:23,222], , [main], doctor-registration-service, INFO  DoctorLoggingAspect profileAllMethods | END of SecurityConfig.getRestTemlate
  [2022-01-18 14:37:23,223], , [main], doctor-registration-service, INFO  DoctorLoggingAspect profileAllMethods | Execution time of SecurityConfig.getRestTemlate :: 10 ms
