  [2021-12-14 18:53:01,125], , [main], consultation-manager-service, INFO  PostProcessorRegistrationDelegate$BeanPostProcessorChecker postProcessAfterInitialization | Bean 'org.springframework.cloud.autoconfigure.ConfigurationPropertiesRebinderAutoConfiguration' of type [org.springframework.cloud.autoconfigure.ConfigurationPropertiesRebinderAutoConfiguration$$EnhancerBySpringCGLIB$$dccabe69] is not eligible for getting processed by all BeanPostProcessors (for example: not eligible for auto-proxying)
  [2021-12-14 18:53:01,486], , [main], consultation-manager-service, INFO  ConfigServicePropertySourceLocator getRemoteEnvironment | Fetching config from server at : http://localhost:8888/config
  [2021-12-14 18:53:03,991], , [main], consultation-manager-service, INFO  ConfigServicePropertySourceLocator log | Located environment: name=consultation-manager-service, profiles=[dev], label=1.0.1, version=null, state=null
  [2021-12-14 18:53:03,992], , [main], consultation-manager-service, INFO  PropertySourceBootstrapConfiguration initialize | Located property source: CompositePropertySource {name='configService', propertySources=[MapPropertySource {name='file:///D:/git-localconfig-repo/application-dev.properties'}]}
  [2021-12-14 18:53:04,058], , [main], consultation-manager-service, INFO  ConsultationManagerService logStartupProfileInfo | The following profiles are active: dev
  [2021-12-14 18:53:06,437], , [main], consultation-manager-service, INFO  RepositoryConfigurationDelegate registerRepositoriesIn | Bootstrapping Spring Data repositories in DEFAULT mode.
  [2021-12-14 18:53:06,661], , [main], consultation-manager-service, INFO  RepositoryConfigurationDelegate registerRepositoriesIn | Finished Spring Data repository scanning in 208ms. Found 22 repository interfaces.
  [2021-12-14 18:53:07,155], , [main], consultation-manager-service, INFO  GenericScope setSerializationId | BeanFactory id=d8dc0a7e-a883-3d35-9adf-711075b9ce8c
  [2021-12-14 18:53:07,604], , [main], consultation-manager-service, INFO  PostProcessorRegistrationDelegate$BeanPostProcessorChecker postProcessAfterInitialization | Bean 'org.springframework.transaction.annotation.ProxyTransactionManagementConfiguration' of type [org.springframework.transaction.annotation.ProxyTransactionManagementConfiguration$$EnhancerBySpringCGLIB$$c0b0bb6c] is not eligible for getting processed by all BeanPostProcessors (for example: not eligible for auto-proxying)
  [2021-12-14 18:53:07,673], , [main], consultation-manager-service, INFO  PostProcessorRegistrationDelegate$BeanPostProcessorChecker postProcessAfterInitialization | Bean 'org.springframework.cloud.autoconfigure.ConfigurationPropertiesRebinderAutoConfiguration' of type [org.springframework.cloud.autoconfigure.ConfigurationPropertiesRebinderAutoConfiguration$$EnhancerBySpringCGLIB$$dccabe69] is not eligible for getting processed by all BeanPostProcessors (for example: not eligible for auto-proxying)
  [2021-12-14 18:53:08,345], , [main], consultation-manager-service, INFO  TomcatWebServer initialize | Tomcat initialized with port(s): 7078 (http)
  [2021-12-14 18:53:08,369], , [main], consultation-manager-service, INFO  Http11NioProtocol log | Initializing ProtocolHandler ["http-nio-7078"]
  [2021-12-14 18:53:08,380], , [main], consultation-manager-service, INFO  StandardService log | Starting service [Tomcat]
  [2021-12-14 18:53:08,382], , [main], consultation-manager-service, INFO  StandardEngine log | Starting Servlet engine: [Apache Tomcat/9.0.16]
  [2021-12-14 18:53:08,395], , [main], consultation-manager-service, INFO  AprLifecycleListener log | The APR based Apache Tomcat Native library which allows optimal performance in production environments was not found on the java.library.path: [D:\Softwares\eclipse-jee-2020-12-R-win32-x86_64\eclipse\plugins\org.eclipse.justj.openjdk.hotspot.jre.full.win32.x86_64_15.0.1.v20201027-0507\jre\bin;C:\Windows\Sun\Java\bin;C:\Windows\system32;C:\Windows;D:\Softwares\eclipse-jee-2020-12-R-win32-x86_64\eclipse\plugins\org.eclipse.justj.openjdk.hotspot.jre.full.win32.x86_64_15.0.1.v20201027-0507\jre\bin;D:/Softwares/eclipse-jee-2020-12-R-win32-x86_64/eclipse//plugins/org.eclipse.justj.openjdk.hotspot.jre.full.win32.x86_64_15.0.1.v20201027-0507/jre/bin/server;D:/Softwares/eclipse-jee-2020-12-R-win32-x86_64/eclipse//plugins/org.eclipse.justj.openjdk.hotspot.jre.full.win32.x86_64_15.0.1.v20201027-0507/jre/bin;C:\Program Files (x86)\Common Files\Oracle\Java\javapath;C:\Windows\system32;C:\Windows;C:\Windows\System32\Wbem;C:\Windows\System32\WindowsPowerShell\v1.0\;C:\Windows\System32\OpenSSH\;C:\Program Files (x86)\CrSSL\bin;C:\Program Files\TortoiseSVN\bin;C:\Users\DELL\AppData\Local\Microsoft\WindowsApps;;D:\Softwares\eclipse-jee-2020-12-R-win32-x86_64\eclipse;;.]
  [2021-12-14 18:53:08,599], , [main], consultation-manager-service, INFO  [/consultation] log | Initializing Spring embedded WebApplicationContext
  [2021-12-14 18:53:08,600], , [main], consultation-manager-service, INFO  ContextLoader prepareWebApplicationContext | Root WebApplicationContext: initialization completed in 4528 ms
  [2021-12-14 18:53:10,020], , [main], consultation-manager-service, INFO  HikariDataSource getConnection | HikariPool-1 - Starting...
  [2021-12-14 18:53:10,958], , [main], consultation-manager-service, INFO  HikariDataSource getConnection | HikariPool-1 - Start completed.
  [2021-12-14 18:53:11,199], , [main], consultation-manager-service, INFO  LogHelper logPersistenceUnitInformation | HHH000204: Processing PersistenceUnitInfo [
	name: default
	...]
  [2021-12-14 18:53:11,411], , [main], consultation-manager-service, INFO  Version logVersion | HHH000412: Hibernate Core {5.3.7.Final}
  [2021-12-14 18:53:11,415], , [main], consultation-manager-service, INFO  Environment <clinit> | HHH000206: hibernate.properties not found
  [2021-12-14 18:53:11,713], , [main], consultation-manager-service, INFO  Version <clinit> | HCANN000001: Hibernate Commons Annotations {5.0.4.Final}
  [2021-12-14 18:53:12,010], , [main], consultation-manager-service, INFO  Dialect <init> | HHH000400: Using dialect: org.hibernate.dialect.PostgreSQLDialect
  [2021-12-14 18:53:12,039], , [main], consultation-manager-service, INFO  LobCreatorBuilderImpl makeLobCreatorBuilder | HHH000422: Disabling contextual LOB creation as connection was null
  [2021-12-14 18:53:12,050], , [main], consultation-manager-service, INFO  BasicTypeRegistry register | HHH000270: Type registration [java.util.UUID] overrides previous : org.hibernate.type.UUIDBinaryType@71135794
  [2021-12-14 18:53:26,354], , [main], consultation-manager-service, WARN  ExceptionHandlerLoggedImpl handleException | GenerationTarget encountered exception accepting command : Error executing DDL "alter table appointment.dr_slot_dtls add constraint FK8oaysmi662xnm1bne4g724roj foreign key (dsd_dr_user_id_fk) references registration.dr_mstr_dtls (dmd_user_id)" via JDBC Statement
org.hibernate.tool.schema.spi.CommandAcceptanceException: Error executing DDL "alter table appointment.dr_slot_dtls add constraint FK8oaysmi662xnm1bne4g724roj foreign key (dsd_dr_user_id_fk) references registration.dr_mstr_dtls (dmd_user_id)" via JDBC Statement
	at org.hibernate.tool.schema.internal.exec.GenerationTargetToDatabase.accept(GenerationTargetToDatabase.java:67)
	at org.hibernate.tool.schema.internal.AbstractSchemaMigrator.applySqlString(AbstractSchemaMigrator.java:559)
	at org.hibernate.tool.schema.internal.AbstractSchemaMigrator.applySqlStrings(AbstractSchemaMigrator.java:504)
	at org.hibernate.tool.schema.internal.AbstractSchemaMigrator.applyForeignKeys(AbstractSchemaMigrator.java:433)
	at org.hibernate.tool.schema.internal.AbstractSchemaMigrator.performMigration(AbstractSchemaMigrator.java:249)
	at org.hibernate.tool.schema.internal.AbstractSchemaMigrator.doMigration(AbstractSchemaMigrator.java:114)
	at org.hibernate.tool.schema.spi.SchemaManagementToolCoordinator.performDatabaseAction(SchemaManagementToolCoordinator.java:183)
	at org.hibernate.tool.schema.spi.SchemaManagementToolCoordinator.process(SchemaManagementToolCoordinator.java:72)
	at org.hibernate.internal.SessionFactoryImpl.<init>(SessionFactoryImpl.java:310)
	at org.hibernate.boot.internal.SessionFactoryBuilderImpl.build(SessionFactoryBuilderImpl.java:467)
	at org.hibernate.jpa.boot.internal.EntityManagerFactoryBuilderImpl.build(EntityManagerFactoryBuilderImpl.java:939)
	at org.springframework.orm.jpa.vendor.SpringHibernateJpaPersistenceProvider.createContainerEntityManagerFactory(SpringHibernateJpaPersistenceProvider.java:57)
	at org.springframework.orm.jpa.LocalContainerEntityManagerFactoryBean.createNativeEntityManagerFactory(LocalContainerEntityManagerFactoryBean.java:365)
	at org.springframework.orm.jpa.AbstractEntityManagerFactoryBean.buildNativeEntityManagerFactory(AbstractEntityManagerFactoryBean.java:390)
	at org.springframework.orm.jpa.AbstractEntityManagerFactoryBean.afterPropertiesSet(AbstractEntityManagerFactoryBean.java:377)
	at org.springframework.orm.jpa.LocalContainerEntityManagerFactoryBean.afterPropertiesSet(LocalContainerEntityManagerFactoryBean.java:341)
	at org.springframework.beans.factory.support.AbstractAutowireCapableBeanFactory.invokeInitMethods(AbstractAutowireCapableBeanFactory.java:1821)
	at org.springframework.beans.factory.support.AbstractAutowireCapableBeanFactory.initializeBean(AbstractAutowireCapableBeanFactory.java:1758)
	at org.springframework.beans.factory.support.AbstractAutowireCapableBeanFactory.doCreateBean(AbstractAutowireCapableBeanFactory.java:593)
	at org.springframework.beans.factory.support.AbstractAutowireCapableBeanFactory.createBean(AbstractAutowireCapableBeanFactory.java:515)
	at org.springframework.beans.factory.support.AbstractBeanFactory.lambda$doGetBean$0(AbstractBeanFactory.java:320)
	at org.springframework.beans.factory.support.DefaultSingletonBeanRegistry.getSingleton(DefaultSingletonBeanRegistry.java:222)
	at org.springframework.beans.factory.support.AbstractBeanFactory.doGetBean(AbstractBeanFactory.java:318)
	at org.springframework.beans.factory.support.AbstractBeanFactory.getBean(AbstractBeanFactory.java:199)
	at org.springframework.context.support.AbstractApplicationContext.getBean(AbstractApplicationContext.java:1105)
	at org.springframework.context.support.AbstractApplicationContext.finishBeanFactoryInitialization(AbstractApplicationContext.java:867)
	at org.springframework.context.support.AbstractApplicationContext.refresh(AbstractApplicationContext.java:549)
	at org.springframework.boot.web.servlet.context.ServletWebServerApplicationContext.refresh(ServletWebServerApplicationContext.java:142)
	at org.springframework.boot.SpringApplication.refresh(SpringApplication.java:775)
	at org.springframework.boot.SpringApplication.refreshContext(SpringApplication.java:397)
	at org.springframework.boot.SpringApplication.run(SpringApplication.java:316)
	at org.springframework.boot.SpringApplication.run(SpringApplication.java:1260)
	at org.springframework.boot.SpringApplication.run(SpringApplication.java:1248)
	at com.nsdl.telemedicine.consultancy.ConsultationManagerService.main(ConsultationManagerService.java:12)
Caused by: org.postgresql.util.PSQLException: ERROR: insert or update on table "dr_slot_dtls" violates foreign key constraint "fk8oaysmi662xnm1bne4g724roj"
  Detail: Key (dsd_dr_user_id_fk)=(SHUBHAM123) is not present in table "dr_mstr_dtls".
	at org.postgresql.core.v3.QueryExecutorImpl.receiveErrorResponse(QueryExecutorImpl.java:2440)
	at org.postgresql.core.v3.QueryExecutorImpl.processResults(QueryExecutorImpl.java:2183)
	at org.postgresql.core.v3.QueryExecutorImpl.execute(QueryExecutorImpl.java:308)
	at org.postgresql.jdbc.PgStatement.executeInternal(PgStatement.java:441)
	at org.postgresql.jdbc.PgStatement.execute(PgStatement.java:365)
	at org.postgresql.jdbc.PgStatement.executeWithFlags(PgStatement.java:307)
	at org.postgresql.jdbc.PgStatement.executeCachedSql(PgStatement.java:293)
	at org.postgresql.jdbc.PgStatement.executeWithFlags(PgStatement.java:270)
	at org.postgresql.jdbc.PgStatement.execute(PgStatement.java:266)
	at com.zaxxer.hikari.pool.ProxyStatement.execute(ProxyStatement.java:95)
	at com.zaxxer.hikari.pool.HikariProxyStatement.execute(HikariProxyStatement.java)
	at org.hibernate.tool.schema.internal.exec.GenerationTargetToDatabase.accept(GenerationTargetToDatabase.java:54)
	... 33 common frames omitted
  [2021-12-14 18:53:29,170], , [main], consultation-manager-service, INFO  LocalContainerEntityManagerFactoryBean buildNativeEntityManagerFactory | Initialized JPA EntityManagerFactory for persistence unit 'default'
  [2021-12-14 18:53:30,222], , [main], consultation-manager-service, INFO  QueryTranslatorFactoryInitiator initiateService | HHH000397: Using ASTQueryTranslatorFactory
  [2021-12-14 18:53:31,931], , [main], consultation-manager-service, INFO  ThreadPoolTaskExecutor initialize | Initializing ExecutorService 'applicationTaskExecutor'
  [2021-12-14 18:53:32,160], , [main], consultation-manager-service, WARN  JpaBaseConfiguration$JpaWebConfiguration$JpaWebMvcConfiguration openEntityManagerInViewInterceptor | spring.jpa.open-in-view is enabled by default. Therefore, database queries may be performed during view rendering. Explicitly configure spring.jpa.open-in-view to disable this warning
  [2021-12-14 18:53:33,256], , [main], consultation-manager-service, INFO  EndpointLinksResolver <init> | Exposing 2 endpoint(s) beneath base path '/actuator'
  [2021-12-14 18:53:33,423], , [main], consultation-manager-service, INFO  Http11NioProtocol log | Starting ProtocolHandler ["http-nio-7078"]
  [2021-12-14 18:53:33,486], , [main], consultation-manager-service, INFO  TomcatWebServer start | Tomcat started on port(s): 7078 (http) with context path '/consultation'
  [2021-12-14 18:53:33,492], , [main], consultation-manager-service, INFO  ConsultationManagerService logStarted | Started ConsultationManagerService in 33.623 seconds (JVM running for 36.958)
  [2021-12-14 18:57:44,222], , [http-nio-7078-exec-6], consultation-manager-service, INFO  [/consultation] log | Initializing Spring DispatcherServlet 'dispatcherServlet'
  [2021-12-14 18:57:44,224], , [http-nio-7078-exec-6], consultation-manager-service, INFO  DispatcherServlet initServletBean | Initializing Servlet 'dispatcherServlet'
  [2021-12-14 18:57:44,268], , [http-nio-7078-exec-6], consultation-manager-service, INFO  DispatcherServlet initServletBean | Completed initialization in 43 ms
