  [2022-01-31 17:28:43,784], , [main], consultation-manager-service, INFO  PostProcessorRegistrationDelegate$BeanPostProcessorChecker postProcessAfterInitialization | Bean 'org.springframework.cloud.autoconfigure.ConfigurationPropertiesRebinderAutoConfiguration' of type [org.springframework.cloud.autoconfigure.ConfigurationPropertiesRebinderAutoConfiguration$$EnhancerBySpringCGLIB$$23233636] is not eligible for getting processed by all BeanPostProcessors (for example: not eligible for auto-proxying)
  [2022-01-31 17:28:44,082], , [main], consultation-manager-service, INFO  ConfigServicePropertySourceLocator getRemoteEnvironment | Fetching config from server at : http://localhost:8888/config
  [2022-01-31 17:28:44,457], , [main], consultation-manager-service, INFO  ConfigServicePropertySourceLocator log | Located environment: name=consultation-manager-service, profiles=[dev], label=1.0.1, version=null, state=null
  [2022-01-31 17:28:44,457], , [main], consultation-manager-service, INFO  PropertySourceBootstrapConfiguration initialize | Located property source: CompositePropertySource {name='configService', propertySources=[MapPropertySource {name='file:///D:/git-localconfig-repo/application-dev.properties'}]}
  [2022-01-31 17:28:44,499], , [main], consultation-manager-service, INFO  ConsultationManagerService logStartupProfileInfo | The following profiles are active: dev
  [2022-01-31 17:28:46,098], , [main], consultation-manager-service, INFO  RepositoryConfigurationDelegate registerRepositoriesIn | Bootstrapping Spring Data repositories in DEFAULT mode.
  [2022-01-31 17:28:46,241], , [main], consultation-manager-service, INFO  RepositoryConfigurationDelegate registerRepositoriesIn | Finished Spring Data repository scanning in 135ms. Found 22 repository interfaces.
  [2022-01-31 17:28:46,613], , [main], consultation-manager-service, INFO  GenericScope setSerializationId | BeanFactory id=d8dc0a7e-a883-3d35-9adf-711075b9ce8c
  [2022-01-31 17:28:46,907], , [main], consultation-manager-service, INFO  PostProcessorRegistrationDelegate$BeanPostProcessorChecker postProcessAfterInitialization | Bean 'org.springframework.transaction.annotation.ProxyTransactionManagementConfiguration' of type [org.springframework.transaction.annotation.ProxyTransactionManagementConfiguration$$EnhancerBySpringCGLIB$$7093339] is not eligible for getting processed by all BeanPostProcessors (for example: not eligible for auto-proxying)
  [2022-01-31 17:28:46,943], , [main], consultation-manager-service, INFO  PostProcessorRegistrationDelegate$BeanPostProcessorChecker postProcessAfterInitialization | Bean 'org.springframework.cloud.autoconfigure.ConfigurationPropertiesRebinderAutoConfiguration' of type [org.springframework.cloud.autoconfigure.ConfigurationPropertiesRebinderAutoConfiguration$$EnhancerBySpringCGLIB$$23233636] is not eligible for getting processed by all BeanPostProcessors (for example: not eligible for auto-proxying)
  [2022-01-31 17:28:47,446], , [main], consultation-manager-service, INFO  TomcatWebServer initialize | Tomcat initialized with port(s): 7078 (http)
  [2022-01-31 17:28:47,463], , [main], consultation-manager-service, INFO  Http11NioProtocol log | Initializing ProtocolHandler ["http-nio-7078"]
  [2022-01-31 17:28:47,475], , [main], consultation-manager-service, INFO  StandardService log | Starting service [Tomcat]
  [2022-01-31 17:28:47,476], , [main], consultation-manager-service, INFO  StandardEngine log | Starting Servlet engine: [Apache Tomcat/9.0.16]
  [2022-01-31 17:28:47,487], , [main], consultation-manager-service, INFO  AprLifecycleListener log | The APR based Apache Tomcat Native library which allows optimal performance in production environments was not found on the java.library.path: [D:\Softwares\eclipse-jee-2020-12-R-win32-x86_64\eclipse\plugins\org.eclipse.justj.openjdk.hotspot.jre.full.win32.x86_64_15.0.1.v20201027-0507\jre\bin;C:\Windows\Sun\Java\bin;C:\Windows\system32;C:\Windows;D:/Softwares/eclipse-jee-2020-12-R-win32-x86_64/eclipse//plugins/org.eclipse.justj.openjdk.hotspot.jre.full.win32.x86_64_15.0.1.v20201027-0507/jre/bin/server;D:/Softwares/eclipse-jee-2020-12-R-win32-x86_64/eclipse//plugins/org.eclipse.justj.openjdk.hotspot.jre.full.win32.x86_64_15.0.1.v20201027-0507/jre/bin;C:\Program Files (x86)\Common Files\Oracle\Java\javapath;C:\Windows\system32;C:\Windows;C:\Windows\System32\Wbem;C:\Windows\System32\WindowsPowerShell\v1.0\;C:\Windows\System32\OpenSSH\;C:\Program Files (x86)\CrSSL\bin;C:\Program Files\TortoiseSVN\bin;D:\Softwares\apache-maven-3.6.1\bin;C:\Users\DELL\AppData\Local\Microsoft\WindowsApps;;D:\Softwares\eclipse-jee-2020-12-R-win32-x86_64\eclipse;;.]
  [2022-01-31 17:28:47,656], , [main], consultation-manager-service, INFO  [/consultation] log | Initializing Spring embedded WebApplicationContext
  [2022-01-31 17:28:47,656], , [main], consultation-manager-service, INFO  ContextLoader prepareWebApplicationContext | Root WebApplicationContext: initialization completed in 3145 ms
  [2022-01-31 17:28:48,840], , [main], consultation-manager-service, INFO  HikariDataSource getConnection | HikariPool-1 - Starting...
  [2022-01-31 17:28:49,956], , [main], consultation-manager-service, INFO  HikariDataSource getConnection | HikariPool-1 - Start completed.
  [2022-01-31 17:28:50,051], , [main], consultation-manager-service, INFO  LogHelper logPersistenceUnitInformation | HHH000204: Processing PersistenceUnitInfo [
	name: default
	...]
  [2022-01-31 17:28:50,122], , [main], consultation-manager-service, INFO  Version logVersion | HHH000412: Hibernate Core {5.3.7.Final}
  [2022-01-31 17:28:50,124], , [main], consultation-manager-service, INFO  Environment <clinit> | HHH000206: hibernate.properties not found
  [2022-01-31 17:28:50,268], , [main], consultation-manager-service, INFO  Version <clinit> | HCANN000001: Hibernate Commons Annotations {5.0.4.Final}
  [2022-01-31 17:28:50,527], , [main], consultation-manager-service, INFO  Dialect <init> | HHH000400: Using dialect: org.hibernate.dialect.PostgreSQLDialect
  [2022-01-31 17:28:50,543], , [main], consultation-manager-service, INFO  LobCreatorBuilderImpl makeLobCreatorBuilder | HHH000422: Disabling contextual LOB creation as connection was null
  [2022-01-31 17:28:50,548], , [main], consultation-manager-service, INFO  BasicTypeRegistry register | HHH000270: Type registration [java.util.UUID] overrides previous : org.hibernate.type.UUIDBinaryType@69dc7b24
  [2022-01-31 17:29:14,013], , [main], consultation-manager-service, WARN  ExceptionHandlerLoggedImpl handleException | GenerationTarget encountered exception accepting command : Error executing DDL "alter table appointment.dr_slot_dtls add constraint FK8oaysmi662xnm1bne4g724roj foreign key (dsd_dr_user_id_fk) references registration.dr_mstr_dtls (dmd_user_id)" via JDBC Statement
org.hibernate.tool.schema.spi.CommandAcceptanceException: Error executing DDL "alter table appointment.dr_slot_dtls add constraint FK8oaysmi662xnm1bne4g724roj foreign key (dsd_dr_user_id_fk) references registration.dr_mstr_dtls (dmd_user_id)" via JDBC Statement
	at org.hibernate.tool.schema.internal.exec.GenerationTargetToDatabase.accept(GenerationTargetToDatabase.java:67)
	at org.hibernate.tool.schema.internal.AbstractSchemaMigrator.applySqlString(AbstractSchemaMigrator.java:559)
	at org.hibernate.tool.schema.internal.AbstractSchemaMigrator.applySqlStrings(AbstractSchemaMigrator.java:504)
	at org.hibernate.tool.schema.internal.AbstractSchemaMigrator.applyForeignKeys(AbstractSchemaMigrator.java:433)
	at org.hibernate.tool.schema.internal.AbstractSchemaMigrator.performMigration(AbstractSchemaMigrator.java:249)
	at org.hibernate.tool.schema.internal.AbstractSchemaMigrator.doMigration(AbstractSchemaMigrator.java:114)
	at org.hibernate.tool.schema.spi.SchemaManagementToolCoordinator.performDatabaseAction(SchemaManagementToolCoordinator.java:183)
	at org.hibernate.tool.schema.spi.SchemaManagementToolCoordinator.process(SchemaManagementToolCoordinator.java:72)
	at org.hibernate.internal.SessionFactoryImpl.<init>(SessionFactoryImpl.java:310)
	at org.hibernate.boot.internal.SessionFactoryBuilderImpl.build(SessionFactoryBuilderImpl.java:467)
	at org.hibernate.jpa.boot.internal.EntityManagerFactoryBuilderImpl.build(EntityManagerFactoryBuilderImpl.java:939)
	at org.springframework.orm.jpa.vendor.SpringHibernateJpaPersistenceProvider.createContainerEntityManagerFactory(SpringHibernateJpaPersistenceProvider.java:57)
	at org.springframework.orm.jpa.LocalContainerEntityManagerFactoryBean.createNativeEntityManagerFactory(LocalContainerEntityManagerFactoryBean.java:365)
	at org.springframework.orm.jpa.AbstractEntityManagerFactoryBean.buildNativeEntityManagerFactory(AbstractEntityManagerFactoryBean.java:390)
	at org.springframework.orm.jpa.AbstractEntityManagerFactoryBean.afterPropertiesSet(AbstractEntityManagerFactoryBean.java:377)
	at org.springframework.orm.jpa.LocalContainerEntityManagerFactoryBean.afterPropertiesSet(LocalContainerEntityManagerFactoryBean.java:341)
	at org.springframework.beans.factory.support.AbstractAutowireCapableBeanFactory.invokeInitMethods(AbstractAutowireCapableBeanFactory.java:1821)
	at org.springframework.beans.factory.support.AbstractAutowireCapableBeanFactory.initializeBean(AbstractAutowireCapableBeanFactory.java:1758)
	at org.springframework.beans.factory.support.AbstractAutowireCapableBeanFactory.doCreateBean(AbstractAutowireCapableBeanFactory.java:593)
	at org.springframework.beans.factory.support.AbstractAutowireCapableBeanFactory.createBean(AbstractAutowireCapableBeanFactory.java:515)
	at org.springframework.beans.factory.support.AbstractBeanFactory.lambda$doGetBean$0(AbstractBeanFactory.java:320)
	at org.springframework.beans.factory.support.DefaultSingletonBeanRegistry.getSingleton(DefaultSingletonBeanRegistry.java:222)
	at org.springframework.beans.factory.support.AbstractBeanFactory.doGetBean(AbstractBeanFactory.java:318)
	at org.springframework.beans.factory.support.AbstractBeanFactory.getBean(AbstractBeanFactory.java:199)
	at org.springframework.context.support.AbstractApplicationContext.getBean(AbstractApplicationContext.java:1105)
	at org.springframework.context.support.AbstractApplicationContext.finishBeanFactoryInitialization(AbstractApplicationContext.java:867)
	at org.springframework.context.support.AbstractApplicationContext.refresh(AbstractApplicationContext.java:549)
	at org.springframework.boot.web.servlet.context.ServletWebServerApplicationContext.refresh(ServletWebServerApplicationContext.java:142)
	at org.springframework.boot.SpringApplication.refresh(SpringApplication.java:775)
	at org.springframework.boot.SpringApplication.refreshContext(SpringApplication.java:397)
	at org.springframework.boot.SpringApplication.run(SpringApplication.java:316)
	at org.springframework.boot.SpringApplication.run(SpringApplication.java:1260)
	at org.springframework.boot.SpringApplication.run(SpringApplication.java:1248)
	at com.nsdl.telemedicine.consultancy.ConsultationManagerService.main(ConsultationManagerService.java:12)
Caused by: org.postgresql.util.PSQLException: ERROR: insert or update on table "dr_slot_dtls" violates foreign key constraint "fk8oaysmi662xnm1bne4g724roj"
  Detail: Key (dsd_dr_user_id_fk)=(SHUBHAM123) is not present in table "dr_mstr_dtls".
	at org.postgresql.core.v3.QueryExecutorImpl.receiveErrorResponse(QueryExecutorImpl.java:2440)
	at org.postgresql.core.v3.QueryExecutorImpl.processResults(QueryExecutorImpl.java:2183)
	at org.postgresql.core.v3.QueryExecutorImpl.execute(QueryExecutorImpl.java:308)
	at org.postgresql.jdbc.PgStatement.executeInternal(PgStatement.java:441)
	at org.postgresql.jdbc.PgStatement.execute(PgStatement.java:365)
	at org.postgresql.jdbc.PgStatement.executeWithFlags(PgStatement.java:307)
	at org.postgresql.jdbc.PgStatement.executeCachedSql(PgStatement.java:293)
	at org.postgresql.jdbc.PgStatement.executeWithFlags(PgStatement.java:270)
	at org.postgresql.jdbc.PgStatement.execute(PgStatement.java:266)
	at com.zaxxer.hikari.pool.ProxyStatement.execute(ProxyStatement.java:95)
	at com.zaxxer.hikari.pool.HikariProxyStatement.execute(HikariProxyStatement.java)
	at org.hibernate.tool.schema.internal.exec.GenerationTargetToDatabase.accept(GenerationTargetToDatabase.java:54)
	... 33 common frames omitted
  [2022-01-31 17:29:18,049], , [main], consultation-manager-service, INFO  LocalContainerEntityManagerFactoryBean buildNativeEntityManagerFactory | Initialized JPA EntityManagerFactory for persistence unit 'default'
  [2022-01-31 17:29:21,544], , [main], consultation-manager-service, INFO  QueryTranslatorFactoryInitiator initiateService | HHH000397: Using ASTQueryTranslatorFactory
  [2022-01-31 17:29:23,742], , [main], consultation-manager-service, INFO  ThreadPoolTaskExecutor initialize | Initializing ExecutorService 'applicationTaskExecutor'
  [2022-01-31 17:29:23,848], , [main], consultation-manager-service, WARN  JpaBaseConfiguration$JpaWebConfiguration$JpaWebMvcConfiguration openEntityManagerInViewInterceptor | spring.jpa.open-in-view is enabled by default. Therefore, database queries may be performed during view rendering. Explicitly configure spring.jpa.open-in-view to disable this warning
  [2022-01-31 17:29:24,999], , [main], consultation-manager-service, INFO  EndpointLinksResolver <init> | Exposing 2 endpoint(s) beneath base path '/actuator'
  [2022-01-31 17:29:25,116], , [main], consultation-manager-service, INFO  Http11NioProtocol log | Starting ProtocolHandler ["http-nio-7078"]
  [2022-01-31 17:29:25,721], , [main], consultation-manager-service, INFO  TomcatWebServer start | Tomcat started on port(s): 7078 (http) with context path '/consultation'
  [2022-01-31 17:29:25,725], , [main], consultation-manager-service, INFO  ConsultationManagerService logStarted | Started ConsultationManagerService in 42.88 seconds (JVM running for 44.16)
  [2022-01-31 17:36:28,159], , [http-nio-7078-exec-2], consultation-manager-service, INFO  [/consultation] log | Initializing Spring DispatcherServlet 'dispatcherServlet'
  [2022-01-31 17:36:28,208], , [http-nio-7078-exec-2], consultation-manager-service, INFO  DispatcherServlet initServletBean | Initializing Servlet 'dispatcherServlet'
  [2022-01-31 17:36:28,640], , [http-nio-7078-exec-2], consultation-manager-service, INFO  DispatcherServlet initServletBean | Completed initialization in 431 ms
a7f453bb0c05d2b2 a7f453bb0c05d2b2 [2022-01-31 17:36:31,440], , [http-nio-7078-exec-2], consultation-manager-service, INFO  AppointmentServiceImpl getAppointmentListByDrID | Fetched Appointment data
a7f453bb0c05d2b2 a7f453bb0c05d2b2 [2022-01-31 17:36:31,464], , [http-nio-7078-exec-2], consultation-manager-service, INFO  AppointmentServiceImpl getAppointmentListByDrID | Mapped consultation data to response
a7f453bb0c05d2b2 a7f453bb0c05d2b2 [2022-01-31 17:36:31,819], , [http-nio-7078-exec-2], consultation-manager-service, INFO  ConsultationController getConsultationListByDoctorID | Returning response
  [2022-01-31 18:49:26,909], , [HikariPool-1 housekeeper], consultation-manager-service, WARN  HikariPool run | HikariPool-1 - Thread starvation or clock leap detected (housekeeper delta=37m39s534ms971µs300ns).
  [2022-01-31 19:11:29,180], , [HikariPool-1 housekeeper], consultation-manager-service, WARN  HikariPool run | HikariPool-1 - Thread starvation or clock leap detected (housekeeper delta=21m2s146ms808µs499ns).
