[2022-03-03 12:15:26,200] INFO  Booking-Appointment, , [main], ,  , PostProcessorRegistrationDelegate$BeanPostProcessorChecker postProcessAfterInitialization | Bean 'org.springframework.cloud.autoconfigure.ConfigurationPropertiesRebinderAutoConfiguration' of type [org.springframework.cloud.autoconfigure.ConfigurationPropertiesRebinderAutoConfiguration$$EnhancerBySpringCGLIB$$59282217] is not eligible for getting processed by all BeanPostProcessors (for example: not eligible for auto-proxying)
[2022-03-03 12:15:27,738] INFO  Booking-Appointment, , [main], ,  , ConfigServicePropertySourceLocator getRemoteEnvironment | Fetching config from server at : http://localhost:8888/config
[2022-03-03 12:15:29,276] INFO  Booking-Appointment, , [main], ,  , ConfigServicePropertySourceLocator log | Located environment: name=Booking-Appointment, profiles=[dev], label=1.0.1, version=null, state=null
[2022-03-03 12:15:29,277] INFO  Booking-Appointment, , [main], ,  , PropertySourceBootstrapConfiguration initialize | Located property source: CompositePropertySource {name='configService', propertySources=[MapPropertySource {name='file:///D:/git-localconfig-repo/application-dev.properties'}]}
[2022-03-03 12:15:29,333] INFO  Booking-Appointment, , [main], ,  , BookAppointmentServiceApplication logStartupProfileInfo | The following profiles are active: dev
[2022-03-03 12:15:31,030] INFO  Booking-Appointment, , [main], ,  , RepositoryConfigurationDelegate registerRepositoriesIn | Bootstrapping Spring Data repositories in DEFAULT mode.
[2022-03-03 12:15:31,145] INFO  Booking-Appointment, , [main], ,  , RepositoryConfigurationDelegate registerRepositoriesIn | Finished Spring Data repository scanning in 108ms. Found 11 repository interfaces.
[2022-03-03 12:15:31,436] INFO  Booking-Appointment, , [main], ,  , GenericScope setSerializationId | BeanFactory id=8beaa64d-abd3-32fd-83ce-544e3d60ba90
[2022-03-03 12:15:31,737] INFO  Booking-Appointment, , [main], ,  , PostProcessorRegistrationDelegate$BeanPostProcessorChecker postProcessAfterInitialization | Bean 'org.springframework.transaction.annotation.ProxyTransactionManagementConfiguration' of type [org.springframework.transaction.annotation.ProxyTransactionManagementConfiguration$$EnhancerBySpringCGLIB$$3d0e1f1a] is not eligible for getting processed by all BeanPostProcessors (for example: not eligible for auto-proxying)
[2022-03-03 12:15:31,807] INFO  Booking-Appointment, , [main], ,  , PostProcessorRegistrationDelegate$BeanPostProcessorChecker postProcessAfterInitialization | Bean 'org.springframework.cloud.autoconfigure.ConfigurationPropertiesRebinderAutoConfiguration' of type [org.springframework.cloud.autoconfigure.ConfigurationPropertiesRebinderAutoConfiguration$$EnhancerBySpringCGLIB$$59282217] is not eligible for getting processed by all BeanPostProcessors (for example: not eligible for auto-proxying)
[2022-03-03 12:15:32,550] INFO  Booking-Appointment, , [main], ,  , TomcatWebServer initialize | Tomcat initialized with port(s): 7079 (http)
[2022-03-03 12:15:32,570] INFO  Booking-Appointment, , [main], ,  , Http11NioProtocol log | Initializing ProtocolHandler ["http-nio-7079"]
[2022-03-03 12:15:32,581] INFO  Booking-Appointment, , [main], ,  , StandardService log | Starting service [Tomcat]
[2022-03-03 12:15:32,582] INFO  Booking-Appointment, , [main], ,  , StandardEngine log | Starting Servlet engine: [Apache Tomcat/9.0.16]
[2022-03-03 12:15:32,595] INFO  Booking-Appointment, , [main], ,  , AprLifecycleListener log | The APR based Apache Tomcat Native library which allows optimal performance in production environments was not found on the java.library.path: [D:\Softwares\eclipse-jee-2020-12-R-win32-x86_64\eclipse\plugins\org.eclipse.justj.openjdk.hotspot.jre.full.win32.x86_64_15.0.1.v20201027-0507\jre\bin;C:\Windows\Sun\Java\bin;C:\Windows\system32;C:\Windows;D:/Softwares/eclipse-jee-2020-12-R-win32-x86_64/eclipse//plugins/org.eclipse.justj.openjdk.hotspot.jre.full.win32.x86_64_15.0.1.v20201027-0507/jre/bin/server;D:/Softwares/eclipse-jee-2020-12-R-win32-x86_64/eclipse//plugins/org.eclipse.justj.openjdk.hotspot.jre.full.win32.x86_64_15.0.1.v20201027-0507/jre/bin;C:\Program Files (x86)\Common Files\Oracle\Java\javapath;C:\Windows\system32;C:\Windows;C:\Windows\System32\Wbem;C:\Windows\System32\WindowsPowerShell\v1.0\;C:\Windows\System32\OpenSSH\;C:\Program Files (x86)\CrSSL\bin;C:\Program Files\TortoiseSVN\bin;D:\Softwares\apache-maven-3.6.1\bin;C:\Program Files\TortoiseGit\bin;C:\Program Files\Git\cmd;C:\Users\DELL\AppData\Local\Microsoft\WindowsApps;;D:\Softwares\eclipse-jee-2020-12-R-win32-x86_64\eclipse;;.]
[2022-03-03 12:15:32,805] INFO  Booking-Appointment, , [main], ,  , [/book/v1] log | Initializing Spring embedded WebApplicationContext
[2022-03-03 12:15:32,806] INFO  Booking-Appointment, , [main], ,  , ContextLoader prepareWebApplicationContext | Root WebApplicationContext: initialization completed in 3454 ms
[2022-03-03 12:15:33,520] INFO  Booking-Appointment, , [main], ,  , HikariDataSource getConnection | HikariPool-1 - Starting...
[2022-03-03 12:15:37,801] INFO  Booking-Appointment, , [main], ,  , HikariDataSource getConnection | HikariPool-1 - Start completed.
[2022-03-03 12:15:38,100] INFO  Booking-Appointment, , [main], ,  , LogHelper logPersistenceUnitInformation | HHH000204: Processing PersistenceUnitInfo [
	name: default
	...]
[2022-03-03 12:15:38,342] INFO  Booking-Appointment, , [main], ,  , Version logVersion | HHH000412: Hibernate Core {5.3.7.Final}
[2022-03-03 12:15:38,347] INFO  Booking-Appointment, , [main], ,  , Environment <clinit> | HHH000206: hibernate.properties not found
[2022-03-03 12:15:38,848] INFO  Booking-Appointment, , [main], ,  , Version <clinit> | HCANN000001: Hibernate Commons Annotations {5.0.4.Final}
[2022-03-03 12:15:39,355] INFO  Booking-Appointment, , [main], ,  , Dialect <init> | HHH000400: Using dialect: org.hibernate.dialect.PostgreSQLDialect
[2022-03-03 12:15:39,393] INFO  Booking-Appointment, , [main], ,  , LobCreatorBuilderImpl makeLobCreatorBuilder | HHH000422: Disabling contextual LOB creation as connection was null
[2022-03-03 12:15:39,409] INFO  Booking-Appointment, , [main], ,  , BasicTypeRegistry register | HHH000270: Type registration [java.util.UUID] overrides previous : org.hibernate.type.UUIDBinaryType@53917c92
