  [2022-03-14 11:58:39,011], , [restartedMain], video-call-conference-service, INFO  ChangeableUrls logTo | The Class-Path manifest attribute in C:\Users\DELL\.m2\repository\org\glassfish\jaxb\jaxb-runtime\2.3.2\jaxb-runtime-2.3.2.jar referenced one or more files that do not exist: file:/C:/Users/DELL/.m2/repository/org/glassfish/jaxb/jaxb-runtime/2.3.2/jakarta.xml.bind-api-2.3.2.jar,file:/C:/Users/DELL/.m2/repository/org/glassfish/jaxb/jaxb-runtime/2.3.2/txw2-2.3.2.jar,file:/C:/Users/DELL/.m2/repository/org/glassfish/jaxb/jaxb-runtime/2.3.2/istack-commons-runtime-3.0.8.jar,file:/C:/Users/DELL/.m2/repository/org/glassfish/jaxb/jaxb-runtime/2.3.2/stax-ex-1.8.1.jar,file:/C:/Users/DELL/.m2/repository/org/glassfish/jaxb/jaxb-runtime/2.3.2/FastInfoset-1.2.16.jar,file:/C:/Users/DELL/.m2/repository/org/glassfish/jaxb/jaxb-runtime/2.3.2/jakarta.activation-api-1.2.1.jar
  [2022-03-14 11:58:39,036], , [restartedMain], video-call-conference-service, INFO  DevToolsPropertyDefaultsPostProcessor logTo | Devtools property defaults active! Set 'spring.devtools.add-properties' to 'false' to disable
  [2022-03-14 11:58:39,394], , [restartedMain], video-call-conference-service, INFO  PostProcessorRegistrationDelegate$BeanPostProcessorChecker postProcessAfterInitialization | Bean 'org.springframework.cloud.autoconfigure.ConfigurationPropertiesRebinderAutoConfiguration' of type [org.springframework.cloud.autoconfigure.ConfigurationPropertiesRebinderAutoConfiguration$$EnhancerBySpringCGLIB$$c329012f] is not eligible for getting processed by all BeanPostProcessors (for example: not eligible for auto-proxying)
  [2022-03-14 11:58:39,739], , [restartedMain], video-call-conference-service, INFO  ConfigServicePropertySourceLocator getRemoteEnvironment | Fetching config from server at : http://localhost:8888/config
  [2022-03-14 11:58:40,377], , [restartedMain], video-call-conference-service, INFO  ConfigServicePropertySourceLocator log | Located environment: name=video-call-conference-service, profiles=[dev], label=null, version=null, state=null
  [2022-03-14 11:58:40,378], , [restartedMain], video-call-conference-service, INFO  PropertySourceBootstrapConfiguration initialize | Located property source: CompositePropertySource {name='configService', propertySources=[MapPropertySource {name='file:///D:/git-localconfig-repo/application-dev.properties'}]}
  [2022-03-14 11:58:40,440], , [restartedMain], video-call-conference-service, INFO  VideoCallConferenceServiceApplication logStartupProfileInfo | The following profiles are active: dev
  [2022-03-14 11:58:42,840], , [restartedMain], video-call-conference-service, INFO  RepositoryConfigurationDelegate registerRepositoriesIn | Bootstrapping Spring Data JPA repositories in DEFAULT mode.
  [2022-03-14 11:58:42,960], , [restartedMain], video-call-conference-service, INFO  RepositoryConfigurationDelegate registerRepositoriesIn | Finished Spring Data repository scanning in 105ms. Found 6 JPA repository interfaces.
  [2022-03-14 11:58:43,277], , [restartedMain], video-call-conference-service, INFO  GenericScope setSerializationId | BeanFactory id=0d0043dc-7492-361e-907e-6b745b2f1c79
  [2022-03-14 11:58:44,160], , [restartedMain], video-call-conference-service, INFO  PostProcessorRegistrationDelegate$BeanPostProcessorChecker postProcessAfterInitialization | Bean 'org.springframework.transaction.annotation.ProxyTransactionManagementConfiguration' of type [org.springframework.transaction.annotation.ProxyTransactionManagementConfiguration] is not eligible for getting processed by all BeanPostProcessors (for example: not eligible for auto-proxying)
  [2022-03-14 11:58:44,283], , [restartedMain], video-call-conference-service, INFO  PostProcessorRegistrationDelegate$BeanPostProcessorChecker postProcessAfterInitialization | Bean 'org.springframework.cloud.autoconfigure.ConfigurationPropertiesRebinderAutoConfiguration' of type [org.springframework.cloud.autoconfigure.ConfigurationPropertiesRebinderAutoConfiguration$$EnhancerBySpringCGLIB$$c329012f] is not eligible for getting processed by all BeanPostProcessors (for example: not eligible for auto-proxying)
  [2022-03-14 11:58:45,158], , [restartedMain], video-call-conference-service, INFO  TomcatWebServer initialize | Tomcat initialized with port(s): 7083 (http)
  [2022-03-14 11:58:45,172], , [restartedMain], video-call-conference-service, INFO  Http11NioProtocol log | Initializing ProtocolHandler ["http-nio-7083"]
  [2022-03-14 11:58:45,173], , [restartedMain], video-call-conference-service, INFO  StandardService log | Starting service [Tomcat]
  [2022-03-14 11:58:45,173], , [restartedMain], video-call-conference-service, INFO  StandardEngine log | Starting Servlet engine: [Apache Tomcat/9.0.29]
  [2022-03-14 11:58:45,383], , [restartedMain], video-call-conference-service, INFO  [/videoconference] log | Initializing Spring embedded WebApplicationContext
  [2022-03-14 11:58:45,384], , [restartedMain], video-call-conference-service, INFO  ContextLoader prepareWebApplicationContext | Root WebApplicationContext: initialization completed in 4925 ms
  [2022-03-14 11:58:46,759], , [restartedMain], video-call-conference-service, INFO  LogHelper logPersistenceUnitInformation | HHH000204: Processing PersistenceUnitInfo [name: default]
  [2022-03-14 11:58:46,948], , [restartedMain], video-call-conference-service, INFO  Version logVersion | HHH000412: Hibernate Core {5.4.9.Final}
  [2022-03-14 11:58:47,292], , [restartedMain], video-call-conference-service, INFO  Version <clinit> | HCANN000001: Hibernate Commons Annotations {5.1.0.Final}
  [2022-03-14 11:58:47,562], , [restartedMain], video-call-conference-service, INFO  Dialect <init> | HHH000400: Using dialect: org.hibernate.dialect.PostgreSQLDialect
  [2022-03-14 11:58:49,301], , [restartedMain], video-call-conference-service, INFO  HikariDataSource getConnection | HikariPool-1 - Starting...
  [2022-03-14 11:58:50,431], , [restartedMain], video-call-conference-service, INFO  HikariDataSource getConnection | HikariPool-1 - Start completed.
  [2022-03-14 11:59:06,308], , [restartedMain], video-call-conference-service, INFO  JtaPlatformInitiator initiateService | HHH000490: Using JtaPlatform implementation: [org.hibernate.engine.transaction.jta.platform.internal.NoJtaPlatform]
  [2022-03-14 11:59:06,685], , [restartedMain], video-call-conference-service, INFO  LocalContainerEntityManagerFactoryBean buildNativeEntityManagerFactory | Initialized JPA EntityManagerFactory for persistence unit 'default'
  [2022-03-14 11:59:06,993], , [restartedMain], video-call-conference-service, INFO  OptionalLiveReloadServer startServer | LiveReload server is running on port 35729
  [2022-03-14 11:59:08,070], , [restartedMain], video-call-conference-service, WARN  AnnotationConfigServletWebServerApplicationContext refresh | Exception encountered during context initialization - cancelling refresh attempt: org.springframework.beans.factory.UnsatisfiedDependencyException: Error creating bean with name 'karzaVideoConfController': Unsatisfied dependency expressed through field 'karzaService'; nested exception is org.springframework.beans.factory.BeanCreationException: Error creating bean with name 'karzaServiceImpl': Injection of autowired dependencies failed; nested exception is java.lang.IllegalArgumentException: Could not resolve placeholder 'x-karza-key' in value "${x-karza-key}"
  [2022-03-14 11:59:08,071], , [restartedMain], video-call-conference-service, INFO  LocalContainerEntityManagerFactoryBean destroy | Closing JPA EntityManagerFactory for persistence unit 'default'
  [2022-03-14 11:59:08,078], , [restartedMain], video-call-conference-service, INFO  HikariDataSource close | HikariPool-1 - Shutdown initiated...
  [2022-03-14 11:59:08,083], , [restartedMain], video-call-conference-service, INFO  HikariDataSource close | HikariPool-1 - Shutdown completed.
  [2022-03-14 11:59:08,085], , [restartedMain], video-call-conference-service, INFO  StandardService log | Stopping service [Tomcat]
  [2022-03-14 11:59:08,116], , [restartedMain], video-call-conference-service, INFO  ConditionEvaluationReportLoggingListener logMessage | 

Error starting ApplicationContext. To display the conditions report re-run your application with 'debug' enabled.
  [2022-03-14 11:59:08,124], , [restartedMain], video-call-conference-service, ERROR SpringApplication reportFailure | Application run failed
org.springframework.beans.factory.UnsatisfiedDependencyException: Error creating bean with name 'karzaVideoConfController': Unsatisfied dependency expressed through field 'karzaService'; nested exception is org.springframework.beans.factory.BeanCreationException: Error creating bean with name 'karzaServiceImpl': Injection of autowired dependencies failed; nested exception is java.lang.IllegalArgumentException: Could not resolve placeholder 'x-karza-key' in value "${x-karza-key}"
	at org.springframework.beans.factory.annotation.AutowiredAnnotationBeanPostProcessor$AutowiredFieldElement.inject(AutowiredAnnotationBeanPostProcessor.java:643)
	at org.springframework.beans.factory.annotation.InjectionMetadata.inject(InjectionMetadata.java:116)
	at org.springframework.beans.factory.annotation.AutowiredAnnotationBeanPostProcessor.postProcessProperties(AutowiredAnnotationBeanPostProcessor.java:399)
	at org.springframework.beans.factory.support.AbstractAutowireCapableBeanFactory.populateBean(AbstractAutowireCapableBeanFactory.java:1422)
	at org.springframework.beans.factory.support.AbstractAutowireCapableBeanFactory.doCreateBean(AbstractAutowireCapableBeanFactory.java:594)
	at org.springframework.beans.factory.support.AbstractAutowireCapableBeanFactory.createBean(AbstractAutowireCapableBeanFactory.java:517)
	at org.springframework.beans.factory.support.AbstractBeanFactory.lambda$doGetBean$0(AbstractBeanFactory.java:323)
	at org.springframework.beans.factory.support.DefaultSingletonBeanRegistry.getSingleton(DefaultSingletonBeanRegistry.java:222)
	at org.springframework.beans.factory.support.AbstractBeanFactory.doGetBean(AbstractBeanFactory.java:321)
	at org.springframework.beans.factory.support.AbstractBeanFactory.getBean(AbstractBeanFactory.java:202)
	at org.springframework.beans.factory.support.DefaultListableBeanFactory.preInstantiateSingletons(DefaultListableBeanFactory.java:879)
	at org.springframework.context.support.AbstractApplicationContext.finishBeanFactoryInitialization(AbstractApplicationContext.java:878)
	at org.springframework.context.support.AbstractApplicationContext.refresh(AbstractApplicationContext.java:550)
	at org.springframework.boot.web.servlet.context.ServletWebServerApplicationContext.refresh(ServletWebServerApplicationContext.java:141)
	at org.springframework.boot.SpringApplication.refresh(SpringApplication.java:747)
	at org.springframework.boot.SpringApplication.refreshContext(SpringApplication.java:397)
	at org.springframework.boot.SpringApplication.run(SpringApplication.java:315)
	at org.springframework.boot.SpringApplication.run(SpringApplication.java:1226)
	at org.springframework.boot.SpringApplication.run(SpringApplication.java:1215)
	at com.nsdl.telemedicine.videoConference.VideoCallConferenceServiceApplication.main(VideoCallConferenceServiceApplication.java:13)
	at java.base/jdk.internal.reflect.NativeMethodAccessorImpl.invoke0(Native Method)
	at java.base/jdk.internal.reflect.NativeMethodAccessorImpl.invoke(NativeMethodAccessorImpl.java:64)
	at java.base/jdk.internal.reflect.DelegatingMethodAccessorImpl.invoke(DelegatingMethodAccessorImpl.java:43)
	at java.base/java.lang.reflect.Method.invoke(Method.java:564)
	at org.springframework.boot.devtools.restart.RestartLauncher.run(RestartLauncher.java:49)
Caused by: org.springframework.beans.factory.BeanCreationException: Error creating bean with name 'karzaServiceImpl': Injection of autowired dependencies failed; nested exception is java.lang.IllegalArgumentException: Could not resolve placeholder 'x-karza-key' in value "${x-karza-key}"
	at org.springframework.beans.factory.annotation.AutowiredAnnotationBeanPostProcessor.postProcessProperties(AutowiredAnnotationBeanPostProcessor.java:405)
	at org.springframework.beans.factory.support.AbstractAutowireCapableBeanFactory.populateBean(AbstractAutowireCapableBeanFactory.java:1422)
	at org.springframework.beans.factory.support.AbstractAutowireCapableBeanFactory.doCreateBean(AbstractAutowireCapableBeanFactory.java:594)
	at org.springframework.beans.factory.support.AbstractAutowireCapableBeanFactory.createBean(AbstractAutowireCapableBeanFactory.java:517)
	at org.springframework.beans.factory.support.AbstractBeanFactory.lambda$doGetBean$0(AbstractBeanFactory.java:323)
	at org.springframework.beans.factory.support.DefaultSingletonBeanRegistry.getSingleton(DefaultSingletonBeanRegistry.java:222)
	at org.springframework.beans.factory.support.AbstractBeanFactory.doGetBean(AbstractBeanFactory.java:321)
	at org.springframework.beans.factory.support.AbstractBeanFactory.getBean(AbstractBeanFactory.java:202)
	at org.springframework.beans.factory.config.DependencyDescriptor.resolveCandidate(DependencyDescriptor.java:276)
	at org.springframework.beans.factory.support.DefaultListableBeanFactory.doResolveDependency(DefaultListableBeanFactory.java:1287)
	at org.springframework.beans.factory.support.DefaultListableBeanFactory.resolveDependency(DefaultListableBeanFactory.java:1207)
	at org.springframework.beans.factory.annotation.AutowiredAnnotationBeanPostProcessor$AutowiredFieldElement.inject(AutowiredAnnotationBeanPostProcessor.java:640)
	... 24 common frames omitted
Caused by: java.lang.IllegalArgumentException: Could not resolve placeholder 'x-karza-key' in value "${x-karza-key}"
	at org.springframework.util.PropertyPlaceholderHelper.parseStringValue(PropertyPlaceholderHelper.java:178)
	at org.springframework.util.PropertyPlaceholderHelper.replacePlaceholders(PropertyPlaceholderHelper.java:124)
	at org.springframework.core.env.AbstractPropertyResolver.doResolvePlaceholders(AbstractPropertyResolver.java:236)
	at org.springframework.core.env.AbstractPropertyResolver.resolveRequiredPlaceholders(AbstractPropertyResolver.java:210)
	at org.springframework.context.support.PropertySourcesPlaceholderConfigurer.lambda$processProperties$0(PropertySourcesPlaceholderConfigurer.java:175)
	at org.springframework.beans.factory.support.AbstractBeanFactory.resolveEmbeddedValue(AbstractBeanFactory.java:908)
	at org.springframework.beans.factory.support.DefaultListableBeanFactory.doResolveDependency(DefaultListableBeanFactory.java:1228)
	at org.springframework.beans.factory.support.DefaultListableBeanFactory.resolveDependency(DefaultListableBeanFactory.java:1207)
	at org.springframework.beans.factory.annotation.AutowiredAnnotationBeanPostProcessor$AutowiredFieldElement.inject(AutowiredAnnotationBeanPostProcessor.java:640)
	at org.springframework.beans.factory.annotation.InjectionMetadata.inject(InjectionMetadata.java:116)
	at org.springframework.beans.factory.annotation.AutowiredAnnotationBeanPostProcessor.postProcessProperties(AutowiredAnnotationBeanPostProcessor.java:399)
	... 35 common frames omitted
  [2022-03-14 12:04:33,761], , [restartedMain], video-call-conference-service, INFO  ChangeableUrls logTo | The Class-Path manifest attribute in C:\Users\DELL\.m2\repository\org\glassfish\jaxb\jaxb-runtime\2.3.2\jaxb-runtime-2.3.2.jar referenced one or more files that do not exist: file:/C:/Users/DELL/.m2/repository/org/glassfish/jaxb/jaxb-runtime/2.3.2/jakarta.xml.bind-api-2.3.2.jar,file:/C:/Users/DELL/.m2/repository/org/glassfish/jaxb/jaxb-runtime/2.3.2/txw2-2.3.2.jar,file:/C:/Users/DELL/.m2/repository/org/glassfish/jaxb/jaxb-runtime/2.3.2/istack-commons-runtime-3.0.8.jar,file:/C:/Users/DELL/.m2/repository/org/glassfish/jaxb/jaxb-runtime/2.3.2/stax-ex-1.8.1.jar,file:/C:/Users/DELL/.m2/repository/org/glassfish/jaxb/jaxb-runtime/2.3.2/FastInfoset-1.2.16.jar,file:/C:/Users/DELL/.m2/repository/org/glassfish/jaxb/jaxb-runtime/2.3.2/jakarta.activation-api-1.2.1.jar
  [2022-03-14 12:04:33,802], , [restartedMain], video-call-conference-service, INFO  DevToolsPropertyDefaultsPostProcessor logTo | Devtools property defaults active! Set 'spring.devtools.add-properties' to 'false' to disable
  [2022-03-14 12:04:34,597], , [restartedMain], video-call-conference-service, INFO  PostProcessorRegistrationDelegate$BeanPostProcessorChecker postProcessAfterInitialization | Bean 'org.springframework.cloud.autoconfigure.ConfigurationPropertiesRebinderAutoConfiguration' of type [org.springframework.cloud.autoconfigure.ConfigurationPropertiesRebinderAutoConfiguration$$EnhancerBySpringCGLIB$$f09e7d86] is not eligible for getting processed by all BeanPostProcessors (for example: not eligible for auto-proxying)
  [2022-03-14 12:04:35,010], , [restartedMain], video-call-conference-service, INFO  ConfigServicePropertySourceLocator getRemoteEnvironment | Fetching config from server at : http://localhost:8888/config
  [2022-03-14 12:04:36,538], , [restartedMain], video-call-conference-service, INFO  ConfigServicePropertySourceLocator log | Located environment: name=video-call-conference-service, profiles=[dev], label=null, version=null, state=null
  [2022-03-14 12:04:36,540], , [restartedMain], video-call-conference-service, INFO  PropertySourceBootstrapConfiguration initialize | Located property source: CompositePropertySource {name='configService', propertySources=[MapPropertySource {name='file:///D:/git-localconfig-repo/application-dev.properties'}]}
  [2022-03-14 12:04:36,725], , [restartedMain], video-call-conference-service, INFO  VideoCallConferenceServiceApplication logStartupProfileInfo | The following profiles are active: dev
  [2022-03-14 12:04:38,463], , [restartedMain], video-call-conference-service, INFO  RepositoryConfigurationDelegate registerRepositoriesIn | Bootstrapping Spring Data JPA repositories in DEFAULT mode.
  [2022-03-14 12:04:38,606], , [restartedMain], video-call-conference-service, INFO  RepositoryConfigurationDelegate registerRepositoriesIn | Finished Spring Data repository scanning in 130ms. Found 6 JPA repository interfaces.
  [2022-03-14 12:04:39,018], , [restartedMain], video-call-conference-service, INFO  GenericScope setSerializationId | BeanFactory id=0d0043dc-7492-361e-907e-6b745b2f1c79
  [2022-03-14 12:04:39,620], , [restartedMain], video-call-conference-service, INFO  PostProcessorRegistrationDelegate$BeanPostProcessorChecker postProcessAfterInitialization | Bean 'org.springframework.transaction.annotation.ProxyTransactionManagementConfiguration' of type [org.springframework.transaction.annotation.ProxyTransactionManagementConfiguration] is not eligible for getting processed by all BeanPostProcessors (for example: not eligible for auto-proxying)
  [2022-03-14 12:04:39,716], , [restartedMain], video-call-conference-service, INFO  PostProcessorRegistrationDelegate$BeanPostProcessorChecker postProcessAfterInitialization | Bean 'org.springframework.cloud.autoconfigure.ConfigurationPropertiesRebinderAutoConfiguration' of type [org.springframework.cloud.autoconfigure.ConfigurationPropertiesRebinderAutoConfiguration$$EnhancerBySpringCGLIB$$f09e7d86] is not eligible for getting processed by all BeanPostProcessors (for example: not eligible for auto-proxying)
  [2022-03-14 12:04:41,180], , [restartedMain], video-call-conference-service, INFO  TomcatWebServer initialize | Tomcat initialized with port(s): 7083 (http)
  [2022-03-14 12:04:41,224], , [restartedMain], video-call-conference-service, INFO  Http11NioProtocol log | Initializing ProtocolHandler ["http-nio-7083"]
  [2022-03-14 12:04:41,225], , [restartedMain], video-call-conference-service, INFO  StandardService log | Starting service [Tomcat]
  [2022-03-14 12:04:41,226], , [restartedMain], video-call-conference-service, INFO  StandardEngine log | Starting Servlet engine: [Apache Tomcat/9.0.29]
  [2022-03-14 12:04:41,583], , [restartedMain], video-call-conference-service, INFO  [/videoconference] log | Initializing Spring embedded WebApplicationContext
  [2022-03-14 12:04:41,585], , [restartedMain], video-call-conference-service, INFO  ContextLoader prepareWebApplicationContext | Root WebApplicationContext: initialization completed in 4824 ms
  [2022-03-14 12:04:46,043], , [restartedMain], video-call-conference-service, INFO  LogHelper logPersistenceUnitInformation | HHH000204: Processing PersistenceUnitInfo [name: default]
  [2022-03-14 12:04:46,246], , [restartedMain], video-call-conference-service, INFO  Version logVersion | HHH000412: Hibernate Core {5.4.9.Final}
  [2022-03-14 12:04:46,980], , [restartedMain], video-call-conference-service, INFO  Version <clinit> | HCANN000001: Hibernate Commons Annotations {5.1.0.Final}
  [2022-03-14 12:04:47,748], , [restartedMain], video-call-conference-service, INFO  Dialect <init> | HHH000400: Using dialect: org.hibernate.dialect.PostgreSQLDialect
  [2022-03-14 12:04:51,194], , [restartedMain], video-call-conference-service, INFO  HikariDataSource getConnection | HikariPool-1 - Starting...
  [2022-03-14 12:04:52,481], , [restartedMain], video-call-conference-service, INFO  HikariDataSource getConnection | HikariPool-1 - Start completed.
  [2022-03-14 12:05:07,948], , [restartedMain], video-call-conference-service, INFO  JtaPlatformInitiator initiateService | HHH000490: Using JtaPlatform implementation: [org.hibernate.engine.transaction.jta.platform.internal.NoJtaPlatform]
  [2022-03-14 12:05:08,160], , [restartedMain], video-call-conference-service, INFO  LocalContainerEntityManagerFactoryBean buildNativeEntityManagerFactory | Initialized JPA EntityManagerFactory for persistence unit 'default'
  [2022-03-14 12:05:08,490], , [restartedMain], video-call-conference-service, INFO  OptionalLiveReloadServer startServer | LiveReload server is running on port 35729
  [2022-03-14 12:05:10,931], , [restartedMain], video-call-conference-service, WARN  JpaBaseConfiguration$JpaWebConfiguration openEntityManagerInViewInterceptor | spring.jpa.open-in-view is enabled by default. Therefore, database queries may be performed during view rendering. Explicitly configure spring.jpa.open-in-view to disable this warning
  [2022-03-14 12:05:11,159], , [restartedMain], video-call-conference-service, INFO  ThreadPoolTaskExecutor initialize | Initializing ExecutorService 'applicationTaskExecutor'
  [2022-03-14 12:05:13,198], , [restartedMain], video-call-conference-service, INFO  EndpointLinksResolver <init> | Exposing 2 endpoint(s) beneath base path '/actuator'
  [2022-03-14 12:05:13,500], , [restartedMain], video-call-conference-service, INFO  Http11NioProtocol log | Starting ProtocolHandler ["http-nio-7083"]
  [2022-03-14 12:05:13,566], , [restartedMain], video-call-conference-service, INFO  TomcatWebServer start | Tomcat started on port(s): 7083 (http) with context path '/videoconference'
  [2022-03-14 12:05:13,576], , [restartedMain], video-call-conference-service, INFO  VideoCallConferenceServiceApplication logStarted | Started VideoCallConferenceServiceApplication in 41.64 seconds (JVM running for 45.39)
  [2022-03-14 12:05:58,533], , [http-nio-7083-exec-1], video-call-conference-service, INFO  Http11Processor log | Error parsing HTTP request header
 Note: further occurrences of HTTP request parsing errors will be logged at DEBUG level.
java.lang.IllegalArgumentException: Invalid character found in method name. HTTP method names must be tokens
	at org.apache.coyote.http11.Http11InputBuffer.parseRequestLine(Http11InputBuffer.java:415)
	at org.apache.coyote.http11.Http11Processor.service(Http11Processor.java:260)
	at org.apache.coyote.AbstractProcessorLight.process(AbstractProcessorLight.java:65)
	at org.apache.coyote.AbstractProtocol$ConnectionHandler.process(AbstractProtocol.java:860)
	at org.apache.tomcat.util.net.NioEndpoint$SocketProcessor.doRun(NioEndpoint.java:1591)
	at org.apache.tomcat.util.net.SocketProcessorBase.run(SocketProcessorBase.java:49)
	at java.base/java.util.concurrent.ThreadPoolExecutor.runWorker(ThreadPoolExecutor.java:1130)
	at java.base/java.util.concurrent.ThreadPoolExecutor$Worker.run(ThreadPoolExecutor.java:630)
	at org.apache.tomcat.util.threads.TaskThread$WrappingRunnable.run(TaskThread.java:61)
	at java.base/java.lang.Thread.run(Thread.java:832)
  [2022-03-14 12:06:07,261], , [http-nio-7083-exec-4], video-call-conference-service, INFO  [/videoconference] log | Initializing Spring DispatcherServlet 'dispatcherServlet'
  [2022-03-14 12:06:07,262], , [http-nio-7083-exec-4], video-call-conference-service, INFO  DispatcherServlet initServletBean | Initializing Servlet 'dispatcherServlet'
  [2022-03-14 12:06:07,352], , [http-nio-7083-exec-4], video-call-conference-service, INFO  DispatcherServlet initServletBean | Completed initialization in 89 ms
50cb129d083c0d61 50cb129d083c0d61 [2022-03-14 12:06:07,467], 0:0:0:0:0:0:0:1, [http-nio-7083-exec-4], video-call-conference-service, INFO  VideoConfuthenticationController joinBBBMeeting | joinBBBMeeting excecution start time::12:06:07.465380700
50cb129d083c0d61 50cb129d083c0d61 [2022-03-14 12:06:07,467], 0:0:0:0:0:0:0:1, [http-nio-7083-exec-4], video-call-conference-service, INFO  BBBMeetingImpl getJoinMeetingURL | getJoinMeetingURL excecution start time::12:06:07.467567500
50cb129d083c0d61 50cb129d083c0d61 [2022-03-14 12:06:07,726], 0:0:0:0:0:0:0:1, [http-nio-7083-exec-4], video-call-conference-service, ERROR BBBMeetingImpl getJoinMeetingURL | doctor doesn't started meeting
50cb129d083c0d61 50cb129d083c0d61 [2022-03-14 12:06:07,822], 0:0:0:0:0:0:0:1, [http-nio-7083-exec-4], video-call-conference-service, WARN  ExceptionHandlerExceptionResolver logException | Resolved [com.nsdl.telemedicine.videoConference.exception.BBBException: Please wait, Doctor yet to be join]
73652f57131d5868 73652f57131d5868 [2022-03-14 12:06:57,868], 0:0:0:0:0:0:0:1, [http-nio-7083-exec-9], video-call-conference-service, INFO  VideoConfuthenticationController createBBBMeeting | createBBBMeeting excecution start time::12:06:57.868433700
73652f57131d5868 73652f57131d5868 [2022-03-14 12:06:57,869], 0:0:0:0:0:0:0:1, [http-nio-7083-exec-9], video-call-conference-service, INFO  BBBMeetingImpl createMeeting | createMeeting excecution start time::12:06:57.869463400
73652f57131d5868 73652f57131d5868 [2022-03-14 12:06:58,077], 0:0:0:0:0:0:0:1, [http-nio-7083-exec-9], video-call-conference-service, INFO  BBBMeetingImpl createMeeting | Calculating check sum for query parameter
73652f57131d5868 73652f57131d5868 [2022-03-14 12:06:58,109], 0:0:0:0:0:0:0:1, [http-nio-7083-exec-9], video-call-conference-service, INFO  BBBMeetingImpl createMeeting | Giving call to bigbluebutton create api
73652f57131d5868 73652f57131d5868 [2022-03-14 12:06:58,111], 0:0:0:0:0:0:0:1, [http-nio-7083-exec-9], video-call-conference-service, INFO  BBBMeetingImpl doAPICall | Calling url::https://manager.bigbluemeeting.com/bigbluebutton
73652f57131d5868 73652f57131d5868 [2022-03-14 12:07:00,721], 0:0:0:0:0:0:0:1, [http-nio-7083-exec-9], video-call-conference-service, ERROR BBBMeetingImpl doAPICall | while creating meeting::checksumError
73652f57131d5868 73652f57131d5868 [2022-03-14 12:07:00,723], 0:0:0:0:0:0:0:1, [http-nio-7083-exec-9], video-call-conference-service, ERROR BBBMeetingImpl doAPICall | Your query did not pass the checksum security check.
73652f57131d5868 73652f57131d5868 [2022-03-14 12:07:00,724], 0:0:0:0:0:0:0:1, [http-nio-7083-exec-9], video-call-conference-service, ERROR BBBMeetingImpl createMeeting | Error while creating meeting::Your query did not pass the checksum security check.
73652f57131d5868 73652f57131d5868 [2022-03-14 12:07:00,729], 0:0:0:0:0:0:0:1, [http-nio-7083-exec-9], video-call-conference-service, WARN  ExceptionHandlerExceptionResolver logException | Resolved [com.nsdl.telemedicine.videoConference.exception.BBBException: Your query did not pass the checksum security check.]
  [2022-03-14 12:27:18,391], , [RMI TCP Connection(26)-127.0.0.1], video-call-conference-service, INFO  SpringApplicationAdminMXBeanRegistrar$SpringApplicationAdmin shutdown | Application shutdown requested.
  [2022-03-14 12:27:18,461], , [RMI TCP Connection(26)-127.0.0.1], video-call-conference-service, INFO  ThreadPoolTaskExecutor shutdown | Shutting down ExecutorService 'applicationTaskExecutor'
  [2022-03-14 12:27:18,466], , [RMI TCP Connection(26)-127.0.0.1], video-call-conference-service, INFO  LocalContainerEntityManagerFactoryBean destroy | Closing JPA EntityManagerFactory for persistence unit 'default'
  [2022-03-14 12:27:18,518], , [RMI TCP Connection(26)-127.0.0.1], video-call-conference-service, INFO  HikariDataSource close | HikariPool-1 - Shutdown initiated...
  [2022-03-14 12:27:18,530], , [RMI TCP Connection(26)-127.0.0.1], video-call-conference-service, INFO  HikariDataSource close | HikariPool-1 - Shutdown completed.
  [2022-03-14 12:27:18,539], , [RMI TCP Connection(26)-127.0.0.1], video-call-conference-service, INFO  Http11NioProtocol log | Pausing ProtocolHandler ["http-nio-7083"]
  [2022-03-14 12:27:18,569], , [RMI TCP Connection(26)-127.0.0.1], video-call-conference-service, INFO  StandardService log | Stopping service [Tomcat]
  [2022-03-14 12:27:18,573], , [RMI TCP Connection(26)-127.0.0.1], video-call-conference-service, INFO  [/videoconference] log | Destroying Spring FrameworkServlet 'dispatcherServlet'
  [2022-03-14 12:27:18,588], , [RMI TCP Connection(26)-127.0.0.1], video-call-conference-service, INFO  Http11NioProtocol log | Stopping ProtocolHandler ["http-nio-7083"]
  [2022-03-14 12:27:18,594], , [RMI TCP Connection(26)-127.0.0.1], video-call-conference-service, INFO  Http11NioProtocol log | Destroying ProtocolHandler ["http-nio-7083"]
  [2022-03-14 12:28:06,031], , [restartedMain], video-call-conference-service, INFO  ChangeableUrls logTo | The Class-Path manifest attribute in C:\Users\DELL\.m2\repository\org\glassfish\jaxb\jaxb-runtime\2.3.2\jaxb-runtime-2.3.2.jar referenced one or more files that do not exist: file:/C:/Users/DELL/.m2/repository/org/glassfish/jaxb/jaxb-runtime/2.3.2/jakarta.xml.bind-api-2.3.2.jar,file:/C:/Users/DELL/.m2/repository/org/glassfish/jaxb/jaxb-runtime/2.3.2/txw2-2.3.2.jar,file:/C:/Users/DELL/.m2/repository/org/glassfish/jaxb/jaxb-runtime/2.3.2/istack-commons-runtime-3.0.8.jar,file:/C:/Users/DELL/.m2/repository/org/glassfish/jaxb/jaxb-runtime/2.3.2/stax-ex-1.8.1.jar,file:/C:/Users/DELL/.m2/repository/org/glassfish/jaxb/jaxb-runtime/2.3.2/FastInfoset-1.2.16.jar,file:/C:/Users/DELL/.m2/repository/org/glassfish/jaxb/jaxb-runtime/2.3.2/jakarta.activation-api-1.2.1.jar
  [2022-03-14 12:28:06,069], , [restartedMain], video-call-conference-service, INFO  DevToolsPropertyDefaultsPostProcessor logTo | Devtools property defaults active! Set 'spring.devtools.add-properties' to 'false' to disable
  [2022-03-14 12:28:06,918], , [restartedMain], video-call-conference-service, INFO  PostProcessorRegistrationDelegate$BeanPostProcessorChecker postProcessAfterInitialization | Bean 'org.springframework.cloud.autoconfigure.ConfigurationPropertiesRebinderAutoConfiguration' of type [org.springframework.cloud.autoconfigure.ConfigurationPropertiesRebinderAutoConfiguration$$EnhancerBySpringCGLIB$$c3a10157] is not eligible for getting processed by all BeanPostProcessors (for example: not eligible for auto-proxying)
  [2022-03-14 12:28:07,409], , [restartedMain], video-call-conference-service, INFO  ConfigServicePropertySourceLocator getRemoteEnvironment | Fetching config from server at : http://localhost:8888/config
  [2022-03-14 12:28:08,146], , [restartedMain], video-call-conference-service, INFO  ConfigServicePropertySourceLocator log | Located environment: name=video-call-conference-service, profiles=[dev], label=null, version=null, state=null
  [2022-03-14 12:28:08,147], , [restartedMain], video-call-conference-service, INFO  PropertySourceBootstrapConfiguration initialize | Located property source: CompositePropertySource {name='configService', propertySources=[MapPropertySource {name='file:///D:/git-localconfig-repo/application-dev.properties'}]}
  [2022-03-14 12:28:08,196], , [restartedMain], video-call-conference-service, INFO  VideoCallConferenceServiceApplication logStartupProfileInfo | The following profiles are active: dev
  [2022-03-14 12:28:09,462], , [restartedMain], video-call-conference-service, INFO  RepositoryConfigurationDelegate registerRepositoriesIn | Bootstrapping Spring Data JPA repositories in DEFAULT mode.
  [2022-03-14 12:28:09,577], , [restartedMain], video-call-conference-service, INFO  RepositoryConfigurationDelegate registerRepositoriesIn | Finished Spring Data repository scanning in 101ms. Found 6 JPA repository interfaces.
  [2022-03-14 12:28:09,884], , [restartedMain], video-call-conference-service, INFO  GenericScope setSerializationId | BeanFactory id=0d0043dc-7492-361e-907e-6b745b2f1c79
  [2022-03-14 12:28:10,744], , [restartedMain], video-call-conference-service, INFO  PostProcessorRegistrationDelegate$BeanPostProcessorChecker postProcessAfterInitialization | Bean 'org.springframework.transaction.annotation.ProxyTransactionManagementConfiguration' of type [org.springframework.transaction.annotation.ProxyTransactionManagementConfiguration] is not eligible for getting processed by all BeanPostProcessors (for example: not eligible for auto-proxying)
  [2022-03-14 12:28:10,868], , [restartedMain], video-call-conference-service, INFO  PostProcessorRegistrationDelegate$BeanPostProcessorChecker postProcessAfterInitialization | Bean 'org.springframework.cloud.autoconfigure.ConfigurationPropertiesRebinderAutoConfiguration' of type [org.springframework.cloud.autoconfigure.ConfigurationPropertiesRebinderAutoConfiguration$$EnhancerBySpringCGLIB$$c3a10157] is not eligible for getting processed by all BeanPostProcessors (for example: not eligible for auto-proxying)
  [2022-03-14 12:28:12,280], , [restartedMain], video-call-conference-service, INFO  TomcatWebServer initialize | Tomcat initialized with port(s): 7083 (http)
  [2022-03-14 12:28:12,297], , [restartedMain], video-call-conference-service, INFO  Http11NioProtocol log | Initializing ProtocolHandler ["http-nio-7083"]
  [2022-03-14 12:28:12,298], , [restartedMain], video-call-conference-service, INFO  StandardService log | Starting service [Tomcat]
  [2022-03-14 12:28:12,299], , [restartedMain], video-call-conference-service, INFO  StandardEngine log | Starting Servlet engine: [Apache Tomcat/9.0.29]
  [2022-03-14 12:28:12,514], , [restartedMain], video-call-conference-service, INFO  [/videoconference] log | Initializing Spring embedded WebApplicationContext
  [2022-03-14 12:28:12,515], , [restartedMain], video-call-conference-service, INFO  ContextLoader prepareWebApplicationContext | Root WebApplicationContext: initialization completed in 4302 ms
  [2022-03-14 12:28:14,073], , [restartedMain], video-call-conference-service, INFO  LogHelper logPersistenceUnitInformation | HHH000204: Processing PersistenceUnitInfo [name: default]
  [2022-03-14 12:28:17,446], , [restartedMain], video-call-conference-service, INFO  Version logVersion | HHH000412: Hibernate Core {5.4.9.Final}
  [2022-03-14 12:28:17,911], , [restartedMain], video-call-conference-service, INFO  Version <clinit> | HCANN000001: Hibernate Commons Annotations {5.1.0.Final}
  [2022-03-14 12:28:18,116], , [restartedMain], video-call-conference-service, INFO  Dialect <init> | HHH000400: Using dialect: org.hibernate.dialect.PostgreSQLDialect
  [2022-03-14 12:28:19,614], , [restartedMain], video-call-conference-service, INFO  HikariDataSource getConnection | HikariPool-1 - Starting...
  [2022-03-14 12:28:20,654], , [restartedMain], video-call-conference-service, INFO  HikariDataSource getConnection | HikariPool-1 - Start completed.
  [2022-03-14 12:28:36,718], , [restartedMain], video-call-conference-service, INFO  JtaPlatformInitiator initiateService | HHH000490: Using JtaPlatform implementation: [org.hibernate.engine.transaction.jta.platform.internal.NoJtaPlatform]
  [2022-03-14 12:28:36,991], , [restartedMain], video-call-conference-service, INFO  LocalContainerEntityManagerFactoryBean buildNativeEntityManagerFactory | Initialized JPA EntityManagerFactory for persistence unit 'default'
  [2022-03-14 12:28:37,391], , [restartedMain], video-call-conference-service, INFO  OptionalLiveReloadServer startServer | LiveReload server is running on port 35729
  [2022-03-14 12:28:40,978], , [restartedMain], video-call-conference-service, WARN  JpaBaseConfiguration$JpaWebConfiguration openEntityManagerInViewInterceptor | spring.jpa.open-in-view is enabled by default. Therefore, database queries may be performed during view rendering. Explicitly configure spring.jpa.open-in-view to disable this warning
  [2022-03-14 12:28:41,450], , [restartedMain], video-call-conference-service, INFO  ThreadPoolTaskExecutor initialize | Initializing ExecutorService 'applicationTaskExecutor'
  [2022-03-14 12:28:43,435], , [restartedMain], video-call-conference-service, INFO  EndpointLinksResolver <init> | Exposing 2 endpoint(s) beneath base path '/actuator'
  [2022-03-14 12:28:43,629], , [restartedMain], video-call-conference-service, INFO  Http11NioProtocol log | Starting ProtocolHandler ["http-nio-7083"]
  [2022-03-14 12:28:43,684], , [restartedMain], video-call-conference-service, INFO  TomcatWebServer start | Tomcat started on port(s): 7083 (http) with context path '/videoconference'
  [2022-03-14 12:28:43,692], , [restartedMain], video-call-conference-service, INFO  VideoCallConferenceServiceApplication logStarted | Started VideoCallConferenceServiceApplication in 39.045 seconds (JVM running for 40.936)
  [2022-03-14 12:29:43,009], , [http-nio-7083-exec-2], video-call-conference-service, INFO  [/videoconference] log | Initializing Spring DispatcherServlet 'dispatcherServlet'
  [2022-03-14 12:29:43,009], , [http-nio-7083-exec-2], video-call-conference-service, INFO  DispatcherServlet initServletBean | Initializing Servlet 'dispatcherServlet'
  [2022-03-14 12:29:43,049], , [http-nio-7083-exec-2], video-call-conference-service, INFO  DispatcherServlet initServletBean | Completed initialization in 40 ms
980ea095a5031daa 980ea095a5031daa [2022-03-14 12:29:43,134], 0:0:0:0:0:0:0:1, [http-nio-7083-exec-2], video-call-conference-service, INFO  VideoConfuthenticationController createBBBMeeting | createBBBMeeting excecution start time::12:29:43.134942
980ea095a5031daa 980ea095a5031daa [2022-03-14 12:29:43,136], 0:0:0:0:0:0:0:1, [http-nio-7083-exec-2], video-call-conference-service, INFO  BBBMeetingImpl createMeeting | createMeeting excecution start time::12:29:43.136935400
980ea095a5031daa 980ea095a5031daa [2022-03-14 12:29:43,589], 0:0:0:0:0:0:0:1, [http-nio-7083-exec-2], video-call-conference-service, ERROR BBBMeetingImpl createMeeting | Meeting already exist with given meeting id
980ea095a5031daa 980ea095a5031daa [2022-03-14 12:29:43,689], 0:0:0:0:0:0:0:1, [http-nio-7083-exec-2], video-call-conference-service, WARN  ExceptionHandlerExceptionResolver logException | Resolved [com.nsdl.telemedicine.videoConference.exception.BBBException: Meeting alreay exist with given meeting id]
5e552bc04beab827 5e552bc04beab827 [2022-03-14 12:29:52,973], 0:0:0:0:0:0:0:1, [http-nio-7083-exec-3], video-call-conference-service, INFO  VideoConfuthenticationController createBBBMeeting | createBBBMeeting excecution start time::12:29:52.973499800
5e552bc04beab827 5e552bc04beab827 [2022-03-14 12:29:52,976], 0:0:0:0:0:0:0:1, [http-nio-7083-exec-3], video-call-conference-service, INFO  BBBMeetingImpl createMeeting | createMeeting excecution start time::12:29:52.976543900
5e552bc04beab827 5e552bc04beab827 [2022-03-14 12:29:53,424], 0:0:0:0:0:0:0:1, [http-nio-7083-exec-3], video-call-conference-service, INFO  BBBMeetingImpl createMeeting | Calculating check sum for query parameter
5e552bc04beab827 5e552bc04beab827 [2022-03-14 12:29:53,462], 0:0:0:0:0:0:0:1, [http-nio-7083-exec-3], video-call-conference-service, INFO  BBBMeetingImpl createMeeting | Giving call to bigbluebutton create api
5e552bc04beab827 5e552bc04beab827 [2022-03-14 12:29:53,465], 0:0:0:0:0:0:0:1, [http-nio-7083-exec-3], video-call-conference-service, INFO  BBBMeetingImpl doAPICall | Calling url::https://manager.bigbluemeeting.com/bigbluebutton
5e552bc04beab827 5e552bc04beab827 [2022-03-14 12:29:56,020], 0:0:0:0:0:0:0:1, [http-nio-7083-exec-3], video-call-conference-service, ERROR BBBMeetingImpl doAPICall | while creating meeting::checksumError
5e552bc04beab827 5e552bc04beab827 [2022-03-14 12:29:56,021], 0:0:0:0:0:0:0:1, [http-nio-7083-exec-3], video-call-conference-service, ERROR BBBMeetingImpl doAPICall | Your query did not pass the checksum security check.
5e552bc04beab827 5e552bc04beab827 [2022-03-14 12:29:56,023], 0:0:0:0:0:0:0:1, [http-nio-7083-exec-3], video-call-conference-service, ERROR BBBMeetingImpl createMeeting | Error while creating meeting::Your query did not pass the checksum security check.
5e552bc04beab827 5e552bc04beab827 [2022-03-14 12:29:56,030], 0:0:0:0:0:0:0:1, [http-nio-7083-exec-3], video-call-conference-service, WARN  ExceptionHandlerExceptionResolver logException | Resolved [com.nsdl.telemedicine.videoConference.exception.BBBException: Your query did not pass the checksum security check.]
  [2022-03-14 12:31:13,257], , [RMI TCP Connection(5)-127.0.0.1], video-call-conference-service, INFO  SpringApplicationAdminMXBeanRegistrar$SpringApplicationAdmin shutdown | Application shutdown requested.
  [2022-03-14 12:31:13,261], , [RMI TCP Connection(5)-127.0.0.1], video-call-conference-service, INFO  ThreadPoolTaskExecutor shutdown | Shutting down ExecutorService 'applicationTaskExecutor'
  [2022-03-14 12:31:13,264], , [RMI TCP Connection(5)-127.0.0.1], video-call-conference-service, INFO  LocalContainerEntityManagerFactoryBean destroy | Closing JPA EntityManagerFactory for persistence unit 'default'
  [2022-03-14 12:31:13,269], , [RMI TCP Connection(5)-127.0.0.1], video-call-conference-service, INFO  HikariDataSource close | HikariPool-1 - Shutdown initiated...
  [2022-03-14 12:31:13,273], , [RMI TCP Connection(5)-127.0.0.1], video-call-conference-service, INFO  HikariDataSource close | HikariPool-1 - Shutdown completed.
  [2022-03-14 12:31:13,276], , [RMI TCP Connection(5)-127.0.0.1], video-call-conference-service, INFO  Http11NioProtocol log | Pausing ProtocolHandler ["http-nio-7083"]
  [2022-03-14 12:31:13,295], , [RMI TCP Connection(5)-127.0.0.1], video-call-conference-service, INFO  StandardService log | Stopping service [Tomcat]
  [2022-03-14 12:31:13,297], , [RMI TCP Connection(5)-127.0.0.1], video-call-conference-service, INFO  [/videoconference] log | Destroying Spring FrameworkServlet 'dispatcherServlet'
  [2022-03-14 12:31:13,301], , [RMI TCP Connection(5)-127.0.0.1], video-call-conference-service, INFO  Http11NioProtocol log | Stopping ProtocolHandler ["http-nio-7083"]
  [2022-03-14 12:31:13,304], , [RMI TCP Connection(5)-127.0.0.1], video-call-conference-service, INFO  Http11NioProtocol log | Destroying ProtocolHandler ["http-nio-7083"]
  [2022-03-14 12:31:46,682], , [restartedMain], video-call-conference-service, INFO  ChangeableUrls logTo | The Class-Path manifest attribute in C:\Users\DELL\.m2\repository\org\glassfish\jaxb\jaxb-runtime\2.3.2\jaxb-runtime-2.3.2.jar referenced one or more files that do not exist: file:/C:/Users/DELL/.m2/repository/org/glassfish/jaxb/jaxb-runtime/2.3.2/jakarta.xml.bind-api-2.3.2.jar,file:/C:/Users/DELL/.m2/repository/org/glassfish/jaxb/jaxb-runtime/2.3.2/txw2-2.3.2.jar,file:/C:/Users/DELL/.m2/repository/org/glassfish/jaxb/jaxb-runtime/2.3.2/istack-commons-runtime-3.0.8.jar,file:/C:/Users/DELL/.m2/repository/org/glassfish/jaxb/jaxb-runtime/2.3.2/stax-ex-1.8.1.jar,file:/C:/Users/DELL/.m2/repository/org/glassfish/jaxb/jaxb-runtime/2.3.2/FastInfoset-1.2.16.jar,file:/C:/Users/DELL/.m2/repository/org/glassfish/jaxb/jaxb-runtime/2.3.2/jakarta.activation-api-1.2.1.jar
  [2022-03-14 12:31:46,692], , [restartedMain], video-call-conference-service, INFO  DevToolsPropertyDefaultsPostProcessor logTo | Devtools property defaults active! Set 'spring.devtools.add-properties' to 'false' to disable
  [2022-03-14 12:31:46,967], , [restartedMain], video-call-conference-service, INFO  PostProcessorRegistrationDelegate$BeanPostProcessorChecker postProcessAfterInitialization | Bean 'org.springframework.cloud.autoconfigure.ConfigurationPropertiesRebinderAutoConfiguration' of type [org.springframework.cloud.autoconfigure.ConfigurationPropertiesRebinderAutoConfiguration$$EnhancerBySpringCGLIB$$75a3bda] is not eligible for getting processed by all BeanPostProcessors (for example: not eligible for auto-proxying)
  [2022-03-14 12:31:47,425], , [restartedMain], video-call-conference-service, INFO  ConfigServicePropertySourceLocator getRemoteEnvironment | Fetching config from server at : http://localhost:8888/config
  [2022-03-14 12:31:48,029], , [restartedMain], video-call-conference-service, INFO  ConfigServicePropertySourceLocator log | Located environment: name=video-call-conference-service, profiles=[dev], label=null, version=null, state=null
  [2022-03-14 12:31:48,030], , [restartedMain], video-call-conference-service, INFO  PropertySourceBootstrapConfiguration initialize | Located property source: CompositePropertySource {name='configService', propertySources=[MapPropertySource {name='file:///D:/git-localconfig-repo/application-dev.properties'}]}
  [2022-03-14 12:31:48,080], , [restartedMain], video-call-conference-service, INFO  VideoCallConferenceServiceApplication logStartupProfileInfo | The following profiles are active: dev
  [2022-03-14 12:31:49,042], , [restartedMain], video-call-conference-service, INFO  RepositoryConfigurationDelegate registerRepositoriesIn | Bootstrapping Spring Data JPA repositories in DEFAULT mode.
  [2022-03-14 12:31:49,128], , [restartedMain], video-call-conference-service, INFO  RepositoryConfigurationDelegate registerRepositoriesIn | Finished Spring Data repository scanning in 78ms. Found 6 JPA repository interfaces.
  [2022-03-14 12:31:49,405], , [restartedMain], video-call-conference-service, INFO  GenericScope setSerializationId | BeanFactory id=0d0043dc-7492-361e-907e-6b745b2f1c79
  [2022-03-14 12:31:49,742], , [restartedMain], video-call-conference-service, INFO  PostProcessorRegistrationDelegate$BeanPostProcessorChecker postProcessAfterInitialization | Bean 'org.springframework.transaction.annotation.ProxyTransactionManagementConfiguration' of type [org.springframework.transaction.annotation.ProxyTransactionManagementConfiguration] is not eligible for getting processed by all BeanPostProcessors (for example: not eligible for auto-proxying)
  [2022-03-14 12:31:49,792], , [restartedMain], video-call-conference-service, INFO  PostProcessorRegistrationDelegate$BeanPostProcessorChecker postProcessAfterInitialization | Bean 'org.springframework.cloud.autoconfigure.ConfigurationPropertiesRebinderAutoConfiguration' of type [org.springframework.cloud.autoconfigure.ConfigurationPropertiesRebinderAutoConfiguration$$EnhancerBySpringCGLIB$$75a3bda] is not eligible for getting processed by all BeanPostProcessors (for example: not eligible for auto-proxying)
  [2022-03-14 12:31:50,702], , [restartedMain], video-call-conference-service, INFO  TomcatWebServer initialize | Tomcat initialized with port(s): 7083 (http)
  [2022-03-14 12:31:50,716], , [restartedMain], video-call-conference-service, INFO  Http11NioProtocol log | Initializing ProtocolHandler ["http-nio-7083"]
  [2022-03-14 12:31:50,718], , [restartedMain], video-call-conference-service, INFO  StandardService log | Starting service [Tomcat]
  [2022-03-14 12:31:50,718], , [restartedMain], video-call-conference-service, INFO  StandardEngine log | Starting Servlet engine: [Apache Tomcat/9.0.29]
  [2022-03-14 12:31:50,865], , [restartedMain], video-call-conference-service, INFO  [/videoconference] log | Initializing Spring embedded WebApplicationContext
  [2022-03-14 12:31:50,866], , [restartedMain], video-call-conference-service, INFO  ContextLoader prepareWebApplicationContext | Root WebApplicationContext: initialization completed in 2769 ms
  [2022-03-14 12:31:52,360], , [restartedMain], video-call-conference-service, INFO  LogHelper logPersistenceUnitInformation | HHH000204: Processing PersistenceUnitInfo [name: default]
  [2022-03-14 12:31:52,518], , [restartedMain], video-call-conference-service, INFO  Version logVersion | HHH000412: Hibernate Core {5.4.9.Final}
  [2022-03-14 12:31:52,765], , [restartedMain], video-call-conference-service, INFO  Version <clinit> | HCANN000001: Hibernate Commons Annotations {5.1.0.Final}
  [2022-03-14 12:31:52,944], , [restartedMain], video-call-conference-service, INFO  Dialect <init> | HHH000400: Using dialect: org.hibernate.dialect.PostgreSQLDialect
  [2022-03-14 12:31:54,272], , [restartedMain], video-call-conference-service, INFO  HikariDataSource getConnection | HikariPool-1 - Starting...
  [2022-03-14 12:31:55,704], , [restartedMain], video-call-conference-service, INFO  HikariDataSource getConnection | HikariPool-1 - Start completed.
  [2022-03-14 12:32:18,118], , [restartedMain], video-call-conference-service, INFO  JtaPlatformInitiator initiateService | HHH000490: Using JtaPlatform implementation: [org.hibernate.engine.transaction.jta.platform.internal.NoJtaPlatform]
  [2022-03-14 12:32:18,389], , [restartedMain], video-call-conference-service, INFO  LocalContainerEntityManagerFactoryBean buildNativeEntityManagerFactory | Initialized JPA EntityManagerFactory for persistence unit 'default'
  [2022-03-14 12:32:18,560], , [restartedMain], video-call-conference-service, INFO  OptionalLiveReloadServer startServer | LiveReload server is running on port 35729
  [2022-03-14 12:32:20,436], , [restartedMain], video-call-conference-service, WARN  JpaBaseConfiguration$JpaWebConfiguration openEntityManagerInViewInterceptor | spring.jpa.open-in-view is enabled by default. Therefore, database queries may be performed during view rendering. Explicitly configure spring.jpa.open-in-view to disable this warning
  [2022-03-14 12:32:20,637], , [restartedMain], video-call-conference-service, INFO  ThreadPoolTaskExecutor initialize | Initializing ExecutorService 'applicationTaskExecutor'
  [2022-03-14 12:32:22,557], , [restartedMain], video-call-conference-service, INFO  EndpointLinksResolver <init> | Exposing 2 endpoint(s) beneath base path '/actuator'
  [2022-03-14 12:32:22,677], , [restartedMain], video-call-conference-service, INFO  Http11NioProtocol log | Starting ProtocolHandler ["http-nio-7083"]
  [2022-03-14 12:32:22,708], , [restartedMain], video-call-conference-service, INFO  TomcatWebServer start | Tomcat started on port(s): 7083 (http) with context path '/videoconference'
  [2022-03-14 12:32:22,712], , [restartedMain], video-call-conference-service, INFO  VideoCallConferenceServiceApplication logStarted | Started VideoCallConferenceServiceApplication in 36.556 seconds (JVM running for 37.927)
  [2022-03-14 12:32:31,121], , [http-nio-7083-exec-2], video-call-conference-service, INFO  [/videoconference] log | Initializing Spring DispatcherServlet 'dispatcherServlet'
  [2022-03-14 12:32:31,121], , [http-nio-7083-exec-2], video-call-conference-service, INFO  DispatcherServlet initServletBean | Initializing Servlet 'dispatcherServlet'
  [2022-03-14 12:32:31,172], , [http-nio-7083-exec-2], video-call-conference-service, INFO  DispatcherServlet initServletBean | Completed initialization in 51 ms
e73f5c12f79c3e74 e73f5c12f79c3e74 [2022-03-14 12:32:31,278], 0:0:0:0:0:0:0:1, [http-nio-7083-exec-2], video-call-conference-service, INFO  VideoConfuthenticationController createBBBMeeting | createBBBMeeting excecution start time::12:32:31.278786300
e73f5c12f79c3e74 e73f5c12f79c3e74 [2022-03-14 12:32:31,280], 0:0:0:0:0:0:0:1, [http-nio-7083-exec-2], video-call-conference-service, INFO  BBBMeetingImpl createMeeting | createMeeting excecution start time::12:32:31.280780200
e73f5c12f79c3e74 e73f5c12f79c3e74 [2022-03-14 12:32:31,585], 0:0:0:0:0:0:0:1, [http-nio-7083-exec-2], video-call-conference-service, INFO  BBBMeetingImpl createMeeting | Calculating check sum for query parameter
e73f5c12f79c3e74 e73f5c12f79c3e74 [2022-03-14 12:32:31,610], 0:0:0:0:0:0:0:1, [http-nio-7083-exec-2], video-call-conference-service, INFO  BBBMeetingImpl createMeeting | Giving call to bigbluebutton create api
e73f5c12f79c3e74 e73f5c12f79c3e74 [2022-03-14 12:32:31,613], 0:0:0:0:0:0:0:1, [http-nio-7083-exec-2], video-call-conference-service, INFO  BBBMeetingImpl doAPICall | Calling url::https://test-install.blindsidenetworks.com/bigbluebutton
e73f5c12f79c3e74 e73f5c12f79c3e74 [2022-03-14 12:32:34,595], 0:0:0:0:0:0:0:1, [http-nio-7083-exec-2], video-call-conference-service, INFO  BBBMeetingImpl createMeeting | Getting response from bigbluebutton::{moderatorPW=moderator123, messageKey=, returncode=SUCCESS, meetingID=12345676750, dialNumber=18632080022, message=, voiceBridge=697686912, duration=65, hasBeenForciblyEnded=false, createTime=1647241351599, hasUserJoined=false, attendeePW=attendee123, parentMeetingID=bbb-none, internalMeetingID=5696d579c7dd8400500659f3f3a5317b2a861e55-1647241351599, createDate=Mon Mar 14 07:02:31 UTC 2022}
e73f5c12f79c3e74 e73f5c12f79c3e74 [2022-03-14 12:32:35,098], 0:0:0:0:0:0:0:1, [http-nio-7083-exec-2], video-call-conference-service, INFO  BBBMeetingImpl createMeeting | Meeting details saved into db
e73f5c12f79c3e74 e73f5c12f79c3e74 [2022-03-14 12:32:35,101], 0:0:0:0:0:0:0:1, [http-nio-7083-exec-2], video-call-conference-service, INFO  BBBMeetingImpl createMeeting | createMeeting excecution end time::12:32:35.101146100
e73f5c12f79c3e74 e73f5c12f79c3e74 [2022-03-14 12:32:35,104], 0:0:0:0:0:0:0:1, [http-nio-7083-exec-2], video-call-conference-service, INFO  VideoConfuthenticationController createBBBMeeting | createBBBMeeting excecution end time::12:32:35.104138500
  [2022-03-14 13:21:35,839], , [RMI TCP Connection(53)-127.0.0.1], video-call-conference-service, INFO  SpringApplicationAdminMXBeanRegistrar$SpringApplicationAdmin shutdown | Application shutdown requested.
  [2022-03-14 13:21:36,143], , [RMI TCP Connection(53)-127.0.0.1], video-call-conference-service, INFO  ThreadPoolTaskExecutor shutdown | Shutting down ExecutorService 'applicationTaskExecutor'
  [2022-03-14 13:21:36,172], , [RMI TCP Connection(53)-127.0.0.1], video-call-conference-service, INFO  LocalContainerEntityManagerFactoryBean destroy | Closing JPA EntityManagerFactory for persistence unit 'default'
  [2022-03-14 13:21:36,359], , [RMI TCP Connection(53)-127.0.0.1], video-call-conference-service, INFO  HikariDataSource close | HikariPool-1 - Shutdown initiated...
  [2022-03-14 13:21:36,377], , [RMI TCP Connection(53)-127.0.0.1], video-call-conference-service, INFO  HikariDataSource close | HikariPool-1 - Shutdown completed.
  [2022-03-14 13:21:36,400], , [RMI TCP Connection(53)-127.0.0.1], video-call-conference-service, INFO  Http11NioProtocol log | Pausing ProtocolHandler ["http-nio-7083"]
  [2022-03-14 13:21:36,446], , [RMI TCP Connection(53)-127.0.0.1], video-call-conference-service, INFO  StandardService log | Stopping service [Tomcat]
  [2022-03-14 13:21:36,465], , [RMI TCP Connection(53)-127.0.0.1], video-call-conference-service, INFO  [/videoconference] log | Destroying Spring FrameworkServlet 'dispatcherServlet'
  [2022-03-14 13:21:36,485], , [RMI TCP Connection(53)-127.0.0.1], video-call-conference-service, INFO  Http11NioProtocol log | Stopping ProtocolHandler ["http-nio-7083"]
  [2022-03-14 13:21:36,498], , [RMI TCP Connection(53)-127.0.0.1], video-call-conference-service, INFO  Http11NioProtocol log | Destroying ProtocolHandler ["http-nio-7083"]
  [2022-03-14 14:09:14,265], , [restartedMain], video-call-conference-service, INFO  ChangeableUrls logTo | The Class-Path manifest attribute in C:\Users\DELL\.m2\repository\org\glassfish\jaxb\jaxb-runtime\2.3.2\jaxb-runtime-2.3.2.jar referenced one or more files that do not exist: file:/C:/Users/DELL/.m2/repository/org/glassfish/jaxb/jaxb-runtime/2.3.2/jakarta.xml.bind-api-2.3.2.jar,file:/C:/Users/DELL/.m2/repository/org/glassfish/jaxb/jaxb-runtime/2.3.2/txw2-2.3.2.jar,file:/C:/Users/DELL/.m2/repository/org/glassfish/jaxb/jaxb-runtime/2.3.2/istack-commons-runtime-3.0.8.jar,file:/C:/Users/DELL/.m2/repository/org/glassfish/jaxb/jaxb-runtime/2.3.2/stax-ex-1.8.1.jar,file:/C:/Users/DELL/.m2/repository/org/glassfish/jaxb/jaxb-runtime/2.3.2/FastInfoset-1.2.16.jar,file:/C:/Users/DELL/.m2/repository/org/glassfish/jaxb/jaxb-runtime/2.3.2/jakarta.activation-api-1.2.1.jar
  [2022-03-14 14:09:14,280], , [restartedMain], video-call-conference-service, INFO  DevToolsPropertyDefaultsPostProcessor logTo | Devtools property defaults active! Set 'spring.devtools.add-properties' to 'false' to disable
  [2022-03-14 14:09:14,650], , [restartedMain], video-call-conference-service, INFO  PostProcessorRegistrationDelegate$BeanPostProcessorChecker postProcessAfterInitialization | Bean 'org.springframework.cloud.autoconfigure.ConfigurationPropertiesRebinderAutoConfiguration' of type [org.springframework.cloud.autoconfigure.ConfigurationPropertiesRebinderAutoConfiguration$$EnhancerBySpringCGLIB$$7f5c5a13] is not eligible for getting processed by all BeanPostProcessors (for example: not eligible for auto-proxying)
  [2022-03-14 14:09:15,051], , [restartedMain], video-call-conference-service, INFO  ConfigServicePropertySourceLocator getRemoteEnvironment | Fetching config from server at : http://localhost:8888/config
  [2022-03-14 14:09:15,707], , [restartedMain], video-call-conference-service, INFO  ConfigServicePropertySourceLocator log | Located environment: name=video-call-conference-service, profiles=[dev], label=null, version=null, state=null
  [2022-03-14 14:09:15,707], , [restartedMain], video-call-conference-service, INFO  PropertySourceBootstrapConfiguration initialize | Located property source: CompositePropertySource {name='configService', propertySources=[MapPropertySource {name='file:///D:/git-localconfig-repo/application-dev.properties'}]}
  [2022-03-14 14:09:15,767], , [restartedMain], video-call-conference-service, INFO  VideoCallConferenceServiceApplication logStartupProfileInfo | The following profiles are active: dev
  [2022-03-14 14:09:21,638], , [restartedMain], video-call-conference-service, INFO  RepositoryConfigurationDelegate registerRepositoriesIn | Bootstrapping Spring Data JPA repositories in DEFAULT mode.
  [2022-03-14 14:09:21,807], , [restartedMain], video-call-conference-service, INFO  RepositoryConfigurationDelegate registerRepositoriesIn | Finished Spring Data repository scanning in 150ms. Found 6 JPA repository interfaces.
  [2022-03-14 14:09:22,245], , [restartedMain], video-call-conference-service, INFO  GenericScope setSerializationId | BeanFactory id=0d0043dc-7492-361e-907e-6b745b2f1c79
  [2022-03-14 14:09:23,252], , [restartedMain], video-call-conference-service, INFO  PostProcessorRegistrationDelegate$BeanPostProcessorChecker postProcessAfterInitialization | Bean 'org.springframework.transaction.annotation.ProxyTransactionManagementConfiguration' of type [org.springframework.transaction.annotation.ProxyTransactionManagementConfiguration] is not eligible for getting processed by all BeanPostProcessors (for example: not eligible for auto-proxying)
  [2022-03-14 14:09:23,370], , [restartedMain], video-call-conference-service, INFO  PostProcessorRegistrationDelegate$BeanPostProcessorChecker postProcessAfterInitialization | Bean 'org.springframework.cloud.autoconfigure.ConfigurationPropertiesRebinderAutoConfiguration' of type [org.springframework.cloud.autoconfigure.ConfigurationPropertiesRebinderAutoConfiguration$$EnhancerBySpringCGLIB$$7f5c5a13] is not eligible for getting processed by all BeanPostProcessors (for example: not eligible for auto-proxying)
  [2022-03-14 14:09:24,456], , [restartedMain], video-call-conference-service, INFO  TomcatWebServer initialize | Tomcat initialized with port(s): 7083 (http)
  [2022-03-14 14:09:24,472], , [restartedMain], video-call-conference-service, INFO  Http11NioProtocol log | Initializing ProtocolHandler ["http-nio-7083"]
  [2022-03-14 14:09:24,475], , [restartedMain], video-call-conference-service, INFO  StandardService log | Starting service [Tomcat]
  [2022-03-14 14:09:24,476], , [restartedMain], video-call-conference-service, INFO  StandardEngine log | Starting Servlet engine: [Apache Tomcat/9.0.29]
  [2022-03-14 14:09:24,672], , [restartedMain], video-call-conference-service, INFO  [/videoconference] log | Initializing Spring embedded WebApplicationContext
  [2022-03-14 14:09:24,673], , [restartedMain], video-call-conference-service, INFO  ContextLoader prepareWebApplicationContext | Root WebApplicationContext: initialization completed in 8884 ms
  [2022-03-14 14:09:26,195], , [restartedMain], video-call-conference-service, INFO  LogHelper logPersistenceUnitInformation | HHH000204: Processing PersistenceUnitInfo [name: default]
  [2022-03-14 14:09:26,365], , [restartedMain], video-call-conference-service, INFO  Version logVersion | HHH000412: Hibernate Core {5.4.9.Final}
  [2022-03-14 14:09:29,836], , [restartedMain], video-call-conference-service, INFO  Version <clinit> | HCANN000001: Hibernate Commons Annotations {5.1.0.Final}
  [2022-03-14 14:09:30,261], , [restartedMain], video-call-conference-service, INFO  Dialect <init> | HHH000400: Using dialect: org.hibernate.dialect.PostgreSQLDialect
  [2022-03-14 14:09:32,048], , [restartedMain], video-call-conference-service, INFO  HikariDataSource getConnection | HikariPool-1 - Starting...
  [2022-03-14 14:09:33,507], , [restartedMain], video-call-conference-service, INFO  HikariDataSource getConnection | HikariPool-1 - Start completed.
  [2022-03-14 14:09:55,971], , [restartedMain], video-call-conference-service, INFO  JtaPlatformInitiator initiateService | HHH000490: Using JtaPlatform implementation: [org.hibernate.engine.transaction.jta.platform.internal.NoJtaPlatform]
  [2022-03-14 14:09:56,342], , [restartedMain], video-call-conference-service, INFO  LocalContainerEntityManagerFactoryBean buildNativeEntityManagerFactory | Initialized JPA EntityManagerFactory for persistence unit 'default'
  [2022-03-14 14:09:56,615], , [restartedMain], video-call-conference-service, INFO  OptionalLiveReloadServer startServer | LiveReload server is running on port 35729
  [2022-03-14 14:09:58,720], , [restartedMain], video-call-conference-service, WARN  JpaBaseConfiguration$JpaWebConfiguration openEntityManagerInViewInterceptor | spring.jpa.open-in-view is enabled by default. Therefore, database queries may be performed during view rendering. Explicitly configure spring.jpa.open-in-view to disable this warning
  [2022-03-14 14:09:58,938], , [restartedMain], video-call-conference-service, INFO  ThreadPoolTaskExecutor initialize | Initializing ExecutorService 'applicationTaskExecutor'
  [2022-03-14 14:10:00,383], , [restartedMain], video-call-conference-service, INFO  EndpointLinksResolver <init> | Exposing 2 endpoint(s) beneath base path '/actuator'
  [2022-03-14 14:10:00,530], , [restartedMain], video-call-conference-service, INFO  Http11NioProtocol log | Starting ProtocolHandler ["http-nio-7083"]
  [2022-03-14 14:10:00,571], , [restartedMain], video-call-conference-service, INFO  TomcatWebServer start | Tomcat started on port(s): 7083 (http) with context path '/videoconference'
  [2022-03-14 14:10:00,576], , [restartedMain], video-call-conference-service, INFO  VideoCallConferenceServiceApplication logStarted | Started VideoCallConferenceServiceApplication in 50.212 seconds (JVM running for 52.087)
  [2022-03-14 14:11:03,832], , [http-nio-7083-exec-1], video-call-conference-service, INFO  [/videoconference] log | Initializing Spring DispatcherServlet 'dispatcherServlet'
  [2022-03-14 14:11:03,833], , [http-nio-7083-exec-1], video-call-conference-service, INFO  DispatcherServlet initServletBean | Initializing Servlet 'dispatcherServlet'
  [2022-03-14 14:11:03,892], , [http-nio-7083-exec-1], video-call-conference-service, INFO  DispatcherServlet initServletBean | Completed initialization in 59 ms
04cb693054d74328 04cb693054d74328 [2022-03-14 14:11:04,003], 0:0:0:0:0:0:0:1, [http-nio-7083-exec-1], video-call-conference-service, INFO  VideoConfuthenticationController createBBBMeeting | createBBBMeeting excecution start time::14:11:04.003503600
04cb693054d74328 04cb693054d74328 [2022-03-14 14:11:04,004], 0:0:0:0:0:0:0:1, [http-nio-7083-exec-1], video-call-conference-service, INFO  BBBMeetingImpl createMeeting | createMeeting excecution start time::14:11:04.004372
04cb693054d74328 04cb693054d74328 [2022-03-14 14:11:04,410], 0:0:0:0:0:0:0:1, [http-nio-7083-exec-1], video-call-conference-service, INFO  BBBMeetingImpl createMeeting | Calculating check sum for query parameter
04cb693054d74328 04cb693054d74328 [2022-03-14 14:11:04,422], 0:0:0:0:0:0:0:1, [http-nio-7083-exec-1], video-call-conference-service, INFO  BBBMeetingImpl createMeeting | Giving call to bigbluebutton create api
04cb693054d74328 04cb693054d74328 [2022-03-14 14:11:04,423], 0:0:0:0:0:0:0:1, [http-nio-7083-exec-1], video-call-conference-service, INFO  BBBMeetingImpl doAPICall | Calling url::https://manager.bigbluemeeting.com/bigbluebutton
04cb693054d74328 04cb693054d74328 [2022-03-14 14:11:06,765], 0:0:0:0:0:0:0:1, [http-nio-7083-exec-1], video-call-conference-service, ERROR BBBMeetingImpl doAPICall | while creating meeting::checksumError
04cb693054d74328 04cb693054d74328 [2022-03-14 14:11:06,767], 0:0:0:0:0:0:0:1, [http-nio-7083-exec-1], video-call-conference-service, ERROR BBBMeetingImpl doAPICall | Your query did not pass the checksum security check.
04cb693054d74328 04cb693054d74328 [2022-03-14 14:11:06,768], 0:0:0:0:0:0:0:1, [http-nio-7083-exec-1], video-call-conference-service, ERROR BBBMeetingImpl createMeeting | Error while creating meeting::Your query did not pass the checksum security check.
04cb693054d74328 04cb693054d74328 [2022-03-14 14:11:06,837], 0:0:0:0:0:0:0:1, [http-nio-7083-exec-1], video-call-conference-service, WARN  ExceptionHandlerExceptionResolver logException | Resolved [com.nsdl.telemedicine.videoConference.exception.BBBException: Your query did not pass the checksum security check.]
  [2022-03-14 14:12:43,036], , [RMI TCP Connection(6)-127.0.0.1], video-call-conference-service, INFO  SpringApplicationAdminMXBeanRegistrar$SpringApplicationAdmin shutdown | Application shutdown requested.
  [2022-03-14 14:12:43,040], , [RMI TCP Connection(6)-127.0.0.1], video-call-conference-service, INFO  ThreadPoolTaskExecutor shutdown | Shutting down ExecutorService 'applicationTaskExecutor'
  [2022-03-14 14:12:43,043], , [RMI TCP Connection(6)-127.0.0.1], video-call-conference-service, INFO  LocalContainerEntityManagerFactoryBean destroy | Closing JPA EntityManagerFactory for persistence unit 'default'
  [2022-03-14 14:12:43,050], , [RMI TCP Connection(6)-127.0.0.1], video-call-conference-service, INFO  HikariDataSource close | HikariPool-1 - Shutdown initiated...
  [2022-03-14 14:12:43,055], , [RMI TCP Connection(6)-127.0.0.1], video-call-conference-service, INFO  HikariDataSource close | HikariPool-1 - Shutdown completed.
  [2022-03-14 14:12:43,058], , [RMI TCP Connection(6)-127.0.0.1], video-call-conference-service, INFO  Http11NioProtocol log | Pausing ProtocolHandler ["http-nio-7083"]
  [2022-03-14 14:12:43,084], , [RMI TCP Connection(6)-127.0.0.1], video-call-conference-service, INFO  StandardService log | Stopping service [Tomcat]
  [2022-03-14 14:12:43,089], , [RMI TCP Connection(6)-127.0.0.1], video-call-conference-service, INFO  [/videoconference] log | Destroying Spring FrameworkServlet 'dispatcherServlet'
  [2022-03-14 14:12:43,093], , [RMI TCP Connection(6)-127.0.0.1], video-call-conference-service, INFO  Http11NioProtocol log | Stopping ProtocolHandler ["http-nio-7083"]
  [2022-03-14 14:12:43,096], , [RMI TCP Connection(6)-127.0.0.1], video-call-conference-service, INFO  Http11NioProtocol log | Destroying ProtocolHandler ["http-nio-7083"]
  [2022-03-14 14:13:26,038], , [restartedMain], video-call-conference-service, INFO  ChangeableUrls logTo | The Class-Path manifest attribute in C:\Users\DELL\.m2\repository\org\glassfish\jaxb\jaxb-runtime\2.3.2\jaxb-runtime-2.3.2.jar referenced one or more files that do not exist: file:/C:/Users/DELL/.m2/repository/org/glassfish/jaxb/jaxb-runtime/2.3.2/jakarta.xml.bind-api-2.3.2.jar,file:/C:/Users/DELL/.m2/repository/org/glassfish/jaxb/jaxb-runtime/2.3.2/txw2-2.3.2.jar,file:/C:/Users/DELL/.m2/repository/org/glassfish/jaxb/jaxb-runtime/2.3.2/istack-commons-runtime-3.0.8.jar,file:/C:/Users/DELL/.m2/repository/org/glassfish/jaxb/jaxb-runtime/2.3.2/stax-ex-1.8.1.jar,file:/C:/Users/DELL/.m2/repository/org/glassfish/jaxb/jaxb-runtime/2.3.2/FastInfoset-1.2.16.jar,file:/C:/Users/DELL/.m2/repository/org/glassfish/jaxb/jaxb-runtime/2.3.2/jakarta.activation-api-1.2.1.jar
  [2022-03-14 14:13:26,052], , [restartedMain], video-call-conference-service, INFO  DevToolsPropertyDefaultsPostProcessor logTo | Devtools property defaults active! Set 'spring.devtools.add-properties' to 'false' to disable
  [2022-03-14 14:13:26,379], , [restartedMain], video-call-conference-service, INFO  PostProcessorRegistrationDelegate$BeanPostProcessorChecker postProcessAfterInitialization | Bean 'org.springframework.cloud.autoconfigure.ConfigurationPropertiesRebinderAutoConfiguration' of type [org.springframework.cloud.autoconfigure.ConfigurationPropertiesRebinderAutoConfiguration$$EnhancerBySpringCGLIB$$c1c6900] is not eligible for getting processed by all BeanPostProcessors (for example: not eligible for auto-proxying)
  [2022-03-14 14:13:26,705], , [restartedMain], video-call-conference-service, INFO  ConfigServicePropertySourceLocator getRemoteEnvironment | Fetching config from server at : http://localhost:8888/config
  [2022-03-14 14:13:27,298], , [restartedMain], video-call-conference-service, INFO  ConfigServicePropertySourceLocator log | Located environment: name=video-call-conference-service, profiles=[dev], label=null, version=null, state=null
  [2022-03-14 14:13:27,299], , [restartedMain], video-call-conference-service, INFO  PropertySourceBootstrapConfiguration initialize | Located property source: CompositePropertySource {name='configService', propertySources=[MapPropertySource {name='file:///D:/git-localconfig-repo/application-dev.properties'}]}
  [2022-03-14 14:13:27,358], , [restartedMain], video-call-conference-service, INFO  VideoCallConferenceServiceApplication logStartupProfileInfo | The following profiles are active: dev
  [2022-03-14 14:13:29,545], , [restartedMain], video-call-conference-service, INFO  RepositoryConfigurationDelegate registerRepositoriesIn | Bootstrapping Spring Data JPA repositories in DEFAULT mode.
  [2022-03-14 14:13:29,641], , [restartedMain], video-call-conference-service, INFO  RepositoryConfigurationDelegate registerRepositoriesIn | Finished Spring Data repository scanning in 87ms. Found 6 JPA repository interfaces.
  [2022-03-14 14:13:29,942], , [restartedMain], video-call-conference-service, INFO  GenericScope setSerializationId | BeanFactory id=0d0043dc-7492-361e-907e-6b745b2f1c79
  [2022-03-14 14:13:30,353], , [restartedMain], video-call-conference-service, INFO  PostProcessorRegistrationDelegate$BeanPostProcessorChecker postProcessAfterInitialization | Bean 'org.springframework.transaction.annotation.ProxyTransactionManagementConfiguration' of type [org.springframework.transaction.annotation.ProxyTransactionManagementConfiguration] is not eligible for getting processed by all BeanPostProcessors (for example: not eligible for auto-proxying)
  [2022-03-14 14:13:30,429], , [restartedMain], video-call-conference-service, INFO  PostProcessorRegistrationDelegate$BeanPostProcessorChecker postProcessAfterInitialization | Bean 'org.springframework.cloud.autoconfigure.ConfigurationPropertiesRebinderAutoConfiguration' of type [org.springframework.cloud.autoconfigure.ConfigurationPropertiesRebinderAutoConfiguration$$EnhancerBySpringCGLIB$$c1c6900] is not eligible for getting processed by all BeanPostProcessors (for example: not eligible for auto-proxying)
  [2022-03-14 14:13:31,335], , [restartedMain], video-call-conference-service, INFO  TomcatWebServer initialize | Tomcat initialized with port(s): 7083 (http)
  [2022-03-14 14:13:31,349], , [restartedMain], video-call-conference-service, INFO  Http11NioProtocol log | Initializing ProtocolHandler ["http-nio-7083"]
  [2022-03-14 14:13:31,350], , [restartedMain], video-call-conference-service, INFO  StandardService log | Starting service [Tomcat]
  [2022-03-14 14:13:31,350], , [restartedMain], video-call-conference-service, INFO  StandardEngine log | Starting Servlet engine: [Apache Tomcat/9.0.29]
  [2022-03-14 14:13:31,507], , [restartedMain], video-call-conference-service, INFO  [/videoconference] log | Initializing Spring embedded WebApplicationContext
  [2022-03-14 14:13:31,508], , [restartedMain], video-call-conference-service, INFO  ContextLoader prepareWebApplicationContext | Root WebApplicationContext: initialization completed in 4135 ms
  [2022-03-14 14:13:32,927], , [restartedMain], video-call-conference-service, INFO  LogHelper logPersistenceUnitInformation | HHH000204: Processing PersistenceUnitInfo [name: default]
  [2022-03-14 14:13:33,126], , [restartedMain], video-call-conference-service, INFO  Version logVersion | HHH000412: Hibernate Core {5.4.9.Final}
  [2022-03-14 14:13:33,418], , [restartedMain], video-call-conference-service, INFO  Version <clinit> | HCANN000001: Hibernate Commons Annotations {5.1.0.Final}
  [2022-03-14 14:13:33,650], , [restartedMain], video-call-conference-service, INFO  Dialect <init> | HHH000400: Using dialect: org.hibernate.dialect.PostgreSQLDialect
  [2022-03-14 14:13:35,374], , [restartedMain], video-call-conference-service, INFO  HikariDataSource getConnection | HikariPool-1 - Starting...
  [2022-03-14 14:13:36,930], , [restartedMain], video-call-conference-service, INFO  HikariDataSource getConnection | HikariPool-1 - Start completed.
  [2022-03-14 14:13:59,570], , [restartedMain], video-call-conference-service, INFO  JtaPlatformInitiator initiateService | HHH000490: Using JtaPlatform implementation: [org.hibernate.engine.transaction.jta.platform.internal.NoJtaPlatform]
  [2022-03-14 14:13:59,868], , [restartedMain], video-call-conference-service, INFO  LocalContainerEntityManagerFactoryBean buildNativeEntityManagerFactory | Initialized JPA EntityManagerFactory for persistence unit 'default'
  [2022-03-14 14:14:00,180], , [restartedMain], video-call-conference-service, INFO  OptionalLiveReloadServer startServer | LiveReload server is running on port 35729
  [2022-03-14 14:14:03,850], , [restartedMain], video-call-conference-service, WARN  JpaBaseConfiguration$JpaWebConfiguration openEntityManagerInViewInterceptor | spring.jpa.open-in-view is enabled by default. Therefore, database queries may be performed during view rendering. Explicitly configure spring.jpa.open-in-view to disable this warning
  [2022-03-14 14:14:04,068], , [restartedMain], video-call-conference-service, INFO  ThreadPoolTaskExecutor initialize | Initializing ExecutorService 'applicationTaskExecutor'
  [2022-03-14 14:14:06,442], , [restartedMain], video-call-conference-service, INFO  EndpointLinksResolver <init> | Exposing 2 endpoint(s) beneath base path '/actuator'
  [2022-03-14 14:14:06,608], , [restartedMain], video-call-conference-service, INFO  Http11NioProtocol log | Starting ProtocolHandler ["http-nio-7083"]
  [2022-03-14 14:14:06,656], , [restartedMain], video-call-conference-service, INFO  TomcatWebServer start | Tomcat started on port(s): 7083 (http) with context path '/videoconference'
  [2022-03-14 14:14:06,662], , [restartedMain], video-call-conference-service, INFO  VideoCallConferenceServiceApplication logStarted | Started VideoCallConferenceServiceApplication in 41.324 seconds (JVM running for 43.17)
  [2022-03-14 14:14:12,690], , [http-nio-7083-exec-1], video-call-conference-service, INFO  [/videoconference] log | Initializing Spring DispatcherServlet 'dispatcherServlet'
  [2022-03-14 14:14:12,691], , [http-nio-7083-exec-1], video-call-conference-service, INFO  DispatcherServlet initServletBean | Initializing Servlet 'dispatcherServlet'
  [2022-03-14 14:14:12,774], , [http-nio-7083-exec-1], video-call-conference-service, INFO  DispatcherServlet initServletBean | Completed initialization in 81 ms
27c81e236593c972 27c81e236593c972 [2022-03-14 14:14:13,071], 0:0:0:0:0:0:0:1, [http-nio-7083-exec-1], video-call-conference-service, INFO  VideoConfuthenticationController createBBBMeeting | createBBBMeeting excecution start time::14:14:13.071302
27c81e236593c972 27c81e236593c972 [2022-03-14 14:14:13,072], 0:0:0:0:0:0:0:1, [http-nio-7083-exec-1], video-call-conference-service, INFO  BBBMeetingImpl createMeeting | createMeeting excecution start time::14:14:13.072299100
27c81e236593c972 27c81e236593c972 [2022-03-14 14:14:13,805], 0:0:0:0:0:0:0:1, [http-nio-7083-exec-1], video-call-conference-service, INFO  BBBMeetingImpl createMeeting | Calculating check sum for query parameter
27c81e236593c972 27c81e236593c972 [2022-03-14 14:14:13,813], 0:0:0:0:0:0:0:1, [http-nio-7083-exec-1], video-call-conference-service, INFO  BBBMeetingImpl createMeeting | Giving call to bigbluebutton create api
27c81e236593c972 27c81e236593c972 [2022-03-14 14:14:13,814], 0:0:0:0:0:0:0:1, [http-nio-7083-exec-1], video-call-conference-service, INFO  BBBMeetingImpl doAPICall | Calling url::https://manager.bigbluemeeting.com/bigbluebutton
27c81e236593c972 27c81e236593c972 [2022-03-14 14:14:39,408], 0:0:0:0:0:0:0:1, [http-nio-7083-exec-1], video-call-conference-service, INFO  BBBMeetingImpl createMeeting | Getting response from bigbluebutton::{moderatorPW=moderator123, messageKey=duplicateWarning, returncode=SUCCESS, meetingID=123479875, dialNumber=613-555-1234, message=This conference was already in existence and may currently be in progress., voiceBridge=76117, duration=65, hasBeenForciblyEnded=false, createTime=1647247475040, hasUserJoined=false, attendeePW=attendee123, parentMeetingID=bbb-none, internalMeetingID=ded6c564fa883959aac2e2d4fdd5d98bb4264a2e-1647247475040, createDate=Mon Mar 14 08:44:35 UTC 2022}
27c81e236593c972 27c81e236593c972 [2022-03-14 14:14:40,043], 0:0:0:0:0:0:0:1, [http-nio-7083-exec-1], video-call-conference-service, INFO  BBBMeetingImpl createMeeting | Meeting details saved into db
27c81e236593c972 27c81e236593c972 [2022-03-14 14:14:40,044], 0:0:0:0:0:0:0:1, [http-nio-7083-exec-1], video-call-conference-service, INFO  BBBMeetingImpl createMeeting | createMeeting excecution end time::14:14:40.044959400
27c81e236593c972 27c81e236593c972 [2022-03-14 14:14:40,045], 0:0:0:0:0:0:0:1, [http-nio-7083-exec-1], video-call-conference-service, INFO  VideoConfuthenticationController createBBBMeeting | createBBBMeeting excecution end time::14:14:40.045888700
7646bc2a67f89626 7646bc2a67f89626 [2022-03-14 14:15:29,190], 0:0:0:0:0:0:0:1, [http-nio-7083-exec-4], video-call-conference-service, INFO  VideoConfuthenticationController joinBBBMeeting | joinBBBMeeting excecution start time::14:15:29.190395700
7646bc2a67f89626 7646bc2a67f89626 [2022-03-14 14:15:29,191], 0:0:0:0:0:0:0:1, [http-nio-7083-exec-4], video-call-conference-service, INFO  BBBMeetingImpl getJoinMeetingURL | getJoinMeetingURL excecution start time::14:15:29.191393800
7646bc2a67f89626 7646bc2a67f89626 [2022-03-14 14:15:29,566], 0:0:0:0:0:0:0:1, [http-nio-7083-exec-4], video-call-conference-service, INFO  BBBMeetingImpl getJoinMeetingURL | Giving call to bigbluebutton join api
7646bc2a67f89626 7646bc2a67f89626 [2022-03-14 14:15:29,568], 0:0:0:0:0:0:0:1, [http-nio-7083-exec-4], video-call-conference-service, INFO  BBBMeetingImpl getJoinMeetingURL | getJoinMeetingURL excecution end time::14:15:29.568464400
7646bc2a67f89626 7646bc2a67f89626 [2022-03-14 14:15:29,570], 0:0:0:0:0:0:0:1, [http-nio-7083-exec-4], video-call-conference-service, INFO  VideoConfuthenticationController joinBBBMeeting | joinBBBMeeting excecution end time::14:15:29.570455500
  [2022-03-14 14:40:12,518], , [RMI TCP Connection(30)-127.0.0.1], video-call-conference-service, INFO  SpringApplicationAdminMXBeanRegistrar$SpringApplicationAdmin shutdown | Application shutdown requested.
  [2022-03-14 14:40:12,524], , [RMI TCP Connection(30)-127.0.0.1], video-call-conference-service, INFO  ThreadPoolTaskExecutor shutdown | Shutting down ExecutorService 'applicationTaskExecutor'
  [2022-03-14 14:40:12,527], , [RMI TCP Connection(30)-127.0.0.1], video-call-conference-service, INFO  LocalContainerEntityManagerFactoryBean destroy | Closing JPA EntityManagerFactory for persistence unit 'default'
  [2022-03-14 14:40:12,541], , [RMI TCP Connection(30)-127.0.0.1], video-call-conference-service, INFO  HikariDataSource close | HikariPool-1 - Shutdown initiated...
  [2022-03-14 14:40:12,546], , [RMI TCP Connection(30)-127.0.0.1], video-call-conference-service, INFO  HikariDataSource close | HikariPool-1 - Shutdown completed.
  [2022-03-14 14:40:12,549], , [RMI TCP Connection(30)-127.0.0.1], video-call-conference-service, INFO  Http11NioProtocol log | Pausing ProtocolHandler ["http-nio-7083"]
  [2022-03-14 14:40:12,573], , [RMI TCP Connection(30)-127.0.0.1], video-call-conference-service, INFO  StandardService log | Stopping service [Tomcat]
  [2022-03-14 14:40:12,578], , [RMI TCP Connection(30)-127.0.0.1], video-call-conference-service, INFO  [/videoconference] log | Destroying Spring FrameworkServlet 'dispatcherServlet'
  [2022-03-14 14:40:12,584], , [RMI TCP Connection(30)-127.0.0.1], video-call-conference-service, INFO  Http11NioProtocol log | Stopping ProtocolHandler ["http-nio-7083"]
  [2022-03-14 14:40:12,587], , [RMI TCP Connection(30)-127.0.0.1], video-call-conference-service, INFO  Http11NioProtocol log | Destroying ProtocolHandler ["http-nio-7083"]
  [2022-03-14 20:16:17,143], , [restartedMain], video-call-conference-service, INFO  ChangeableUrls logTo | The Class-Path manifest attribute in C:\Users\DELL\.m2\repository\org\glassfish\jaxb\jaxb-runtime\2.3.2\jaxb-runtime-2.3.2.jar referenced one or more files that do not exist: file:/C:/Users/DELL/.m2/repository/org/glassfish/jaxb/jaxb-runtime/2.3.2/jakarta.xml.bind-api-2.3.2.jar,file:/C:/Users/DELL/.m2/repository/org/glassfish/jaxb/jaxb-runtime/2.3.2/txw2-2.3.2.jar,file:/C:/Users/DELL/.m2/repository/org/glassfish/jaxb/jaxb-runtime/2.3.2/istack-commons-runtime-3.0.8.jar,file:/C:/Users/DELL/.m2/repository/org/glassfish/jaxb/jaxb-runtime/2.3.2/stax-ex-1.8.1.jar,file:/C:/Users/DELL/.m2/repository/org/glassfish/jaxb/jaxb-runtime/2.3.2/FastInfoset-1.2.16.jar,file:/C:/Users/DELL/.m2/repository/org/glassfish/jaxb/jaxb-runtime/2.3.2/jakarta.activation-api-1.2.1.jar
  [2022-03-14 20:16:17,159], , [restartedMain], video-call-conference-service, INFO  DevToolsPropertyDefaultsPostProcessor logTo | Devtools property defaults active! Set 'spring.devtools.add-properties' to 'false' to disable
  [2022-03-14 20:16:17,512], , [restartedMain], video-call-conference-service, INFO  PostProcessorRegistrationDelegate$BeanPostProcessorChecker postProcessAfterInitialization | Bean 'org.springframework.cloud.autoconfigure.ConfigurationPropertiesRebinderAutoConfiguration' of type [org.springframework.cloud.autoconfigure.ConfigurationPropertiesRebinderAutoConfiguration$$EnhancerBySpringCGLIB$$1ddfa2d5] is not eligible for getting processed by all BeanPostProcessors (for example: not eligible for auto-proxying)
  [2022-03-14 20:16:17,855], , [restartedMain], video-call-conference-service, INFO  ConfigServicePropertySourceLocator getRemoteEnvironment | Fetching config from server at : http://localhost:8889/config
  [2022-03-14 20:16:18,441], , [restartedMain], video-call-conference-service, INFO  ConfigServicePropertySourceLocator log | Located environment: name=video-call-conference-service, profiles=[dev], label=null, version=null, state=null
  [2022-03-14 20:16:18,442], , [restartedMain], video-call-conference-service, INFO  PropertySourceBootstrapConfiguration initialize | Located property source: CompositePropertySource {name='configService', propertySources=[MapPropertySource {name='file:///D:/git-localconfig-repo/application-dev.properties'}]}
  [2022-03-14 20:16:18,497], , [restartedMain], video-call-conference-service, INFO  VideoCallConferenceServiceApplication logStartupProfileInfo | The following profiles are active: dev
  [2022-03-14 20:16:19,873], , [restartedMain], video-call-conference-service, INFO  RepositoryConfigurationDelegate registerRepositoriesIn | Bootstrapping Spring Data JPA repositories in DEFAULT mode.
  [2022-03-14 20:16:19,996], , [restartedMain], video-call-conference-service, INFO  RepositoryConfigurationDelegate registerRepositoriesIn | Finished Spring Data repository scanning in 107ms. Found 6 JPA repository interfaces.
  [2022-03-14 20:16:20,321], , [restartedMain], video-call-conference-service, INFO  GenericScope setSerializationId | BeanFactory id=0d0043dc-7492-361e-907e-6b745b2f1c79
  [2022-03-14 20:16:20,892], , [restartedMain], video-call-conference-service, INFO  PostProcessorRegistrationDelegate$BeanPostProcessorChecker postProcessAfterInitialization | Bean 'org.springframework.transaction.annotation.ProxyTransactionManagementConfiguration' of type [org.springframework.transaction.annotation.ProxyTransactionManagementConfiguration] is not eligible for getting processed by all BeanPostProcessors (for example: not eligible for auto-proxying)
  [2022-03-14 20:16:20,960], , [restartedMain], video-call-conference-service, INFO  PostProcessorRegistrationDelegate$BeanPostProcessorChecker postProcessAfterInitialization | Bean 'org.springframework.cloud.autoconfigure.ConfigurationPropertiesRebinderAutoConfiguration' of type [org.springframework.cloud.autoconfigure.ConfigurationPropertiesRebinderAutoConfiguration$$EnhancerBySpringCGLIB$$1ddfa2d5] is not eligible for getting processed by all BeanPostProcessors (for example: not eligible for auto-proxying)
  [2022-03-14 20:16:21,863], , [restartedMain], video-call-conference-service, INFO  TomcatWebServer initialize | Tomcat initialized with port(s): 7083 (http)
  [2022-03-14 20:16:21,877], , [restartedMain], video-call-conference-service, INFO  Http11NioProtocol log | Initializing ProtocolHandler ["http-nio-7083"]
  [2022-03-14 20:16:21,878], , [restartedMain], video-call-conference-service, INFO  StandardService log | Starting service [Tomcat]
  [2022-03-14 20:16:21,882], , [restartedMain], video-call-conference-service, INFO  StandardEngine log | Starting Servlet engine: [Apache Tomcat/9.0.29]
  [2022-03-14 20:16:22,102], , [restartedMain], video-call-conference-service, INFO  [/videoconference] log | Initializing Spring embedded WebApplicationContext
  [2022-03-14 20:16:22,103], , [restartedMain], video-call-conference-service, INFO  ContextLoader prepareWebApplicationContext | Root WebApplicationContext: initialization completed in 3585 ms
  [2022-03-14 20:16:23,863], , [restartedMain], video-call-conference-service, INFO  LogHelper logPersistenceUnitInformation | HHH000204: Processing PersistenceUnitInfo [name: default]
  [2022-03-14 20:16:24,026], , [restartedMain], video-call-conference-service, INFO  Version logVersion | HHH000412: Hibernate Core {5.4.9.Final}
  [2022-03-14 20:16:24,328], , [restartedMain], video-call-conference-service, INFO  Version <clinit> | HCANN000001: Hibernate Commons Annotations {5.1.0.Final}
  [2022-03-14 20:16:24,546], , [restartedMain], video-call-conference-service, INFO  Dialect <init> | HHH000400: Using dialect: org.hibernate.dialect.PostgreSQLDialect
  [2022-03-14 20:16:26,221], , [restartedMain], video-call-conference-service, INFO  HikariDataSource getConnection | HikariPool-1 - Starting...
  [2022-03-14 20:16:27,534], , [restartedMain], video-call-conference-service, INFO  HikariDataSource getConnection | HikariPool-1 - Start completed.
  [2022-03-14 20:16:49,324], , [restartedMain], video-call-conference-service, INFO  JtaPlatformInitiator initiateService | HHH000490: Using JtaPlatform implementation: [org.hibernate.engine.transaction.jta.platform.internal.NoJtaPlatform]
  [2022-03-14 20:16:49,770], , [restartedMain], video-call-conference-service, INFO  LocalContainerEntityManagerFactoryBean buildNativeEntityManagerFactory | Initialized JPA EntityManagerFactory for persistence unit 'default'
  [2022-03-14 20:16:50,209], , [restartedMain], video-call-conference-service, INFO  OptionalLiveReloadServer startServer | LiveReload server is running on port 35729
  [2022-03-14 20:16:53,108], , [restartedMain], video-call-conference-service, WARN  JpaBaseConfiguration$JpaWebConfiguration openEntityManagerInViewInterceptor | spring.jpa.open-in-view is enabled by default. Therefore, database queries may be performed during view rendering. Explicitly configure spring.jpa.open-in-view to disable this warning
  [2022-03-14 20:16:54,738], , [restartedMain], video-call-conference-service, INFO  ThreadPoolTaskExecutor initialize | Initializing ExecutorService 'applicationTaskExecutor'
  [2022-03-14 20:16:58,664], , [restartedMain], video-call-conference-service, INFO  EndpointLinksResolver <init> | Exposing 2 endpoint(s) beneath base path '/actuator'
  [2022-03-14 20:16:58,851], , [restartedMain], video-call-conference-service, INFO  Http11NioProtocol log | Starting ProtocolHandler ["http-nio-7083"]
  [2022-03-14 20:16:58,899], , [restartedMain], video-call-conference-service, INFO  TomcatWebServer start | Tomcat started on port(s): 7083 (http) with context path '/videoconference'
  [2022-03-14 20:16:58,905], , [restartedMain], video-call-conference-service, INFO  VideoCallConferenceServiceApplication logStarted | Started VideoCallConferenceServiceApplication in 42.524 seconds (JVM running for 44.343)
  [2022-03-14 20:18:50,085], , [http-nio-7083-exec-2], video-call-conference-service, INFO  [/videoconference] log | Initializing Spring DispatcherServlet 'dispatcherServlet'
  [2022-03-14 20:18:50,086], , [http-nio-7083-exec-2], video-call-conference-service, INFO  DispatcherServlet initServletBean | Initializing Servlet 'dispatcherServlet'
  [2022-03-14 20:18:50,137], , [http-nio-7083-exec-2], video-call-conference-service, INFO  DispatcherServlet initServletBean | Completed initialization in 51 ms
75bc4c90e3910ac5 75bc4c90e3910ac5 [2022-03-14 20:18:50,237], 0:0:0:0:0:0:0:1, [http-nio-7083-exec-2], video-call-conference-service, INFO  VideoConfuthenticationController createBBBMeeting | createBBBMeeting excecution start time::20:18:50.236473
75bc4c90e3910ac5 75bc4c90e3910ac5 [2022-03-14 20:18:50,238], 0:0:0:0:0:0:0:1, [http-nio-7083-exec-2], video-call-conference-service, INFO  BBBMeetingImpl createMeeting | createMeeting excecution start time::20:18:50.238490
75bc4c90e3910ac5 75bc4c90e3910ac5 [2022-03-14 20:18:50,575], 0:0:0:0:0:0:0:1, [http-nio-7083-exec-2], video-call-conference-service, INFO  BBBMeetingImpl createMeeting | Calculating check sum for query parameter
75bc4c90e3910ac5 75bc4c90e3910ac5 [2022-03-14 20:18:50,599], 0:0:0:0:0:0:0:1, [http-nio-7083-exec-2], video-call-conference-service, INFO  BBBMeetingImpl createMeeting | Giving call to bigbluebutton create api
75bc4c90e3910ac5 75bc4c90e3910ac5 [2022-03-14 20:18:50,602], 0:0:0:0:0:0:0:1, [http-nio-7083-exec-2], video-call-conference-service, INFO  BBBMeetingImpl doAPICall | Calling url::https://manager.bigbluemeeting.com/bigbluebutton
75bc4c90e3910ac5 75bc4c90e3910ac5 [2022-03-14 20:18:56,986], 0:0:0:0:0:0:0:1, [http-nio-7083-exec-2], video-call-conference-service, INFO  BBBMeetingImpl createMeeting | Getting response from bigbluebutton::{moderatorPW=moderator123, messageKey=duplicateWarning, returncode=SUCCESS, meetingID=12347987599, dialNumber=613-555-1234, message=This conference was already in existence and may currently be in progress., voiceBridge=81014, duration=65, hasBeenForciblyEnded=false, createTime=1647269333876, hasUserJoined=false, attendeePW=attendee123, parentMeetingID=bbb-none, internalMeetingID=beff57d905631e75beda9378109ca6107699febd-1647269333876, createDate=Mon Mar 14 14:48:53 UTC 2022}
75bc4c90e3910ac5 75bc4c90e3910ac5 [2022-03-14 20:18:57,495], 0:0:0:0:0:0:0:1, [http-nio-7083-exec-2], video-call-conference-service, INFO  BBBMeetingImpl createMeeting | Meeting details saved into db
75bc4c90e3910ac5 75bc4c90e3910ac5 [2022-03-14 20:18:57,496], 0:0:0:0:0:0:0:1, [http-nio-7083-exec-2], video-call-conference-service, INFO  BBBMeetingImpl createMeeting | createMeeting excecution end time::20:18:57.496021800
75bc4c90e3910ac5 75bc4c90e3910ac5 [2022-03-14 20:18:57,497], 0:0:0:0:0:0:0:1, [http-nio-7083-exec-2], video-call-conference-service, INFO  VideoConfuthenticationController createBBBMeeting | createBBBMeeting excecution end time::20:18:57.497008400
d5925bf6fd16be9a d5925bf6fd16be9a [2022-03-14 20:31:33,050], 0:0:0:0:0:0:0:1, [http-nio-7083-exec-5], video-call-conference-service, INFO  VideoConfuthenticationController joinBBBMeeting | joinBBBMeeting excecution start time::20:31:33.049566700
d5925bf6fd16be9a d5925bf6fd16be9a [2022-03-14 20:31:33,060], 0:0:0:0:0:0:0:1, [http-nio-7083-exec-5], video-call-conference-service, INFO  BBBMeetingImpl getJoinMeetingURL | getJoinMeetingURL excecution start time::20:31:33.059410900
d5925bf6fd16be9a d5925bf6fd16be9a [2022-03-14 20:31:33,376], 0:0:0:0:0:0:0:1, [http-nio-7083-exec-5], video-call-conference-service, INFO  BBBMeetingImpl getJoinMeetingURL | Giving call to bigbluebutton join api
d5925bf6fd16be9a d5925bf6fd16be9a [2022-03-14 20:31:33,383], 0:0:0:0:0:0:0:1, [http-nio-7083-exec-5], video-call-conference-service, INFO  BBBMeetingImpl getJoinMeetingURL | getJoinMeetingURL excecution end time::20:31:33.383540400
d5925bf6fd16be9a d5925bf6fd16be9a [2022-03-14 20:31:33,384], 0:0:0:0:0:0:0:1, [http-nio-7083-exec-5], video-call-conference-service, INFO  VideoConfuthenticationController joinBBBMeeting | joinBBBMeeting excecution end time::20:31:33.384537800
  [2022-03-14 20:45:49,385], , [RMI TCP Connection(2)-127.0.0.1], video-call-conference-service, INFO  SpringApplicationAdminMXBeanRegistrar$SpringApplicationAdmin shutdown | Application shutdown requested.
  [2022-03-14 20:45:49,651], , [RMI TCP Connection(2)-127.0.0.1], video-call-conference-service, INFO  ThreadPoolTaskExecutor shutdown | Shutting down ExecutorService 'applicationTaskExecutor'
  [2022-03-14 20:45:49,662], , [RMI TCP Connection(2)-127.0.0.1], video-call-conference-service, INFO  LocalContainerEntityManagerFactoryBean destroy | Closing JPA EntityManagerFactory for persistence unit 'default'
  [2022-03-14 20:45:49,745], , [RMI TCP Connection(2)-127.0.0.1], video-call-conference-service, INFO  HikariDataSource close | HikariPool-1 - Shutdown initiated...
  [2022-03-14 20:45:49,757], , [RMI TCP Connection(2)-127.0.0.1], video-call-conference-service, INFO  HikariDataSource close | HikariPool-1 - Shutdown completed.
  [2022-03-14 20:45:49,771], , [RMI TCP Connection(2)-127.0.0.1], video-call-conference-service, INFO  Http11NioProtocol log | Pausing ProtocolHandler ["http-nio-7083"]
  [2022-03-14 20:45:49,800], , [RMI TCP Connection(2)-127.0.0.1], video-call-conference-service, INFO  StandardService log | Stopping service [Tomcat]
  [2022-03-14 20:45:49,818], , [RMI TCP Connection(2)-127.0.0.1], video-call-conference-service, INFO  [/videoconference] log | Destroying Spring FrameworkServlet 'dispatcherServlet'
  [2022-03-14 20:45:49,849], , [RMI TCP Connection(2)-127.0.0.1], video-call-conference-service, INFO  Http11NioProtocol log | Stopping ProtocolHandler ["http-nio-7083"]
  [2022-03-14 20:45:49,855], , [RMI TCP Connection(2)-127.0.0.1], video-call-conference-service, INFO  Http11NioProtocol log | Destroying ProtocolHandler ["http-nio-7083"]
