[2022-04-20 17:48:37,877] INFO  Booking-Appointment, , [main], ,  , PostProcessorRegistrationDelegate$BeanPostProcessorChecker postProcessAfterInitialization | Bean 'org.springframework.cloud.autoconfigure.ConfigurationPropertiesRebinderAutoConfiguration' of type [org.springframework.cloud.autoconfigure.ConfigurationPropertiesRebinderAutoConfiguration$$EnhancerBySpringCGLIB$$6b1513c1] is not eligible for getting processed by all BeanPostProcessors (for example: not eligible for auto-proxying)
[2022-04-20 17:48:38,577] INFO  Booking-Appointment, , [main], ,  , ConfigServicePropertySourceLocator getRemoteEnvironment | Fetching config from server at : http://172.30.151.100:51000/config
[2022-04-20 17:48:39,439] INFO  Booking-Appointment, , [main], ,  , ConfigServicePropertySourceLocator log | Located environment: name=Booking-Appointment, profiles=[dev], label=1.0.0, version=215, state=null
[2022-04-20 17:48:39,440] INFO  Booking-Appointment, , [main], ,  , PropertySourceBootstrapConfiguration initialize | Located property source: CompositePropertySource {name='configService', propertySources=[MapPropertySource {name='configClient'}, MapPropertySource {name='http://172.16.11.166/telemed-ivv/branches/1.0.0/application-dev.properties'}]}
[2022-04-20 17:48:39,501] INFO  Booking-Appointment, , [main], ,  , BookAppointmentServiceApplication logStartupProfileInfo | The following profiles are active: dev
[2022-04-20 17:48:45,416] INFO  Booking-Appointment, , [main], ,  , RepositoryConfigurationDelegate registerRepositoriesIn | Bootstrapping Spring Data repositories in DEFAULT mode.
[2022-04-20 17:48:45,601] INFO  Booking-Appointment, , [main], ,  , RepositoryConfigurationDelegate registerRepositoriesIn | Finished Spring Data repository scanning in 168ms. Found 11 repository interfaces.
[2022-04-20 17:48:46,009] INFO  Booking-Appointment, , [main], ,  , GenericScope setSerializationId | BeanFactory id=8beaa64d-abd3-32fd-83ce-544e3d60ba90
[2022-04-20 17:48:46,579] INFO  Booking-Appointment, , [main], ,  , PostProcessorRegistrationDelegate$BeanPostProcessorChecker postProcessAfterInitialization | Bean 'org.springframework.transaction.annotation.ProxyTransactionManagementConfiguration' of type [org.springframework.transaction.annotation.ProxyTransactionManagementConfiguration$$EnhancerBySpringCGLIB$$4efb10c4] is not eligible for getting processed by all BeanPostProcessors (for example: not eligible for auto-proxying)
[2022-04-20 17:48:46,669] INFO  Booking-Appointment, , [main], ,  , PostProcessorRegistrationDelegate$BeanPostProcessorChecker postProcessAfterInitialization | Bean 'org.springframework.cloud.autoconfigure.ConfigurationPropertiesRebinderAutoConfiguration' of type [org.springframework.cloud.autoconfigure.ConfigurationPropertiesRebinderAutoConfiguration$$EnhancerBySpringCGLIB$$6b1513c1] is not eligible for getting processed by all BeanPostProcessors (for example: not eligible for auto-proxying)
[2022-04-20 17:48:47,657] INFO  Booking-Appointment, , [main], ,  , TomcatWebServer initialize | Tomcat initialized with port(s): 7079 (http)
[2022-04-20 17:48:47,680] INFO  Booking-Appointment, , [main], ,  , Http11NioProtocol log | Initializing ProtocolHandler ["http-nio-7079"]
[2022-04-20 17:48:47,691] INFO  Booking-Appointment, , [main], ,  , StandardService log | Starting service [Tomcat]
[2022-04-20 17:48:47,692] INFO  Booking-Appointment, , [main], ,  , StandardEngine log | Starting Servlet engine: [Apache Tomcat/9.0.16]
[2022-04-20 17:48:47,712] INFO  Booking-Appointment, , [main], ,  , AprLifecycleListener log | The APR based Apache Tomcat Native library which allows optimal performance in production environments was not found on the java.library.path: [D:\Softwares\eclipse-jee-2020-12-R-win32-x86_64\eclipse\plugins\org.eclipse.justj.openjdk.hotspot.jre.full.win32.x86_64_15.0.1.v20201027-0507\jre\bin;C:\Windows\Sun\Java\bin;C:\Windows\system32;C:\Windows;D:/Softwares/eclipse-jee-2020-12-R-win32-x86_64/eclipse//plugins/org.eclipse.justj.openjdk.hotspot.jre.full.win32.x86_64_15.0.1.v20201027-0507/jre/bin/server;D:/Softwares/eclipse-jee-2020-12-R-win32-x86_64/eclipse//plugins/org.eclipse.justj.openjdk.hotspot.jre.full.win32.x86_64_15.0.1.v20201027-0507/jre/bin;C:\Program Files\Common Files\Oracle\Java\javapath;C:\Program Files (x86)\Common Files\Oracle\Java\javapath;C:\Windows\system32;C:\Windows;C:\Windows\System32\Wbem;C:\Windows\System32\WindowsPowerShell\v1.0\;C:\Windows\System32\OpenSSH\;C:\Program Files (x86)\CrSSL\bin;C:\Program Files\TortoiseSVN\bin;D:\Softwares\apache-maven-3.6.1\bin;C:\Program Files\TortoiseGit\bin;C:\Program Files\Git\cmd;C:\Program Files\Java\jdk1.8.0_201\bin;C:\Users\DELL\AppData\Local\Microsoft\WindowsApps;;D:\Softwares\eclipse-jee-2020-12-R-win32-x86_64\eclipse;;.]
[2022-04-20 17:48:47,922] INFO  Booking-Appointment, , [main], ,  , [/book/v1] log | Initializing Spring embedded WebApplicationContext
[2022-04-20 17:48:47,923] INFO  Booking-Appointment, , [main], ,  , ContextLoader prepareWebApplicationContext | Root WebApplicationContext: initialization completed in 8408 ms
[2022-04-20 17:48:48,641] INFO  Booking-Appointment, , [main], ,  , HikariDataSource getConnection | HikariPool-1 - Starting...
[2022-04-20 17:48:49,645] INFO  Booking-Appointment, , [main], ,  , HikariDataSource getConnection | HikariPool-1 - Start completed.
[2022-04-20 17:48:49,784] INFO  Booking-Appointment, , [main], ,  , LogHelper logPersistenceUnitInformation | HHH000204: Processing PersistenceUnitInfo [
	name: default
	...]
[2022-04-20 17:48:49,926] INFO  Booking-Appointment, , [main], ,  , Version logVersion | HHH000412: Hibernate Core {5.3.7.Final}
[2022-04-20 17:48:49,928] INFO  Booking-Appointment, , [main], ,  , Environment <clinit> | HHH000206: hibernate.properties not found
[2022-04-20 17:48:50,231] INFO  Booking-Appointment, , [main], ,  , Version <clinit> | HCANN000001: Hibernate Commons Annotations {5.0.4.Final}
[2022-04-20 17:48:50,513] INFO  Booking-Appointment, , [main], ,  , Dialect <init> | HHH000400: Using dialect: org.hibernate.dialect.PostgreSQLDialect
[2022-04-20 17:48:50,538] INFO  Booking-Appointment, , [main], ,  , LobCreatorBuilderImpl makeLobCreatorBuilder | HHH000422: Disabling contextual LOB creation as connection was null
[2022-04-20 17:48:50,549] INFO  Booking-Appointment, , [main], ,  , BasicTypeRegistry register | HHH000270: Type registration [java.util.UUID] overrides previous : org.hibernate.type.UUIDBinaryType@70b1028d
[2022-04-20 17:49:01,324] INFO  Booking-Appointment, , [main], ,  , LocalContainerEntityManagerFactoryBean buildNativeEntityManagerFactory | Initialized JPA EntityManagerFactory for persistence unit 'default'
[2022-04-20 17:49:02,706] INFO  Booking-Appointment, , [main], ,  , QueryTranslatorFactoryInitiator initiateService | HHH000397: Using ASTQueryTranslatorFactory
[2022-04-20 17:49:03,718] INFO  Booking-Appointment, , [main], ,  , LoggingAspect profileAllMethods | Start of CustomInterceptorAppConfig.restTemplate
[2022-04-20 17:49:03,733] INFO  Booking-Appointment, , [main], ,  , LoggingAspect profileAllMethods | END of CustomInterceptorAppConfig.restTemplate
[2022-04-20 17:49:03,734] INFO  Booking-Appointment, , [main], ,  , LoggingAspect profileAllMethods | Execution time of CustomInterceptorAppConfig.restTemplate :: 16 ms
[2022-04-20 17:49:03,895] INFO  Booking-Appointment, , [main], ,  , LoggingAspect profileAllMethods | Start of CustomInterceptorAppConfig.corsConfigurationSource
[2022-04-20 17:49:03,897] INFO  Booking-Appointment, , [main], ,  , LoggingAspect profileAllMethods | END of CustomInterceptorAppConfig.corsConfigurationSource
[2022-04-20 17:49:03,897] INFO  Booking-Appointment, , [main], ,  , LoggingAspect profileAllMethods | Execution time of CustomInterceptorAppConfig.corsConfigurationSource :: 2 ms
[2022-04-20 17:49:04,374] INFO  Booking-Appointment, , [main], ,  , ThreadPoolTaskExecutor initialize | Initializing ExecutorService 'applicationTaskExecutor'
[2022-04-20 17:49:04,535] INFO  Booking-Appointment, , [main], ,  , LoggingAspect profileAllMethods | Start of CustomInterceptorAppConfig.addInterceptors
[2022-04-20 17:49:04,536] INFO  Booking-Appointment, , [main], ,  , LoggingAspect profileAllMethods | END of CustomInterceptorAppConfig.addInterceptors
[2022-04-20 17:49:04,538] INFO  Booking-Appointment, , [main], ,  , LoggingAspect profileAllMethods | Execution time of CustomInterceptorAppConfig.addInterceptors :: 3 ms
[2022-04-20 17:49:04,541] WARN  Booking-Appointment, , [main], ,  , JpaBaseConfiguration$JpaWebConfiguration$JpaWebMvcConfiguration openEntityManagerInViewInterceptor | spring.jpa.open-in-view is enabled by default. Therefore, database queries may be performed during view rendering. Explicitly configure spring.jpa.open-in-view to disable this warning
[2022-04-20 17:49:05,075] INFO  Booking-Appointment, , [main], ,  , ThreadPoolTaskScheduler initialize | Initializing ExecutorService 'taskScheduler'
[2022-04-20 17:49:05,602] INFO  Booking-Appointment, , [main], ,  , Http11NioProtocol log | Starting ProtocolHandler ["http-nio-7079"]
[2022-04-20 17:49:05,649] INFO  Booking-Appointment, , [main], ,  , TomcatWebServer start | Tomcat started on port(s): 7079 (http) with context path '/book/v1'
[2022-04-20 17:49:05,653] INFO  Booking-Appointment, , [main], ,  , BookAppointmentServiceApplication logStarted | Started BookAppointmentServiceApplication in 28.724 seconds (JVM running for 30.572)
[2022-04-20 17:50:00,038] INFO  Booking-Appointment, , [scheduling-1], ,  , LoggingAspect profileAllMethods | Start of AppointmentController.sendNotificationBeforeAppointmentStart
[2022-04-20 17:50:00,054] INFO  Booking-Appointment, , [scheduling-1], d7087287703cd112, d7087287703cd112 , AppointmentController sendNotificationBeforeAppointmentStart | Request received to send Notification Before Appointment Start
[2022-04-20 17:50:00,055] INFO  Booking-Appointment, , [scheduling-1], ,  , LoggingAspect profileAllMethods | Start of AppointmentServiceImpl.sendNotificationBeforeAppointmentStart
[2022-04-20 17:50:00,071] INFO  Booking-Appointment, , [scheduling-1], ,  , LoggingAspect profileAllMethods | Start of AppointmentDtlsRepository.sendNotificationBeforeAppointmentStart
[2022-04-20 17:50:00,558] INFO  Booking-Appointment, , [scheduling-1], ,  , LoggingAspect profileAllMethods | END of AppointmentDtlsRepository.sendNotificationBeforeAppointmentStart
[2022-04-20 17:50:00,561] INFO  Booking-Appointment, , [scheduling-1], ,  , LoggingAspect profileAllMethods | Execution time of AppointmentDtlsRepository.sendNotificationBeforeAppointmentStart :: 490 ms
[2022-04-20 17:50:00,563] INFO  Booking-Appointment, , [scheduling-1], ,  , LoggingAspect profileAllMethods | END of AppointmentServiceImpl.sendNotificationBeforeAppointmentStart
[2022-04-20 17:50:00,564] INFO  Booking-Appointment, , [scheduling-1], ,  , LoggingAspect profileAllMethods | Execution time of AppointmentServiceImpl.sendNotificationBeforeAppointmentStart :: 509 ms
[2022-04-20 17:50:00,567] INFO  Booking-Appointment, , [scheduling-1], ,  , LoggingAspect profileAllMethods | END of AppointmentController.sendNotificationBeforeAppointmentStart
[2022-04-20 17:50:00,569] INFO  Booking-Appointment, , [scheduling-1], ,  , LoggingAspect profileAllMethods | Execution time of AppointmentController.sendNotificationBeforeAppointmentStart :: 531 ms
[2022-04-20 17:51:00,005] INFO  Booking-Appointment, , [scheduling-1], ,  , LoggingAspect profileAllMethods | Start of AppointmentController.sendNotificationBeforeAppointmentStart
[2022-04-20 17:51:00,009] INFO  Booking-Appointment, , [scheduling-1], 1c46b4c91b80b87f, 1c46b4c91b80b87f , AppointmentController sendNotificationBeforeAppointmentStart | Request received to send Notification Before Appointment Start
[2022-04-20 17:51:00,011] INFO  Booking-Appointment, , [scheduling-1], ,  , LoggingAspect profileAllMethods | Start of AppointmentServiceImpl.sendNotificationBeforeAppointmentStart
[2022-04-20 17:51:00,012] INFO  Booking-Appointment, , [scheduling-1], ,  , LoggingAspect profileAllMethods | Start of AppointmentDtlsRepository.sendNotificationBeforeAppointmentStart
[2022-04-20 17:51:00,312] INFO  Booking-Appointment, , [scheduling-1], ,  , LoggingAspect profileAllMethods | END of AppointmentDtlsRepository.sendNotificationBeforeAppointmentStart
[2022-04-20 17:51:00,313] INFO  Booking-Appointment, , [scheduling-1], ,  , LoggingAspect profileAllMethods | Execution time of AppointmentDtlsRepository.sendNotificationBeforeAppointmentStart :: 301 ms
[2022-04-20 17:51:00,314] INFO  Booking-Appointment, , [scheduling-1], ,  , LoggingAspect profileAllMethods | END of AppointmentServiceImpl.sendNotificationBeforeAppointmentStart
[2022-04-20 17:51:00,314] INFO  Booking-Appointment, , [scheduling-1], ,  , LoggingAspect profileAllMethods | Execution time of AppointmentServiceImpl.sendNotificationBeforeAppointmentStart :: 303 ms
[2022-04-20 17:51:00,315] INFO  Booking-Appointment, , [scheduling-1], ,  , LoggingAspect profileAllMethods | END of AppointmentController.sendNotificationBeforeAppointmentStart
[2022-04-20 17:51:00,315] INFO  Booking-Appointment, , [scheduling-1], ,  , LoggingAspect profileAllMethods | Execution time of AppointmentController.sendNotificationBeforeAppointmentStart :: 310 ms
[2022-04-20 17:52:00,015] INFO  Booking-Appointment, , [scheduling-1], ,  , LoggingAspect profileAllMethods | Start of AppointmentController.sendNotificationBeforeAppointmentStart
[2022-04-20 17:52:00,020] INFO  Booking-Appointment, , [scheduling-1], 51476f79faae3ba7, 51476f79faae3ba7 , AppointmentController sendNotificationBeforeAppointmentStart | Request received to send Notification Before Appointment Start
[2022-04-20 17:52:00,021] INFO  Booking-Appointment, , [scheduling-1], ,  , LoggingAspect profileAllMethods | Start of AppointmentServiceImpl.sendNotificationBeforeAppointmentStart
[2022-04-20 17:52:00,023] INFO  Booking-Appointment, , [scheduling-1], ,  , LoggingAspect profileAllMethods | Start of AppointmentDtlsRepository.sendNotificationBeforeAppointmentStart
[2022-04-20 17:52:00,381] INFO  Booking-Appointment, , [scheduling-1], ,  , LoggingAspect profileAllMethods | END of AppointmentDtlsRepository.sendNotificationBeforeAppointmentStart
[2022-04-20 17:52:00,382] INFO  Booking-Appointment, , [scheduling-1], ,  , LoggingAspect profileAllMethods | Execution time of AppointmentDtlsRepository.sendNotificationBeforeAppointmentStart :: 359 ms
[2022-04-20 17:52:00,382] INFO  Booking-Appointment, , [scheduling-1], ,  , LoggingAspect profileAllMethods | END of AppointmentServiceImpl.sendNotificationBeforeAppointmentStart
[2022-04-20 17:52:00,383] INFO  Booking-Appointment, , [scheduling-1], ,  , LoggingAspect profileAllMethods | Execution time of AppointmentServiceImpl.sendNotificationBeforeAppointmentStart :: 362 ms
[2022-04-20 17:52:00,383] INFO  Booking-Appointment, , [scheduling-1], ,  , LoggingAspect profileAllMethods | END of AppointmentController.sendNotificationBeforeAppointmentStart
[2022-04-20 17:52:00,383] INFO  Booking-Appointment, , [scheduling-1], ,  , LoggingAspect profileAllMethods | Execution time of AppointmentController.sendNotificationBeforeAppointmentStart :: 368 ms
[2022-04-20 17:53:00,007] INFO  Booking-Appointment, , [scheduling-1], ,  , LoggingAspect profileAllMethods | Start of AppointmentController.sendNotificationBeforeAppointmentStart
[2022-04-20 17:53:00,011] INFO  Booking-Appointment, , [scheduling-1], 083e5a041c38b031, 083e5a041c38b031 , AppointmentController sendNotificationBeforeAppointmentStart | Request received to send Notification Before Appointment Start
[2022-04-20 17:53:00,013] INFO  Booking-Appointment, , [scheduling-1], ,  , LoggingAspect profileAllMethods | Start of AppointmentServiceImpl.sendNotificationBeforeAppointmentStart
[2022-04-20 17:53:00,015] INFO  Booking-Appointment, , [scheduling-1], ,  , LoggingAspect profileAllMethods | Start of AppointmentDtlsRepository.sendNotificationBeforeAppointmentStart
[2022-04-20 17:53:00,350] INFO  Booking-Appointment, , [scheduling-1], ,  , LoggingAspect profileAllMethods | END of AppointmentDtlsRepository.sendNotificationBeforeAppointmentStart
[2022-04-20 17:53:00,352] INFO  Booking-Appointment, , [scheduling-1], ,  , LoggingAspect profileAllMethods | Execution time of AppointmentDtlsRepository.sendNotificationBeforeAppointmentStart :: 337 ms
[2022-04-20 17:53:00,354] INFO  Booking-Appointment, , [scheduling-1], ,  , LoggingAspect profileAllMethods | END of AppointmentServiceImpl.sendNotificationBeforeAppointmentStart
[2022-04-20 17:53:00,357] INFO  Booking-Appointment, , [scheduling-1], ,  , LoggingAspect profileAllMethods | Execution time of AppointmentServiceImpl.sendNotificationBeforeAppointmentStart :: 344 ms
[2022-04-20 17:53:00,358] INFO  Booking-Appointment, , [scheduling-1], ,  , LoggingAspect profileAllMethods | END of AppointmentController.sendNotificationBeforeAppointmentStart
[2022-04-20 17:53:00,359] INFO  Booking-Appointment, , [scheduling-1], ,  , LoggingAspect profileAllMethods | Execution time of AppointmentController.sendNotificationBeforeAppointmentStart :: 352 ms
[2022-04-20 17:54:00,026] INFO  Booking-Appointment, , [scheduling-1], ,  , LoggingAspect profileAllMethods | Start of AppointmentController.sendNotificationBeforeAppointmentStart
[2022-04-20 17:54:00,028] INFO  Booking-Appointment, , [scheduling-1], a7ab21a7e457acd4, a7ab21a7e457acd4 , AppointmentController sendNotificationBeforeAppointmentStart | Request received to send Notification Before Appointment Start
[2022-04-20 17:54:00,030] INFO  Booking-Appointment, , [scheduling-1], ,  , LoggingAspect profileAllMethods | Start of AppointmentServiceImpl.sendNotificationBeforeAppointmentStart
[2022-04-20 17:54:00,031] INFO  Booking-Appointment, , [scheduling-1], ,  , LoggingAspect profileAllMethods | Start of AppointmentDtlsRepository.sendNotificationBeforeAppointmentStart
[2022-04-20 17:54:00,446] INFO  Booking-Appointment, , [scheduling-1], ,  , LoggingAspect profileAllMethods | END of AppointmentDtlsRepository.sendNotificationBeforeAppointmentStart
[2022-04-20 17:54:00,449] INFO  Booking-Appointment, , [scheduling-1], ,  , LoggingAspect profileAllMethods | Execution time of AppointmentDtlsRepository.sendNotificationBeforeAppointmentStart :: 418 ms
[2022-04-20 17:54:00,452] INFO  Booking-Appointment, , [scheduling-1], ,  , LoggingAspect profileAllMethods | END of AppointmentServiceImpl.sendNotificationBeforeAppointmentStart
[2022-04-20 17:54:00,454] INFO  Booking-Appointment, , [scheduling-1], ,  , LoggingAspect profileAllMethods | Execution time of AppointmentServiceImpl.sendNotificationBeforeAppointmentStart :: 424 ms
[2022-04-20 17:54:00,456] INFO  Booking-Appointment, , [scheduling-1], ,  , LoggingAspect profileAllMethods | END of AppointmentController.sendNotificationBeforeAppointmentStart
[2022-04-20 17:54:00,458] INFO  Booking-Appointment, , [scheduling-1], ,  , LoggingAspect profileAllMethods | Execution time of AppointmentController.sendNotificationBeforeAppointmentStart :: 432 ms
[2022-04-20 17:54:00,967] INFO  Booking-Appointment, , [RMI TCP Connection(7)-127.0.0.1], ,  , SpringApplicationAdminMXBeanRegistrar$SpringApplicationAdmin shutdown | Application shutdown requested.
[2022-04-20 17:54:01,047] INFO  Booking-Appointment, , [RMI TCP Connection(7)-127.0.0.1], ,  , ThreadPoolTaskScheduler shutdown | Shutting down ExecutorService 'taskScheduler'
[2022-04-20 17:54:01,050] INFO  Booking-Appointment, , [RMI TCP Connection(7)-127.0.0.1], ,  , ThreadPoolTaskExecutor shutdown | Shutting down ExecutorService 'applicationTaskExecutor'
[2022-04-20 17:54:01,062] INFO  Booking-Appointment, , [RMI TCP Connection(7)-127.0.0.1], ,  , LocalContainerEntityManagerFactoryBean destroy | Closing JPA EntityManagerFactory for persistence unit 'default'
[2022-04-20 17:54:01,098] INFO  Booking-Appointment, , [RMI TCP Connection(7)-127.0.0.1], ,  , HikariDataSource close | HikariPool-1 - Shutdown initiated...
[2022-04-20 17:54:01,113] INFO  Booking-Appointment, , [RMI TCP Connection(7)-127.0.0.1], ,  , HikariDataSource close | HikariPool-1 - Shutdown completed.
[2022-04-20 17:54:01,119] INFO  Booking-Appointment, , [RMI TCP Connection(7)-127.0.0.1], ,  , Http11NioProtocol log | Pausing ProtocolHandler ["http-nio-7079"]
[2022-04-20 17:54:01,150] INFO  Booking-Appointment, , [RMI TCP Connection(7)-127.0.0.1], ,  , StandardService log | Stopping service [Tomcat]
[2022-04-20 17:54:01,199] INFO  Booking-Appointment, , [RMI TCP Connection(7)-127.0.0.1], ,  , Http11NioProtocol log | Stopping ProtocolHandler ["http-nio-7079"]
[2022-04-20 17:54:01,211] INFO  Booking-Appointment, , [RMI TCP Connection(7)-127.0.0.1], ,  , Http11NioProtocol log | Destroying ProtocolHandler ["http-nio-7079"]
