  [2021-12-28 13:10:33,919], , [main], Booking-Appointment, INFO  PostProcessorRegistrationDelegate$BeanPostProcessorChecker postProcessAfterInitialization | Bean 'org.springframework.cloud.autoconfigure.ConfigurationPropertiesRebinderAutoConfiguration' of type [org.springframework.cloud.autoconfigure.ConfigurationPropertiesRebinderAutoConfiguration$$EnhancerBySpringCGLIB$$d628a127] is not eligible for getting processed by all BeanPostProcessors (for example: not eligible for auto-proxying)
  [2021-12-28 13:10:34,443], , [main], api-gateway, INFO  ConfigServicePropertySourceLocator getRemoteEnvironment | Fetching config from server at : http://localhost:8888/config
  [2021-12-28 13:10:36,532], , [main], api-gateway, INFO  ConfigServicePropertySourceLocator log | Located environment: name=api-gateway, profiles=[dev], label=1.0.1, version=null, state=null
  [2021-12-28 13:10:36,534], , [main], api-gateway, INFO  PropertySourceBootstrapConfiguration initialize | Located property source: CompositePropertySource {name='configService', propertySources=[MapPropertySource {name='file:///D:/git-localconfig-repo/application-dev.properties'}]}
  [2021-12-28 13:10:36,599], , [main], api-gateway, INFO  BookAppointmentServiceApplication logStartupProfileInfo | The following profiles are active: dev
  [2021-12-28 13:10:36,798], , [main], api-gateway, WARN  AnnotationConfigServletWebServerApplicationContext refresh | Exception encountered during context initialization - cancelling refresh attempt: org.springframework.beans.factory.BeanDefinitionStoreException: Failed to parse configuration class [com.nsdl.appointment.BookAppointmentServiceApplication]; nested exception is org.springframework.context.annotation.ConflictingBeanDefinitionException: Annotation-specified bean name 'userDTO' for bean class [com.nsdl.appointment.dto.UserDTO] conflicts with existing, non-compatible bean definition of same name and class [com.nsdl.telemedicine.gateway.config.UserDTO]
  [2021-12-28 13:10:36,804], , [main], api-gateway, ERROR SpringApplication reportFailure | Application run failed
org.springframework.beans.factory.BeanDefinitionStoreException: Failed to parse configuration class [com.nsdl.appointment.BookAppointmentServiceApplication]; nested exception is org.springframework.context.annotation.ConflictingBeanDefinitionException: Annotation-specified bean name 'userDTO' for bean class [com.nsdl.appointment.dto.UserDTO] conflicts with existing, non-compatible bean definition of same name and class [com.nsdl.telemedicine.gateway.config.UserDTO]
	at org.springframework.context.annotation.ConfigurationClassParser.parse(ConfigurationClassParser.java:181)
	at org.springframework.context.annotation.ConfigurationClassPostProcessor.processConfigBeanDefinitions(ConfigurationClassPostProcessor.java:315)
	at org.springframework.context.annotation.ConfigurationClassPostProcessor.postProcessBeanDefinitionRegistry(ConfigurationClassPostProcessor.java:232)
	at org.springframework.context.support.PostProcessorRegistrationDelegate.invokeBeanDefinitionRegistryPostProcessors(PostProcessorRegistrationDelegate.java:275)
	at org.springframework.context.support.PostProcessorRegistrationDelegate.invokeBeanFactoryPostProcessors(PostProcessorRegistrationDelegate.java:95)
	at org.springframework.context.support.AbstractApplicationContext.invokeBeanFactoryPostProcessors(AbstractApplicationContext.java:705)
	at org.springframework.context.support.AbstractApplicationContext.refresh(AbstractApplicationContext.java:531)
	at org.springframework.boot.web.servlet.context.ServletWebServerApplicationContext.refresh(ServletWebServerApplicationContext.java:142)
	at org.springframework.boot.SpringApplication.refresh(SpringApplication.java:775)
	at org.springframework.boot.SpringApplication.refreshContext(SpringApplication.java:397)
	at org.springframework.boot.SpringApplication.run(SpringApplication.java:316)
	at org.springframework.boot.SpringApplication.run(SpringApplication.java:1260)
	at org.springframework.boot.SpringApplication.run(SpringApplication.java:1248)
	at com.nsdl.appointment.BookAppointmentServiceApplication.main(BookAppointmentServiceApplication.java:14)
Caused by: org.springframework.context.annotation.ConflictingBeanDefinitionException: Annotation-specified bean name 'userDTO' for bean class [com.nsdl.appointment.dto.UserDTO] conflicts with existing, non-compatible bean definition of same name and class [com.nsdl.telemedicine.gateway.config.UserDTO]
	at org.springframework.context.annotation.ClassPathBeanDefinitionScanner.checkCandidate(ClassPathBeanDefinitionScanner.java:348)
	at org.springframework.context.annotation.ClassPathBeanDefinitionScanner.doScan(ClassPathBeanDefinitionScanner.java:286)
	at org.springframework.context.annotation.ComponentScanAnnotationParser.parse(ComponentScanAnnotationParser.java:132)
	at org.springframework.context.annotation.ConfigurationClassParser.doProcessConfigurationClass(ConfigurationClassParser.java:287)
	at org.springframework.context.annotation.ConfigurationClassParser.processConfigurationClass(ConfigurationClassParser.java:242)
	at org.springframework.context.annotation.ConfigurationClassParser.parse(ConfigurationClassParser.java:199)
	at org.springframework.context.annotation.ConfigurationClassParser.parse(ConfigurationClassParser.java:167)
	... 13 common frames omitted
