  [2022-05-11 17:11:28,529], , [restartedMain], user-management-service, INFO  DevToolsPropertyDefaultsPostProcessor logTo | Devtools property defaults active! Set 'spring.devtools.add-properties' to 'false' to disable
  [2022-05-11 17:11:28,992], , [restartedMain], user-management-service, INFO  PostProcessorRegistrationDelegate$BeanPostProcessorChecker postProcessAfterInitialization | Bean 'org.springframework.cloud.autoconfigure.ConfigurationPropertiesRebinderAutoConfiguration' of type [org.springframework.cloud.autoconfigure.ConfigurationPropertiesRebinderAutoConfiguration$$EnhancerBySpringCGLIB$$c41bd47e] is not eligible for getting processed by all BeanPostProcessors (for example: not eligible for auto-proxying)
  [2022-05-11 17:11:29,314], , [restartedMain], user-management-service, INFO  ConfigServicePropertySourceLocator getRemoteEnvironment | Fetching config from server at : http://172.30.151.100:51000/config
  [2022-05-11 17:11:50,492], , [restartedMain], user-management-service, INFO  ConfigServicePropertySourceLocator getRemoteEnvironment | Connect Timeout Exception on Url - http://172.30.151.100:51000/config. Will be trying the next url if available
  [2022-05-11 17:11:50,494], , [restartedMain], user-management-service, WARN  ConfigServicePropertySourceLocator locate | Could not locate PropertySource: I/O error on GET request for "http://172.30.151.100:51000/config/user-management-service/dev/1.0.0": Connection timed out: connect; nested exception is java.net.ConnectException: Connection timed out: connect
  [2022-05-11 17:11:50,497], , [restartedMain], user-management-service, INFO  UserManagementServiceApplication logStartupProfileInfo | The following profiles are active: dev
  [2022-05-11 17:11:58,114], , [restartedMain], user-management-service, INFO  RepositoryConfigurationDelegate registerRepositoriesIn | Bootstrapping Spring Data repositories in DEFAULT mode.
  [2022-05-11 17:11:58,316], , [restartedMain], user-management-service, INFO  RepositoryConfigurationDelegate registerRepositoriesIn | Finished Spring Data repository scanning in 190ms. Found 22 repository interfaces.
  [2022-05-11 17:11:58,973], , [restartedMain], user-management-service, INFO  GenericScope setSerializationId | BeanFactory id=d917c291-3002-3b7d-bda5-40052482d277
  [2022-05-11 17:11:59,441], , [restartedMain], user-management-service, INFO  PostProcessorRegistrationDelegate$BeanPostProcessorChecker postProcessAfterInitialization | Bean 'org.springframework.transaction.annotation.ProxyTransactionManagementConfiguration' of type [org.springframework.transaction.annotation.ProxyTransactionManagementConfiguration$$EnhancerBySpringCGLIB$$a801d181] is not eligible for getting processed by all BeanPostProcessors (for example: not eligible for auto-proxying)
  [2022-05-11 17:11:59,511], , [restartedMain], user-management-service, INFO  PostProcessorRegistrationDelegate$BeanPostProcessorChecker postProcessAfterInitialization | Bean 'org.springframework.cloud.autoconfigure.ConfigurationPropertiesRebinderAutoConfiguration' of type [org.springframework.cloud.autoconfigure.ConfigurationPropertiesRebinderAutoConfiguration$$EnhancerBySpringCGLIB$$c41bd47e] is not eligible for getting processed by all BeanPostProcessors (for example: not eligible for auto-proxying)
  [2022-05-11 17:12:00,958], , [restartedMain], user-management-service, INFO  TomcatWebServer initialize | Tomcat initialized with port(s): 7072 (http)
  [2022-05-11 17:12:01,105], , [restartedMain], user-management-service, INFO  Http11NioProtocol log | Initializing ProtocolHandler ["http-nio-7072"]
  [2022-05-11 17:12:01,121], , [restartedMain], user-management-service, INFO  StandardService log | Starting service [Tomcat]
  [2022-05-11 17:12:01,122], , [restartedMain], user-management-service, INFO  StandardEngine log | Starting Servlet engine: [Apache Tomcat/9.0.16]
  [2022-05-11 17:12:01,141], , [restartedMain], user-management-service, INFO  AprLifecycleListener log | The APR based Apache Tomcat Native library which allows optimal performance in production environments was not found on the java.library.path: [D:\Softwares\eclipse-jee-2020-12-R-win32-x86_64\eclipse\plugins\org.eclipse.justj.openjdk.hotspot.jre.full.win32.x86_64_15.0.1.v20201027-0507\jre\bin;C:\Windows\Sun\Java\bin;C:\Windows\system32;C:\Windows;D:\Softwares\eclipse-jee-2020-12-R-win32-x86_64\eclipse\plugins\org.eclipse.justj.openjdk.hotspot.jre.full.win32.x86_64_15.0.1.v20201027-0507\jre\bin;D:/Softwares/eclipse-jee-2020-12-R-win32-x86_64/eclipse//plugins/org.eclipse.justj.openjdk.hotspot.jre.full.win32.x86_64_15.0.1.v20201027-0507/jre/bin/server;D:/Softwares/eclipse-jee-2020-12-R-win32-x86_64/eclipse//plugins/org.eclipse.justj.openjdk.hotspot.jre.full.win32.x86_64_15.0.1.v20201027-0507/jre/bin;C:\Program Files\Common Files\Oracle\Java\javapath;C:\Program Files (x86)\Common Files\Oracle\Java\javapath;C:\Windows\system32;C:\Windows;C:\Windows\System32\Wbem;C:\Windows\System32\WindowsPowerShell\v1.0\;C:\Windows\System32\OpenSSH\;C:\Program Files (x86)\CrSSL\bin;C:\Program Files\TortoiseSVN\bin;D:\Softwares\apache-maven-3.6.1\bin;C:\Program Files\TortoiseGit\bin;C:\Program Files\Git\cmd;C:\Program Files\Java\jdk1.8.0_201\bin;C:\Users\DELL\AppData\Local\Microsoft\WindowsApps;;D:\Softwares\eclipse-jee-2020-12-R-win32-x86_64\eclipse;;.]
  [2022-05-11 17:12:01,329], , [restartedMain], user-management-service, INFO  [/usermanagement/v1/user] log | Initializing Spring embedded WebApplicationContext
  [2022-05-11 17:12:01,329], , [restartedMain], user-management-service, INFO  ContextLoader prepareWebApplicationContext | Root WebApplicationContext: initialization completed in 10814 ms
  [2022-05-11 17:12:02,483], , [restartedMain], user-management-service, ERROR TomcatStarter onStartup | Error starting Tomcat context. Exception: org.springframework.beans.factory.BeanCreationException. Message: Error creating bean with name 'servletEndpointRegistrar' defined in class path resource [org/springframework/boot/actuate/autoconfigure/endpoint/web/ServletEndpointManagementContextConfiguration$WebMvcServletEndpointManagementContextConfiguration.class]: Bean instantiation via factory method failed; nested exception is org.springframework.beans.BeanInstantiationException: Failed to instantiate [org.springframework.boot.actuate.endpoint.web.ServletEndpointRegistrar]: Factory method 'servletEndpointRegistrar' threw exception; nested exception is org.springframework.beans.factory.UnsatisfiedDependencyException: Error creating bean with name 'healthEndpoint' defined in class path resource [org/springframework/boot/actuate/autoconfigure/health/HealthEndpointConfiguration.class]: Unsatisfied dependency expressed through method 'healthEndpoint' parameter 1; nested exception is org.springframework.beans.factory.BeanCreationException: Error creating bean with name 'healthIndicatorRegistry' defined in class path resource [org/springframework/boot/actuate/autoconfigure/health/HealthIndicatorAutoConfiguration.class]: Bean instantiation via factory method failed; nested exception is org.springframework.beans.BeanInstantiationException: Failed to instantiate [org.springframework.boot.actuate.health.HealthIndicatorRegistry]: Factory method 'healthIndicatorRegistry' threw exception; nested exception is org.springframework.beans.factory.BeanCreationException: Error creating bean with name 'dbHealthIndicator' defined in class path resource [org/springframework/boot/actuate/autoconfigure/jdbc/DataSourceHealthIndicatorAutoConfiguration.class]: Bean instantiation via factory method failed; nested exception is org.springframework.beans.BeanInstantiationException: Failed to instantiate [org.springframework.boot.actuate.health.HealthIndicator]: Factory method 'dbHealthIndicator' threw exception; nested exception is org.springframework.beans.factory.BeanCreationException: Error creating bean with name 'scopedTarget.dataSource' defined in class path resource [org/springframework/boot/autoconfigure/jdbc/DataSourceConfiguration$Hikari.class]: Bean instantiation via factory method failed; nested exception is org.springframework.beans.BeanInstantiationException: Failed to instantiate [com.zaxxer.hikari.HikariDataSource]: Factory method 'dataSource' threw exception; nested exception is org.springframework.boot.autoconfigure.jdbc.DataSourceProperties$DataSourceBeanCreationException: Failed to determine a suitable driver class
  [2022-05-11 17:12:02,525], , [restartedMain], user-management-service, INFO  StandardService log | Stopping service [Tomcat]
  [2022-05-11 17:12:02,543], , [restartedMain], user-management-service, WARN  AnnotationConfigServletWebServerApplicationContext refresh | Exception encountered during context initialization - cancelling refresh attempt: org.springframework.context.ApplicationContextException: Unable to start web server; nested exception is org.springframework.boot.web.server.WebServerException: Unable to start embedded Tomcat
  [2022-05-11 17:12:02,560], , [restartedMain], user-management-service, INFO  ConditionEvaluationReportLoggingListener logMessage | 

Error starting ApplicationContext. To display the conditions report re-run your application with 'debug' enabled.
  [2022-05-11 17:12:02,564], , [restartedMain], user-management-service, ERROR LoggingFailureAnalysisReporter report | 

***************************
APPLICATION FAILED TO START
***************************

Description:

Failed to configure a DataSource: 'url' attribute is not specified and no embedded datasource could be configured.

Reason: Failed to determine a suitable driver class


Action:

Consider the following:
	If you want an embedded database (H2, HSQL or Derby), please put it on the classpath.
	If you have database settings to be loaded from a particular profile you may need to activate it (no profiles are currently active).

  [2022-05-11 17:13:38,761], , [restartedMain], user-management-service, INFO  DevToolsPropertyDefaultsPostProcessor logTo | Devtools property defaults active! Set 'spring.devtools.add-properties' to 'false' to disable
  [2022-05-11 17:13:39,105], , [restartedMain], user-management-service, INFO  PostProcessorRegistrationDelegate$BeanPostProcessorChecker postProcessAfterInitialization | Bean 'org.springframework.cloud.autoconfigure.ConfigurationPropertiesRebinderAutoConfiguration' of type [org.springframework.cloud.autoconfigure.ConfigurationPropertiesRebinderAutoConfiguration$$EnhancerBySpringCGLIB$$dcaa5f74] is not eligible for getting processed by all BeanPostProcessors (for example: not eligible for auto-proxying)
  [2022-05-11 17:13:39,781], , [restartedMain], user-management-service, INFO  ConfigServicePropertySourceLocator getRemoteEnvironment | Fetching config from server at : http://172.30.151.100:51000/config
  [2022-05-11 17:13:41,670], , [restartedMain], user-management-service, INFO  ConfigServicePropertySourceLocator log | Located environment: name=user-management-service, profiles=[dev], label=1.0.0, version=227, state=null
  [2022-05-11 17:13:41,671], , [restartedMain], user-management-service, INFO  PropertySourceBootstrapConfiguration initialize | Located property source: CompositePropertySource {name='configService', propertySources=[MapPropertySource {name='configClient'}, MapPropertySource {name='http://172.16.11.166/telemed-ivv/branches/1.0.0/application-dev.properties'}]}
  [2022-05-11 17:13:41,742], , [restartedMain], user-management-service, INFO  UserManagementServiceApplication logStartupProfileInfo | The following profiles are active: dev
  [2022-05-11 17:13:43,312], , [restartedMain], user-management-service, INFO  RepositoryConfigurationDelegate registerRepositoriesIn | Bootstrapping Spring Data repositories in DEFAULT mode.
  [2022-05-11 17:13:43,464], , [restartedMain], user-management-service, INFO  RepositoryConfigurationDelegate registerRepositoriesIn | Finished Spring Data repository scanning in 145ms. Found 22 repository interfaces.
  [2022-05-11 17:13:44,570], , [restartedMain], user-management-service, INFO  GenericScope setSerializationId | BeanFactory id=d917c291-3002-3b7d-bda5-40052482d277
  [2022-05-11 17:13:46,149], , [restartedMain], user-management-service, INFO  PostProcessorRegistrationDelegate$BeanPostProcessorChecker postProcessAfterInitialization | Bean 'org.springframework.transaction.annotation.ProxyTransactionManagementConfiguration' of type [org.springframework.transaction.annotation.ProxyTransactionManagementConfiguration$$EnhancerBySpringCGLIB$$c0905c77] is not eligible for getting processed by all BeanPostProcessors (for example: not eligible for auto-proxying)
  [2022-05-11 17:13:46,513], , [restartedMain], user-management-service, INFO  PostProcessorRegistrationDelegate$BeanPostProcessorChecker postProcessAfterInitialization | Bean 'org.springframework.cloud.autoconfigure.ConfigurationPropertiesRebinderAutoConfiguration' of type [org.springframework.cloud.autoconfigure.ConfigurationPropertiesRebinderAutoConfiguration$$EnhancerBySpringCGLIB$$dcaa5f74] is not eligible for getting processed by all BeanPostProcessors (for example: not eligible for auto-proxying)
  [2022-05-11 17:13:49,131], , [restartedMain], user-management-service, INFO  TomcatWebServer initialize | Tomcat initialized with port(s): 7072 (http)
  [2022-05-11 17:13:49,441], , [restartedMain], user-management-service, INFO  Http11NioProtocol log | Initializing ProtocolHandler ["http-nio-7072"]
  [2022-05-11 17:13:49,456], , [restartedMain], user-management-service, INFO  StandardService log | Starting service [Tomcat]
  [2022-05-11 17:13:49,457], , [restartedMain], user-management-service, INFO  StandardEngine log | Starting Servlet engine: [Apache Tomcat/9.0.16]
  [2022-05-11 17:13:49,477], , [restartedMain], user-management-service, INFO  AprLifecycleListener log | The APR based Apache Tomcat Native library which allows optimal performance in production environments was not found on the java.library.path: [D:\Softwares\eclipse-jee-2020-12-R-win32-x86_64\eclipse\plugins\org.eclipse.justj.openjdk.hotspot.jre.full.win32.x86_64_15.0.1.v20201027-0507\jre\bin;C:\Windows\Sun\Java\bin;C:\Windows\system32;C:\Windows;D:/Softwares/eclipse-jee-2020-12-R-win32-x86_64/eclipse//plugins/org.eclipse.justj.openjdk.hotspot.jre.full.win32.x86_64_15.0.1.v20201027-0507/jre/bin/server;D:/Softwares/eclipse-jee-2020-12-R-win32-x86_64/eclipse//plugins/org.eclipse.justj.openjdk.hotspot.jre.full.win32.x86_64_15.0.1.v20201027-0507/jre/bin;C:\Program Files\Common Files\Oracle\Java\javapath;C:\Program Files (x86)\Common Files\Oracle\Java\javapath;C:\Windows\system32;C:\Windows;C:\Windows\System32\Wbem;C:\Windows\System32\WindowsPowerShell\v1.0\;C:\Windows\System32\OpenSSH\;C:\Program Files (x86)\CrSSL\bin;C:\Program Files\TortoiseSVN\bin;D:\Softwares\apache-maven-3.6.1\bin;C:\Program Files\TortoiseGit\bin;C:\Program Files\Git\cmd;C:\Program Files\Java\jdk1.8.0_201\bin;C:\Users\DELL\AppData\Local\Microsoft\WindowsApps;;D:\Softwares\eclipse-jee-2020-12-R-win32-x86_64\eclipse;;.]
  [2022-05-11 17:13:49,658], , [restartedMain], user-management-service, INFO  [/usermanagement/v1/user] log | Initializing Spring embedded WebApplicationContext
  [2022-05-11 17:13:49,659], , [restartedMain], user-management-service, INFO  ContextLoader prepareWebApplicationContext | Root WebApplicationContext: initialization completed in 7906 ms
  [2022-05-11 17:13:51,421], , [restartedMain], user-management-service, INFO  HikariDataSource getConnection | HikariPool-1 - Starting...
  [2022-05-11 17:13:52,803], , [restartedMain], user-management-service, INFO  HikariDataSource getConnection | HikariPool-1 - Start completed.
  [2022-05-11 17:13:52,906], , [restartedMain], user-management-service, INFO  LogHelper logPersistenceUnitInformation | HHH000204: Processing PersistenceUnitInfo [
	name: default
	...]
  [2022-05-11 17:13:53,024], , [restartedMain], user-management-service, INFO  Version logVersion | HHH000412: Hibernate Core {5.3.7.Final}
  [2022-05-11 17:13:53,026], , [restartedMain], user-management-service, INFO  Environment <clinit> | HHH000206: hibernate.properties not found
  [2022-05-11 17:13:53,669], , [restartedMain], user-management-service, INFO  Version <clinit> | HCANN000001: Hibernate Commons Annotations {5.0.4.Final}
  [2022-05-11 17:13:53,917], , [restartedMain], user-management-service, INFO  Dialect <init> | HHH000400: Using dialect: org.hibernate.dialect.PostgreSQLDialect
  [2022-05-11 17:13:53,936], , [restartedMain], user-management-service, INFO  LobCreatorBuilderImpl makeLobCreatorBuilder | HHH000422: Disabling contextual LOB creation as connection was null
  [2022-05-11 17:13:53,943], , [restartedMain], user-management-service, INFO  BasicTypeRegistry register | HHH000270: Type registration [java.util.UUID] overrides previous : org.hibernate.type.UUIDBinaryType@46e1f738
  [2022-05-11 17:14:04,928], , [restartedMain], user-management-service, INFO  QueryTranslatorFactoryInitiator initiateService | HHH000397: Using ASTQueryTranslatorFactory
  [2022-05-11 17:14:05,054], , [restartedMain], user-management-service, INFO  LocalContainerEntityManagerFactoryBean buildNativeEntityManagerFactory | Initialized JPA EntityManagerFactory for persistence unit 'default'
  [2022-05-11 17:14:05,248], , [restartedMain], user-management-service, INFO  OptionalLiveReloadServer startServer | LiveReload server is running on port 35729
  [2022-05-11 17:14:08,537], , [restartedMain], user-management-service, INFO  LoggingAspect profileAllMethods | Start of CustomInterceptorAppConfig.corsConfigurationSource
  [2022-05-11 17:14:08,660], , [restartedMain], user-management-service, INFO  LoggingAspect profileAllMethods | END of CustomInterceptorAppConfig.corsConfigurationSource
  [2022-05-11 17:14:08,664], , [restartedMain], user-management-service, INFO  LoggingAspect profileAllMethods | Execution time of CustomInterceptorAppConfig.corsConfigurationSource :: 129 ms
  [2022-05-11 17:14:09,318], , [restartedMain], user-management-service, INFO  ThreadPoolTaskExecutor initialize | Initializing ExecutorService 'applicationTaskExecutor'
  [2022-05-11 17:14:09,456], , [restartedMain], user-management-service, INFO  LoggingAspect profileAllMethods | Start of CustomInterceptorAppConfig.addInterceptors
  [2022-05-11 17:14:09,458], , [restartedMain], user-management-service, INFO  LoggingAspect profileAllMethods | END of CustomInterceptorAppConfig.addInterceptors
  [2022-05-11 17:14:09,458], , [restartedMain], user-management-service, INFO  LoggingAspect profileAllMethods | Execution time of CustomInterceptorAppConfig.addInterceptors :: 2 ms
  [2022-05-11 17:14:09,462], , [restartedMain], user-management-service, WARN  JpaBaseConfiguration$JpaWebConfiguration$JpaWebMvcConfiguration openEntityManagerInViewInterceptor | spring.jpa.open-in-view is enabled by default. Therefore, database queries may be performed during view rendering. Explicitly configure spring.jpa.open-in-view to disable this warning
  [2022-05-11 17:14:10,736], , [restartedMain], user-management-service, INFO  EndpointLinksResolver <init> | Exposing 2 endpoint(s) beneath base path '/actuator'
  [2022-05-11 17:14:10,867], , [restartedMain], user-management-service, INFO  Http11NioProtocol log | Starting ProtocolHandler ["http-nio-7072"]
  [2022-05-11 17:14:10,902], , [restartedMain], user-management-service, INFO  TomcatWebServer start | Tomcat started on port(s): 7072 (http) with context path '/usermanagement/v1/user'
  [2022-05-11 17:14:10,969], , [restartedMain], user-management-service, INFO  UserManagementServiceApplication logStarted | Started UserManagementServiceApplication in 33.068 seconds (JVM running for 35.214)
  [2022-05-11 17:15:08,586], , [http-nio-7072-exec-2], user-management-service, INFO  [/usermanagement/v1/user] log | Initializing Spring DispatcherServlet 'dispatcherServlet'
  [2022-05-11 17:15:08,587], , [http-nio-7072-exec-2], user-management-service, INFO  DispatcherServlet initServletBean | Initializing Servlet 'dispatcherServlet'
  [2022-05-11 17:15:08,622], , [http-nio-7072-exec-2], user-management-service, INFO  DispatcherServlet initServletBean | Completed initialization in 35 ms
6b87254ed727ac5c 6b87254ed727ac5c [2022-05-11 17:15:08,654], , [http-nio-7072-exec-2], user-management-service, INFO  LoggingAspect profileAllMethods | Start of CustomInterceptor.preHandle
6b87254ed727ac5c 6b87254ed727ac5c [2022-05-11 17:15:08,661], , [http-nio-7072-exec-2], user-management-service, INFO  LoggingAspect profileAllMethods | END of CustomInterceptor.preHandle
6b87254ed727ac5c 6b87254ed727ac5c [2022-05-11 17:15:08,662], , [http-nio-7072-exec-2], user-management-service, INFO  LoggingAspect profileAllMethods | Execution time of CustomInterceptor.preHandle :: 8 ms
6b87254ed727ac5c 6b87254ed727ac5c [2022-05-11 17:15:08,750], 0:0:0:0:0:0:0:1, [http-nio-7072-exec-2], user-management-service, INFO  LoggingAspect profileAllMethods | Start of LoginController.userlogin
6b87254ed727ac5c 6b87254ed727ac5c [2022-05-11 17:15:08,771], 0:0:0:0:0:0:0:1, [http-nio-7072-exec-2], user-management-service, INFO  LoginController userlogin | User Sign in Request Received
6b87254ed727ac5c 6b87254ed727ac5c [2022-05-11 17:15:08,772], 0:0:0:0:0:0:0:1, [http-nio-7072-exec-2], user-management-service, INFO  LoggingAspect profileAllMethods | Start of LoginServiceImpl.verifyCaptcha
6b87254ed727ac5c 6b87254ed727ac5c [2022-05-11 17:15:08,785], 0:0:0:0:0:0:0:1, [http-nio-7072-exec-2], user-management-service, INFO  LoginServiceImpl verifyCaptcha | Captcha Verification Api called
6b87254ed727ac5c 6b87254ed727ac5c [2022-05-11 17:15:09,113], 0:0:0:0:0:0:0:1, [http-nio-7072-exec-2], user-management-service, INFO  LoginServiceImpl verifyCaptcha | captcha responsee received
6b87254ed727ac5c 6b87254ed727ac5c [2022-05-11 17:15:09,114], 0:0:0:0:0:0:0:1, [http-nio-7072-exec-2], user-management-service, INFO  LoginServiceImpl verifyCaptcha | captcha verification : SUCCESS
6b87254ed727ac5c 6b87254ed727ac5c [2022-05-11 17:15:09,117], 0:0:0:0:0:0:0:1, [http-nio-7072-exec-2], user-management-service, INFO  LoggingAspect profileAllMethods | END of LoginServiceImpl.verifyCaptcha
6b87254ed727ac5c 6b87254ed727ac5c [2022-05-11 17:15:09,118], 0:0:0:0:0:0:0:1, [http-nio-7072-exec-2], user-management-service, INFO  LoggingAspect profileAllMethods | Execution time of LoginServiceImpl.verifyCaptcha :: 346 ms
6b87254ed727ac5c 6b87254ed727ac5c [2022-05-11 17:15:09,248], 0:0:0:0:0:0:0:1, [http-nio-7072-exec-2], user-management-service, INFO  LoggingAspect profileAllMethods | Start of LoginServiceImpl.userLoginService
6b87254ed727ac5c 6b87254ed727ac5c [2022-05-11 17:15:09,250], 0:0:0:0:0:0:0:1, [http-nio-7072-exec-2], user-management-service, INFO  LoggingAspect profileAllMethods | Start of LoginUserRepo.findByUserIdOrMobile
6b87254ed727ac5c 6b87254ed727ac5c [2022-05-11 17:15:09,634], 0:0:0:0:0:0:0:1, [http-nio-7072-exec-2], user-management-service, INFO  LoggingAspect profileAllMethods | END of LoginUserRepo.findByUserIdOrMobile
6b87254ed727ac5c 6b87254ed727ac5c [2022-05-11 17:15:09,634], 0:0:0:0:0:0:0:1, [http-nio-7072-exec-2], user-management-service, INFO  LoggingAspect profileAllMethods | Execution time of LoginUserRepo.findByUserIdOrMobile :: 384 ms
6b87254ed727ac5c 6b87254ed727ac5c [2022-05-11 17:15:09,635], 0:0:0:0:0:0:0:1, [http-nio-7072-exec-2], user-management-service, INFO  LoginServiceImpl userLoginService | Getting user Data from database on the basis of userId
6b87254ed727ac5c 6b87254ed727ac5c [2022-05-11 17:15:09,647], 0:0:0:0:0:0:0:1, [http-nio-7072-exec-2], user-management-service, INFO  LoggingAspect profileAllMethods | Start of AuditServiceImpl.auditloginService
6b87254ed727ac5c 6b87254ed727ac5c [2022-05-11 17:15:09,664], 0:0:0:0:0:0:0:1, [http-nio-7072-exec-2], user-management-service, INFO  LoggingAspect profileAllMethods | Start of JpaRepository.saveAndFlush
6b87254ed727ac5c 6b87254ed727ac5c [2022-05-11 17:15:09,997], 0:0:0:0:0:0:0:1, [http-nio-7072-exec-2], user-management-service, INFO  LoggingAspect profileAllMethods | END of JpaRepository.saveAndFlush
6b87254ed727ac5c 6b87254ed727ac5c [2022-05-11 17:15:09,998], 0:0:0:0:0:0:0:1, [http-nio-7072-exec-2], user-management-service, INFO  LoggingAspect profileAllMethods | Execution time of JpaRepository.saveAndFlush :: 334 ms
6b87254ed727ac5c 6b87254ed727ac5c [2022-05-11 17:15:09,998], 0:0:0:0:0:0:0:1, [http-nio-7072-exec-2], user-management-service, INFO  LoggingAspect profileAllMethods | END of AuditServiceImpl.auditloginService
6b87254ed727ac5c 6b87254ed727ac5c [2022-05-11 17:15:09,999], 0:0:0:0:0:0:0:1, [http-nio-7072-exec-2], user-management-service, INFO  LoggingAspect profileAllMethods | Execution time of AuditServiceImpl.auditloginService :: 352 ms
6b87254ed727ac5c 6b87254ed727ac5c [2022-05-11 17:15:10,001], 0:0:0:0:0:0:0:1, [http-nio-7072-exec-2], user-management-service, INFO  LoggingAspect profileAllMethods | Start of LoginUserRepo.updateValidationAttemptCount
6b87254ed727ac5c 6b87254ed727ac5c [2022-05-11 17:15:10,159], 0:0:0:0:0:0:0:1, [http-nio-7072-exec-2], user-management-service, INFO  LoggingAspect profileAllMethods | END of LoginUserRepo.updateValidationAttemptCount
6b87254ed727ac5c 6b87254ed727ac5c [2022-05-11 17:15:10,159], 0:0:0:0:0:0:0:1, [http-nio-7072-exec-2], user-management-service, INFO  LoggingAspect profileAllMethods | Execution time of LoginUserRepo.updateValidationAttemptCount :: 158 ms
6b87254ed727ac5c 6b87254ed727ac5c [2022-05-11 17:15:10,160], 0:0:0:0:0:0:0:1, [http-nio-7072-exec-2], user-management-service, ERROR LoginServiceImpl userLoginService | user password validation : Failed
6b87254ed727ac5c 6b87254ed727ac5c [2022-05-11 17:15:10,305], 0:0:0:0:0:0:0:1, [http-nio-7072-exec-2], user-management-service, INFO  LoggingAspect profileAllMethods | Start of ExceptionControllerAdvisor.getUserValidity
6b87254ed727ac5c 6b87254ed727ac5c [2022-05-11 17:15:10,311], 0:0:0:0:0:0:0:1, [http-nio-7072-exec-2], user-management-service, ERROR ExceptionControllerAdvisor getUserValidity | Exception occured : Login failed due to invalid credentials.Please try again.
6b87254ed727ac5c 6b87254ed727ac5c [2022-05-11 17:15:10,311], 0:0:0:0:0:0:0:1, [http-nio-7072-exec-2], user-management-service, INFO  LoggingAspect profileAllMethods | END of ExceptionControllerAdvisor.getUserValidity
6b87254ed727ac5c 6b87254ed727ac5c [2022-05-11 17:15:10,312], 0:0:0:0:0:0:0:1, [http-nio-7072-exec-2], user-management-service, INFO  LoggingAspect profileAllMethods | Execution time of ExceptionControllerAdvisor.getUserValidity :: 7 ms
6b87254ed727ac5c 6b87254ed727ac5c [2022-05-11 17:15:10,334], 0:0:0:0:0:0:0:1, [http-nio-7072-exec-2], user-management-service, INFO  LoggingAspect profileAllMethods | Start of CustomResponseBodyAdvice.supports
6b87254ed727ac5c 6b87254ed727ac5c [2022-05-11 17:15:10,341], 0:0:0:0:0:0:0:1, [http-nio-7072-exec-2], user-management-service, INFO  LoggingAspect profileAllMethods | END of CustomResponseBodyAdvice.supports
6b87254ed727ac5c 6b87254ed727ac5c [2022-05-11 17:15:10,341], 0:0:0:0:0:0:0:1, [http-nio-7072-exec-2], user-management-service, INFO  LoggingAspect profileAllMethods | Execution time of CustomResponseBodyAdvice.supports :: 7 ms
6b87254ed727ac5c 6b87254ed727ac5c [2022-05-11 17:15:10,356], 0:0:0:0:0:0:0:1, [http-nio-7072-exec-2], user-management-service, WARN  ExceptionHandlerExceptionResolver logException | Resolved [com.nsdl.auth.exception.DateParsingException]
6b87254ed727ac5c 6b87254ed727ac5c [2022-05-11 17:15:10,361], 0:0:0:0:0:0:0:1, [http-nio-7072-exec-2], user-management-service, INFO  LoggingAspect profileAllMethods | Start of CustomInterceptor.afterCompletion
6b87254ed727ac5c 6b87254ed727ac5c [2022-05-11 17:15:10,362], 0:0:0:0:0:0:0:1, [http-nio-7072-exec-2], user-management-service, INFO  LoggingAspect profileAllMethods | END of CustomInterceptor.afterCompletion
6b87254ed727ac5c 6b87254ed727ac5c [2022-05-11 17:15:10,363], 0:0:0:0:0:0:0:1, [http-nio-7072-exec-2], user-management-service, INFO  LoggingAspect profileAllMethods | Execution time of CustomInterceptor.afterCompletion :: 2 ms
  [2022-05-11 17:19:12,618], , [RMI TCP Connection(9)-127.0.0.1], user-management-service, INFO  SpringApplicationAdminMXBeanRegistrar$SpringApplicationAdmin shutdown | Application shutdown requested.
  [2022-05-11 17:19:13,079], , [RMI TCP Connection(9)-127.0.0.1], user-management-service, INFO  ThreadPoolTaskExecutor shutdown | Shutting down ExecutorService 'applicationTaskExecutor'
  [2022-05-11 17:19:13,123], , [RMI TCP Connection(9)-127.0.0.1], user-management-service, INFO  LocalContainerEntityManagerFactoryBean destroy | Closing JPA EntityManagerFactory for persistence unit 'default'
  [2022-05-11 17:19:13,757], , [RMI TCP Connection(9)-127.0.0.1], user-management-service, INFO  HikariDataSource close | HikariPool-1 - Shutdown initiated...
  [2022-05-11 17:19:13,964], , [RMI TCP Connection(9)-127.0.0.1], user-management-service, INFO  HikariDataSource close | HikariPool-1 - Shutdown completed.
  [2022-05-11 17:19:14,053], , [RMI TCP Connection(9)-127.0.0.1], user-management-service, INFO  Http11NioProtocol log | Pausing ProtocolHandler ["http-nio-7072"]
  [2022-05-11 17:19:14,210], , [RMI TCP Connection(9)-127.0.0.1], user-management-service, INFO  StandardService log | Stopping service [Tomcat]
  [2022-05-11 17:19:14,246], , [RMI TCP Connection(9)-127.0.0.1], user-management-service, INFO  [/usermanagement/v1/user] log | Destroying Spring FrameworkServlet 'dispatcherServlet'
  [2022-05-11 17:19:14,318], , [RMI TCP Connection(9)-127.0.0.1], user-management-service, INFO  Http11NioProtocol log | Stopping ProtocolHandler ["http-nio-7072"]
  [2022-05-11 17:19:14,356], , [RMI TCP Connection(9)-127.0.0.1], user-management-service, INFO  Http11NioProtocol log | Destroying ProtocolHandler ["http-nio-7072"]
  [2022-05-11 17:19:30,464], , [restartedMain], user-management-service, INFO  DevToolsPropertyDefaultsPostProcessor logTo | Devtools property defaults active! Set 'spring.devtools.add-properties' to 'false' to disable
  [2022-05-11 17:19:30,841], , [restartedMain], user-management-service, INFO  PostProcessorRegistrationDelegate$BeanPostProcessorChecker postProcessAfterInitialization | Bean 'org.springframework.cloud.autoconfigure.ConfigurationPropertiesRebinderAutoConfiguration' of type [org.springframework.cloud.autoconfigure.ConfigurationPropertiesRebinderAutoConfiguration$$EnhancerBySpringCGLIB$$35a3bc2] is not eligible for getting processed by all BeanPostProcessors (for example: not eligible for auto-proxying)
  [2022-05-11 17:19:31,176], , [restartedMain], user-management-service, INFO  ConfigServicePropertySourceLocator getRemoteEnvironment | Fetching config from server at : http://172.30.151.100:51000/config
  [2022-05-11 17:19:32,666], , [restartedMain], user-management-service, INFO  ConfigServicePropertySourceLocator log | Located environment: name=user-management-service, profiles=[dev], label=1.0.0, version=227, state=null
  [2022-05-11 17:19:32,667], , [restartedMain], user-management-service, INFO  PropertySourceBootstrapConfiguration initialize | Located property source: CompositePropertySource {name='configService', propertySources=[MapPropertySource {name='configClient'}, MapPropertySource {name='http://172.16.11.166/telemed-ivv/branches/1.0.0/application-dev.properties'}]}
  [2022-05-11 17:19:32,760], , [restartedMain], user-management-service, INFO  UserManagementServiceApplication logStartupProfileInfo | The following profiles are active: dev
  [2022-05-11 17:19:34,430], , [restartedMain], user-management-service, INFO  RepositoryConfigurationDelegate registerRepositoriesIn | Bootstrapping Spring Data repositories in DEFAULT mode.
  [2022-05-11 17:19:34,647], , [restartedMain], user-management-service, INFO  RepositoryConfigurationDelegate registerRepositoriesIn | Finished Spring Data repository scanning in 206ms. Found 22 repository interfaces.
  [2022-05-11 17:19:35,146], , [restartedMain], user-management-service, INFO  GenericScope setSerializationId | BeanFactory id=d917c291-3002-3b7d-bda5-40052482d277
  [2022-05-11 17:19:35,577], , [restartedMain], user-management-service, INFO  PostProcessorRegistrationDelegate$BeanPostProcessorChecker postProcessAfterInitialization | Bean 'org.springframework.transaction.annotation.ProxyTransactionManagementConfiguration' of type [org.springframework.transaction.annotation.ProxyTransactionManagementConfiguration$$EnhancerBySpringCGLIB$$e74038c5] is not eligible for getting processed by all BeanPostProcessors (for example: not eligible for auto-proxying)
  [2022-05-11 17:19:35,651], , [restartedMain], user-management-service, INFO  PostProcessorRegistrationDelegate$BeanPostProcessorChecker postProcessAfterInitialization | Bean 'org.springframework.cloud.autoconfigure.ConfigurationPropertiesRebinderAutoConfiguration' of type [org.springframework.cloud.autoconfigure.ConfigurationPropertiesRebinderAutoConfiguration$$EnhancerBySpringCGLIB$$35a3bc2] is not eligible for getting processed by all BeanPostProcessors (for example: not eligible for auto-proxying)
  [2022-05-11 17:19:36,720], , [restartedMain], user-management-service, INFO  TomcatWebServer initialize | Tomcat initialized with port(s): 7072 (http)
  [2022-05-11 17:19:36,742], , [restartedMain], user-management-service, INFO  Http11NioProtocol log | Initializing ProtocolHandler ["http-nio-7072"]
  [2022-05-11 17:19:36,754], , [restartedMain], user-management-service, INFO  StandardService log | Starting service [Tomcat]
  [2022-05-11 17:19:36,754], , [restartedMain], user-management-service, INFO  StandardEngine log | Starting Servlet engine: [Apache Tomcat/9.0.16]
  [2022-05-11 17:19:36,769], , [restartedMain], user-management-service, INFO  AprLifecycleListener log | The APR based Apache Tomcat Native library which allows optimal performance in production environments was not found on the java.library.path: [D:\Softwares\eclipse-jee-2020-12-R-win32-x86_64\eclipse\plugins\org.eclipse.justj.openjdk.hotspot.jre.full.win32.x86_64_15.0.1.v20201027-0507\jre\bin;C:\Windows\Sun\Java\bin;C:\Windows\system32;C:\Windows;D:\Softwares\eclipse-jee-2020-12-R-win32-x86_64\eclipse\plugins\org.eclipse.justj.openjdk.hotspot.jre.full.win32.x86_64_15.0.1.v20201027-0507\jre\bin;D:/Softwares/eclipse-jee-2020-12-R-win32-x86_64/eclipse//plugins/org.eclipse.justj.openjdk.hotspot.jre.full.win32.x86_64_15.0.1.v20201027-0507/jre/bin/server;D:/Softwares/eclipse-jee-2020-12-R-win32-x86_64/eclipse//plugins/org.eclipse.justj.openjdk.hotspot.jre.full.win32.x86_64_15.0.1.v20201027-0507/jre/bin;C:\Program Files\Common Files\Oracle\Java\javapath;C:\Program Files (x86)\Common Files\Oracle\Java\javapath;C:\Windows\system32;C:\Windows;C:\Windows\System32\Wbem;C:\Windows\System32\WindowsPowerShell\v1.0\;C:\Windows\System32\OpenSSH\;C:\Program Files (x86)\CrSSL\bin;C:\Program Files\TortoiseSVN\bin;D:\Softwares\apache-maven-3.6.1\bin;C:\Program Files\TortoiseGit\bin;C:\Program Files\Git\cmd;C:\Program Files\Java\jdk1.8.0_201\bin;C:\Users\DELL\AppData\Local\Microsoft\WindowsApps;;D:\Softwares\eclipse-jee-2020-12-R-win32-x86_64\eclipse;;.]
  [2022-05-11 17:19:36,936], , [restartedMain], user-management-service, INFO  [/usermanagement/v1/user] log | Initializing Spring embedded WebApplicationContext
  [2022-05-11 17:19:36,937], , [restartedMain], user-management-service, INFO  ContextLoader prepareWebApplicationContext | Root WebApplicationContext: initialization completed in 4151 ms
  [2022-05-11 17:19:38,642], , [restartedMain], user-management-service, INFO  HikariDataSource getConnection | HikariPool-1 - Starting...
  [2022-05-11 17:19:39,924], , [restartedMain], user-management-service, INFO  HikariDataSource getConnection | HikariPool-1 - Start completed.
  [2022-05-11 17:19:40,049], , [restartedMain], user-management-service, INFO  LogHelper logPersistenceUnitInformation | HHH000204: Processing PersistenceUnitInfo [
	name: default
	...]
  [2022-05-11 17:19:40,180], , [restartedMain], user-management-service, INFO  Version logVersion | HHH000412: Hibernate Core {5.3.7.Final}
  [2022-05-11 17:19:40,183], , [restartedMain], user-management-service, INFO  Environment <clinit> | HHH000206: hibernate.properties not found
  [2022-05-11 17:19:40,432], , [restartedMain], user-management-service, INFO  Version <clinit> | HCANN000001: Hibernate Commons Annotations {5.0.4.Final}
  [2022-05-11 17:19:40,775], , [restartedMain], user-management-service, INFO  Dialect <init> | HHH000400: Using dialect: org.hibernate.dialect.PostgreSQLDialect
  [2022-05-11 17:19:40,799], , [restartedMain], user-management-service, INFO  LobCreatorBuilderImpl makeLobCreatorBuilder | HHH000422: Disabling contextual LOB creation as connection was null
  [2022-05-11 17:19:40,807], , [restartedMain], user-management-service, INFO  BasicTypeRegistry register | HHH000270: Type registration [java.util.UUID] overrides previous : org.hibernate.type.UUIDBinaryType@49759b97
  [2022-05-11 17:19:51,855], , [restartedMain], user-management-service, INFO  QueryTranslatorFactoryInitiator initiateService | HHH000397: Using ASTQueryTranslatorFactory
  [2022-05-11 17:19:51,977], , [restartedMain], user-management-service, INFO  LocalContainerEntityManagerFactoryBean buildNativeEntityManagerFactory | Initialized JPA EntityManagerFactory for persistence unit 'default'
  [2022-05-11 17:19:52,184], , [restartedMain], user-management-service, INFO  OptionalLiveReloadServer startServer | LiveReload server is running on port 35729
  [2022-05-11 17:19:55,562], , [restartedMain], user-management-service, INFO  LoggingAspect profileAllMethods | Start of CustomInterceptorAppConfig.corsConfigurationSource
  [2022-05-11 17:19:55,573], , [restartedMain], user-management-service, INFO  LoggingAspect profileAllMethods | END of CustomInterceptorAppConfig.corsConfigurationSource
  [2022-05-11 17:19:55,574], , [restartedMain], user-management-service, INFO  LoggingAspect profileAllMethods | Execution time of CustomInterceptorAppConfig.corsConfigurationSource :: 12 ms
  [2022-05-11 17:19:56,085], , [restartedMain], user-management-service, INFO  ThreadPoolTaskExecutor initialize | Initializing ExecutorService 'applicationTaskExecutor'
  [2022-05-11 17:19:56,247], , [restartedMain], user-management-service, INFO  LoggingAspect profileAllMethods | Start of CustomInterceptorAppConfig.addInterceptors
  [2022-05-11 17:19:56,248], , [restartedMain], user-management-service, INFO  LoggingAspect profileAllMethods | END of CustomInterceptorAppConfig.addInterceptors
  [2022-05-11 17:19:56,248], , [restartedMain], user-management-service, INFO  LoggingAspect profileAllMethods | Execution time of CustomInterceptorAppConfig.addInterceptors :: 1 ms
  [2022-05-11 17:19:56,252], , [restartedMain], user-management-service, WARN  JpaBaseConfiguration$JpaWebConfiguration$JpaWebMvcConfiguration openEntityManagerInViewInterceptor | spring.jpa.open-in-view is enabled by default. Therefore, database queries may be performed during view rendering. Explicitly configure spring.jpa.open-in-view to disable this warning
  [2022-05-11 17:19:57,621], , [restartedMain], user-management-service, INFO  EndpointLinksResolver <init> | Exposing 2 endpoint(s) beneath base path '/actuator'
  [2022-05-11 17:19:57,892], , [restartedMain], user-management-service, INFO  Http11NioProtocol log | Starting ProtocolHandler ["http-nio-7072"]
  [2022-05-11 17:19:57,953], , [restartedMain], user-management-service, INFO  TomcatWebServer start | Tomcat started on port(s): 7072 (http) with context path '/usermanagement/v1/user'
  [2022-05-11 17:19:57,958], , [restartedMain], user-management-service, INFO  UserManagementServiceApplication logStarted | Started UserManagementServiceApplication in 28.279 seconds (JVM running for 30.974)
  [2022-05-11 17:20:10,057], , [http-nio-7072-exec-1], user-management-service, INFO  [/usermanagement/v1/user] log | Initializing Spring DispatcherServlet 'dispatcherServlet'
  [2022-05-11 17:20:10,058], , [http-nio-7072-exec-1], user-management-service, INFO  DispatcherServlet initServletBean | Initializing Servlet 'dispatcherServlet'
  [2022-05-11 17:20:10,096], , [http-nio-7072-exec-1], user-management-service, INFO  DispatcherServlet initServletBean | Completed initialization in 38 ms
218772c104b120ce 218772c104b120ce [2022-05-11 17:20:10,131], , [http-nio-7072-exec-1], user-management-service, INFO  LoggingAspect profileAllMethods | Start of CustomInterceptor.preHandle
218772c104b120ce 218772c104b120ce [2022-05-11 17:20:10,139], , [http-nio-7072-exec-1], user-management-service, INFO  LoggingAspect profileAllMethods | END of CustomInterceptor.preHandle
218772c104b120ce 218772c104b120ce [2022-05-11 17:20:10,140], , [http-nio-7072-exec-1], user-management-service, INFO  LoggingAspect profileAllMethods | Execution time of CustomInterceptor.preHandle :: 9 ms
218772c104b120ce 218772c104b120ce [2022-05-11 17:20:10,271], 0:0:0:0:0:0:0:1, [http-nio-7072-exec-1], user-management-service, INFO  LoggingAspect profileAllMethods | Start of LoginController.userlogin
218772c104b120ce 218772c104b120ce [2022-05-11 17:20:10,292], 0:0:0:0:0:0:0:1, [http-nio-7072-exec-1], user-management-service, INFO  LoginController userlogin | User Sign in Request Received
218772c104b120ce 218772c104b120ce [2022-05-11 17:20:10,293], 0:0:0:0:0:0:0:1, [http-nio-7072-exec-1], user-management-service, INFO  LoggingAspect profileAllMethods | Start of LoginServiceImpl.verifyCaptcha
218772c104b120ce 218772c104b120ce [2022-05-11 17:20:10,317], 0:0:0:0:0:0:0:1, [http-nio-7072-exec-1], user-management-service, INFO  LoginServiceImpl verifyCaptcha | Captcha Verification Api called
218772c104b120ce 218772c104b120ce [2022-05-11 17:20:10,965], 0:0:0:0:0:0:0:1, [http-nio-7072-exec-1], user-management-service, INFO  LoginServiceImpl verifyCaptcha | captcha responsee received
218772c104b120ce 218772c104b120ce [2022-05-11 17:20:10,966], 0:0:0:0:0:0:0:1, [http-nio-7072-exec-1], user-management-service, INFO  LoginServiceImpl verifyCaptcha | captcha verification : SUCCESS
218772c104b120ce 218772c104b120ce [2022-05-11 17:20:10,966], 0:0:0:0:0:0:0:1, [http-nio-7072-exec-1], user-management-service, INFO  LoggingAspect profileAllMethods | END of LoginServiceImpl.verifyCaptcha
218772c104b120ce 218772c104b120ce [2022-05-11 17:20:10,967], 0:0:0:0:0:0:0:1, [http-nio-7072-exec-1], user-management-service, INFO  LoggingAspect profileAllMethods | Execution time of LoginServiceImpl.verifyCaptcha :: 674 ms
218772c104b120ce 218772c104b120ce [2022-05-11 17:20:31,805], 0:0:0:0:0:0:0:1, [http-nio-7072-exec-1], user-management-service, INFO  LoggingAspect profileAllMethods | Start of LoginServiceImpl.userLoginService
218772c104b120ce 218772c104b120ce [2022-05-11 17:20:40,715], 0:0:0:0:0:0:0:1, [http-nio-7072-exec-1], user-management-service, INFO  LoggingAspect profileAllMethods | Start of LoginUserRepo.findByUserIdOrMobile
218772c104b120ce 218772c104b120ce [2022-05-11 17:20:45,627], 0:0:0:0:0:0:0:1, [http-nio-7072-exec-1], user-management-service, INFO  LoggingAspect profileAllMethods | END of LoginUserRepo.findByUserIdOrMobile
218772c104b120ce 218772c104b120ce [2022-05-11 17:20:45,646], 0:0:0:0:0:0:0:1, [http-nio-7072-exec-1], user-management-service, INFO  LoggingAspect profileAllMethods | Execution time of LoginUserRepo.findByUserIdOrMobile :: 4930 ms
218772c104b120ce 218772c104b120ce [2022-05-11 17:20:59,880], 0:0:0:0:0:0:0:1, [http-nio-7072-exec-1], user-management-service, INFO  LoginServiceImpl userLoginService | Getting user Data from database on the basis of userId
218772c104b120ce 218772c104b120ce [2022-05-11 17:21:16,135], 0:0:0:0:0:0:0:1, [http-nio-7072-exec-1], user-management-service, INFO  LoggingAspect profileAllMethods | Start of AuditServiceImpl.auditloginService
218772c104b120ce 218772c104b120ce [2022-05-11 17:21:17,715], 0:0:0:0:0:0:0:1, [http-nio-7072-exec-1], user-management-service, INFO  LoggingAspect profileAllMethods | Start of JpaRepository.saveAndFlush
218772c104b120ce 218772c104b120ce [2022-05-11 17:21:19,697], 0:0:0:0:0:0:0:1, [http-nio-7072-exec-1], user-management-service, INFO  LoggingAspect profileAllMethods | END of JpaRepository.saveAndFlush
218772c104b120ce 218772c104b120ce [2022-05-11 17:21:19,715], 0:0:0:0:0:0:0:1, [http-nio-7072-exec-1], user-management-service, INFO  LoggingAspect profileAllMethods | Execution time of JpaRepository.saveAndFlush :: 1999 ms
218772c104b120ce 218772c104b120ce [2022-05-11 17:21:19,734], 0:0:0:0:0:0:0:1, [http-nio-7072-exec-1], user-management-service, INFO  LoggingAspect profileAllMethods | END of AuditServiceImpl.auditloginService
218772c104b120ce 218772c104b120ce [2022-05-11 17:21:19,753], 0:0:0:0:0:0:0:1, [http-nio-7072-exec-1], user-management-service, INFO  LoggingAspect profileAllMethods | Execution time of AuditServiceImpl.auditloginService :: 3619 ms
218772c104b120ce 218772c104b120ce [2022-05-11 17:21:21,424], 0:0:0:0:0:0:0:1, [http-nio-7072-exec-1], user-management-service, INFO  LoggingAspect profileAllMethods | Start of LoginUserRepo.updateValidationAttemptCount
218772c104b120ce 218772c104b120ce [2022-05-11 17:21:22,061], 0:0:0:0:0:0:0:1, [http-nio-7072-exec-1], user-management-service, INFO  LoggingAspect profileAllMethods | END of LoginUserRepo.updateValidationAttemptCount
218772c104b120ce 218772c104b120ce [2022-05-11 17:21:22,081], 0:0:0:0:0:0:0:1, [http-nio-7072-exec-1], user-management-service, INFO  LoggingAspect profileAllMethods | Execution time of LoginUserRepo.updateValidationAttemptCount :: 658 ms
218772c104b120ce 218772c104b120ce [2022-05-11 17:21:27,092], 0:0:0:0:0:0:0:1, [http-nio-7072-exec-1], user-management-service, ERROR LoginServiceImpl userLoginService | user password validation : Failed
218772c104b120ce 218772c104b120ce [2022-05-11 17:22:44,440], 0:0:0:0:0:0:0:1, [http-nio-7072-exec-1], user-management-service, INFO  LoggingAspect profileAllMethods | Start of ExceptionControllerAdvisor.getUserValidity
218772c104b120ce 218772c104b120ce [2022-05-11 17:22:44,506], 0:0:0:0:0:0:0:1, [http-nio-7072-exec-1], user-management-service, ERROR ExceptionControllerAdvisor getUserValidity | Exception occured : Login failed due to invalid credentials.Please try again.
218772c104b120ce 218772c104b120ce [2022-05-11 17:22:44,513], 0:0:0:0:0:0:0:1, [http-nio-7072-exec-1], user-management-service, INFO  LoggingAspect profileAllMethods | END of ExceptionControllerAdvisor.getUserValidity
218772c104b120ce 218772c104b120ce [2022-05-11 17:22:44,513], 0:0:0:0:0:0:0:1, [http-nio-7072-exec-1], user-management-service, INFO  LoggingAspect profileAllMethods | Execution time of ExceptionControllerAdvisor.getUserValidity :: 74 ms
218772c104b120ce 218772c104b120ce [2022-05-11 17:22:44,689], 0:0:0:0:0:0:0:1, [http-nio-7072-exec-1], user-management-service, INFO  LoggingAspect profileAllMethods | Start of CustomResponseBodyAdvice.supports
218772c104b120ce 218772c104b120ce [2022-05-11 17:22:44,705], 0:0:0:0:0:0:0:1, [http-nio-7072-exec-1], user-management-service, INFO  LoggingAspect profileAllMethods | END of CustomResponseBodyAdvice.supports
218772c104b120ce 218772c104b120ce [2022-05-11 17:22:44,706], 0:0:0:0:0:0:0:1, [http-nio-7072-exec-1], user-management-service, INFO  LoggingAspect profileAllMethods | Execution time of CustomResponseBodyAdvice.supports :: 17 ms
218772c104b120ce 218772c104b120ce [2022-05-11 17:22:44,799], 0:0:0:0:0:0:0:1, [http-nio-7072-exec-1], user-management-service, WARN  ExceptionHandlerExceptionResolver logException | Resolved [com.nsdl.auth.exception.DateParsingException]
218772c104b120ce 218772c104b120ce [2022-05-11 17:22:44,815], 0:0:0:0:0:0:0:1, [http-nio-7072-exec-1], user-management-service, INFO  LoggingAspect profileAllMethods | Start of CustomInterceptor.afterCompletion
218772c104b120ce 218772c104b120ce [2022-05-11 17:22:44,819], 0:0:0:0:0:0:0:1, [http-nio-7072-exec-1], user-management-service, INFO  LoggingAspect profileAllMethods | END of CustomInterceptor.afterCompletion
218772c104b120ce 218772c104b120ce [2022-05-11 17:22:44,821], 0:0:0:0:0:0:0:1, [http-nio-7072-exec-1], user-management-service, INFO  LoggingAspect profileAllMethods | Execution time of CustomInterceptor.afterCompletion :: 6 ms
e53f100e27587a45 e53f100e27587a45 [2022-05-11 17:25:38,443], , [http-nio-7072-exec-5], user-management-service, INFO  LoggingAspect profileAllMethods | Start of CustomInterceptor.preHandle
e53f100e27587a45 e53f100e27587a45 [2022-05-11 17:25:38,496], , [http-nio-7072-exec-5], user-management-service, INFO  LoggingAspect profileAllMethods | END of CustomInterceptor.preHandle
e53f100e27587a45 e53f100e27587a45 [2022-05-11 17:25:38,499], , [http-nio-7072-exec-5], user-management-service, INFO  LoggingAspect profileAllMethods | Execution time of CustomInterceptor.preHandle :: 63 ms
e53f100e27587a45 e53f100e27587a45 [2022-05-11 17:25:39,008], 0:0:0:0:0:0:0:1, [http-nio-7072-exec-5], user-management-service, INFO  LoggingAspect profileAllMethods | Start of LoginController.userlogin
e53f100e27587a45 e53f100e27587a45 [2022-05-11 17:25:39,023], 0:0:0:0:0:0:0:1, [http-nio-7072-exec-5], user-management-service, INFO  LoginController userlogin | User Sign in Request Received
e53f100e27587a45 e53f100e27587a45 [2022-05-11 17:25:39,141], 0:0:0:0:0:0:0:1, [http-nio-7072-exec-5], user-management-service, INFO  LoggingAspect profileAllMethods | Start of LoginServiceImpl.verifyCaptcha
e53f100e27587a45 e53f100e27587a45 [2022-05-11 17:25:39,149], 0:0:0:0:0:0:0:1, [http-nio-7072-exec-5], user-management-service, INFO  LoginServiceImpl verifyCaptcha | Captcha Verification Api called
e53f100e27587a45 e53f100e27587a45 [2022-05-11 17:25:39,851], 0:0:0:0:0:0:0:1, [http-nio-7072-exec-5], user-management-service, INFO  LoginServiceImpl verifyCaptcha | captcha responsee received
e53f100e27587a45 e53f100e27587a45 [2022-05-11 17:25:39,852], 0:0:0:0:0:0:0:1, [http-nio-7072-exec-5], user-management-service, INFO  LoginServiceImpl verifyCaptcha | captcha verification : SUCCESS
e53f100e27587a45 e53f100e27587a45 [2022-05-11 17:25:39,852], 0:0:0:0:0:0:0:1, [http-nio-7072-exec-5], user-management-service, INFO  LoggingAspect profileAllMethods | END of LoginServiceImpl.verifyCaptcha
e53f100e27587a45 e53f100e27587a45 [2022-05-11 17:25:39,854], 0:0:0:0:0:0:0:1, [http-nio-7072-exec-5], user-management-service, INFO  LoggingAspect profileAllMethods | Execution time of LoginServiceImpl.verifyCaptcha :: 713 ms
e53f100e27587a45 e53f100e27587a45 [2022-05-11 17:25:45,778], 0:0:0:0:0:0:0:1, [http-nio-7072-exec-5], user-management-service, INFO  LoggingAspect profileAllMethods | Start of LoginServiceImpl.userLoginService
e53f100e27587a45 e53f100e27587a45 [2022-05-11 17:25:49,546], 0:0:0:0:0:0:0:1, [http-nio-7072-exec-5], user-management-service, INFO  LoggingAspect profileAllMethods | Start of LoginUserRepo.findByUserIdOrMobile
e53f100e27587a45 e53f100e27587a45 [2022-05-11 17:25:50,456], 0:0:0:0:0:0:0:1, [http-nio-7072-exec-5], user-management-service, INFO  LoggingAspect profileAllMethods | END of LoginUserRepo.findByUserIdOrMobile
e53f100e27587a45 e53f100e27587a45 [2022-05-11 17:25:50,457], 0:0:0:0:0:0:0:1, [http-nio-7072-exec-5], user-management-service, INFO  LoggingAspect profileAllMethods | Execution time of LoginUserRepo.findByUserIdOrMobile :: 912 ms
e53f100e27587a45 e53f100e27587a45 [2022-05-11 17:26:05,945], 0:0:0:0:0:0:0:1, [http-nio-7072-exec-5], user-management-service, INFO  LoginServiceImpl userLoginService | Getting user Data from database on the basis of userId
  [2022-05-11 19:27:35,129], , [HikariPool-1 housekeeper], user-management-service, WARN  HikariPool run | HikariPool-1 - Thread starvation or clock leap detected (housekeeper delta=27m22s490ms579s100ns).
