  [2022-03-23 13:25:26,440], , [main], tele-marketplace, INFO  PostProcessorRegistrationDelegate$BeanPostProcessorChecker postProcessAfterInitialization | Bean 'org.springframework.cloud.autoconfigure.ConfigurationPropertiesRebinderAutoConfiguration' of type [org.springframework.cloud.autoconfigure.ConfigurationPropertiesRebinderAutoConfiguration$$EnhancerBySpringCGLIB$$7fe98c42] is not eligible for getting processed by all BeanPostProcessors (for example: not eligible for auto-proxying)
  [2022-03-23 13:25:27,152], , [main], tele-marketplace, INFO  ConfigServicePropertySourceLocator getRemoteEnvironment | Fetching config from server at : http://localhost:8888/config
  [2022-03-23 13:25:29,582], , [main], tele-marketplace, INFO  ConfigServicePropertySourceLocator getRemoteEnvironment | Connect Timeout Exception on Url - http://localhost:8888/config. Will be trying the next url if available
  [2022-03-23 13:25:29,585], , [main], tele-marketplace, WARN  ConfigServicePropertySourceLocator locate | Could not locate PropertySource: I/O error on GET request for "http://localhost:8888/config/tele-marketplace/dev/1.0.1": Connection refused: no further information; nested exception is java.net.ConnectException: Connection refused: no further information
  [2022-03-23 13:25:29,593], , [main], tele-marketplace, INFO  TeleMarketplaceApplication logStartupProfileInfo | The following profiles are active: dev
  [2022-03-23 13:25:30,990], , [main], tele-marketplace, INFO  RepositoryConfigurationDelegate registerRepositoriesIn | Bootstrapping Spring Data repositories in DEFAULT mode.
  [2022-03-23 13:25:31,074], , [main], tele-marketplace, INFO  RepositoryConfigurationDelegate registerRepositoriesIn | Finished Spring Data repository scanning in 72ms. Found 4 repository interfaces.
  [2022-03-23 13:25:31,385], , [main], tele-marketplace, INFO  GenericScope setSerializationId | BeanFactory id=39779bc2-06d6-3359-9b25-ab0690e57c08
  [2022-03-23 13:25:31,791], , [main], tele-marketplace, INFO  PostProcessorRegistrationDelegate$BeanPostProcessorChecker postProcessAfterInitialization | Bean 'org.springframework.transaction.annotation.ProxyTransactionManagementConfiguration' of type [org.springframework.transaction.annotation.ProxyTransactionManagementConfiguration$$EnhancerBySpringCGLIB$$63cf8945] is not eligible for getting processed by all BeanPostProcessors (for example: not eligible for auto-proxying)
  [2022-03-23 13:25:31,828], , [main], tele-marketplace, INFO  PostProcessorRegistrationDelegate$BeanPostProcessorChecker postProcessAfterInitialization | Bean 'org.springframework.cloud.autoconfigure.ConfigurationPropertiesRebinderAutoConfiguration' of type [org.springframework.cloud.autoconfigure.ConfigurationPropertiesRebinderAutoConfiguration$$EnhancerBySpringCGLIB$$7fe98c42] is not eligible for getting processed by all BeanPostProcessors (for example: not eligible for auto-proxying)
  [2022-03-23 13:25:35,807], , [main], tele-marketplace, INFO  TomcatWebServer initialize | Tomcat initialized with port(s): 7088 (http)
  [2022-03-23 13:25:35,831], , [main], tele-marketplace, INFO  Http11NioProtocol log | Initializing ProtocolHandler ["http-nio-7088"]
  [2022-03-23 13:25:35,845], , [main], tele-marketplace, INFO  StandardService log | Starting service [Tomcat]
  [2022-03-23 13:25:35,846], , [main], tele-marketplace, INFO  StandardEngine log | Starting Servlet engine: [Apache Tomcat/9.0.16]
  [2022-03-23 13:25:35,862], , [main], tele-marketplace, INFO  AprLifecycleListener log | The APR based Apache Tomcat Native library which allows optimal performance in production environments was not found on the java.library.path: [D:\Softwares\eclipse-jee-2020-12-R-win32-x86_64\eclipse\plugins\org.eclipse.justj.openjdk.hotspot.jre.full.win32.x86_64_15.0.1.v20201027-0507\jre\bin;C:\Windows\Sun\Java\bin;C:\Windows\system32;C:\Windows;D:/Softwares/eclipse-jee-2020-12-R-win32-x86_64/eclipse//plugins/org.eclipse.justj.openjdk.hotspot.jre.full.win32.x86_64_15.0.1.v20201027-0507/jre/bin/server;D:/Softwares/eclipse-jee-2020-12-R-win32-x86_64/eclipse//plugins/org.eclipse.justj.openjdk.hotspot.jre.full.win32.x86_64_15.0.1.v20201027-0507/jre/bin;C:\Program Files\Common Files\Oracle\Java\javapath;C:\Program Files (x86)\Common Files\Oracle\Java\javapath;C:\Windows\system32;C:\Windows;C:\Windows\System32\Wbem;C:\Windows\System32\WindowsPowerShell\v1.0\;C:\Windows\System32\OpenSSH\;C:\Program Files (x86)\CrSSL\bin;C:\Program Files\TortoiseSVN\bin;D:\Softwares\apache-maven-3.6.1\bin;C:\Program Files\TortoiseGit\bin;C:\Program Files\Git\cmd;C:\Program Files\Java\jdk1.8.0_201\bin;C:\Users\DELL\AppData\Local\Microsoft\WindowsApps;;D:\Softwares\eclipse-jee-2020-12-R-win32-x86_64\eclipse;;.]
  [2022-03-23 13:25:36,140], , [main], tele-marketplace, INFO  [/marketplace/v1] log | Initializing Spring embedded WebApplicationContext
  [2022-03-23 13:25:36,141], , [main], tele-marketplace, INFO  ContextLoader prepareWebApplicationContext | Root WebApplicationContext: initialization completed in 6432 ms
  [2022-03-23 13:25:36,695], , [main], tele-marketplace, WARN  AnnotationConfigServletWebServerApplicationContext refresh | Exception encountered during context initialization - cancelling refresh attempt: org.springframework.beans.factory.UnsatisfiedDependencyException: Error creating bean with name 'entityManagerFactory' defined in class path resource [org/springframework/boot/autoconfigure/orm/jpa/HibernateJpaConfiguration.class]: Unsatisfied dependency expressed through method 'entityManagerFactory' parameter 0; nested exception is org.springframework.beans.factory.UnsatisfiedDependencyException: Error creating bean with name 'entityManagerFactoryBuilder' defined in class path resource [org/springframework/boot/autoconfigure/orm/jpa/HibernateJpaConfiguration.class]: Unsatisfied dependency expressed through method 'entityManagerFactoryBuilder' parameter 0; nested exception is org.springframework.beans.factory.BeanCreationException: Error creating bean with name 'jpaVendorAdapter' defined in class path resource [org/springframework/boot/autoconfigure/orm/jpa/HibernateJpaConfiguration.class]: Bean instantiation via factory method failed; nested exception is org.springframework.beans.BeanInstantiationException: Failed to instantiate [org.springframework.orm.jpa.JpaVendorAdapter]: Factory method 'jpaVendorAdapter' threw exception; nested exception is org.springframework.beans.factory.BeanCreationException: Error creating bean with name 'scopedTarget.dataSource' defined in class path resource [org/springframework/boot/autoconfigure/jdbc/DataSourceConfiguration$Hikari.class]: Bean instantiation via factory method failed; nested exception is org.springframework.beans.BeanInstantiationException: Failed to instantiate [com.zaxxer.hikari.HikariDataSource]: Factory method 'dataSource' threw exception; nested exception is org.springframework.boot.autoconfigure.jdbc.DataSourceProperties$DataSourceBeanCreationException: Failed to determine a suitable driver class
  [2022-03-23 13:25:36,696], , [main], tele-marketplace, INFO  StandardService log | Stopping service [Tomcat]
  [2022-03-23 13:25:36,720], , [main], tele-marketplace, INFO  ConditionEvaluationReportLoggingListener logMessage | 

Error starting ApplicationContext. To display the conditions report re-run your application with 'debug' enabled.
  [2022-03-23 13:25:36,723], , [main], tele-marketplace, ERROR LoggingFailureAnalysisReporter report | 

***************************
APPLICATION FAILED TO START
***************************

Description:

Failed to configure a DataSource: 'url' attribute is not specified and no embedded datasource could be configured.

Reason: Failed to determine a suitable driver class


Action:

Consider the following:
	If you want an embedded database (H2, HSQL or Derby), please put it on the classpath.
	If you have database settings to be loaded from a particular profile you may need to activate it (no profiles are currently active).

  [2022-03-23 13:28:24,648], , [main], tele-marketplace, INFO  PostProcessorRegistrationDelegate$BeanPostProcessorChecker postProcessAfterInitialization | Bean 'org.springframework.cloud.autoconfigure.ConfigurationPropertiesRebinderAutoConfiguration' of type [org.springframework.cloud.autoconfigure.ConfigurationPropertiesRebinderAutoConfiguration$$EnhancerBySpringCGLIB$$e804c96] is not eligible for getting processed by all BeanPostProcessors (for example: not eligible for auto-proxying)
  [2022-03-23 13:28:24,936], , [main], tele-marketplace, INFO  ConfigServicePropertySourceLocator getRemoteEnvironment | Fetching config from server at : http://localhost:8888/config
  [2022-03-23 13:28:25,597], , [main], tele-marketplace, INFO  ConfigServicePropertySourceLocator log | Located environment: name=tele-marketplace, profiles=[dev], label=1.0.1, version=null, state=null
  [2022-03-23 13:28:25,597], , [main], tele-marketplace, INFO  PropertySourceBootstrapConfiguration initialize | Located property source: CompositePropertySource {name='configService', propertySources=[MapPropertySource {name='file:///D:/git-localconfig-repo/application-dev.properties'}]}
  [2022-03-23 13:28:25,638], , [main], tele-marketplace, INFO  TeleMarketplaceApplication logStartupProfileInfo | The following profiles are active: dev
  [2022-03-23 13:28:26,210], , [main], tele-marketplace, INFO  RepositoryConfigurationDelegate registerRepositoriesIn | Bootstrapping Spring Data repositories in DEFAULT mode.
  [2022-03-23 13:28:26,287], , [main], tele-marketplace, INFO  RepositoryConfigurationDelegate registerRepositoriesIn | Finished Spring Data repository scanning in 70ms. Found 4 repository interfaces.
  [2022-03-23 13:28:26,573], , [main], tele-marketplace, INFO  GenericScope setSerializationId | BeanFactory id=39779bc2-06d6-3359-9b25-ab0690e57c08
  [2022-03-23 13:28:26,814], , [main], tele-marketplace, INFO  PostProcessorRegistrationDelegate$BeanPostProcessorChecker postProcessAfterInitialization | Bean 'org.springframework.transaction.annotation.ProxyTransactionManagementConfiguration' of type [org.springframework.transaction.annotation.ProxyTransactionManagementConfiguration$$EnhancerBySpringCGLIB$$f2664999] is not eligible for getting processed by all BeanPostProcessors (for example: not eligible for auto-proxying)
  [2022-03-23 13:28:26,847], , [main], tele-marketplace, INFO  PostProcessorRegistrationDelegate$BeanPostProcessorChecker postProcessAfterInitialization | Bean 'org.springframework.cloud.autoconfigure.ConfigurationPropertiesRebinderAutoConfiguration' of type [org.springframework.cloud.autoconfigure.ConfigurationPropertiesRebinderAutoConfiguration$$EnhancerBySpringCGLIB$$e804c96] is not eligible for getting processed by all BeanPostProcessors (for example: not eligible for auto-proxying)
  [2022-03-23 13:28:27,283], , [main], tele-marketplace, INFO  TomcatWebServer initialize | Tomcat initialized with port(s): 7088 (http)
  [2022-03-23 13:28:27,304], , [main], tele-marketplace, INFO  Http11NioProtocol log | Initializing ProtocolHandler ["http-nio-7088"]
  [2022-03-23 13:28:27,312], , [main], tele-marketplace, INFO  StandardService log | Starting service [Tomcat]
  [2022-03-23 13:28:27,313], , [main], tele-marketplace, INFO  StandardEngine log | Starting Servlet engine: [Apache Tomcat/9.0.16]
  [2022-03-23 13:28:27,325], , [main], tele-marketplace, INFO  AprLifecycleListener log | The APR based Apache Tomcat Native library which allows optimal performance in production environments was not found on the java.library.path: [D:\Softwares\eclipse-jee-2020-12-R-win32-x86_64\eclipse\plugins\org.eclipse.justj.openjdk.hotspot.jre.full.win32.x86_64_15.0.1.v20201027-0507\jre\bin;C:\Windows\Sun\Java\bin;C:\Windows\system32;C:\Windows;D:/Softwares/eclipse-jee-2020-12-R-win32-x86_64/eclipse//plugins/org.eclipse.justj.openjdk.hotspot.jre.full.win32.x86_64_15.0.1.v20201027-0507/jre/bin/server;D:/Softwares/eclipse-jee-2020-12-R-win32-x86_64/eclipse//plugins/org.eclipse.justj.openjdk.hotspot.jre.full.win32.x86_64_15.0.1.v20201027-0507/jre/bin;C:\Program Files\Common Files\Oracle\Java\javapath;C:\Program Files (x86)\Common Files\Oracle\Java\javapath;C:\Windows\system32;C:\Windows;C:\Windows\System32\Wbem;C:\Windows\System32\WindowsPowerShell\v1.0\;C:\Windows\System32\OpenSSH\;C:\Program Files (x86)\CrSSL\bin;C:\Program Files\TortoiseSVN\bin;D:\Softwares\apache-maven-3.6.1\bin;C:\Program Files\TortoiseGit\bin;C:\Program Files\Git\cmd;C:\Program Files\Java\jdk1.8.0_201\bin;C:\Users\DELL\AppData\Local\Microsoft\WindowsApps;;D:\Softwares\eclipse-jee-2020-12-R-win32-x86_64\eclipse;;.]
  [2022-03-23 13:28:27,585], , [main], tele-marketplace, INFO  [/marketplace/v1] log | Initializing Spring embedded WebApplicationContext
  [2022-03-23 13:28:27,585], , [main], tele-marketplace, INFO  ContextLoader prepareWebApplicationContext | Root WebApplicationContext: initialization completed in 1936 ms
  [2022-03-23 13:28:27,987], , [main], tele-marketplace, INFO  HikariDataSource getConnection | HikariPool-1 - Starting...
  [2022-03-23 13:28:29,188], , [main], tele-marketplace, INFO  HikariDataSource getConnection | HikariPool-1 - Start completed.
  [2022-03-23 13:28:29,279], , [main], tele-marketplace, INFO  LogHelper logPersistenceUnitInformation | HHH000204: Processing PersistenceUnitInfo [
	name: default
	...]
  [2022-03-23 13:28:29,473], , [main], tele-marketplace, INFO  Version logVersion | HHH000412: Hibernate Core {5.3.7.Final}
  [2022-03-23 13:28:29,475], , [main], tele-marketplace, INFO  Environment <clinit> | HHH000206: hibernate.properties not found
  [2022-03-23 13:28:29,679], , [main], tele-marketplace, INFO  Version <clinit> | HCANN000001: Hibernate Commons Annotations {5.0.4.Final}
  [2022-03-23 13:28:29,850], , [main], tele-marketplace, INFO  Dialect <init> | HHH000400: Using dialect: org.hibernate.dialect.PostgreSQLDialect
  [2022-03-23 13:28:29,868], , [main], tele-marketplace, INFO  LobCreatorBuilderImpl makeLobCreatorBuilder | HHH000422: Disabling contextual LOB creation as connection was null
  [2022-03-23 13:28:29,875], , [main], tele-marketplace, INFO  BasicTypeRegistry register | HHH000270: Type registration [java.util.UUID] overrides previous : org.hibernate.type.UUIDBinaryType@7adff6cb
  [2022-03-23 13:28:39,644], , [main], tele-marketplace, INFO  LocalContainerEntityManagerFactoryBean buildNativeEntityManagerFactory | Initialized JPA EntityManagerFactory for persistence unit 'default'
  [2022-03-23 13:28:40,082], , [main], tele-marketplace, INFO  QueryTranslatorFactoryInitiator initiateService | HHH000397: Using ASTQueryTranslatorFactory
  [2022-03-23 13:28:40,697], , [main], tele-marketplace, INFO  ThreadPoolTaskExecutor initialize | Initializing ExecutorService 'applicationTaskExecutor'
  [2022-03-23 13:28:40,782], , [main], tele-marketplace, WARN  JpaBaseConfiguration$JpaWebConfiguration$JpaWebMvcConfiguration openEntityManagerInViewInterceptor | spring.jpa.open-in-view is enabled by default. Therefore, database queries may be performed during view rendering. Explicitly configure spring.jpa.open-in-view to disable this warning
  [2022-03-23 13:28:41,000], , [main], tele-marketplace, INFO  ThreadPoolTaskScheduler initialize | Initializing ExecutorService 'taskScheduler'
  [2022-03-23 13:28:41,500], , [main], tele-marketplace, INFO  Http11NioProtocol log | Starting ProtocolHandler ["http-nio-7088"]
  [2022-03-23 13:28:41,558], , [main], tele-marketplace, INFO  TomcatWebServer start | Tomcat started on port(s): 7088 (http) with context path '/marketplace/v1'
  [2022-03-23 13:28:41,718], , [main], tele-marketplace, INFO  TeleMarketplaceApplication logStarted | Started TeleMarketplaceApplication in 17.931 seconds (JVM running for 19.097)
  [2022-03-23 13:28:48,979], , [http-nio-7088-exec-3], tele-marketplace, INFO  [/marketplace/v1] log | Initializing Spring DispatcherServlet 'dispatcherServlet'
  [2022-03-23 13:28:48,980], , [http-nio-7088-exec-3], tele-marketplace, INFO  DispatcherServlet initServletBean | Initializing Servlet 'dispatcherServlet'
  [2022-03-23 13:28:49,001], , [http-nio-7088-exec-3], tele-marketplace, INFO  DispatcherServlet initServletBean | Completed initialization in 21 ms
4246f7d13cd9314d 4246f7d13cd9314d [2022-03-23 13:28:49,068], , [http-nio-7088-exec-3], tele-marketplace, INFO  TeleMarketPlaceController saveMarketPlaceDetails | Request Received to save market place details.
4246f7d13cd9314d 4246f7d13cd9314d [2022-03-23 13:28:49,070], , [http-nio-7088-exec-3], tele-marketplace, INFO  MarketPlaceServiceImpl validateMobileNumber | validate mobile number
4246f7d13cd9314d 4246f7d13cd9314d [2022-03-23 13:28:49,726], , [http-nio-7088-exec-3], tele-marketplace, INFO  TeleMarketPlaceController saveMarketPlaceDetails | Returning response
00db68737bc49530 00db68737bc49530 [2022-03-23 13:30:00,041], , [scheduling-1], tele-marketplace, INFO  SchedulerUtils scheduleTaskUsingCronExpression | scheduler running at 2022-03-23T13:30:00.041022300
  [2022-03-23 13:30:21,104], , [scheduling-1], tele-marketplace, ERROR TaskUtils$LoggingErrorHandler handleError | Unexpected error occurred in scheduled task.
org.springframework.web.client.ResourceAccessException: I/O error on POST request for "http://14.140.81.157/index.php": Connection timed out: connect; nested exception is java.net.ConnectException: Connection timed out: connect
	at org.springframework.web.client.RestTemplate.doExecute(RestTemplate.java:744)
	at org.springframework.web.client.RestTemplate.execute(RestTemplate.java:710)
	at org.springframework.web.client.RestTemplate.postForEntity(RestTemplate.java:463)
	at com.nsdl.telemedicine.scheduler.SchedulerUtils.getApiToken(SchedulerUtils.java:143)
	at com.nsdl.telemedicine.scheduler.SchedulerUtils.scheduleTaskUsingCronExpression(SchedulerUtils.java:63)
	at com.nsdl.telemedicine.scheduler.SchedulerUtils$$FastClassBySpringCGLIB$$da02cf9f.invoke(<generated>)
	at org.springframework.cglib.proxy.MethodProxy.invoke(MethodProxy.java:218)
	at org.springframework.aop.framework.CglibAopProxy$CglibMethodInvocation.invokeJoinpoint(CglibAopProxy.java:749)
	at org.springframework.aop.framework.ReflectiveMethodInvocation.proceed(ReflectiveMethodInvocation.java:163)
	at org.springframework.aop.aspectj.MethodInvocationProceedingJoinPoint.proceed(MethodInvocationProceedingJoinPoint.java:88)
	at org.springframework.cloud.sleuth.instrument.scheduling.TraceSchedulingAspect.traceBackgroundThread(TraceSchedulingAspect.java:73)
	at java.base/jdk.internal.reflect.NativeMethodAccessorImpl.invoke0(Native Method)
	at java.base/jdk.internal.reflect.NativeMethodAccessorImpl.invoke(NativeMethodAccessorImpl.java:64)
	at java.base/jdk.internal.reflect.DelegatingMethodAccessorImpl.invoke(DelegatingMethodAccessorImpl.java:43)
	at java.base/java.lang.reflect.Method.invoke(Method.java:564)
	at org.springframework.aop.aspectj.AbstractAspectJAdvice.invokeAdviceMethodWithGivenArgs(AbstractAspectJAdvice.java:644)
	at org.springframework.aop.aspectj.AbstractAspectJAdvice.invokeAdviceMethod(AbstractAspectJAdvice.java:633)
	at org.springframework.aop.aspectj.AspectJAroundAdvice.invoke(AspectJAroundAdvice.java:70)
	at org.springframework.aop.framework.ReflectiveMethodInvocation.proceed(ReflectiveMethodInvocation.java:186)
	at org.springframework.aop.interceptor.ExposeInvocationInterceptor.invoke(ExposeInvocationInterceptor.java:93)
	at org.springframework.aop.framework.ReflectiveMethodInvocation.proceed(ReflectiveMethodInvocation.java:186)
	at org.springframework.aop.framework.CglibAopProxy$DynamicAdvisedInterceptor.intercept(CglibAopProxy.java:688)
	at com.nsdl.telemedicine.scheduler.SchedulerUtils$$EnhancerBySpringCGLIB$$ff1c8d88.scheduleTaskUsingCronExpression(<generated>)
	at java.base/jdk.internal.reflect.NativeMethodAccessorImpl.invoke0(Native Method)
	at java.base/jdk.internal.reflect.NativeMethodAccessorImpl.invoke(NativeMethodAccessorImpl.java:64)
	at java.base/jdk.internal.reflect.DelegatingMethodAccessorImpl.invoke(DelegatingMethodAccessorImpl.java:43)
	at java.base/java.lang.reflect.Method.invoke(Method.java:564)
	at org.springframework.scheduling.support.ScheduledMethodRunnable.run(ScheduledMethodRunnable.java:84)
	at org.springframework.scheduling.support.DelegatingErrorHandlingRunnable.run(DelegatingErrorHandlingRunnable.java:54)
	at org.springframework.scheduling.concurrent.ReschedulingRunnable.run(ReschedulingRunnable.java:93)
	at java.base/java.util.concurrent.Executors$RunnableAdapter.call(Executors.java:515)
	at java.base/java.util.concurrent.FutureTask.run(FutureTask.java:264)
	at java.base/java.util.concurrent.ScheduledThreadPoolExecutor$ScheduledFutureTask.run(ScheduledThreadPoolExecutor.java:304)
	at java.base/java.util.concurrent.ThreadPoolExecutor.runWorker(ThreadPoolExecutor.java:1130)
	at java.base/java.util.concurrent.ThreadPoolExecutor$Worker.run(ThreadPoolExecutor.java:630)
	at java.base/java.lang.Thread.run(Thread.java:832)
Caused by: java.net.ConnectException: Connection timed out: connect
	at java.base/sun.nio.ch.Net.connect0(Native Method)
	at java.base/sun.nio.ch.Net.connect(Net.java:574)
	at java.base/sun.nio.ch.Net.connect(Net.java:563)
	at java.base/sun.nio.ch.NioSocketImpl.connect(NioSocketImpl.java:588)
	at java.base/java.net.Socket.connect(Socket.java:648)
	at java.base/java.net.Socket.connect(Socket.java:597)
	at java.base/sun.net.NetworkClient.doConnect(NetworkClient.java:182)
	at java.base/sun.net.www.http.HttpClient.openServer(HttpClient.java:474)
	at java.base/sun.net.www.http.HttpClient.openServer(HttpClient.java:569)
	at java.base/sun.net.www.http.HttpClient.<init>(HttpClient.java:242)
	at java.base/sun.net.www.http.HttpClient.New(HttpClient.java:341)
	at java.base/sun.net.www.http.HttpClient.New(HttpClient.java:362)
	at java.base/sun.net.www.protocol.http.HttpURLConnection.getNewHttpClient(HttpURLConnection.java:1261)
	at java.base/sun.net.www.protocol.http.HttpURLConnection.plainConnect0(HttpURLConnection.java:1194)
	at java.base/sun.net.www.protocol.http.HttpURLConnection.plainConnect(HttpURLConnection.java:1082)
	at java.base/sun.net.www.protocol.http.HttpURLConnection.connect(HttpURLConnection.java:1016)
	at org.springframework.http.client.SimpleBufferingClientHttpRequest.executeInternal(SimpleBufferingClientHttpRequest.java:76)
	at org.springframework.http.client.AbstractBufferingClientHttpRequest.executeInternal(AbstractBufferingClientHttpRequest.java:48)
	at org.springframework.http.client.AbstractClientHttpRequest.execute(AbstractClientHttpRequest.java:53)
	at org.springframework.http.client.InterceptingClientHttpRequest$InterceptingRequestExecution.execute(InterceptingClientHttpRequest.java:108)
	at brave.spring.web.TracingClientHttpRequestInterceptor.intercept(TracingClientHttpRequestInterceptor.java:51)
	at org.springframework.cloud.sleuth.instrument.web.client.LazyTracingClientHttpRequestInterceptor.intercept(TraceWebClientAutoConfiguration.java:307)
	at org.springframework.http.client.InterceptingClientHttpRequest$InterceptingRequestExecution.execute(InterceptingClientHttpRequest.java:92)
	at org.springframework.http.client.InterceptingClientHttpRequest.executeInternal(InterceptingClientHttpRequest.java:76)
	at org.springframework.http.client.AbstractBufferingClientHttpRequest.executeInternal(AbstractBufferingClientHttpRequest.java:48)
	at org.springframework.http.client.AbstractClientHttpRequest.execute(AbstractClientHttpRequest.java:53)
	at org.springframework.web.client.RestTemplate.doExecute(RestTemplate.java:735)
	... 35 common frames omitted
  [2022-03-23 13:31:50,108], , [RMI TCP Connection(8)-127.0.0.1], tele-marketplace, INFO  SpringApplicationAdminMXBeanRegistrar$SpringApplicationAdmin shutdown | Application shutdown requested.
  [2022-03-23 13:31:50,108], , [RMI TCP Connection(9)-127.0.0.1], tele-marketplace, INFO  SpringApplicationAdminMXBeanRegistrar$SpringApplicationAdmin shutdown | Application shutdown requested.
  [2022-03-23 13:31:50,118], , [RMI TCP Connection(9)-127.0.0.1], tele-marketplace, INFO  ThreadPoolTaskScheduler shutdown | Shutting down ExecutorService 'taskScheduler'
  [2022-03-23 13:31:50,120], , [RMI TCP Connection(9)-127.0.0.1], tele-marketplace, INFO  ThreadPoolTaskExecutor shutdown | Shutting down ExecutorService 'applicationTaskExecutor'
  [2022-03-23 13:31:50,122], , [RMI TCP Connection(9)-127.0.0.1], tele-marketplace, INFO  LocalContainerEntityManagerFactoryBean destroy | Closing JPA EntityManagerFactory for persistence unit 'default'
  [2022-03-23 13:31:50,131], , [RMI TCP Connection(9)-127.0.0.1], tele-marketplace, INFO  HikariDataSource close | HikariPool-1 - Shutdown initiated...
  [2022-03-23 13:31:50,140], , [RMI TCP Connection(9)-127.0.0.1], tele-marketplace, INFO  HikariDataSource close | HikariPool-1 - Shutdown completed.
  [2022-03-23 13:31:50,142], , [RMI TCP Connection(9)-127.0.0.1], tele-marketplace, INFO  Http11NioProtocol log | Pausing ProtocolHandler ["http-nio-7088"]
  [2022-03-23 13:31:50,166], , [RMI TCP Connection(9)-127.0.0.1], tele-marketplace, INFO  StandardService log | Stopping service [Tomcat]
  [2022-03-23 13:31:50,169], , [RMI TCP Connection(9)-127.0.0.1], tele-marketplace, INFO  [/marketplace/v1] log | Destroying Spring FrameworkServlet 'dispatcherServlet'
  [2022-03-23 13:31:50,177], , [RMI TCP Connection(9)-127.0.0.1], tele-marketplace, INFO  Http11NioProtocol log | Stopping ProtocolHandler ["http-nio-7088"]
  [2022-03-23 13:31:50,181], , [RMI TCP Connection(9)-127.0.0.1], tele-marketplace, INFO  Http11NioProtocol log | Destroying ProtocolHandler ["http-nio-7088"]
